Loading plugins phase: Elapsed time ==> 0s.160ms
<CYPRESSTAG name="CyDsfit arguments...">
cydsfit arguments: -.fdsnotice -.fdswarpdepfile=warp_dependencies.txt -.fdselabdepfile=elab_dependencies.txt -.fdsbldfile=generated_files.txt -.fdsreffile=referenced_files.txt -p C:\Users\dryos\Desktop\SPI_Master\SPI_PSoC.cydsn\SPI_PSoC.cyprj -d CY8C5888LTI-LP097 -s C:\Users\dryos\Desktop\SPI_Master\SPI_PSoC.cydsn\Generated_Source\PSoC5 -- -yv2 -q10 -ygs -o2 -v3 -.fftcfgtype=LE
</CYPRESSTAG>
<CYPRESSTAG name="Design elaboration results...">
</CYPRESSTAG>
Elaboration phase: Elapsed time ==> 1s.530ms
<CYPRESSTAG name="HDL generation results...">
</CYPRESSTAG>
HDL generation phase: Elapsed time ==> 0s.046ms
<CYPRESSTAG name="Synthesis results...">

     | | | | | | |
   _________________
  -|               |-
  -|               |-
  -|               |-
  -|    CYPRESS    |-
  -|               |-
  -|               |-   Warp Verilog Synthesis Compiler: Version 6.3 IR 41
  -|               |-   Copyright (C) 1991-2001 Cypress Semiconductor
   |_______________|
     | | | | | | |

======================================================================
Compiling:  SPI_PSoC.v
Program  :   C:\Program Files (x86)\Cypress\PSoC Creator\4.2\PSoC Creator\warp\bin\warp.exe
Options  :    -yv2 -q10 -ygs -o2 -v3 -.fftcfgtype=LE -ya -.fftprj=C:\Users\dryos\Desktop\SPI_Master\SPI_PSoC.cydsn\SPI_PSoC.cyprj -dcpsoc3 SPI_PSoC.v -verilog
======================================================================

======================================================================
Compiling:  SPI_PSoC.v
Program  :   C:\Program Files (x86)\Cypress\PSoC Creator\4.2\PSoC Creator\warp\bin\warp.exe
Options  :    -yv2 -q10 -ygs -o2 -v3 -.fftcfgtype=LE -ya -.fftprj=C:\Users\dryos\Desktop\SPI_Master\SPI_PSoC.cydsn\SPI_PSoC.cyprj -dcpsoc3 SPI_PSoC.v -verilog
======================================================================

======================================================================
Compiling:  SPI_PSoC.v
Program  :   vlogfe
Options  :    -yv2 -q10 -ygs -o2 -v3 -.fftcfgtype=LE -ya -.fftprj=C:\Users\dryos\Desktop\SPI_Master\SPI_PSoC.cydsn\SPI_PSoC.cyprj -dcpsoc3 -verilog SPI_PSoC.v
======================================================================

vlogfe V6.3 IR 41:  Verilog parser
Sat May 02 16:44:01 2020


======================================================================
Compiling:  SPI_PSoC.v
Program  :   vpp
Options  :    -yv2 -q10 SPI_PSoC.v
======================================================================

vpp V6.3 IR 41:  Verilog Pre-Processor
Sat May 02 16:44:01 2020

Flattening file 'C:\Program Files (x86)\Cypress\PSoC Creator\4.2\PSoC Creator\psoc\content\CyComponentLibrary\CyComponentLibrary.cylib\B_SPI_Slave_v2_70\B_SPI_Slave_v2_70.v'
Flattening file 'C:\Program Files (x86)\Cypress\PSoC Creator\4.2\PSoC Creator\warp\lib\common\cypress.v'
Flattening file 'C:\Program Files (x86)\Cypress\PSoC Creator\4.2\PSoC Creator\warp\lib\common\cy_psoc3_inc.v'
Flattening file 'C:\Program Files (x86)\Cypress\PSoC Creator\4.2\PSoC Creator\psoc\content\CyPrimitives\cyprimitives.cylib\cy_virtualmux_v1_0\cy_virtualmux_v1_0.v'
Flattening file 'C:\Program Files (x86)\Cypress\PSoC Creator\4.2\PSoC Creator\psoc\content\CyPrimitives\cyprimitives.cylib\not_v1_0\not_v1_0.v'

vpp:  No errors.

Library 'work' => directory 'lcpsoc3'
General_symbol_table
General_symbol_table
Linking 'C:\Program Files (x86)\Cypress\PSoC Creator\4.2\PSoC Creator\warp\lib\common\std.vhd'.
Linking 'C:\Program Files (x86)\Cypress\PSoC Creator\4.2\PSoC Creator\warp\lib\common\cypress.vhd'.
Linking 'C:\Program Files (x86)\Cypress\PSoC Creator\4.2\PSoC Creator\warp\lib\common\work\cypress.vif'.
Linking 'C:\Program Files (x86)\Cypress\PSoC Creator\4.2\PSoC Creator\warp\lib\ieee\work\stdlogic.vif'.
Linking 'C:\Program Files (x86)\Cypress\PSoC Creator\4.2\PSoC Creator\warp\lib\common\stdlogic\lpmpkg.vif'.
Linking 'C:\Program Files (x86)\Cypress\PSoC Creator\4.2\PSoC Creator\warp\lib\common\stdlogic\rtlpkg.vif'.
Linking 'C:\Program Files (x86)\Cypress\PSoC Creator\4.2\PSoC Creator\warp\lib\common\stdlogic\mod_cnst.vif'.
Linking 'C:\Program Files (x86)\Cypress\PSoC Creator\4.2\PSoC Creator\warp\lib\common\stdlogic\mod_mthv.vif'.
Linking 'C:\Program Files (x86)\Cypress\PSoC Creator\4.2\PSoC Creator\warp\lib\common\stdlogic\mod_genv.vif'.
Using control file 'SPI_PSoC.ctl'.
Linking 'C:\Program Files (x86)\Cypress\PSoC Creator\4.2\PSoC Creator\warp\lib\common\stdlogic\cy_psoc3pkg.vif'.
Linking 'C:\Program Files (x86)\Cypress\PSoC Creator\4.2\PSoC Creator\warp\lib\common\stdlogic\cy_psoc3.vif'.

vlogfe:  No errors.


======================================================================
Compiling:  SPI_PSoC.v
Program  :   tovif
Options  :    -yv2 -q10 -ygs -o2 -v3 -.fftcfgtype=LE -ya -.fftprj=C:\Users\dryos\Desktop\SPI_Master\SPI_PSoC.cydsn\SPI_PSoC.cyprj -dcpsoc3 -verilog SPI_PSoC.v
======================================================================

tovif V6.3 IR 41:  High-level synthesis
Sat May 02 16:44:01 2020

Linking 'C:\Program Files (x86)\Cypress\PSoC Creator\4.2\PSoC Creator\warp\lib\common\std.vhd'.
Linking 'C:\Program Files (x86)\Cypress\PSoC Creator\4.2\PSoC Creator\warp\lib\common\cypress.vhd'.
Linking 'C:\Program Files (x86)\Cypress\PSoC Creator\4.2\PSoC Creator\warp\lib\common\work\cypress.vif'.
Linking 'C:\Program Files (x86)\Cypress\PSoC Creator\4.2\PSoC Creator\warp\lib\ieee\work\stdlogic.vif'.
Linking 'C:\Program Files (x86)\Cypress\PSoC Creator\4.2\PSoC Creator\warp\lib\common\stdlogic\lpmpkg.vif'.
Linking 'C:\Program Files (x86)\Cypress\PSoC Creator\4.2\PSoC Creator\warp\lib\common\stdlogic\rtlpkg.vif'.
Linking 'C:\Program Files (x86)\Cypress\PSoC Creator\4.2\PSoC Creator\warp\lib\common\stdlogic\mod_cnst.vif'.
Linking 'C:\Program Files (x86)\Cypress\PSoC Creator\4.2\PSoC Creator\warp\lib\common\stdlogic\mod_mthv.vif'.
Linking 'C:\Program Files (x86)\Cypress\PSoC Creator\4.2\PSoC Creator\warp\lib\common\stdlogic\mod_genv.vif'.
Linking 'C:\Users\dryos\Desktop\SPI_Master\SPI_PSoC.cydsn\codegentemp\SPI_PSoC.ctl'.
Linking 'C:\Program Files (x86)\Cypress\PSoC Creator\4.2\PSoC Creator\psoc\content\CyComponentLibrary\CyComponentLibrary.cylib\B_SPI_Slave_v2_70\B_SPI_Slave_v2_70.v'.
Linking 'C:\Program Files (x86)\Cypress\PSoC Creator\4.2\PSoC Creator\warp\lib\common\cypress.v'.
Linking 'C:\Program Files (x86)\Cypress\PSoC Creator\4.2\PSoC Creator\warp\lib\common\cy_psoc3_inc.v'.
Linking 'C:\Users\dryos\Desktop\SPI_Master\SPI_PSoC.cydsn\codegentemp\SPI_PSoC.v'.
Linking 'C:\Program Files (x86)\Cypress\PSoC Creator\4.2\PSoC Creator\psoc\content\CyPrimitives\cyprimitives.cylib\cy_virtualmux_v1_0\cy_virtualmux_v1_0.v'.
Linking 'C:\Program Files (x86)\Cypress\PSoC Creator\4.2\PSoC Creator\psoc\content\CyPrimitives\cyprimitives.cylib\not_v1_0\not_v1_0.v'.
Linking 'C:\Program Files (x86)\Cypress\PSoC Creator\4.2\PSoC Creator\warp\lib\common\stdlogic\cy_psoc3pkg.vif'.
Linking 'C:\Program Files (x86)\Cypress\PSoC Creator\4.2\PSoC Creator\warp\lib\common\stdlogic\cy_psoc3.vif'.

tovif:  No errors.


======================================================================
Compiling:  SPI_PSoC.v
Program  :   topld
Options  :    -yv2 -q10 -ygs -o2 -v3 -.fftcfgtype=LE -ya -.fftprj=C:\Users\dryos\Desktop\SPI_Master\SPI_PSoC.cydsn\SPI_PSoC.cyprj -dcpsoc3 -verilog SPI_PSoC.v
======================================================================

topld V6.3 IR 41:  Synthesis and optimization
Sat May 02 16:44:01 2020

Linking 'C:\Program Files (x86)\Cypress\PSoC Creator\4.2\PSoC Creator\warp\lib\common\std.vhd'.
Linking 'C:\Program Files (x86)\Cypress\PSoC Creator\4.2\PSoC Creator\warp\lib\common\cypress.vhd'.
Linking 'C:\Program Files (x86)\Cypress\PSoC Creator\4.2\PSoC Creator\warp\lib\common\work\cypress.vif'.
Linking 'C:\Program Files (x86)\Cypress\PSoC Creator\4.2\PSoC Creator\warp\lib\ieee\work\stdlogic.vif'.
Linking 'C:\Program Files (x86)\Cypress\PSoC Creator\4.2\PSoC Creator\warp\lib\common\stdlogic\lpmpkg.vif'.
Linking 'C:\Program Files (x86)\Cypress\PSoC Creator\4.2\PSoC Creator\warp\lib\common\stdlogic\rtlpkg.vif'.
Linking 'C:\Program Files (x86)\Cypress\PSoC Creator\4.2\PSoC Creator\warp\lib\common\stdlogic\mod_cnst.vif'.
Linking 'C:\Program Files (x86)\Cypress\PSoC Creator\4.2\PSoC Creator\warp\lib\common\stdlogic\mod_mthv.vif'.
Linking 'C:\Program Files (x86)\Cypress\PSoC Creator\4.2\PSoC Creator\warp\lib\common\stdlogic\mod_genv.vif'.
Linking 'C:\Users\dryos\Desktop\SPI_Master\SPI_PSoC.cydsn\codegentemp\SPI_PSoC.ctl'.
Linking 'C:\Program Files (x86)\Cypress\PSoC Creator\4.2\PSoC Creator\psoc\content\CyComponentLibrary\CyComponentLibrary.cylib\B_SPI_Slave_v2_70\B_SPI_Slave_v2_70.v'.
Linking 'C:\Program Files (x86)\Cypress\PSoC Creator\4.2\PSoC Creator\warp\lib\common\cypress.v'.
Linking 'C:\Program Files (x86)\Cypress\PSoC Creator\4.2\PSoC Creator\warp\lib\common\cy_psoc3_inc.v'.
Linking 'C:\Users\dryos\Desktop\SPI_Master\SPI_PSoC.cydsn\codegentemp\SPI_PSoC.v'.
Linking 'C:\Program Files (x86)\Cypress\PSoC Creator\4.2\PSoC Creator\psoc\content\CyPrimitives\cyprimitives.cylib\cy_virtualmux_v1_0\cy_virtualmux_v1_0.v'.
Linking 'C:\Program Files (x86)\Cypress\PSoC Creator\4.2\PSoC Creator\psoc\content\CyPrimitives\cyprimitives.cylib\not_v1_0\not_v1_0.v'.
Linking 'C:\Program Files (x86)\Cypress\PSoC Creator\4.2\PSoC Creator\warp\lib\common\stdlogic\cy_psoc3pkg.vif'.
Linking 'C:\Program Files (x86)\Cypress\PSoC Creator\4.2\PSoC Creator\warp\lib\common\stdlogic\cy_psoc3.vif'.
Linking 'C:\Program Files (x86)\Cypress\PSoC Creator\4.2\PSoC Creator\warp\lib\lcpsoc3\stdlogic\cpsoc3.vif'.

----------------------------------------------------------
Detecting unused logic.
----------------------------------------------------------
    User names
	\SPIS:BSPIS:dpMISO_fifo_not_empty\
	\SPIS:BSPIS:control_7\
	\SPIS:BSPIS:control_6\
	\SPIS:BSPIS:control_5\
	\SPIS:BSPIS:control_4\
	\SPIS:BSPIS:control_3\
	\SPIS:BSPIS:control_2\
	\SPIS:BSPIS:control_1\
	\SPIS:BSPIS:control_0\
	\SPIS:Net_182\
	Net_26


Deleted 11 User equations/components.
Deleted 0 Synthesized equations/components.

------------------------------------------------------
Alias Detection
------------------------------------------------------
Aliasing one to tmpOE__SCLK_net_0
Aliasing tmpOE__LED_tester_net_0 to tmpOE__SCLK_net_0
Aliasing \SPIS:BSPIS:load\ to \SPIS:BSPIS:tx_load\
Aliasing \SPIS:BSPIS:tx_status_5\ to zero
Aliasing \SPIS:BSPIS:tx_status_4\ to zero
Aliasing \SPIS:BSPIS:tx_status_3\ to zero
Aliasing \SPIS:BSPIS:rx_status_2\ to zero
Aliasing \SPIS:BSPIS:rx_status_1\ to zero
Aliasing \SPIS:BSPIS:rx_status_0\ to zero
Aliasing \SPIS:BSPIS:reset\ to zero
Aliasing \SPIS:BSPIS:sR8:Dp:cs_addr_1\ to zero
Aliasing tmpOE__MISO_net_0 to tmpOE__SCLK_net_0
Aliasing tmpOE__MOSI_net_0 to tmpOE__SCLK_net_0
Aliasing tmpOE__SPI_int_net_0 to tmpOE__SCLK_net_0
Aliasing tmpOE__SW_tester_net_0 to tmpOE__SCLK_net_0
Aliasing tmpOE__SS_net_0 to tmpOE__SCLK_net_0
Removing Lhs of wire one[6] = tmpOE__SCLK_net_0[1]
Removing Lhs of wire tmpOE__LED_tester_net_0[9] = tmpOE__SCLK_net_0[1]
Removing Lhs of wire \SPIS:BSPIS:cnt_reset\[14] = Net_18[15]
Removing Rhs of wire \SPIS:BSPIS:tx_load\[17] = \SPIS:BSPIS:dpcounter_zero\[18]
Removing Lhs of wire \SPIS:BSPIS:prc_clk_src\[25] = Net_17[3]
Removing Rhs of wire \SPIS:Net_81\[28] = \SPIS:Net_176\[121]
Removing Lhs of wire \SPIS:BSPIS:load\[47] = \SPIS:BSPIS:tx_load\[17]
Removing Lhs of wire \SPIS:BSPIS:tx_status_2\[49] = \SPIS:BSPIS:miso_tx_empty_reg_fin\[38]
Removing Rhs of wire \SPIS:BSPIS:tx_status_1\[50] = \SPIS:BSPIS:dpMISO_fifo_not_full\[51]
Removing Lhs of wire \SPIS:BSPIS:tx_status_6\[52] = \SPIS:BSPIS:byte_complete\[19]
Removing Lhs of wire \SPIS:BSPIS:rx_status_3\[55] = \SPIS:BSPIS:dpMOSI_fifo_not_empty\[54]
Removing Lhs of wire \SPIS:BSPIS:rx_status_5\[56] = \SPIS:BSPIS:rx_buf_overrun\[22]
Removing Lhs of wire \SPIS:BSPIS:rx_status_6\[57] = \SPIS:BSPIS:dpMOSI_fifo_full_reg\[43]
Removing Lhs of wire \SPIS:BSPIS:tx_status_5\[58] = zero[2]
Removing Lhs of wire \SPIS:BSPIS:tx_status_4\[59] = zero[2]
Removing Lhs of wire \SPIS:BSPIS:tx_status_3\[60] = zero[2]
Removing Lhs of wire \SPIS:BSPIS:rx_status_2\[61] = zero[2]
Removing Lhs of wire \SPIS:BSPIS:rx_status_1\[62] = zero[2]
Removing Lhs of wire \SPIS:BSPIS:rx_status_0\[63] = zero[2]
Removing Lhs of wire \SPIS:BSPIS:mosi_fin\[64] = \SPIS:Net_75\[65]
Removing Lhs of wire \SPIS:Net_75\[65] = Net_16[120]
Removing Lhs of wire \SPIS:BSPIS:reset\[90] = zero[2]
Removing Lhs of wire \SPIS:BSPIS:sR8:Dp:cs_addr_1\[91] = zero[2]
Removing Lhs of wire tmpOE__MISO_net_0[125] = tmpOE__SCLK_net_0[1]
Removing Lhs of wire tmpOE__MOSI_net_0[131] = tmpOE__SCLK_net_0[1]
Removing Lhs of wire tmpOE__SPI_int_net_0[137] = tmpOE__SCLK_net_0[1]
Removing Lhs of wire tmpOE__SW_tester_net_0[143] = tmpOE__SCLK_net_0[1]
Removing Lhs of wire tmpOE__SS_net_0[149] = tmpOE__SCLK_net_0[1]
Removing Lhs of wire \SPIS:BSPIS:dpcounter_one_reg\\D\[155] = \SPIS:BSPIS:dpcounter_one_fin\[20]
Removing Lhs of wire \SPIS:BSPIS:mosi_buf_overrun_fin\\D\[156] = \SPIS:BSPIS:mosi_buf_overrun_reg\[23]
Removing Lhs of wire \SPIS:BSPIS:mosi_tmp\\D\[157] = Net_16[120]

------------------------------------------------------
Aliased 0 equations, 31 wires.
------------------------------------------------------

----------------------------------------------------------
Circuit simplification
----------------------------------------------------------

Substituting virtuals - pass 1:

Note:  Expanding virtual equation for '\SPIS:BSPIS:tx_load\' (cost = 6):
\SPIS:BSPIS:tx_load\ <= ((not \SPIS:BSPIS:count_3\ and not \SPIS:BSPIS:count_2\ and not \SPIS:BSPIS:count_1\ and not \SPIS:BSPIS:count_0\));

Note:  Expanding virtual equation for '\SPIS:BSPIS:byte_complete\' (cost = 1):
\SPIS:BSPIS:byte_complete\ <= ((not \SPIS:BSPIS:dpcounter_one_reg\ and \SPIS:BSPIS:dpcounter_one_fin\));


Substituting virtuals - pass 2:


----------------------------------------------------------
Circuit simplification results:

	Expanded 2 signals.
	Turned 0 signals into soft nodes.
	Maximum default expansion cost was set at 3.
----------------------------------------------------------

------------------------------------------------------
Alias Detection
------------------------------------------------------

------------------------------------------------------
Aliased 0 equations, 0 wires.
------------------------------------------------------

Last attempt to remove unused logic - pass 1:


Last attempt to remove unused logic - pass 2:


topld:  No errors.

CYPRESS_DIR    : C:\Program Files (x86)\Cypress\PSoC Creator\4.2\PSoC Creator\warp
Warp Program   : C:\Program Files (x86)\Cypress\PSoC Creator\4.2\PSoC Creator\warp\bin\warp.exe
Warp Arguments : -yv2 -q10 -ygs -o2 -v3 -.fftcfgtype=LE -ya -.fftprj=C:\Users\dryos\Desktop\SPI_Master\SPI_PSoC.cydsn\SPI_PSoC.cyprj -dcpsoc3 SPI_PSoC.v -verilog
</CYPRESSTAG>
Warp synthesis phase: Elapsed time ==> 0s.629ms
<CYPRESSTAG name="Fitter results...">
<CYPRESSTAG name="Fitter startup details...">
cyp3fit: V4.2.0.641, Family: PSoC3, Started at: Saturday, 02 May 2020 16:44:01
Options: -yv2 -q10 -ygs -o2 -v3 -.fftcfgtype=LE -ya -.fftprj=C:\Users\dryos\Desktop\SPI_Master\SPI_PSoC.cydsn\SPI_PSoC.cyprj -d CY8C5888LTI-LP097 SPI_PSoC.v -verilog
</CYPRESSTAG>
<CYPRESSTAG name="Design parsing">
Design parsing phase: Elapsed time ==> 0s.009ms
</CYPRESSTAG>
<CYPRESSTAG name="Tech Mapping">
<CYPRESSTAG name="Initial Mapping" icon="FILE_RPT_TECHM">
<CYPRESSTAG name="Global Clock Selection" icon="FILE_RPT_TECHM">
    Digital Clock 0: Automatic-assigning  clock 'SPIS_IntClock'. Fanout=1, Signal=\SPIS:Net_81\
</CYPRESSTAG>

Removing unused cells resulting from optimization
Done removing unused cells.
<CYPRESSTAG name="UDB Clock/Enable Remapping Results">
    UDB Clk/Enable \SPIS:BSPIS:ClkEn\: with output requested to be synchronous
        ClockIn: SPIS_IntClock was determined to be a global clock that is synchronous to BUS_CLK
        EnableIn: Constant 1 was determined to be synchronous to ClockIn
        ClockOut: SPIS_IntClock, EnableOut: Constant 1
    UDB Clk/Enable \SPIS:BSPIS:PrcClkEn\: with output requested to be asynchronous
        ClockIn: SCLK(0):iocell.fb was determined to be a routed clock that is asynchronous
        EnableIn: Constant 1 was determined to be synchronous to ClockIn
        ClockOut: SCLK(0):iocell.fb, EnableOut: Constant 1
    UDB Clk/Enable \SPIS:BSPIS:DpClkEn\: with output requested to be asynchronous
        ClockIn: SCLK(0):iocell.fb was determined to be a routed clock that is asynchronous
        EnableIn: Constant 1 was determined to be synchronous to ClockIn
        ClockOut: SCLK(0):iocell.fb, EnableOut: Constant 1
</CYPRESSTAG>

Removing unused cells resulting from optimization
Done removing unused cells.
<CYPRESSTAG name="Duplicate Macrocell detection">
</CYPRESSTAG>
</CYPRESSTAG>
<CYPRESSTAG name="Duplicate Macrocell detection">
</CYPRESSTAG>
<CYPRESSTAG name="Design Equations" icon="FILE_RPT_EQUATION">

------------------------------------------------------------
Design Equations
------------------------------------------------------------
    <CYPRESSTAG name="Pin listing">

    ------------------------------------------------------------
    Pin listing
    ------------------------------------------------------------

    Pin : Name = SCLK(0)
        Attributes:
            In Group/Port: True
            In Sync Option: NOSYNC
            Out Sync Option: AUTO
            Interrupt generated: False
            Interrupt mode: NONE
            Drive mode: HI_Z_DIGITAL
            VTrip: CMOS
            Slew: FAST
            Input Sync needed: False
            Output Sync needed: False
            SC shield enabled: False
            POR State: ANY
            LCD Mode: COMMON
            Register Mode: RegComb
            CaSense Mode: NEITHER
            Treat as pin: True
            Is OE Registered: False
            Uses Analog: False
            Can contain Digital: True
            Is SIO: False
            SIO Output Buf: NONREGULATED
            SIO Input Buf: SINGLE_ENDED
            SIO HiFreq: LOW
            SIO Hyst: DISABLED
            SIO Vtrip: MULTIPLIER_0_5
            SIO Multiplier Index: 0
            SIO RefSel: VCC_IO
            Required Capabilities: DIGITAL, ROUTABLE
            Initial Value: 0
            IO Voltage: 0
        PORT MAP (
            pa_out => SCLK(0)__PA ,
            fb => Net_17 ,
            pad => SCLK(0)_PAD );
        Properties:
        {
        }

    Pin : Name = LED_tester(0)
        Attributes:
            In Group/Port: True
            In Sync Option: AUTO
            Out Sync Option: NOSYNC
            Interrupt generated: False
            Interrupt mode: NONE
            Drive mode: CMOS_OUT
            VTrip: EITHER
            Slew: FAST
            Input Sync needed: False
            Output Sync needed: False
            SC shield enabled: False
            POR State: ANY
            LCD Mode: COMMON
            Register Mode: RegComb
            CaSense Mode: NEITHER
            Treat as pin: True
            Is OE Registered: False
            Uses Analog: False
            Can contain Digital: True
            Is SIO: False
            SIO Output Buf: NONREGULATED
            SIO Input Buf: SINGLE_ENDED
            SIO HiFreq: LOW
            SIO Hyst: DISABLED
            SIO Vtrip: MULTIPLIER_0_5
            SIO Multiplier Index: 0
            SIO RefSel: VCC_IO
            Required Capabilities: DIGITAL
            Initial Value: 0
            IO Voltage: 0
        PORT MAP (
            pa_out => LED_tester(0)__PA ,
            pad => LED_tester(0)_PAD );
        Properties:
        {
        }

    Pin : Name = MISO(0)
        Attributes:
            In Group/Port: True
            In Sync Option: AUTO
            Out Sync Option: NOSYNC
            Interrupt generated: False
            Interrupt mode: NONE
            Drive mode: CMOS_OUT
            VTrip: EITHER
            Slew: FAST
            Input Sync needed: False
            Output Sync needed: False
            SC shield enabled: False
            POR State: ANY
            LCD Mode: COMMON
            Register Mode: RegComb
            CaSense Mode: NEITHER
            Treat as pin: True
            Is OE Registered: False
            Uses Analog: False
            Can contain Digital: True
            Is SIO: False
            SIO Output Buf: NONREGULATED
            SIO Input Buf: SINGLE_ENDED
            SIO HiFreq: LOW
            SIO Hyst: DISABLED
            SIO Vtrip: MULTIPLIER_0_5
            SIO Multiplier Index: 0
            SIO RefSel: VCC_IO
            Required Capabilities: DIGITAL, ROUTABLE
            Initial Value: 0
            IO Voltage: 0
        PORT MAP (
            pa_out => MISO(0)__PA ,
            pin_input => Net_23 ,
            pad => MISO(0)_PAD );
        Properties:
        {
        }

    Pin : Name = MOSI(0)
        Attributes:
            In Group/Port: True
            In Sync Option: NOSYNC
            Out Sync Option: AUTO
            Interrupt generated: False
            Interrupt mode: NONE
            Drive mode: HI_Z_DIGITAL
            VTrip: CMOS
            Slew: FAST
            Input Sync needed: False
            Output Sync needed: False
            SC shield enabled: False
            POR State: ANY
            LCD Mode: COMMON
            Register Mode: RegComb
            CaSense Mode: NEITHER
            Treat as pin: True
            Is OE Registered: False
            Uses Analog: False
            Can contain Digital: True
            Is SIO: False
            SIO Output Buf: NONREGULATED
            SIO Input Buf: SINGLE_ENDED
            SIO HiFreq: LOW
            SIO Hyst: DISABLED
            SIO Vtrip: MULTIPLIER_0_5
            SIO Multiplier Index: 0
            SIO RefSel: VCC_IO
            Required Capabilities: DIGITAL, ROUTABLE
            Initial Value: 0
            IO Voltage: 0
        PORT MAP (
            pa_out => MOSI(0)__PA ,
            fb => Net_16 ,
            pad => MOSI(0)_PAD );
        Properties:
        {
        }

    Pin : Name = SPI_int(0)
        Attributes:
            In Group/Port: True
            In Sync Option: AUTO
            Out Sync Option: NOSYNC
            Interrupt generated: False
            Interrupt mode: NONE
            Drive mode: RES_PULL_DOWN
            VTrip: EITHER
            Slew: FAST
            Input Sync needed: False
            Output Sync needed: False
            SC shield enabled: False
            POR State: ANY
            LCD Mode: COMMON
            Register Mode: RegComb
            CaSense Mode: NEITHER
            Treat as pin: True
            Is OE Registered: False
            Uses Analog: False
            Can contain Digital: True
            Is SIO: False
            SIO Output Buf: NONREGULATED
            SIO Input Buf: SINGLE_ENDED
            SIO HiFreq: LOW
            SIO Hyst: DISABLED
            SIO Vtrip: MULTIPLIER_0_5
            SIO Multiplier Index: 0
            SIO RefSel: VCC_IO
            Required Capabilities: DIGITAL
            Initial Value: 0
            IO Voltage: 0
        PORT MAP (
            pa_out => SPI_int(0)__PA ,
            pad => SPI_int(0)_PAD );
        Properties:
        {
        }

    Pin : Name = SW_tester(0)
        Attributes:
            In Group/Port: True
            In Sync Option: NOSYNC
            Out Sync Option: AUTO
            Interrupt generated: False
            Interrupt mode: NONE
            Drive mode: RES_PULL_UP
            VTrip: CMOS
            Slew: FAST
            Input Sync needed: False
            Output Sync needed: False
            SC shield enabled: False
            POR State: INP_DIS_LO
            LCD Mode: COMMON
            Register Mode: RegComb
            CaSense Mode: NEITHER
            Treat as pin: True
            Is OE Registered: False
            Uses Analog: False
            Can contain Digital: True
            Is SIO: False
            SIO Output Buf: NONREGULATED
            SIO Input Buf: SINGLE_ENDED
            SIO HiFreq: LOW
            SIO Hyst: DISABLED
            SIO Vtrip: MULTIPLIER_0_5
            SIO Multiplier Index: 0
            SIO RefSel: VCC_IO
            Required Capabilities: DIGITAL, ROUTABLE
            Initial Value: 1
            IO Voltage: 0
        PORT MAP (
            pa_out => SW_tester(0)__PA ,
            fb => Net_39 ,
            pad => SW_tester(0)_PAD );
        Properties:
        {
        }

    Pin : Name = SS(0)
        Attributes:
            In Group/Port: True
            In Sync Option: NOSYNC
            Out Sync Option: AUTO
            Interrupt generated: False
            Interrupt mode: NONE
            Drive mode: RES_PULL_DOWN
            VTrip: CMOS
            Slew: FAST
            Input Sync needed: False
            Output Sync needed: False
            SC shield enabled: False
            POR State: ANY
            LCD Mode: COMMON
            Register Mode: RegComb
            CaSense Mode: NEITHER
            Treat as pin: True
            Is OE Registered: False
            Uses Analog: False
            Can contain Digital: True
            Is SIO: False
            SIO Output Buf: NONREGULATED
            SIO Input Buf: SINGLE_ENDED
            SIO HiFreq: LOW
            SIO Hyst: DISABLED
            SIO Vtrip: MULTIPLIER_0_5
            SIO Multiplier Index: 0
            SIO RefSel: VCC_IO
            Required Capabilities: DIGITAL, ROUTABLE
            Initial Value: 0
            IO Voltage: 0
        PORT MAP (
            pa_out => SS(0)__PA ,
            fb => Net_18 ,
            pad => SS(0)_PAD );
        Properties:
        {
        }
    </CYPRESSTAG>
    <CYPRESSTAG name="Macrocell listing" icon="FILE_RPT_EQUATION">

    ------------------------------------------------------------
    Macrocell listing
    ------------------------------------------------------------

    MacroCell: Name=\SPIS:BSPIS:inv_ss\, Mode=(Combinatorial)
        Total # of inputs        : 1
        Total # of product terms : 1
            Clock Enable: True
        Main Equation            : 1 pterm
        (
              !Net_18
        );
        Output = \SPIS:BSPIS:inv_ss\ (fanout=2)

    MacroCell: Name=\SPIS:BSPIS:tx_load\, Mode=(Combinatorial)
        Total # of inputs        : 4
        Total # of product terms : 1
            Clock Enable: True
        Main Equation            : 1 pterm
        (
              !\SPIS:BSPIS:count_3\ * !\SPIS:BSPIS:count_2\ * 
              !\SPIS:BSPIS:count_1\ * !\SPIS:BSPIS:count_0\
        );
        Output = \SPIS:BSPIS:tx_load\ (fanout=2)

    MacroCell: Name=\SPIS:BSPIS:byte_complete\, Mode=(Combinatorial)
        Total # of inputs        : 2
        Total # of product terms : 1
            Clock Enable: True
        Main Equation            : 1 pterm
        (
              \SPIS:BSPIS:dpcounter_one_fin\ * 
              !\SPIS:BSPIS:dpcounter_one_reg\
        );
        Output = \SPIS:BSPIS:byte_complete\ (fanout=1)

    MacroCell: Name=\SPIS:BSPIS:rx_buf_overrun\, Mode=(Combinatorial)
        Total # of inputs        : 2
        Total # of product terms : 1
            Clock Enable: True
        Main Equation            : 1 pterm
        (
              \SPIS:BSPIS:mosi_buf_overrun_reg\ * 
              !\SPIS:BSPIS:mosi_buf_overrun_fin\
        );
        Output = \SPIS:BSPIS:rx_buf_overrun\ (fanout=1)

    MacroCell: Name=Net_23, Mode=(Combinatorial)
        Total # of inputs        : 2
        Total # of product terms : 1
            Clock Enable: True
        Main Equation            : 1 pterm
        (
              !Net_18 * \SPIS:BSPIS:miso_from_dp\
        );
        Output = Net_23 (fanout=1)

    MacroCell: Name=\SPIS:BSPIS:mosi_buf_overrun\, Mode=(Combinatorial)
        Total # of inputs        : 5
        Total # of product terms : 1
            Clock Enable: True
        Main Equation            : 1 pterm
        (
              \SPIS:BSPIS:dpMOSI_fifo_full\ * !\SPIS:BSPIS:count_3\ * 
              !\SPIS:BSPIS:count_2\ * !\SPIS:BSPIS:count_1\ * 
              !\SPIS:BSPIS:count_0\
        );
        Output = \SPIS:BSPIS:mosi_buf_overrun\ (fanout=1)

    MacroCell: Name=\SPIS:BSPIS:tx_status_0\, Mode=(Combinatorial)
        Total # of inputs        : 3
        Total # of product terms : 1
            Clock Enable: True
        Main Equation            : 1 pterm
        (
              \SPIS:BSPIS:dpcounter_one_fin\ * 
              !\SPIS:BSPIS:dpcounter_one_reg\ * 
              \SPIS:BSPIS:miso_tx_empty_reg_fin\
        );
        Output = \SPIS:BSPIS:tx_status_0\ (fanout=1)

    MacroCell: Name=\SPIS:BSPIS:rx_status_4\, Mode=(Combinatorial)
        Total # of inputs        : 1
        Total # of product terms : 1
            Clock Enable: True
        Main Equation            : 1 pterm
        (
              !\SPIS:BSPIS:dpMOSI_fifo_not_empty\
        );
        Output = \SPIS:BSPIS:rx_status_4\ (fanout=1)

    MacroCell: Name=\SPIS:BSPIS:dpcounter_one\, Mode=(Combinatorial)
        Total # of inputs        : 4
        Total # of product terms : 1
            Clock Enable: True
        Main Equation            : 1 pterm
        (
              !\SPIS:BSPIS:count_3\ * !\SPIS:BSPIS:count_2\ * 
              !\SPIS:BSPIS:count_1\ * \SPIS:BSPIS:count_0\
        );
        Output = \SPIS:BSPIS:dpcounter_one\ (fanout=1)

    MacroCell: Name=\SPIS:BSPIS:mosi_to_dp\, Mode=(Combinatorial)
        Total # of inputs        : 6
        Total # of product terms : 5
            Clock Enable: True
        Main Equation            : 5 pterms
        (
              !\SPIS:BSPIS:count_3\ * !\SPIS:BSPIS:count_2\ * 
              !\SPIS:BSPIS:count_1\ * !\SPIS:BSPIS:count_0\ * Net_16
            + \SPIS:BSPIS:count_3\ * \SPIS:BSPIS:mosi_tmp\
            + \SPIS:BSPIS:count_2\ * \SPIS:BSPIS:mosi_tmp\
            + \SPIS:BSPIS:count_1\ * \SPIS:BSPIS:mosi_tmp\
            + \SPIS:BSPIS:count_0\ * \SPIS:BSPIS:mosi_tmp\
        );
        Output = \SPIS:BSPIS:mosi_to_dp\ (fanout=1)

    MacroCell: Name=Net_38, Mode=(Combinatorial)
        Total # of inputs        : 1
        Total # of product terms : 1
            Clock Enable: True
        Main Equation            : 1 pterm
        (
              !Net_39
        );
        Output = Net_38 (fanout=1)

    MacroCell: Name=\SPIS:BSPIS:dpcounter_one_reg\, Mode=(D-Register)
        Total # of inputs        : 1
        Total # of product terms : 1
        List of special equations: 
            Clock  = (\SPIS:Net_81\) => Global
            Clock Enable: True
        Main Equation            : 1 pterm
        (
              \SPIS:BSPIS:dpcounter_one_fin\
        );
        Output = \SPIS:BSPIS:dpcounter_one_reg\ (fanout=2)

    MacroCell: Name=\SPIS:BSPIS:mosi_buf_overrun_fin\, Mode=(D-Register)
        Total # of inputs        : 1
        Total # of product terms : 1
        List of special equations: 
            Clock  = (\SPIS:Net_81\) => Global
            Clock Enable: True
        Main Equation            : 1 pterm
        (
              \SPIS:BSPIS:mosi_buf_overrun_reg\
        );
        Output = \SPIS:BSPIS:mosi_buf_overrun_fin\ (fanout=1)

    MacroCell: Name=\SPIS:BSPIS:mosi_tmp\, Mode=(D-Register)
        Total # of inputs        : 1
        Total # of product terms : 1
        List of special equations: 
            Clock  = (Net_17)
            Clock Enable: True
        Main Equation            : 1 pterm
        (
              Net_16
        );
        Output = \SPIS:BSPIS:mosi_tmp\ (fanout=1)
    </CYPRESSTAG>
    <CYPRESSTAG name="Datapath listing">

    ------------------------------------------------------------
    Datapath listing
    ------------------------------------------------------------

    datapathcell: Name =\SPIS:BSPIS:sR8:Dp:u0\
        PORT MAP (
            clock => Net_17 ,
            cs_addr_2 => \SPIS:BSPIS:inv_ss\ ,
            cs_addr_0 => \SPIS:BSPIS:tx_load\ ,
            route_si => \SPIS:BSPIS:mosi_to_dp\ ,
            f1_load => \SPIS:BSPIS:tx_load\ ,
            so_comb => \SPIS:BSPIS:miso_from_dp\ ,
            f0_bus_stat_comb => \SPIS:BSPIS:tx_status_1\ ,
            f0_blk_stat_comb => \SPIS:BSPIS:dpMISO_fifo_empty\ ,
            f1_bus_stat_comb => \SPIS:BSPIS:dpMOSI_fifo_not_empty\ ,
            f1_blk_stat_comb => \SPIS:BSPIS:dpMOSI_fifo_full\ );
        Properties:
        {
            a0_init = "00000000"
            a1_init = "00000000"
            ce0_sync = 1
            ce1_sync = 1
            cl0_sync = 1
            cl1_sync = 1
            cmsb_sync = 1
            co_msb_sync = 1
            cy_dpconfig = "0000000000000000000000000000000000000000000000000000000000000000000000010100000000000001110000000000000000000000000000000000000011111111111111111111111111111111000000000010001000001100111100000001000010001100"
            d0_init = "00000000"
            d1_init = "00000000"
            f0_blk_sync = 1
            f0_bus_sync = 1
            f1_blk_sync = 1
            f1_bus_sync = 1
            ff0_sync = 1
            ff1_sync = 1
            ov_msb_sync = 1
            so_sync = 1
            z0_sync = 1
            z1_sync = 1
        }
        Clock Polarity: Active Low
        Clock Enable: True
    </CYPRESSTAG>
    <CYPRESSTAG name="Status register listing">
    </CYPRESSTAG>
    <CYPRESSTAG name="StatusI register listing">

    ------------------------------------------------------------
    StatusI register listing
    ------------------------------------------------------------

    statusicell: Name =\SPIS:BSPIS:TxStsReg\
        PORT MAP (
            clock => \SPIS:Net_81\ ,
            status_6 => \SPIS:BSPIS:byte_complete\ ,
            status_2 => \SPIS:BSPIS:miso_tx_empty_reg_fin\ ,
            status_1 => \SPIS:BSPIS:tx_status_1\ ,
            status_0 => \SPIS:BSPIS:tx_status_0\ );
        Properties:
        {
            cy_force_order = 1
            cy_int_mask = "1111111"
            cy_md_select = "1000001"
        }
        Clock Polarity: Active High
        Clock Enable: True

    statusicell: Name =\SPIS:BSPIS:RxStsReg\
        PORT MAP (
            clock => \SPIS:Net_81\ ,
            status_6 => \SPIS:BSPIS:dpMOSI_fifo_full_reg\ ,
            status_5 => \SPIS:BSPIS:rx_buf_overrun\ ,
            status_4 => \SPIS:BSPIS:rx_status_4\ ,
            status_3 => \SPIS:BSPIS:dpMOSI_fifo_not_empty\ ,
            interrupt => Net_30 );
        Properties:
        {
            cy_force_order = 1
            cy_int_mask = "1111111"
            cy_md_select = "0100000"
        }
        Clock Polarity: Active High
        Clock Enable: True
    </CYPRESSTAG>
    <CYPRESSTAG name="Sync listing">

    ------------------------------------------------------------
    Sync listing
    ------------------------------------------------------------

    synccell: Name =\SPIS:BSPIS:sync_1\
        PORT MAP (
            clock => \SPIS:Net_81\ ,
            in => \SPIS:BSPIS:dpcounter_one\ ,
            out => \SPIS:BSPIS:dpcounter_one_fin\ );
        Clock Polarity: Active High
        Clock Enable: True

    synccell: Name =\SPIS:BSPIS:sync_2\
        PORT MAP (
            clock => \SPIS:Net_81\ ,
            in => \SPIS:BSPIS:dpMISO_fifo_empty\ ,
            out => \SPIS:BSPIS:miso_tx_empty_reg_fin\ );
        Clock Polarity: Active High
        Clock Enable: True

    synccell: Name =\SPIS:BSPIS:sync_3\
        PORT MAP (
            clock => \SPIS:Net_81\ ,
            in => \SPIS:BSPIS:mosi_buf_overrun\ ,
            out => \SPIS:BSPIS:mosi_buf_overrun_reg\ );
        Clock Polarity: Active High
        Clock Enable: True

    synccell: Name =\SPIS:BSPIS:sync_4\
        PORT MAP (
            clock => \SPIS:Net_81\ ,
            in => \SPIS:BSPIS:dpMOSI_fifo_full\ ,
            out => \SPIS:BSPIS:dpMOSI_fifo_full_reg\ );
        Clock Polarity: Active High
        Clock Enable: True
    </CYPRESSTAG>
    <CYPRESSTAG name="Control register listing">
    </CYPRESSTAG>
    <CYPRESSTAG name="Count7 listing">

    ------------------------------------------------------------
    Count7 listing
    ------------------------------------------------------------

    count7cell: Name =\SPIS:BSPIS:BitCounter\
        PORT MAP (
            clock => Net_17 ,
            reset => Net_18 ,
            enable => \SPIS:BSPIS:inv_ss\ ,
            count_6 => \SPIS:BSPIS:count_6\ ,
            count_5 => \SPIS:BSPIS:count_5\ ,
            count_4 => \SPIS:BSPIS:count_4\ ,
            count_3 => \SPIS:BSPIS:count_3\ ,
            count_2 => \SPIS:BSPIS:count_2\ ,
            count_1 => \SPIS:BSPIS:count_1\ ,
            count_0 => \SPIS:BSPIS:count_0\ );
        Properties:
        {
            cy_alt_mode = 0
            cy_init_value = "0000000"
            cy_period = "0000111"
            cy_route_en = 1
            cy_route_ld = 0
        }
        Clock Polarity: Active Low
        Clock Enable: True
    </CYPRESSTAG>
    <CYPRESSTAG name="DRQ listing">
    </CYPRESSTAG>
    <CYPRESSTAG name="Interrupt listing">

    ------------------------------------------------------------
    Interrupt listing
    ------------------------------------------------------------

    interrupt: Name =\SPIS:RxInternalInterrupt\
        PORT MAP (
            interrupt => Net_30 );
        Properties:
        {
            int_type = "10"
            is_nmi = 0
        }

    interrupt: Name =rx_isr
        PORT MAP (
            interrupt => Net_30 );
        Properties:
        {
            int_type = "00"
            is_nmi = 0
        }

    interrupt: Name =tester
        PORT MAP (
            interrupt => Net_38 );
        Properties:
        {
            int_type = "00"
            is_nmi = 0
        }
    </CYPRESSTAG>
</CYPRESSTAG>
<CYPRESSTAG name="Technology mapping summary" expanded>

------------------------------------------------------------
Technology mapping summary
------------------------------------------------------------

Resource Type                 : Used : Free :  Max :  % Used
============================================================
Digital Clocks                :    1 :    7 :    8 : 12.50 %
Analog Clocks                 :    0 :    4 :    4 :  0.00 %
CapSense Buffers              :    0 :    2 :    2 :  0.00 %
Digital Filter Block          :    0 :    1 :    1 :  0.00 %
Interrupts                    :    3 :   29 :   32 :  9.38 %
IO                            :   10 :   38 :   48 : 20.83 %
Segment LCD                   :    0 :    1 :    1 :  0.00 %
CAN 2.0b                      :    0 :    1 :    1 :  0.00 %
I2C                           :    0 :    1 :    1 :  0.00 %
USB                           :    0 :    1 :    1 :  0.00 %
DMA Channels                  :    0 :   24 :   24 :  0.00 %
Timer                         :    0 :    4 :    4 :  0.00 %
UDB                           :      :      :      :        
  Macrocells                  :   14 :  178 :  192 :  7.29 %
  Unique P-terms              :   18 :  366 :  384 :  4.69 %
  Total P-terms               :   18 :      :      :        
  Datapath Cells              :    1 :   23 :   24 :  4.17 %
  Status Cells                :    4 :   20 :   24 : 16.67 %
    StatusI Registers         :    2 :      :      :        
    Sync Cells (x4)           :    1 :      :      :        
    Routed Count7 Load/Enable :    1 :      :      :        
  Control Cells               :    1 :   23 :   24 :  4.17 %
    Count7 Cells              :    1 :      :      :        
Opamp                         :    0 :    4 :    4 :  0.00 %
Comparator                    :    0 :    4 :    4 :  0.00 %
Delta-Sigma ADC               :    0 :    1 :    1 :  0.00 %
LPF                           :    0 :    2 :    2 :  0.00 %
SAR ADC                       :    0 :    2 :    2 :  0.00 %
Analog (SC/CT) Blocks         :    0 :    4 :    4 :  0.00 %
DAC                           :      :      :      :        
  VIDAC                       :    0 :    4 :    4 :  0.00 %
</CYPRESSTAG>
Technology Mapping: Elapsed time ==> 0s.081ms
Tech Mapping phase: Elapsed time ==> 0s.162ms
</CYPRESSTAG>
<CYPRESSTAG name="Analog Placement">
Initial Analog Placement Results:
IO_1@[IOP=(2)][IoId=(1)] : LED_tester(0) (fixed)
IO_4@[IOP=(3)][IoId=(4)] : MISO(0) (fixed)
IO_3@[IOP=(3)][IoId=(3)] : MOSI(0) (fixed)
IO_5@[IOP=(3)][IoId=(5)] : SCLK(0) (fixed)
IO_7@[IOP=(3)][IoId=(7)] : SPI_int(0) (fixed)
IO_6@[IOP=(3)][IoId=(6)] : SS(0) (fixed)
IO_2@[IOP=(2)][IoId=(2)] : SW_tester(0) (fixed)
Analog Placement phase: Elapsed time ==> 0s.073ms
</CYPRESSTAG>
<CYPRESSTAG name="Analog Routing">
Analog Routing phase: Elapsed time ==> 0s.000ms
</CYPRESSTAG>
<CYPRESSTAG name="Analog Code Generation">
============ Analog Final Answer Routes ============
Dump of CyAnalogRoutingResultsDB
Map of net to items {
}
Map of item to net {
}
Mux Info {
}
Dump of CyP35AnalogRoutingResultsDB
IsVddaHalfUsedForComp = False
IsVddaHalfUsedForSar0 = False
IsVddaHalfUsedForSar1 = False
Analog Code Generation phase: Elapsed time ==> 0s.322ms
</CYPRESSTAG>
<CYPRESSTAG name="Digital Placement">
<CYPRESSTAG name="Detailed placement messages">
I2076: Total run-time: 0.7 sec.

</CYPRESSTAG>
<CYPRESSTAG name="PLD Packing">
<CYPRESSTAG name="PLD Packing Summary" expanded>

------------------------------------------------------------
PLD Packing Summary
------------------------------------------------------------
            Resource Type : Used : Free :  Max :  % Used
    ====================================================
                     PLDs :    7 :   41 :   48 :  14.58%

<CYPRESSTAG name="PLD Statistics">

        PLD Resource Type :     Average/LAB
    =======================================
                   Inputs :            3.29
                   Pterms :            2.57
               Macrocells :            2.00
</CYPRESSTAG>
<CYPRESSTAG name="Packed PLD Contents">
Packed PLD Contents not displayed at this verbose level.</CYPRESSTAG>
</CYPRESSTAG>
PLD Packing: Elapsed time ==> 0s.001ms
</CYPRESSTAG>
<CYPRESSTAG name="Partitioning">
<CYPRESSTAG name="Initial Partitioning Summary">
Initial Partitioning Summary not displayed at this verbose level.</CYPRESSTAG>
<CYPRESSTAG name="Final Partitioning Summary">
Final Partitioning Summary not displayed at this verbose level.</CYPRESSTAG>
Partitioning: Elapsed time ==> 0s.019ms
</CYPRESSTAG>
<CYPRESSTAG name="Final Placement Summary">

------------------------------------------------------------
Final Placement Summary
------------------------------------------------------------

       Resource Type :      Count : Avg Inputs : Avg Outputs
    ========================================================
                 UDB :          4 :       4.75 :       3.50
<CYPRESSTAG name="Final Placement Details">
<CYPRESSTAG name="Component Details">

------------------------------------------------------------
Component Placement Details
------------------------------------------------------------
UDB [UDB=(0,0)] is empty.
UDB [UDB=(0,1)] is empty.
UDB [UDB=(0,2)] is empty.
UDB [UDB=(0,3)] is empty.
UDB [UDB=(0,4)] is empty.
UDB [UDB=(0,5)] is empty.
UDB [UDB=(1,0)] is empty.
UDB [UDB=(1,1)] is empty.
UDB [UDB=(1,2)] is empty.
UDB [UDB=(1,3)] is empty.
UDB [UDB=(1,4)] is empty.
UDB [UDB=(1,5)] is empty.
UDB [UDB=(2,0)] is empty.
UDB [UDB=(2,1)] is empty.
UDB [UDB=(2,2)] contents:
LAB@[UDB=(2,2)][LB=0] #macrocells=1, #inputs=1, #pterms=1
{
    [McSlotId=0]: (empty)
    [McSlotId=1]: (empty)
    [McSlotId=2]: (empty)
    [McSlotId=3]:     MacroCell: Name=\SPIS:BSPIS:mosi_buf_overrun_fin\, Mode=(D-Register) @ [UDB=(2,2)][LB=0][MC=3]
        Total # of inputs        : 1
        Total # of product terms : 1
        List of special equations: 
            Clock  = (\SPIS:Net_81\) => Global
            Clock Enable: True
        Main Equation            : 1 pterm
        (
              \SPIS:BSPIS:mosi_buf_overrun_reg\
        );
        Output = \SPIS:BSPIS:mosi_buf_overrun_fin\ (fanout=1)
        Properties               : 
        {
        }
}

LAB@[UDB=(2,2)][LB=1] #macrocells=2, #inputs=2, #pterms=2
{
    [McSlotId=0]:     MacroCell: Name=\SPIS:BSPIS:mosi_tmp\, Mode=(D-Register) @ [UDB=(2,2)][LB=1][MC=0]
        Total # of inputs        : 1
        Total # of product terms : 1
        List of special equations: 
            Clock  = (Net_17)
            Clock Enable: True
        Main Equation            : 1 pterm
        (
              Net_16
        );
        Output = \SPIS:BSPIS:mosi_tmp\ (fanout=1)
        Properties               : 
        {
        }

    [McSlotId=1]: (empty)
    [McSlotId=2]: (empty)
    [McSlotId=3]:     MacroCell: Name=Net_38, Mode=(Combinatorial) @ [UDB=(2,2)][LB=1][MC=3]
        Total # of inputs        : 1
        Total # of product terms : 1
            Clock Enable: True
        Main Equation            : 1 pterm
        (
              !Net_39
        );
        Output = Net_38 (fanout=1)
        Properties               : 
        {
        }
}

synccell: Name =\SPIS:BSPIS:sync_4\
    PORT MAP (
        clock => \SPIS:Net_81\ ,
        in => \SPIS:BSPIS:dpMOSI_fifo_full\ ,
        out => \SPIS:BSPIS:dpMOSI_fifo_full_reg\ );
    Properties:
    {
    }
    Clock Polarity: Active High
    Clock Enable: True

synccell: Name =\SPIS:BSPIS:sync_3\
    PORT MAP (
        clock => \SPIS:Net_81\ ,
        in => \SPIS:BSPIS:mosi_buf_overrun\ ,
        out => \SPIS:BSPIS:mosi_buf_overrun_reg\ );
    Properties:
    {
    }
    Clock Polarity: Active High
    Clock Enable: True

synccell: Name =\SPIS:BSPIS:sync_1\
    PORT MAP (
        clock => \SPIS:Net_81\ ,
        in => \SPIS:BSPIS:dpcounter_one\ ,
        out => \SPIS:BSPIS:dpcounter_one_fin\ );
    Properties:
    {
    }
    Clock Polarity: Active High
    Clock Enable: True

synccell: Name =\SPIS:BSPIS:sync_2\
    PORT MAP (
        clock => \SPIS:Net_81\ ,
        in => \SPIS:BSPIS:dpMISO_fifo_empty\ ,
        out => \SPIS:BSPIS:miso_tx_empty_reg_fin\ );
    Properties:
    {
    }
    Clock Polarity: Active High
    Clock Enable: True

UDB [UDB=(2,3)] contents:
LAB@[UDB=(2,3)][LB=0] #macrocells=3, #inputs=6, #pterms=7
{
    [McSlotId=0]:     MacroCell: Name=\SPIS:BSPIS:mosi_to_dp\, Mode=(Combinatorial) @ [UDB=(2,3)][LB=0][MC=0]
        Total # of inputs        : 6
        Total # of product terms : 5
            Clock Enable: True
        Main Equation            : 5 pterms
        (
              !\SPIS:BSPIS:count_3\ * !\SPIS:BSPIS:count_2\ * 
              !\SPIS:BSPIS:count_1\ * !\SPIS:BSPIS:count_0\ * Net_16
            + \SPIS:BSPIS:count_3\ * \SPIS:BSPIS:mosi_tmp\
            + \SPIS:BSPIS:count_2\ * \SPIS:BSPIS:mosi_tmp\
            + \SPIS:BSPIS:count_1\ * \SPIS:BSPIS:mosi_tmp\
            + \SPIS:BSPIS:count_0\ * \SPIS:BSPIS:mosi_tmp\
        );
        Output = \SPIS:BSPIS:mosi_to_dp\ (fanout=1)
        Properties               : 
        {
        }

    [McSlotId=1]: (empty)
    [McSlotId=2]:     MacroCell: Name=\SPIS:BSPIS:dpcounter_one\, Mode=(Combinatorial) @ [UDB=(2,3)][LB=0][MC=2]
        Total # of inputs        : 4
        Total # of product terms : 1
            Clock Enable: True
        Main Equation            : 1 pterm
        (
              !\SPIS:BSPIS:count_3\ * !\SPIS:BSPIS:count_2\ * 
              !\SPIS:BSPIS:count_1\ * \SPIS:BSPIS:count_0\
        );
        Output = \SPIS:BSPIS:dpcounter_one\ (fanout=1)
        Properties               : 
        {
        }

    [McSlotId=3]:     MacroCell: Name=\SPIS:BSPIS:tx_load\, Mode=(Combinatorial) @ [UDB=(2,3)][LB=0][MC=3]
        Total # of inputs        : 4
        Total # of product terms : 1
            Clock Enable: True
        Main Equation            : 1 pterm
        (
              !\SPIS:BSPIS:count_3\ * !\SPIS:BSPIS:count_2\ * 
              !\SPIS:BSPIS:count_1\ * !\SPIS:BSPIS:count_0\
        );
        Output = \SPIS:BSPIS:tx_load\ (fanout=2)
        Properties               : 
        {
        }
}

LAB@[UDB=(2,3)][LB=1] #macrocells=1, #inputs=5, #pterms=1
{
    [McSlotId=0]:     MacroCell: Name=\SPIS:BSPIS:mosi_buf_overrun\, Mode=(Combinatorial) @ [UDB=(2,3)][LB=1][MC=0]
        Total # of inputs        : 5
        Total # of product terms : 1
            Clock Enable: True
        Main Equation            : 1 pterm
        (
              \SPIS:BSPIS:dpMOSI_fifo_full\ * !\SPIS:BSPIS:count_3\ * 
              !\SPIS:BSPIS:count_2\ * !\SPIS:BSPIS:count_1\ * 
              !\SPIS:BSPIS:count_0\
        );
        Output = \SPIS:BSPIS:mosi_buf_overrun\ (fanout=1)
        Properties               : 
        {
        }

    [McSlotId=1]: (empty)
    [McSlotId=2]: (empty)
    [McSlotId=3]: (empty)
}

datapathcell: Name =\SPIS:BSPIS:sR8:Dp:u0\
    PORT MAP (
        clock => Net_17 ,
        cs_addr_2 => \SPIS:BSPIS:inv_ss\ ,
        cs_addr_0 => \SPIS:BSPIS:tx_load\ ,
        route_si => \SPIS:BSPIS:mosi_to_dp\ ,
        f1_load => \SPIS:BSPIS:tx_load\ ,
        so_comb => \SPIS:BSPIS:miso_from_dp\ ,
        f0_bus_stat_comb => \SPIS:BSPIS:tx_status_1\ ,
        f0_blk_stat_comb => \SPIS:BSPIS:dpMISO_fifo_empty\ ,
        f1_bus_stat_comb => \SPIS:BSPIS:dpMOSI_fifo_not_empty\ ,
        f1_blk_stat_comb => \SPIS:BSPIS:dpMOSI_fifo_full\ );
    Properties:
    {
        a0_init = "00000000"
        a1_init = "00000000"
        ce0_sync = 1
        ce1_sync = 1
        cl0_sync = 1
        cl1_sync = 1
        cmsb_sync = 1
        co_msb_sync = 1
        cy_dpconfig = "0000000000000000000000000000000000000000000000000000000000000000000000010100000000000001110000000000000000000000000000000000000011111111111111111111111111111111000000000010001000001100111100000001000010001100"
        d0_init = "00000000"
        d1_init = "00000000"
        f0_blk_sync = 1
        f0_bus_sync = 1
        f1_blk_sync = 1
        f1_bus_sync = 1
        ff0_sync = 1
        ff1_sync = 1
        ov_msb_sync = 1
        so_sync = 1
        z0_sync = 1
        z1_sync = 1
    }
    Clock Polarity: Active Low
    Clock Enable: True

count7cell: Name =\SPIS:BSPIS:BitCounter\
    PORT MAP (
        clock => Net_17 ,
        reset => Net_18 ,
        enable => \SPIS:BSPIS:inv_ss\ ,
        count_6 => \SPIS:BSPIS:count_6\ ,
        count_5 => \SPIS:BSPIS:count_5\ ,
        count_4 => \SPIS:BSPIS:count_4\ ,
        count_3 => \SPIS:BSPIS:count_3\ ,
        count_2 => \SPIS:BSPIS:count_2\ ,
        count_1 => \SPIS:BSPIS:count_1\ ,
        count_0 => \SPIS:BSPIS:count_0\ );
    Properties:
    {
        cy_alt_mode = 0
        cy_init_value = "0000000"
        cy_period = "0000111"
        cy_route_en = 1
        cy_route_ld = 0
    }
    Clock Polarity: Active Low
    Clock Enable: True

UDB [UDB=(2,4)] is empty.
UDB [UDB=(2,5)] is empty.
UDB [UDB=(3,0)] is empty.
UDB [UDB=(3,1)] is empty.
UDB [UDB=(3,2)] contents:
LAB@[UDB=(3,2)][LB=0] #macrocells=4, #inputs=5, #pterms=4
{
    [McSlotId=0]:     MacroCell: Name=\SPIS:BSPIS:tx_status_0\, Mode=(Combinatorial) @ [UDB=(3,2)][LB=0][MC=0]
        Total # of inputs        : 3
        Total # of product terms : 1
            Clock Enable: True
        Main Equation            : 1 pterm
        (
              \SPIS:BSPIS:dpcounter_one_fin\ * 
              !\SPIS:BSPIS:dpcounter_one_reg\ * 
              \SPIS:BSPIS:miso_tx_empty_reg_fin\
        );
        Output = \SPIS:BSPIS:tx_status_0\ (fanout=1)
        Properties               : 
        {
        }

    [McSlotId=1]:     MacroCell: Name=\SPIS:BSPIS:dpcounter_one_reg\, Mode=(D-Register) @ [UDB=(3,2)][LB=0][MC=1]
        Total # of inputs        : 1
        Total # of product terms : 1
        List of special equations: 
            Clock  = (\SPIS:Net_81\) => Global
            Clock Enable: True
        Main Equation            : 1 pterm
        (
              \SPIS:BSPIS:dpcounter_one_fin\
        );
        Output = \SPIS:BSPIS:dpcounter_one_reg\ (fanout=2)
        Properties               : 
        {
        }

    [McSlotId=2]:     MacroCell: Name=\SPIS:BSPIS:byte_complete\, Mode=(Combinatorial) @ [UDB=(3,2)][LB=0][MC=2]
        Total # of inputs        : 2
        Total # of product terms : 1
            Clock Enable: True
        Main Equation            : 1 pterm
        (
              \SPIS:BSPIS:dpcounter_one_fin\ * 
              !\SPIS:BSPIS:dpcounter_one_reg\
        );
        Output = \SPIS:BSPIS:byte_complete\ (fanout=1)
        Properties               : 
        {
        }

    [McSlotId=3]:     MacroCell: Name=Net_23, Mode=(Combinatorial) @ [UDB=(3,2)][LB=0][MC=3]
        Total # of inputs        : 2
        Total # of product terms : 1
            Clock Enable: True
        Main Equation            : 1 pterm
        (
              !Net_18 * \SPIS:BSPIS:miso_from_dp\
        );
        Output = Net_23 (fanout=1)
        Properties               : 
        {
        }
}

LAB@[UDB=(3,2)][LB=1] #macrocells=1, #inputs=2, #pterms=1
{
    [McSlotId=0]:     MacroCell: Name=\SPIS:BSPIS:rx_buf_overrun\, Mode=(Combinatorial) @ [UDB=(3,2)][LB=1][MC=0]
        Total # of inputs        : 2
        Total # of product terms : 1
            Clock Enable: True
        Main Equation            : 1 pterm
        (
              \SPIS:BSPIS:mosi_buf_overrun_reg\ * 
              !\SPIS:BSPIS:mosi_buf_overrun_fin\
        );
        Output = \SPIS:BSPIS:rx_buf_overrun\ (fanout=1)
        Properties               : 
        {
        }

    [McSlotId=1]: (empty)
    [McSlotId=2]: (empty)
    [McSlotId=3]: (empty)
}

statusicell: Name =\SPIS:BSPIS:TxStsReg\
    PORT MAP (
        clock => \SPIS:Net_81\ ,
        status_6 => \SPIS:BSPIS:byte_complete\ ,
        status_2 => \SPIS:BSPIS:miso_tx_empty_reg_fin\ ,
        status_1 => \SPIS:BSPIS:tx_status_1\ ,
        status_0 => \SPIS:BSPIS:tx_status_0\ );
    Properties:
    {
        cy_force_order = 1
        cy_int_mask = "1111111"
        cy_md_select = "1000001"
    }
    Clock Polarity: Active High
    Clock Enable: True

UDB [UDB=(3,3)] contents:
LAB@[UDB=(3,3)][LB=0] #macrocells=2, #inputs=2, #pterms=2
{
    [McSlotId=0]: (empty)
    [McSlotId=1]:     MacroCell: Name=\SPIS:BSPIS:rx_status_4\, Mode=(Combinatorial) @ [UDB=(3,3)][LB=0][MC=1]
        Total # of inputs        : 1
        Total # of product terms : 1
            Clock Enable: True
        Main Equation            : 1 pterm
        (
              !\SPIS:BSPIS:dpMOSI_fifo_not_empty\
        );
        Output = \SPIS:BSPIS:rx_status_4\ (fanout=1)
        Properties               : 
        {
        }

    [McSlotId=2]:     MacroCell: Name=\SPIS:BSPIS:inv_ss\, Mode=(Combinatorial) @ [UDB=(3,3)][LB=0][MC=2]
        Total # of inputs        : 1
        Total # of product terms : 1
            Clock Enable: True
        Main Equation            : 1 pterm
        (
              !Net_18
        );
        Output = \SPIS:BSPIS:inv_ss\ (fanout=3)
        Properties               : 
        {
        }

    [McSlotId=3]: (empty)
}

statusicell: Name =\SPIS:BSPIS:RxStsReg\
    PORT MAP (
        clock => \SPIS:Net_81\ ,
        status_6 => \SPIS:BSPIS:dpMOSI_fifo_full_reg\ ,
        status_5 => \SPIS:BSPIS:rx_buf_overrun\ ,
        status_4 => \SPIS:BSPIS:rx_status_4\ ,
        status_3 => \SPIS:BSPIS:dpMOSI_fifo_not_empty\ ,
        interrupt => Net_30 );
    Properties:
    {
        cy_force_order = 1
        cy_int_mask = "1111111"
        cy_md_select = "0100000"
    }
    Clock Polarity: Active High
    Clock Enable: True

UDB [UDB=(3,4)] is empty.
UDB [UDB=(3,5)] is empty.
Intr container @ [IntrContainer=(0)]: 
  Intr@ [IntrContainer=(0)][IntrId=(0)] 
    interrupt: Name =\SPIS:RxInternalInterrupt\
        PORT MAP (
            interrupt => Net_30 );
        Properties:
        {
            int_type = "10"
            is_nmi = 0
        }
  Intr@ [IntrContainer=(0)][IntrId=(1)] 
    interrupt: Name =rx_isr
        PORT MAP (
            interrupt => Net_30 );
        Properties:
        {
            int_type = "00"
            is_nmi = 0
        }
  Intr@ [IntrContainer=(0)][IntrId=(2)] 
    interrupt: Name =tester
        PORT MAP (
            interrupt => Net_38 );
        Properties:
        {
            int_type = "00"
            is_nmi = 0
        }
Drq container @ [DrqContainer=(0)]: empty
Port 0 contains the following IO cells:
Port 1 contains the following IO cells:
Port 2 contains the following IO cells:
[IoId=1]: 
Pin : Name = LED_tester(0)
    Attributes:
        In Group/Port: True
        In Sync Option: AUTO
        Out Sync Option: NOSYNC
        Interrupt generated: False
        Interrupt mode: NONE
        Drive mode: CMOS_OUT
        VTrip: EITHER
        Slew: FAST
        Input Sync needed: False
        Output Sync needed: False
        SC shield enabled: False
        POR State: ANY
        LCD Mode: COMMON
        Register Mode: RegComb
        CaSense Mode: NEITHER
        Treat as pin: True
        Is OE Registered: False
        Uses Analog: False
        Can contain Digital: True
        Is SIO: False
        SIO Output Buf: NONREGULATED
        SIO Input Buf: SINGLE_ENDED
        SIO HiFreq: LOW
        SIO Hyst: DISABLED
        SIO Vtrip: MULTIPLIER_0_5
        SIO Multiplier Index: 0
        SIO RefSel: VCC_IO
        Required Capabilities: DIGITAL
        Initial Value: 0
        IO Voltage: 0
    PORT MAP (
        pa_out => LED_tester(0)__PA ,
        pad => LED_tester(0)_PAD );
    Properties:
    {
    }

[IoId=2]: 
Pin : Name = SW_tester(0)
    Attributes:
        In Group/Port: True
        In Sync Option: NOSYNC
        Out Sync Option: AUTO
        Interrupt generated: False
        Interrupt mode: NONE
        Drive mode: RES_PULL_UP
        VTrip: CMOS
        Slew: FAST
        Input Sync needed: False
        Output Sync needed: False
        SC shield enabled: False
        POR State: INP_DIS_LO
        LCD Mode: COMMON
        Register Mode: RegComb
        CaSense Mode: NEITHER
        Treat as pin: True
        Is OE Registered: False
        Uses Analog: False
        Can contain Digital: True
        Is SIO: False
        SIO Output Buf: NONREGULATED
        SIO Input Buf: SINGLE_ENDED
        SIO HiFreq: LOW
        SIO Hyst: DISABLED
        SIO Vtrip: MULTIPLIER_0_5
        SIO Multiplier Index: 0
        SIO RefSel: VCC_IO
        Required Capabilities: DIGITAL, ROUTABLE
        Initial Value: 1
        IO Voltage: 0
    PORT MAP (
        pa_out => SW_tester(0)__PA ,
        fb => Net_39 ,
        pad => SW_tester(0)_PAD );
    Properties:
    {
    }

Port 3 contains the following IO cells:
[IoId=3]: 
Pin : Name = MOSI(0)
    Attributes:
        In Group/Port: True
        In Sync Option: NOSYNC
        Out Sync Option: AUTO
        Interrupt generated: False
        Interrupt mode: NONE
        Drive mode: HI_Z_DIGITAL
        VTrip: CMOS
        Slew: FAST
        Input Sync needed: False
        Output Sync needed: False
        SC shield enabled: False
        POR State: ANY
        LCD Mode: COMMON
        Register Mode: RegComb
        CaSense Mode: NEITHER
        Treat as pin: True
        Is OE Registered: False
        Uses Analog: False
        Can contain Digital: True
        Is SIO: False
        SIO Output Buf: NONREGULATED
        SIO Input Buf: SINGLE_ENDED
        SIO HiFreq: LOW
        SIO Hyst: DISABLED
        SIO Vtrip: MULTIPLIER_0_5
        SIO Multiplier Index: 0
        SIO RefSel: VCC_IO
        Required Capabilities: DIGITAL, ROUTABLE
        Initial Value: 0
        IO Voltage: 0
    PORT MAP (
        pa_out => MOSI(0)__PA ,
        fb => Net_16 ,
        pad => MOSI(0)_PAD );
    Properties:
    {
    }

[IoId=4]: 
Pin : Name = MISO(0)
    Attributes:
        In Group/Port: True
        In Sync Option: AUTO
        Out Sync Option: NOSYNC
        Interrupt generated: False
        Interrupt mode: NONE
        Drive mode: CMOS_OUT
        VTrip: EITHER
        Slew: FAST
        Input Sync needed: False
        Output Sync needed: False
        SC shield enabled: False
        POR State: ANY
        LCD Mode: COMMON
        Register Mode: RegComb
        CaSense Mode: NEITHER
        Treat as pin: True
        Is OE Registered: False
        Uses Analog: False
        Can contain Digital: True
        Is SIO: False
        SIO Output Buf: NONREGULATED
        SIO Input Buf: SINGLE_ENDED
        SIO HiFreq: LOW
        SIO Hyst: DISABLED
        SIO Vtrip: MULTIPLIER_0_5
        SIO Multiplier Index: 0
        SIO RefSel: VCC_IO
        Required Capabilities: DIGITAL, ROUTABLE
        Initial Value: 0
        IO Voltage: 0
    PORT MAP (
        pa_out => MISO(0)__PA ,
        pin_input => Net_23 ,
        pad => MISO(0)_PAD );
    Properties:
    {
    }

[IoId=5]: 
Pin : Name = SCLK(0)
    Attributes:
        In Group/Port: True
        In Sync Option: NOSYNC
        Out Sync Option: AUTO
        Interrupt generated: False
        Interrupt mode: NONE
        Drive mode: HI_Z_DIGITAL
        VTrip: CMOS
        Slew: FAST
        Input Sync needed: False
        Output Sync needed: False
        SC shield enabled: False
        POR State: ANY
        LCD Mode: COMMON
        Register Mode: RegComb
        CaSense Mode: NEITHER
        Treat as pin: True
        Is OE Registered: False
        Uses Analog: False
        Can contain Digital: True
        Is SIO: False
        SIO Output Buf: NONREGULATED
        SIO Input Buf: SINGLE_ENDED
        SIO HiFreq: LOW
        SIO Hyst: DISABLED
        SIO Vtrip: MULTIPLIER_0_5
        SIO Multiplier Index: 0
        SIO RefSel: VCC_IO
        Required Capabilities: DIGITAL, ROUTABLE
        Initial Value: 0
        IO Voltage: 0
    PORT MAP (
        pa_out => SCLK(0)__PA ,
        fb => Net_17 ,
        pad => SCLK(0)_PAD );
    Properties:
    {
    }

[IoId=6]: 
Pin : Name = SS(0)
    Attributes:
        In Group/Port: True
        In Sync Option: NOSYNC
        Out Sync Option: AUTO
        Interrupt generated: False
        Interrupt mode: NONE
        Drive mode: RES_PULL_DOWN
        VTrip: CMOS
        Slew: FAST
        Input Sync needed: False
        Output Sync needed: False
        SC shield enabled: False
        POR State: ANY
        LCD Mode: COMMON
        Register Mode: RegComb
        CaSense Mode: NEITHER
        Treat as pin: True
        Is OE Registered: False
        Uses Analog: False
        Can contain Digital: True
        Is SIO: False
        SIO Output Buf: NONREGULATED
        SIO Input Buf: SINGLE_ENDED
        SIO HiFreq: LOW
        SIO Hyst: DISABLED
        SIO Vtrip: MULTIPLIER_0_5
        SIO Multiplier Index: 0
        SIO RefSel: VCC_IO
        Required Capabilities: DIGITAL, ROUTABLE
        Initial Value: 0
        IO Voltage: 0
    PORT MAP (
        pa_out => SS(0)__PA ,
        fb => Net_18 ,
        pad => SS(0)_PAD );
    Properties:
    {
    }

[IoId=7]: 
Pin : Name = SPI_int(0)
    Attributes:
        In Group/Port: True
        In Sync Option: AUTO
        Out Sync Option: NOSYNC
        Interrupt generated: False
        Interrupt mode: NONE
        Drive mode: RES_PULL_DOWN
        VTrip: EITHER
        Slew: FAST
        Input Sync needed: False
        Output Sync needed: False
        SC shield enabled: False
        POR State: ANY
        LCD Mode: COMMON
        Register Mode: RegComb
        CaSense Mode: NEITHER
        Treat as pin: True
        Is OE Registered: False
        Uses Analog: False
        Can contain Digital: True
        Is SIO: False
        SIO Output Buf: NONREGULATED
        SIO Input Buf: SINGLE_ENDED
        SIO HiFreq: LOW
        SIO Hyst: DISABLED
        SIO Vtrip: MULTIPLIER_0_5
        SIO Multiplier Index: 0
        SIO RefSel: VCC_IO
        Required Capabilities: DIGITAL
        Initial Value: 0
        IO Voltage: 0
    PORT MAP (
        pa_out => SPI_int(0)__PA ,
        pad => SPI_int(0)_PAD );
    Properties:
    {
    }

Port 12 contains the following IO cells:
Port 15 contains the following IO cells:
ARM group 0: empty
CAN group 0: empty
Cache group 0: empty
CapSense group 0: empty
Clock group 0: 
    Clock Block @ F(Clock,0): 
    clockblockcell: Name =ClockBlock
        PORT MAP (
            imo => ClockBlock_IMO ,
            pllout => ClockBlock_PLL_OUT ,
            ilo => ClockBlock_ILO ,
            clk_100k => ClockBlock_100k ,
            clk_1k => ClockBlock_1k ,
            clk_32k => ClockBlock_32k ,
            xtal => ClockBlock_XTAL ,
            clk_32k_xtal => ClockBlock_XTAL_32KHZ ,
            clk_sync => ClockBlock_MASTER_CLK ,
            clk_bus_glb => ClockBlock_BUS_CLK ,
            clk_bus => ClockBlock_BUS_CLK_local ,
            dclk_glb_0 => \SPIS:Net_81\ ,
            dclk_0 => \SPIS:Net_81_local\ );
        Properties:
        {
        }
Comparator group 0: empty
DFB group 0: empty
DSM group 0: empty
Decimator group 0: empty
EMIF group 0: empty
I2C group 0: empty
LCD group 0: empty
LVD group 0: empty
PICU group 0: empty
PM group 0: empty
SC group 0: empty
SPC group 0: empty
Timer group 0: empty
USB group 0: empty
VIDAC group 0: empty
OpAmp group 0: empty
CsAbuf group 0: empty
Vref group 0: empty
LPF group 0: empty
SAR group 0: empty
ANAIF group 0: empty
PHUB group 0: empty
</CYPRESSTAG>
<CYPRESSTAG name="Port Configuration Details">

------------------------------------------------------------
Port Configuration report
------------------------------------------------------------
     |     |       | Interrupt |                  |               | 
Port | Pin | Fixed |      Type |       Drive Mode |          Name | Connections
-----+-----+-------+-----------+------------------+---------------+------------
   2 |   1 |     * |      NONE |         CMOS_OUT | LED_tester(0) | 
     |   2 |     * |      NONE |      RES_PULL_UP |  SW_tester(0) | FB(Net_39)
-----+-----+-------+-----------+------------------+---------------+------------
   3 |   3 |     * |      NONE |     HI_Z_DIGITAL |       MOSI(0) | FB(Net_16)
     |   4 |     * |      NONE |         CMOS_OUT |       MISO(0) | In(Net_23)
     |   5 |     * |      NONE |     HI_Z_DIGITAL |       SCLK(0) | FB(Net_17)
     |   6 |     * |      NONE |    RES_PULL_DOWN |         SS(0) | FB(Net_18)
     |   7 |     * |      NONE |    RES_PULL_DOWN |    SPI_int(0) | 
-------------------------------------------------------------------------------
</CYPRESSTAG>
</CYPRESSTAG>
</CYPRESSTAG>
Digital component placer commit/Report: Elapsed time ==> 0s.025ms
Digital Placement phase: Elapsed time ==> 1s.111ms
</CYPRESSTAG>
<CYPRESSTAG name="Digital Routing">
"C:\Program Files (x86)\Cypress\PSoC Creator\4.2\PSoC Creator\bin/sjrouter.exe" --xml-path "C:\Program Files (x86)\Cypress\PSoC Creator\4.2\PSoC Creator\dev\psoc5/psoc5lp/route_arch-rrg.cydata" --vh2-path "SPI_PSoC_r.vh2" --pcf-path "SPI_PSoC.pco" --des-name "SPI_PSoC" --dsf-path "SPI_PSoC.dsf" --sdc-path "SPI_PSoC.sdc" --lib-path "SPI_PSoC_r.lib"
Routing successful.
Digital Routing phase: Elapsed time ==> 1s.616ms
</CYPRESSTAG>
<CYPRESSTAG name="Bitstream Generation">
Bitstream Generation phase: Elapsed time ==> 0s.253ms
</CYPRESSTAG>
<CYPRESSTAG name="Bitstream Verification">
Bitstream Verification phase: Elapsed time ==> 0s.038ms
</CYPRESSTAG>
<CYPRESSTAG name="Static timing analysis">
Timing report is in SPI_PSoC_timing.html.
Static timing analysis phase: Elapsed time ==> 0s.294ms
</CYPRESSTAG>
<CYPRESSTAG name="Data reporting">
Data reporting phase: Elapsed time ==> 0s.000ms
</CYPRESSTAG>
<CYPRESSTAG name="Database update...">
Design database save phase: Elapsed time ==> 0s.212ms
</CYPRESSTAG>
cydsfit: Elapsed time ==> 4s.143ms
</CYPRESSTAG>
Fitter phase: Elapsed time ==> 4s.149ms
API generation phase: Elapsed time ==> 1s.361ms
Dependency generation phase: Elapsed time ==> 0s.032ms
Cleanup phase: Elapsed time ==> 0s.001ms
