ARM GAS  C:\Users\JEPPEN~1.HAN\AppData\Local\Temp\ccJKph8G.s 			page 1


   1              		.syntax unified
   2              		.cpu cortex-m3
   3              		.fpu softvfp
   4              		.eabi_attribute 20, 1
   5              		.eabi_attribute 21, 1
   6              		.eabi_attribute 23, 3
   7              		.eabi_attribute 24, 1
   8              		.eabi_attribute 25, 1
   9              		.eabi_attribute 26, 1
  10              		.eabi_attribute 30, 1
  11              		.eabi_attribute 34, 1
  12              		.eabi_attribute 18, 4
  13              		.thumb
  14              		.syntax unified
  15              		.file	"cymetadata.c"
  16              		.text
  17              	.Ltext0:
  18              		.cfi_sections	.debug_frame
  19              		.global	cy_metadata
  20              		.global	cy_meta_flashprotect
  21              		.global	cy_meta_wonvl
  22              		.global	cy_meta_custnvl
  23              		.global	cy_meta_configecc
  24              		.section	.cyconfigecc,"a",%progbits
  25              		.align	2
  26              		.type	cy_meta_configecc, %object
  27              		.size	cy_meta_configecc, 496
  28              	cy_meta_configecc:
  29 0000 02       		.byte	2
  30 0001 52       		.byte	82
  31 0002 00       		.byte	0
  32 0003 40       		.byte	64
  33 0004 02       		.byte	2
  34 0005 64       		.byte	100
  35 0006 00       		.byte	0
  36 0007 40       		.byte	64
  37 0008 01       		.byte	1
  38 0009 03       		.byte	3
  39 000a 01       		.byte	1
  40 000b 40       		.byte	64
  41 000c 01       		.byte	1
  42 000d 05       		.byte	5
  43 000e 01       		.byte	1
  44 000f 40       		.byte	64
  45 0010 01       		.byte	1
  46 0011 0B       		.byte	11
  47 0012 01       		.byte	1
  48 0013 40       		.byte	64
  49 0014 33       		.byte	51
  50 0015 0C       		.byte	12
  51 0016 01       		.byte	1
  52 0017 40       		.byte	64
  53 0018 15       		.byte	21
  54 0019 0D       		.byte	13
  55 001a 01       		.byte	1
  56 001b 40       		.byte	64
  57 001c 30       		.byte	48
ARM GAS  C:\Users\JEPPEN~1.HAN\AppData\Local\Temp\ccJKph8G.s 			page 2


  58 001d 0E       		.byte	14
  59 001e 01       		.byte	1
  60 001f 40       		.byte	64
  61 0020 16       		.byte	22
  62 0021 0F       		.byte	15
  63 0022 01       		.byte	1
  64 0023 40       		.byte	64
  65 0024 01       		.byte	1
  66 0025 15       		.byte	21
  67 0026 01       		.byte	1
  68 0027 40       		.byte	64
  69 0028 01       		.byte	1
  70 0029 1B       		.byte	27
  71 002a 01       		.byte	1
  72 002b 40       		.byte	64
  73 002c 03       		.byte	3
  74 002d 40       		.byte	64
  75 002e 01       		.byte	1
  76 002f 40       		.byte	64
  77 0030 03       		.byte	3
  78 0031 41       		.byte	65
  79 0032 01       		.byte	1
  80 0033 40       		.byte	64
  81 0034 04       		.byte	4
  82 0035 42       		.byte	66
  83 0036 01       		.byte	1
  84 0037 40       		.byte	64
  85 0038 01       		.byte	1
  86 0039 43       		.byte	67
  87 003a 01       		.byte	1
  88 003b 40       		.byte	64
  89 003c 03       		.byte	3
  90 003d 44       		.byte	68
  91 003e 01       		.byte	1
  92 003f 40       		.byte	64
  93 0040 01       		.byte	1
  94 0041 45       		.byte	69
  95 0042 01       		.byte	1
  96 0043 40       		.byte	64
  97 0044 01       		.byte	1
  98 0045 46       		.byte	70
  99 0046 01       		.byte	1
 100 0047 40       		.byte	64
 101 0048 01       		.byte	1
 102 0049 47       		.byte	71
 103 004a 01       		.byte	1
 104 004b 40       		.byte	64
 105 004c 01       		.byte	1
 106 004d 48       		.byte	72
 107 004e 01       		.byte	1
 108 004f 40       		.byte	64
 109 0050 02       		.byte	2
 110 0051 49       		.byte	73
 111 0052 01       		.byte	1
 112 0053 40       		.byte	64
 113 0054 08       		.byte	8
 114 0055 4C       		.byte	76
ARM GAS  C:\Users\JEPPEN~1.HAN\AppData\Local\Temp\ccJKph8G.s 			page 3


 115 0056 01       		.byte	1
 116 0057 40       		.byte	64
 117 0058 06       		.byte	6
 118 0059 4D       		.byte	77
 119 005a 01       		.byte	1
 120 005b 40       		.byte	64
 121 005c 02       		.byte	2
 122 005d 50       		.byte	80
 123 005e 01       		.byte	1
 124 005f 40       		.byte	64
 125 0060 02       		.byte	2
 126 0061 51       		.byte	81
 127 0062 01       		.byte	1
 128 0063 40       		.byte	64
 129 0064 60       		.byte	96
 130 0065 20       		.byte	32
 131 0066 61       		.byte	97
 132 0067 30       		.byte	48
 133 0068 8D       		.byte	-115
 134 0069 0D       		.byte	13
 135 006a 8F       		.byte	-113
 136 006b 0D       		.byte	13
 137 006c EE       		.byte	-18
 138 006d 01       		.byte	1
 139 006e EE       		.byte	-18
 140 006f 04       		.byte	4
 141 0070 AB       		.byte	-85
 142 0071 04       		.byte	4
 143 0072 40       		.byte	64
 144 0073 45       		.byte	69
 145 0074 49       		.byte	73
 146 0075 FF       		.byte	-1
 147 0076 4A       		.byte	74
 148 0077 FF       		.byte	-1
 149 0078 4B       		.byte	75
 150 0079 FF       		.byte	-1
 151 007a 4F       		.byte	79
 152 007b 01       		.byte	1
 153 007c 50       		.byte	80
 154 007d 18       		.byte	24
 155 007e 5A       		.byte	90
 156 007f 04       		.byte	4
 157 0080 5D       		.byte	93
 158 0081 01       		.byte	1
 159 0082 5F       		.byte	95
 160 0083 01       		.byte	1
 161 0084 60       		.byte	96
 162 0085 40       		.byte	64
 163 0086 62       		.byte	98
 164 0087 40       		.byte	64
 165 0088 64       		.byte	100
 166 0089 40       		.byte	64
 167 008a 65       		.byte	101
 168 008b 40       		.byte	64
 169 008c 66       		.byte	102
 170 008d 80       		.byte	-128
 171 008e 68       		.byte	104
ARM GAS  C:\Users\JEPPEN~1.HAN\AppData\Local\Temp\ccJKph8G.s 			page 4


 172 008f 80       		.byte	-128
 173 0090 6A       		.byte	106
 174 0091 80       		.byte	-128
 175 0092 6C       		.byte	108
 176 0093 80       		.byte	-128
 177 0094 6E       		.byte	110
 178 0095 80       		.byte	-128
 179 0096 8E       		.byte	-114
 180 0097 01       		.byte	1
 181 0098 92       		.byte	-110
 182 0099 01       		.byte	1
 183 009a B2       		.byte	-78
 184 009b 01       		.byte	1
 185 009c B6       		.byte	-74
 186 009d 01       		.byte	1
 187 009e BE       		.byte	-66
 188 009f 40       		.byte	64
 189 00a0 C0       		.byte	-64
 190 00a1 54       		.byte	84
 191 00a2 C5       		.byte	-59
 192 00a3 EC       		.byte	-20
 193 00a4 C7       		.byte	-57
 194 00a5 20       		.byte	32
 195 00a6 C8       		.byte	-56
 196 00a7 23       		.byte	35
 197 00a8 C9       		.byte	-55
 198 00a9 FF       		.byte	-1
 199 00aa CA       		.byte	-54
 200 00ab FF       		.byte	-1
 201 00ac CB       		.byte	-53
 202 00ad FF       		.byte	-1
 203 00ae CD       		.byte	-51
 204 00af 83       		.byte	-125
 205 00b0 CE       		.byte	-50
 206 00b1 03       		.byte	3
 207 00b2 CF       		.byte	-49
 208 00b3 01       		.byte	1
 209 00b4 D0       		.byte	-48
 210 00b5 18       		.byte	24
 211 00b6 D2       		.byte	-46
 212 00b7 80       		.byte	-128
 213 00b8 D4       		.byte	-44
 214 00b9 01       		.byte	1
 215 00ba D8       		.byte	-40
 216 00bb 04       		.byte	4
 217 00bc DA       		.byte	-38
 218 00bd 04       		.byte	4
 219 00be DB       		.byte	-37
 220 00bf 04       		.byte	4
 221 00c0 DC       		.byte	-36
 222 00c1 01       		.byte	1
 223 00c2 DD       		.byte	-35
 224 00c3 11       		.byte	17
 225 00c4 DF       		.byte	-33
 226 00c5 01       		.byte	1
 227 00c6 E0       		.byte	-32
 228 00c7 40       		.byte	64
ARM GAS  C:\Users\JEPPEN~1.HAN\AppData\Local\Temp\ccJKph8G.s 			page 5


 229 00c8 E2       		.byte	-30
 230 00c9 40       		.byte	64
 231 00ca E4       		.byte	-28
 232 00cb 40       		.byte	64
 233 00cc E5       		.byte	-27
 234 00cd 40       		.byte	64
 235 00ce E6       		.byte	-26
 236 00cf 80       		.byte	-128
 237 00d0 E8       		.byte	-24
 238 00d1 80       		.byte	-128
 239 00d2 EA       		.byte	-22
 240 00d3 80       		.byte	-128
 241 00d4 EC       		.byte	-20
 242 00d5 80       		.byte	-128
 243 00d6 EE       		.byte	-18
 244 00d7 80       		.byte	-128
 245 00d8 02       		.byte	2
 246 00d9 02       		.byte	2
 247 00da 09       		.byte	9
 248 00db 02       		.byte	2
 249 00dc 19       		.byte	25
 250 00dd 40       		.byte	64
 251 00de 1B       		.byte	27
 252 00df 04       		.byte	4
 253 00e0 41       		.byte	65
 254 00e1 01       		.byte	1
 255 00e2 46       		.byte	70
 256 00e3 80       		.byte	-128
 257 00e4 49       		.byte	73
 258 00e5 05       		.byte	5
 259 00e6 4B       		.byte	75
 260 00e7 40       		.byte	64
 261 00e8 4E       		.byte	78
 262 00e9 02       		.byte	2
 263 00ea 51       		.byte	81
 264 00eb 01       		.byte	1
 265 00ec 52       		.byte	82
 266 00ed 02       		.byte	2
 267 00ee 59       		.byte	89
 268 00ef 45       		.byte	69
 269 00f0 71       		.byte	113
 270 00f1 02       		.byte	2
 271 00f2 72       		.byte	114
 272 00f3 80       		.byte	-128
 273 00f4 73       		.byte	115
 274 00f5 40       		.byte	64
 275 00f6 AB       		.byte	-85
 276 00f7 08       		.byte	8
 277 00f8 C0       		.byte	-64
 278 00f9 01       		.byte	1
 279 00fa C2       		.byte	-62
 280 00fb 08       		.byte	8
 281 00fc D0       		.byte	-48
 282 00fd 81       		.byte	-127
 283 00fe D2       		.byte	-46
 284 00ff 18       		.byte	24
 285 0100 D6       		.byte	-42
ARM GAS  C:\Users\JEPPEN~1.HAN\AppData\Local\Temp\ccJKph8G.s 			page 6


 286 0101 0B       		.byte	11
 287 0102 40       		.byte	64
 288 0103 51       		.byte	81
 289 0104 49       		.byte	73
 290 0105 FF       		.byte	-1
 291 0106 4A       		.byte	74
 292 0107 FF       		.byte	-1
 293 0108 4B       		.byte	75
 294 0109 FF       		.byte	-1
 295 010a 4F       		.byte	79
 296 010b 01       		.byte	1
 297 010c 50       		.byte	80
 298 010d 18       		.byte	24
 299 010e 5A       		.byte	90
 300 010f 04       		.byte	4
 301 0110 5F       		.byte	95
 302 0111 01       		.byte	1
 303 0112 60       		.byte	96
 304 0113 40       		.byte	64
 305 0114 62       		.byte	98
 306 0115 40       		.byte	64
 307 0116 64       		.byte	100
 308 0117 40       		.byte	64
 309 0118 65       		.byte	101
 310 0119 40       		.byte	64
 311 011a 66       		.byte	102
 312 011b 80       		.byte	-128
 313 011c 68       		.byte	104
 314 011d 80       		.byte	-128
 315 011e 6A       		.byte	106
 316 011f 80       		.byte	-128
 317 0120 6C       		.byte	108
 318 0121 80       		.byte	-128
 319 0122 6E       		.byte	110
 320 0123 80       		.byte	-128
 321 0124 9E       		.byte	-98
 322 0125 01       		.byte	1
 323 0126 AE       		.byte	-82
 324 0127 01       		.byte	1
 325 0128 B0       		.byte	-80
 326 0129 01       		.byte	1
 327 012a B2       		.byte	-78
 328 012b 01       		.byte	1
 329 012c BE       		.byte	-66
 330 012d 01       		.byte	1
 331 012e C0       		.byte	-64
 332 012f 41       		.byte	65
 333 0130 C5       		.byte	-59
 334 0131 EC       		.byte	-20
 335 0132 C6       		.byte	-58
 336 0133 02       		.byte	2
 337 0134 C8       		.byte	-56
 338 0135 07       		.byte	7
 339 0136 C9       		.byte	-55
 340 0137 FF       		.byte	-1
 341 0138 CA       		.byte	-54
 342 0139 FF       		.byte	-1
ARM GAS  C:\Users\JEPPEN~1.HAN\AppData\Local\Temp\ccJKph8G.s 			page 7


 343 013a CB       		.byte	-53
 344 013b FF       		.byte	-1
 345 013c CD       		.byte	-51
 346 013d 83       		.byte	-125
 347 013e CE       		.byte	-50
 348 013f 03       		.byte	3
 349 0140 CF       		.byte	-49
 350 0141 01       		.byte	1
 351 0142 D0       		.byte	-48
 352 0143 18       		.byte	24
 353 0144 D2       		.byte	-46
 354 0145 80       		.byte	-128
 355 0146 D4       		.byte	-44
 356 0147 01       		.byte	1
 357 0148 D8       		.byte	-40
 358 0149 04       		.byte	4
 359 014a DA       		.byte	-38
 360 014b 04       		.byte	4
 361 014c DB       		.byte	-37
 362 014d 04       		.byte	4
 363 014e DF       		.byte	-33
 364 014f 01       		.byte	1
 365 0150 E0       		.byte	-32
 366 0151 40       		.byte	64
 367 0152 E2       		.byte	-30
 368 0153 40       		.byte	64
 369 0154 E4       		.byte	-28
 370 0155 40       		.byte	64
 371 0156 E5       		.byte	-27
 372 0157 40       		.byte	64
 373 0158 E6       		.byte	-26
 374 0159 80       		.byte	-128
 375 015a E8       		.byte	-24
 376 015b 80       		.byte	-128
 377 015c EA       		.byte	-22
 378 015d 80       		.byte	-128
 379 015e EC       		.byte	-20
 380 015f 80       		.byte	-128
 381 0160 EE       		.byte	-18
 382 0161 80       		.byte	-128
 383 0162 0D       		.byte	13
 384 0163 80       		.byte	-128
 385 0164 17       		.byte	23
 386 0165 80       		.byte	-128
 387 0166 1E       		.byte	30
 388 0167 80       		.byte	-128
 389 0168 1F       		.byte	31
 390 0169 08       		.byte	8
 391 016a 41       		.byte	65
 392 016b 80       		.byte	-128
 393 016c 45       		.byte	69
 394 016d 80       		.byte	-128
 395 016e 46       		.byte	70
 396 016f 40       		.byte	64
 397 0170 48       		.byte	72
 398 0171 01       		.byte	1
 399 0172 4D       		.byte	77
ARM GAS  C:\Users\JEPPEN~1.HAN\AppData\Local\Temp\ccJKph8G.s 			page 8


 400 0173 04       		.byte	4
 401 0174 4F       		.byte	79
 402 0175 01       		.byte	1
 403 0176 55       		.byte	85
 404 0177 80       		.byte	-128
 405 0178 5D       		.byte	93
 406 0179 04       		.byte	4
 407 017a 5E       		.byte	94
 408 017b 80       		.byte	-128
 409 017c 5F       		.byte	95
 410 017d 01       		.byte	1
 411 017e 74       		.byte	116
 412 017f 01       		.byte	1
 413 0180 76       		.byte	118
 414 0181 40       		.byte	64
 415 0182 77       		.byte	119
 416 0183 80       		.byte	-128
 417 0184 C2       		.byte	-62
 418 0185 80       		.byte	-128
 419 0186 C4       		.byte	-60
 420 0187 80       		.byte	-128
 421 0188 D0       		.byte	-48
 422 0189 98       		.byte	-104
 423 018a D2       		.byte	-46
 424 018b 08       		.byte	8
 425 018c D6       		.byte	-42
 426 018d D0       		.byte	-48
 427 018e EA       		.byte	-22
 428 018f 01       		.byte	1
 429 0190 EA       		.byte	-22
 430 0191 01       		.byte	1
 431 0192 33       		.byte	51
 432 0193 80       		.byte	-128
 433 0194 37       		.byte	55
 434 0195 40       		.byte	64
 435 0196 CC       		.byte	-52
 436 0197 30       		.byte	48
 437 0198 A7       		.byte	-89
 438 0199 80       		.byte	-128
 439 019a AB       		.byte	-85
 440 019b 40       		.byte	64
 441 019c EE       		.byte	-18
 442 019d 80       		.byte	-128
 443 019e 3E       		.byte	62
 444 019f 10       		.byte	16
 445 01a0 AB       		.byte	-85
 446 01a1 80       		.byte	-128
 447 01a2 CE       		.byte	-50
 448 01a3 20       		.byte	32
 449 01a4 EE       		.byte	-18
 450 01a5 20       		.byte	32
 451 01a6 96       		.byte	-106
 452 01a7 10       		.byte	16
 453 01a8 10       		.byte	16
 454 01a9 10       		.byte	16
 455 01aa 14       		.byte	20
 456 01ab 20       		.byte	32
ARM GAS  C:\Users\JEPPEN~1.HAN\AppData\Local\Temp\ccJKph8G.s 			page 9


 457 01ac C4       		.byte	-60
 458 01ad 0C       		.byte	12
 459 01ae 98       		.byte	-104
 460 01af 30       		.byte	48
 461 01b0 98       		.byte	-104
 462 01b1 30       		.byte	48
 463 01b2 98       		.byte	-104
 464 01b3 30       		.byte	48
 465 01b4 96       		.byte	-106
 466 01b5 10       		.byte	16
 467 01b6 AA       		.byte	-86
 468 01b7 10       		.byte	16
 469 01b8 EA       		.byte	-22
 470 01b9 80       		.byte	-128
 471 01ba 10       		.byte	16
 472 01bb 40       		.byte	64
 473 01bc 13       		.byte	19
 474 01bd 20       		.byte	32
 475 01be 14       		.byte	20
 476 01bf 80       		.byte	-128
 477 01c0 78       		.byte	120
 478 01c1 10       		.byte	16
 479 01c2 7C       		.byte	124
 480 01c3 20       		.byte	32
 481 01c4 98       		.byte	-104
 482 01c5 30       		.byte	48
 483 01c6 C4       		.byte	-60
 484 01c7 0E       		.byte	14
 485 01c8 DE       		.byte	-34
 486 01c9 03       		.byte	3
 487 01ca 78       		.byte	120
 488 01cb 40       		.byte	64
 489 01cc 7C       		.byte	124
 490 01cd 80       		.byte	-128
 491 01ce 98       		.byte	-104
 492 01cf C0       		.byte	-64
 493 01d0 AB       		.byte	-85
 494 01d1 20       		.byte	32
 495 01d2 DC       		.byte	-36
 496 01d3 01       		.byte	1
 497 01d4 DE       		.byte	-34
 498 01d5 04       		.byte	4
 499 01d6 00       		.byte	0
 500 01d7 03       		.byte	3
 501 01d8 0E       		.byte	14
 502 01d9 03       		.byte	3
 503 01da 00       		.byte	0
 504 01db 0F       		.byte	15
 505 01dc 03       		.byte	3
 506 01dd C0       		.byte	-64
 507 01de 00       		.byte	0
 508 01df 00       		.byte	0
 509 01e0 00       		.byte	0
 510 01e1 00       		.byte	0
 511 01e2 30       		.byte	48
 512 01e3 00       		.byte	0
 513 01e4 30       		.byte	48
ARM GAS  C:\Users\JEPPEN~1.HAN\AppData\Local\Temp\ccJKph8G.s 			page 10


 514 01e5 00       		.byte	0
 515 01e6 00       		.byte	0
 516 01e7 00       		.byte	0
 517 01e8 00       		.byte	0
 518 01e9 0B       		.byte	11
 519 01ea 0B       		.byte	11
 520 01eb 00       		.byte	0
 521 01ec 00       		.byte	0
 522 01ed 00       		.byte	0
 523 01ee 00       		.byte	0
 524 01ef 00       		.byte	0
 525              		.section	.cywolatch,"a",%progbits
 526              		.align	2
 527              		.type	cy_meta_wonvl, %object
 528              		.size	cy_meta_wonvl, 4
 529              	cy_meta_wonvl:
 530 0000 BC       		.byte	-68
 531 0001 90       		.byte	-112
 532 0002 AC       		.byte	-84
 533 0003 AF       		.byte	-81
 534              		.section	.cycustnvl,"a",%progbits
 535              		.align	2
 536              		.type	cy_meta_custnvl, %object
 537              		.size	cy_meta_custnvl, 4
 538              	cy_meta_custnvl:
 539 0000 00       		.byte	0
 540 0001 00       		.byte	0
 541 0002 40       		.byte	64
 542 0003 05       		.byte	5
 543              		.section	.cymeta,"a",%progbits
 544              		.align	2
 545              		.type	cy_metadata, %object
 546              		.size	cy_metadata, 12
 547              	cy_metadata:
 548 0000 00       		.byte	0
 549 0001 01       		.byte	1
 550 0002 2E       		.byte	46
 551 0003 16       		.byte	22
 552 0004 10       		.byte	16
 553 0005 69       		.byte	105
 554 0006 00       		.byte	0
 555 0007 01       		.byte	1
 556 0008 00       		.byte	0
 557 0009 00       		.byte	0
 558 000a 00       		.byte	0
 559 000b 00       		.byte	0
 560              		.section	.cyflashprotect,"a",%progbits
 561              		.align	2
 562              		.type	cy_meta_flashprotect, %object
 563              		.size	cy_meta_flashprotect, 256
 564              	cy_meta_flashprotect:
 565 0000 00000000 		.space	256
 565      00000000 
 565      00000000 
 565      00000000 
 565      00000000 
 566              		.text
ARM GAS  C:\Users\JEPPEN~1.HAN\AppData\Local\Temp\ccJKph8G.s 			page 11


 567              	.Letext0:
 568              		.file 1 "s:\\cypress\\psoc creator\\4.2\\psoc creator\\import\\gnu\\arm\\5.4.1\\arm-none-eabi\\inc
 569              		.file 2 "s:\\cypress\\psoc creator\\4.2\\psoc creator\\import\\gnu\\arm\\5.4.1\\arm-none-eabi\\inc
 570              		.file 3 "Generated_Source\\PSoC5\\cymetadata.c"
 571              		.section	.debug_info,"",%progbits
 572              	.Ldebug_info0:
 573 0000 31010000 		.4byte	0x131
 574 0004 0400     		.2byte	0x4
 575 0006 00000000 		.4byte	.Ldebug_abbrev0
 576 000a 04       		.byte	0x4
 577 000b 01       		.uleb128 0x1
 578 000c 24000000 		.4byte	.LASF17
 579 0010 0C       		.byte	0xc
 580 0011 D5010000 		.4byte	.LASF18
 581 0015 D7000000 		.4byte	.LASF19
 582 0019 00000000 		.4byte	.Ldebug_line0
 583 001d 02       		.uleb128 0x2
 584 001e 01       		.byte	0x1
 585 001f 06       		.byte	0x6
 586 0020 C9010000 		.4byte	.LASF0
 587 0024 03       		.uleb128 0x3
 588 0025 00000000 		.4byte	.LASF9
 589 0029 01       		.byte	0x1
 590 002a 1D       		.byte	0x1d
 591 002b 2F000000 		.4byte	0x2f
 592 002f 02       		.uleb128 0x2
 593 0030 01       		.byte	0x1
 594 0031 08       		.byte	0x8
 595 0032 16000000 		.4byte	.LASF1
 596 0036 02       		.uleb128 0x2
 597 0037 02       		.byte	0x2
 598 0038 05       		.byte	0x5
 599 0039 B6010000 		.4byte	.LASF2
 600 003d 02       		.uleb128 0x2
 601 003e 02       		.byte	0x2
 602 003f 07       		.byte	0x7
 603 0040 C4000000 		.4byte	.LASF3
 604 0044 02       		.uleb128 0x2
 605 0045 04       		.byte	0x4
 606 0046 05       		.byte	0x5
 607 0047 C0010000 		.4byte	.LASF4
 608 004b 02       		.uleb128 0x2
 609 004c 04       		.byte	0x4
 610 004d 07       		.byte	0x7
 611 004e B2000000 		.4byte	.LASF5
 612 0052 02       		.uleb128 0x2
 613 0053 08       		.byte	0x8
 614 0054 05       		.byte	0x5
 615 0055 A8010000 		.4byte	.LASF6
 616 0059 02       		.uleb128 0x2
 617 005a 08       		.byte	0x8
 618 005b 07       		.byte	0x7
 619 005c 5D010000 		.4byte	.LASF7
 620 0060 04       		.uleb128 0x4
 621 0061 04       		.byte	0x4
 622 0062 05       		.byte	0x5
 623 0063 696E7400 		.ascii	"int\000"
ARM GAS  C:\Users\JEPPEN~1.HAN\AppData\Local\Temp\ccJKph8G.s 			page 12


 624 0067 02       		.uleb128 0x2
 625 0068 04       		.byte	0x4
 626 0069 07       		.byte	0x7
 627 006a 50010000 		.4byte	.LASF8
 628 006e 03       		.uleb128 0x3
 629 006f 74010000 		.4byte	.LASF10
 630 0073 02       		.byte	0x2
 631 0074 18       		.byte	0x18
 632 0075 24000000 		.4byte	0x24
 633 0079 05       		.uleb128 0x5
 634 007a 91000000 		.4byte	0x91
 635 007e 8A000000 		.4byte	0x8a
 636 0082 06       		.uleb128 0x6
 637 0083 8A000000 		.4byte	0x8a
 638 0087 EF01     		.2byte	0x1ef
 639 0089 00       		.byte	0
 640 008a 02       		.uleb128 0x2
 641 008b 04       		.byte	0x4
 642 008c 07       		.byte	0x7
 643 008d 9F010000 		.4byte	.LASF11
 644 0091 07       		.uleb128 0x7
 645 0092 6E000000 		.4byte	0x6e
 646 0096 08       		.uleb128 0x8
 647 0097 3E010000 		.4byte	.LASF12
 648 009b 03       		.byte	0x3
 649 009c 1F       		.byte	0x1f
 650 009d A7000000 		.4byte	0xa7
 651 00a1 05       		.uleb128 0x5
 652 00a2 03       		.byte	0x3
 653 00a3 00000000 		.4byte	cy_meta_configecc
 654 00a7 07       		.uleb128 0x7
 655 00a8 79000000 		.4byte	0x79
 656 00ac 05       		.uleb128 0x5
 657 00ad 91000000 		.4byte	0x91
 658 00b1 BC000000 		.4byte	0xbc
 659 00b5 09       		.uleb128 0x9
 660 00b6 8A000000 		.4byte	0x8a
 661 00ba 03       		.byte	0x3
 662 00bb 00       		.byte	0
 663 00bc 08       		.uleb128 0x8
 664 00bd 2E010000 		.4byte	.LASF13
 665 00c1 03       		.byte	0x3
 666 00c2 6A       		.byte	0x6a
 667 00c3 CD000000 		.4byte	0xcd
 668 00c7 05       		.uleb128 0x5
 669 00c8 03       		.byte	0x3
 670 00c9 00000000 		.4byte	cy_meta_custnvl
 671 00cd 07       		.uleb128 0x7
 672 00ce AC000000 		.4byte	0xac
 673 00d2 08       		.uleb128 0x8
 674 00d3 91010000 		.4byte	.LASF14
 675 00d7 03       		.byte	0x3
 676 00d8 78       		.byte	0x78
 677 00d9 E3000000 		.4byte	0xe3
 678 00dd 05       		.uleb128 0x5
 679 00de 03       		.byte	0x3
 680 00df 00000000 		.4byte	cy_meta_wonvl
ARM GAS  C:\Users\JEPPEN~1.HAN\AppData\Local\Temp\ccJKph8G.s 			page 13


 681 00e3 07       		.uleb128 0x7
 682 00e4 AC000000 		.4byte	0xac
 683 00e8 05       		.uleb128 0x5
 684 00e9 91000000 		.4byte	0x91
 685 00ed F8000000 		.4byte	0xf8
 686 00f1 09       		.uleb128 0x9
 687 00f2 8A000000 		.4byte	0x8a
 688 00f6 FF       		.byte	0xff
 689 00f7 00       		.byte	0
 690 00f8 08       		.uleb128 0x8
 691 00f9 7C010000 		.4byte	.LASF15
 692 00fd 03       		.byte	0x3
 693 00fe 86       		.byte	0x86
 694 00ff 09010000 		.4byte	0x109
 695 0103 05       		.uleb128 0x5
 696 0104 03       		.byte	0x3
 697 0105 00000000 		.4byte	cy_meta_flashprotect
 698 0109 07       		.uleb128 0x7
 699 010a E8000000 		.4byte	0xe8
 700 010e 05       		.uleb128 0x5
 701 010f 91000000 		.4byte	0x91
 702 0113 1E010000 		.4byte	0x11e
 703 0117 09       		.uleb128 0x9
 704 0118 8A000000 		.4byte	0x8a
 705 011c 0B       		.byte	0xb
 706 011d 00       		.byte	0
 707 011e 08       		.uleb128 0x8
 708 011f 0A000000 		.4byte	.LASF16
 709 0123 03       		.byte	0x3
 710 0124 B3       		.byte	0xb3
 711 0125 2F010000 		.4byte	0x12f
 712 0129 05       		.uleb128 0x5
 713 012a 03       		.byte	0x3
 714 012b 00000000 		.4byte	cy_metadata
 715 012f 07       		.uleb128 0x7
 716 0130 0E010000 		.4byte	0x10e
 717 0134 00       		.byte	0
 718              		.section	.debug_abbrev,"",%progbits
 719              	.Ldebug_abbrev0:
 720 0000 01       		.uleb128 0x1
 721 0001 11       		.uleb128 0x11
 722 0002 01       		.byte	0x1
 723 0003 25       		.uleb128 0x25
 724 0004 0E       		.uleb128 0xe
 725 0005 13       		.uleb128 0x13
 726 0006 0B       		.uleb128 0xb
 727 0007 03       		.uleb128 0x3
 728 0008 0E       		.uleb128 0xe
 729 0009 1B       		.uleb128 0x1b
 730 000a 0E       		.uleb128 0xe
 731 000b 10       		.uleb128 0x10
 732 000c 17       		.uleb128 0x17
 733 000d 00       		.byte	0
 734 000e 00       		.byte	0
 735 000f 02       		.uleb128 0x2
 736 0010 24       		.uleb128 0x24
 737 0011 00       		.byte	0
ARM GAS  C:\Users\JEPPEN~1.HAN\AppData\Local\Temp\ccJKph8G.s 			page 14


 738 0012 0B       		.uleb128 0xb
 739 0013 0B       		.uleb128 0xb
 740 0014 3E       		.uleb128 0x3e
 741 0015 0B       		.uleb128 0xb
 742 0016 03       		.uleb128 0x3
 743 0017 0E       		.uleb128 0xe
 744 0018 00       		.byte	0
 745 0019 00       		.byte	0
 746 001a 03       		.uleb128 0x3
 747 001b 16       		.uleb128 0x16
 748 001c 00       		.byte	0
 749 001d 03       		.uleb128 0x3
 750 001e 0E       		.uleb128 0xe
 751 001f 3A       		.uleb128 0x3a
 752 0020 0B       		.uleb128 0xb
 753 0021 3B       		.uleb128 0x3b
 754 0022 0B       		.uleb128 0xb
 755 0023 49       		.uleb128 0x49
 756 0024 13       		.uleb128 0x13
 757 0025 00       		.byte	0
 758 0026 00       		.byte	0
 759 0027 04       		.uleb128 0x4
 760 0028 24       		.uleb128 0x24
 761 0029 00       		.byte	0
 762 002a 0B       		.uleb128 0xb
 763 002b 0B       		.uleb128 0xb
 764 002c 3E       		.uleb128 0x3e
 765 002d 0B       		.uleb128 0xb
 766 002e 03       		.uleb128 0x3
 767 002f 08       		.uleb128 0x8
 768 0030 00       		.byte	0
 769 0031 00       		.byte	0
 770 0032 05       		.uleb128 0x5
 771 0033 01       		.uleb128 0x1
 772 0034 01       		.byte	0x1
 773 0035 49       		.uleb128 0x49
 774 0036 13       		.uleb128 0x13
 775 0037 01       		.uleb128 0x1
 776 0038 13       		.uleb128 0x13
 777 0039 00       		.byte	0
 778 003a 00       		.byte	0
 779 003b 06       		.uleb128 0x6
 780 003c 21       		.uleb128 0x21
 781 003d 00       		.byte	0
 782 003e 49       		.uleb128 0x49
 783 003f 13       		.uleb128 0x13
 784 0040 2F       		.uleb128 0x2f
 785 0041 05       		.uleb128 0x5
 786 0042 00       		.byte	0
 787 0043 00       		.byte	0
 788 0044 07       		.uleb128 0x7
 789 0045 26       		.uleb128 0x26
 790 0046 00       		.byte	0
 791 0047 49       		.uleb128 0x49
 792 0048 13       		.uleb128 0x13
 793 0049 00       		.byte	0
 794 004a 00       		.byte	0
ARM GAS  C:\Users\JEPPEN~1.HAN\AppData\Local\Temp\ccJKph8G.s 			page 15


 795 004b 08       		.uleb128 0x8
 796 004c 34       		.uleb128 0x34
 797 004d 00       		.byte	0
 798 004e 03       		.uleb128 0x3
 799 004f 0E       		.uleb128 0xe
 800 0050 3A       		.uleb128 0x3a
 801 0051 0B       		.uleb128 0xb
 802 0052 3B       		.uleb128 0x3b
 803 0053 0B       		.uleb128 0xb
 804 0054 49       		.uleb128 0x49
 805 0055 13       		.uleb128 0x13
 806 0056 3F       		.uleb128 0x3f
 807 0057 19       		.uleb128 0x19
 808 0058 02       		.uleb128 0x2
 809 0059 18       		.uleb128 0x18
 810 005a 00       		.byte	0
 811 005b 00       		.byte	0
 812 005c 09       		.uleb128 0x9
 813 005d 21       		.uleb128 0x21
 814 005e 00       		.byte	0
 815 005f 49       		.uleb128 0x49
 816 0060 13       		.uleb128 0x13
 817 0061 2F       		.uleb128 0x2f
 818 0062 0B       		.uleb128 0xb
 819 0063 00       		.byte	0
 820 0064 00       		.byte	0
 821 0065 00       		.byte	0
 822              		.section	.debug_aranges,"",%progbits
 823 0000 14000000 		.4byte	0x14
 824 0004 0200     		.2byte	0x2
 825 0006 00000000 		.4byte	.Ldebug_info0
 826 000a 04       		.byte	0x4
 827 000b 00       		.byte	0
 828 000c 0000     		.2byte	0
 829 000e 0000     		.2byte	0
 830 0010 00000000 		.4byte	0
 831 0014 00000000 		.4byte	0
 832              		.section	.debug_line,"",%progbits
 833              	.Ldebug_line0:
 834 0000 15010000 		.section	.debug_str,"MS",%progbits,1
 834      02000F01 
 834      00000201 
 834      FB0E0D00 
 834      01010101 
 835              	.LASF9:
 836 0000 5F5F7569 		.ascii	"__uint8_t\000"
 836      6E74385F 
 836      7400
 837              	.LASF16:
 838 000a 63795F6D 		.ascii	"cy_metadata\000"
 838      65746164 
 838      61746100 
 839              	.LASF1:
 840 0016 756E7369 		.ascii	"unsigned char\000"
 840      676E6564 
 840      20636861 
 840      7200
ARM GAS  C:\Users\JEPPEN~1.HAN\AppData\Local\Temp\ccJKph8G.s 			page 16


 841              	.LASF17:
 842 0024 474E5520 		.ascii	"GNU C11 5.4.1 20160609 (release) [ARM/embedded-5-br"
 842      43313120 
 842      352E342E 
 842      31203230 
 842      31363036 
 843 0057 616E6368 		.ascii	"anch revision 237715] -mcpu=cortex-m3 -mthumb -g -O"
 843      20726576 
 843      6973696F 
 843      6E203233 
 843      37373135 
 844 008a 67202D66 		.ascii	"g -ffunction-sections -ffat-lto-objects\000"
 844      66756E63 
 844      74696F6E 
 844      2D736563 
 844      74696F6E 
 845              	.LASF5:
 846 00b2 6C6F6E67 		.ascii	"long unsigned int\000"
 846      20756E73 
 846      69676E65 
 846      6420696E 
 846      7400
 847              	.LASF3:
 848 00c4 73686F72 		.ascii	"short unsigned int\000"
 848      7420756E 
 848      7369676E 
 848      65642069 
 848      6E7400
 849              	.LASF19:
 850 00d7 433A5C55 		.ascii	"C:\\Users\\Jeppe N. Hansen\\Documents\\GitHub\\E5PR"
 850      73657273 
 850      5C4A6570 
 850      7065204E 
 850      2E204861 
 851 0105 4A335C4C 		.ascii	"J3\\LCD_displayMedTimer\\LCD_display.cydsn\000"
 851      43445F64 
 851      6973706C 
 851      61794D65 
 851      6454696D 
 852              	.LASF13:
 853 012e 63795F6D 		.ascii	"cy_meta_custnvl\000"
 853      6574615F 
 853      63757374 
 853      6E766C00 
 854              	.LASF12:
 855 013e 63795F6D 		.ascii	"cy_meta_configecc\000"
 855      6574615F 
 855      636F6E66 
 855      69676563 
 855      6300
 856              	.LASF8:
 857 0150 756E7369 		.ascii	"unsigned int\000"
 857      676E6564 
 857      20696E74 
 857      00
 858              	.LASF7:
 859 015d 6C6F6E67 		.ascii	"long long unsigned int\000"
ARM GAS  C:\Users\JEPPEN~1.HAN\AppData\Local\Temp\ccJKph8G.s 			page 17


 859      206C6F6E 
 859      6720756E 
 859      7369676E 
 859      65642069 
 860              	.LASF10:
 861 0174 75696E74 		.ascii	"uint8_t\000"
 861      385F7400 
 862              	.LASF15:
 863 017c 63795F6D 		.ascii	"cy_meta_flashprotect\000"
 863      6574615F 
 863      666C6173 
 863      6870726F 
 863      74656374 
 864              	.LASF14:
 865 0191 63795F6D 		.ascii	"cy_meta_wonvl\000"
 865      6574615F 
 865      776F6E76 
 865      6C00
 866              	.LASF11:
 867 019f 73697A65 		.ascii	"sizetype\000"
 867      74797065 
 867      00
 868              	.LASF6:
 869 01a8 6C6F6E67 		.ascii	"long long int\000"
 869      206C6F6E 
 869      6720696E 
 869      7400
 870              	.LASF2:
 871 01b6 73686F72 		.ascii	"short int\000"
 871      7420696E 
 871      7400
 872              	.LASF4:
 873 01c0 6C6F6E67 		.ascii	"long int\000"
 873      20696E74 
 873      00
 874              	.LASF0:
 875 01c9 7369676E 		.ascii	"signed char\000"
 875      65642063 
 875      68617200 
 876              	.LASF18:
 877 01d5 47656E65 		.ascii	"Generated_Source\\PSoC5\\cymetadata.c\000"
 877      72617465 
 877      645F536F 
 877      75726365 
 877      5C50536F 
 878              		.ident	"GCC: (GNU Tools for ARM Embedded Processors) 5.4.1 20160609 (release) [ARM/embedded-5-bran
