ARM GAS  C:\Users\Morten\AppData\Local\Temp\ccqpWnMe.s 			page 1


   1              		.syntax unified
   2              		.cpu cortex-m3
   3              		.fpu softvfp
   4              		.eabi_attribute 20, 1
   5              		.eabi_attribute 21, 1
   6              		.eabi_attribute 23, 3
   7              		.eabi_attribute 24, 1
   8              		.eabi_attribute 25, 1
   9              		.eabi_attribute 26, 1
  10              		.eabi_attribute 30, 1
  11              		.eabi_attribute 34, 1
  12              		.eabi_attribute 18, 4
  13              		.thumb
  14              		.syntax unified
  15              		.file	"Display.c"
  16              		.text
  17              	.Ltext0:
  18              		.cfi_sections	.debug_frame
  19              		.section	.text.initDisp,"ax",%progbits
  20              		.align	2
  21              		.global	initDisp
  22              		.thumb
  23              		.thumb_func
  24              		.type	initDisp, %function
  25              	initDisp:
  26              	.LFB65:
  27              		.file 1 "Display.c"
   1:Display.c     **** 
   2:Display.c     **** #include "Display.h"
   3:Display.c     **** #include "Stopur.h"
   4:Display.c     **** 
   5:Display.c     **** #define Display1 0x26
   6:Display.c     **** #define Display2 0x27
   7:Display.c     **** 
   8:Display.c     **** int display1On = 0;
   9:Display.c     **** int display2On = 0;
  10:Display.c     **** 
  11:Display.c     **** CY_ISR(isr_refreshrate_LCD)
  12:Display.c     **** {
  13:Display.c     ****     int x = getTime();
  14:Display.c     ****     if (display1On == 1) dispTime(1,x);
  15:Display.c     ****     if (display2On == 1) dispTime(2,x);
  16:Display.c     **** }
  17:Display.c     **** 
  18:Display.c     **** 
  19:Display.c     **** 
  20:Display.c     **** void initDisp(int Hz)                           // Initiere display
  21:Display.c     **** {
  28              		.loc 1 21 0
  29              		.cfi_startproc
  30              		@ args = 0, pretend = 0, frame = 0
  31              		@ frame_needed = 0, uses_anonymous_args = 0
  32              	.LVL0:
  33 0000 38B5     		push	{r3, r4, r5, lr}
  34              		.cfi_def_cfa_offset 16
  35              		.cfi_offset 3, -16
  36              		.cfi_offset 4, -12
ARM GAS  C:\Users\Morten\AppData\Local\Temp\ccqpWnMe.s 			page 2


  37              		.cfi_offset 5, -8
  38              		.cfi_offset 14, -4
  39 0002 0446     		mov	r4, r0
  22:Display.c     ****     I2C_1_Start();                        // Initiere og klargør I2C komponenten
  40              		.loc 1 22 0
  41 0004 FFF7FEFF 		bl	I2C_1_Start
  42              	.LVL1:
  23:Display.c     ****     isr_refreshrate_LCD_StartEx(isr_refreshrate_LCD);
  43              		.loc 1 23 0
  44 0008 1F48     		ldr	r0, .L3
  45 000a FFF7FEFF 		bl	isr_refreshrate_LCD_StartEx
  46              	.LVL2:
  24:Display.c     ****     Timer_LCD_WritePeriod((1/Hz)*10000);
  47              		.loc 1 24 0
  48 000e 0125     		movs	r5, #1
  49 0010 95FBF4F0 		sdiv	r0, r5, r4
  50 0014 C0EB4013 		rsb	r3, r0, r0, lsl #5
  51 0018 00EB8300 		add	r0, r0, r3, lsl #2
  52 001c 00EB8000 		add	r0, r0, r0, lsl #2
  53 0020 0301     		lsls	r3, r0, #4
  54 0022 98B2     		uxth	r0, r3
  55 0024 FFF7FEFF 		bl	Timer_LCD_WritePeriod
  56              	.LVL3:
  25:Display.c     ****     
  26:Display.c     ****     LiquidCrystal_I2C_init(Display1,16,2,0);  // Initiere vores LCD library med: adressen på LCD'e
  57              		.loc 1 26 0
  58 0028 0023     		movs	r3, #0
  59 002a 0222     		movs	r2, #2
  60 002c 1021     		movs	r1, #16
  61 002e 2620     		movs	r0, #38
  62 0030 FFF7FEFF 		bl	LiquidCrystal_I2C_init
  63              	.LVL4:
  27:Display.c     ****     begin();                              // positionere vores displat til begin state
  64              		.loc 1 27 0
  65 0034 FFF7FEFF 		bl	begin
  66              	.LVL5:
  28:Display.c     ****     clear();
  67              		.loc 1 28 0
  68 0038 FFF7FEFF 		bl	clear
  69              	.LVL6:
  29:Display.c     ****     
  30:Display.c     ****     LCD_print("Spiller 1");
  70              		.loc 1 30 0
  71 003c 1348     		ldr	r0, .L3+4
  72 003e FFF7FEFF 		bl	LCD_print
  73              	.LVL7:
  31:Display.c     ****     setCursor(0,1);                       // vælger kollene og række
  74              		.loc 1 31 0
  75 0042 2946     		mov	r1, r5
  76 0044 0020     		movs	r0, #0
  77 0046 FFF7FEFF 		bl	setCursor
  78              	.LVL8:
  32:Display.c     ****     LCD_print("Tid: ");
  79              		.loc 1 32 0
  80 004a 114C     		ldr	r4, .L3+8
  81              	.LVL9:
  82 004c 2046     		mov	r0, r4
ARM GAS  C:\Users\Morten\AppData\Local\Temp\ccqpWnMe.s 			page 3


  83 004e FFF7FEFF 		bl	LCD_print
  84              	.LVL10:
  33:Display.c     ****     
  34:Display.c     ****     LiquidCrystal_I2C_init(Display2,16,2,0);
  85              		.loc 1 34 0
  86 0052 0023     		movs	r3, #0
  87 0054 0222     		movs	r2, #2
  88 0056 1021     		movs	r1, #16
  89 0058 2720     		movs	r0, #39
  90 005a FFF7FEFF 		bl	LiquidCrystal_I2C_init
  91              	.LVL11:
  35:Display.c     ****     begin();                              // positionere vores displat til begin state
  92              		.loc 1 35 0
  93 005e FFF7FEFF 		bl	begin
  94              	.LVL12:
  36:Display.c     ****     clear();
  95              		.loc 1 36 0
  96 0062 FFF7FEFF 		bl	clear
  97              	.LVL13:
  37:Display.c     ****     
  38:Display.c     ****     LCD_print("Spiller 2");
  98              		.loc 1 38 0
  99 0066 0B48     		ldr	r0, .L3+12
 100 0068 FFF7FEFF 		bl	LCD_print
 101              	.LVL14:
  39:Display.c     ****     setCursor(0,1);                       // vælger kollene og række
 102              		.loc 1 39 0
 103 006c 2946     		mov	r1, r5
 104 006e 0020     		movs	r0, #0
 105 0070 FFF7FEFF 		bl	setCursor
 106              	.LVL15:
  40:Display.c     ****     LCD_print("Tid: ");
 107              		.loc 1 40 0
 108 0074 2046     		mov	r0, r4
 109 0076 FFF7FEFF 		bl	LCD_print
 110              	.LVL16:
  41:Display.c     ****     
  42:Display.c     ****     display1On = 1;
 111              		.loc 1 42 0
 112 007a 074B     		ldr	r3, .L3+16
 113 007c 1D60     		str	r5, [r3]
  43:Display.c     ****     display2On = 1;
 114              		.loc 1 43 0
 115 007e 5D60     		str	r5, [r3, #4]
  44:Display.c     ****     
  45:Display.c     ****     Timer_LCD_Start();
 116              		.loc 1 45 0
 117 0080 FFF7FEFF 		bl	Timer_LCD_Start
 118              	.LVL17:
 119 0084 38BD     		pop	{r3, r4, r5, pc}
 120              	.L4:
 121 0086 00BF     		.align	2
 122              	.L3:
 123 0088 00000000 		.word	isr_refreshrate_LCD
 124 008c 00000000 		.word	.LC0
 125 0090 0C000000 		.word	.LC1
 126 0094 14000000 		.word	.LC2
ARM GAS  C:\Users\Morten\AppData\Local\Temp\ccqpWnMe.s 			page 4


 127 0098 00000000 		.word	.LANCHOR0
 128              		.cfi_endproc
 129              	.LFE65:
 130              		.size	initDisp, .-initDisp
 131              		.section	.text.dispTime,"ax",%progbits
 132              		.align	2
 133              		.global	dispTime
 134              		.thumb
 135              		.thumb_func
 136              		.type	dispTime, %function
 137              	dispTime:
 138              	.LFB66:
  46:Display.c     **** }
  47:Display.c     **** 
  48:Display.c     **** void dispTime(int disp, int ms_)                           // skifter mellem de 2 displays
  49:Display.c     **** {
 139              		.loc 1 49 0
 140              		.cfi_startproc
 141              		@ args = 0, pretend = 0, frame = 24
 142              		@ frame_needed = 0, uses_anonymous_args = 0
 143              	.LVL18:
 144 0000 30B5     		push	{r4, r5, lr}
 145              		.cfi_def_cfa_offset 12
 146              		.cfi_offset 4, -12
 147              		.cfi_offset 5, -8
 148              		.cfi_offset 14, -4
 149 0002 89B0     		sub	sp, sp, #36
 150              		.cfi_def_cfa_offset 48
 151 0004 0546     		mov	r5, r0
 152 0006 0C46     		mov	r4, r1
  50:Display.c     ****     Timer_LCD_Stop();
 153              		.loc 1 50 0
 154 0008 FFF7FEFF 		bl	Timer_LCD_Stop
 155              	.LVL19:
  51:Display.c     ****     if(ms_ == 0)
 156              		.loc 1 51 0
 157 000c 34B9     		cbnz	r4, .L6
  52:Display.c     ****     {
  53:Display.c     ****         setCursor(9,1);
 158              		.loc 1 53 0
 159 000e 0121     		movs	r1, #1
 160 0010 0920     		movs	r0, #9
 161 0012 FFF7FEFF 		bl	setCursor
 162              	.LVL20:
  54:Display.c     ****         LCD_print("     ");
 163              		.loc 1 54 0
 164 0016 1448     		ldr	r0, .L10
 165 0018 FFF7FEFF 		bl	LCD_print
 166              	.LVL21:
 167              	.L6:
  55:Display.c     ****     }
  56:Display.c     ****     int seconds = 0;
  57:Display.c     ****     int ms = ms_ < 0 ? 0 : ms_;
 168              		.loc 1 57 0
 169 001c 24EAE471 		bic	r1, r4, r4, asr #31
 170              	.LVL22:
  58:Display.c     ****     char buf[20];
ARM GAS  C:\Users\Morten\AppData\Local\Temp\ccqpWnMe.s 			page 5


  59:Display.c     ****     disp = disp == 1 ? 0x26 : 0x27;
 171              		.loc 1 59 0
 172 0020 012D     		cmp	r5, #1
 173 0022 01D1     		bne	.L8
 174 0024 2620     		movs	r0, #38
 175 0026 00E0     		b	.L7
 176              	.L8:
 177 0028 2720     		movs	r0, #39
 178              	.L7:
 179              	.LVL23:
  60:Display.c     ****    
  61:Display.c     ****     seconds = ms / 10;             // getTime kommer som ms derfor /10 for at få sekunder
 180              		.loc 1 61 0 discriminator 4
 181 002a 104C     		ldr	r4, .L10+4
 182              	.LVL24:
 183 002c 84FB0134 		smull	r3, r4, r4, r1
 184 0030 CB17     		asrs	r3, r1, #31
 185 0032 C3EBA404 		rsb	r4, r3, r4, asr #2
 186              	.LVL25:
  62:Display.c     ****     ms = (ms - seconds*10);        // sørger for at vi får vores decimal tal 
 187              		.loc 1 62 0 discriminator 4
 188 0036 6FF00905 		mvn	r5, #9
 189 003a 05FB0415 		mla	r5, r5, r4, r1
 190              	.LVL26:
  63:Display.c     ****     
  64:Display.c     ****     setaddress(disp);
 191              		.loc 1 64 0 discriminator 4
 192 003e FFF7FEFF 		bl	setaddress
 193              	.LVL27:
  65:Display.c     ****     snprintf(buf, 8, "%d,%ds", seconds, ms); // udskriver vores sekunder og ms
 194              		.loc 1 65 0 discriminator 4
 195 0042 0095     		str	r5, [sp]
 196 0044 2346     		mov	r3, r4
 197 0046 0A4A     		ldr	r2, .L10+8
 198 0048 0821     		movs	r1, #8
 199 004a 03A8     		add	r0, sp, #12
 200 004c FFF7FEFF 		bl	snprintf
 201              	.LVL28:
  66:Display.c     ****     setCursor(5,1);
 202              		.loc 1 66 0 discriminator 4
 203 0050 0121     		movs	r1, #1
 204 0052 0520     		movs	r0, #5
 205 0054 FFF7FEFF 		bl	setCursor
 206              	.LVL29:
  67:Display.c     ****     LCD_print(buf);
 207              		.loc 1 67 0 discriminator 4
 208 0058 03A8     		add	r0, sp, #12
 209 005a FFF7FEFF 		bl	LCD_print
 210              	.LVL30:
  68:Display.c     ****     
  69:Display.c     ****     Timer_LCD_Start();
 211              		.loc 1 69 0 discriminator 4
 212 005e FFF7FEFF 		bl	Timer_LCD_Start
 213              	.LVL31:
  70:Display.c     **** }
 214              		.loc 1 70 0 discriminator 4
 215 0062 09B0     		add	sp, sp, #36
ARM GAS  C:\Users\Morten\AppData\Local\Temp\ccqpWnMe.s 			page 6


 216              		.cfi_def_cfa_offset 12
 217              		@ sp needed
 218 0064 30BD     		pop	{r4, r5, pc}
 219              	.LVL32:
 220              	.L11:
 221 0066 00BF     		.align	2
 222              	.L10:
 223 0068 20000000 		.word	.LC3
 224 006c 67666666 		.word	1717986919
 225 0070 28000000 		.word	.LC4
 226              		.cfi_endproc
 227              	.LFE66:
 228              		.size	dispTime, .-dispTime
 229              		.section	.text.isr_refreshrate_LCD,"ax",%progbits
 230              		.align	2
 231              		.global	isr_refreshrate_LCD
 232              		.thumb
 233              		.thumb_func
 234              		.type	isr_refreshrate_LCD, %function
 235              	isr_refreshrate_LCD:
 236              	.LFB64:
  12:Display.c     ****     int x = getTime();
 237              		.loc 1 12 0
 238              		.cfi_startproc
 239              		@ args = 0, pretend = 0, frame = 0
 240              		@ frame_needed = 0, uses_anonymous_args = 0
 241 0000 10B5     		push	{r4, lr}
 242              		.cfi_def_cfa_offset 8
 243              		.cfi_offset 4, -8
 244              		.cfi_offset 14, -4
  13:Display.c     ****     if (display1On == 1) dispTime(1,x);
 245              		.loc 1 13 0
 246 0002 FFF7FEFF 		bl	getTime
 247              	.LVL33:
 248 0006 0446     		mov	r4, r0
 249              	.LVL34:
  14:Display.c     ****     if (display2On == 1) dispTime(2,x);
 250              		.loc 1 14 0
 251 0008 084B     		ldr	r3, .L16
 252 000a 1B68     		ldr	r3, [r3]
 253 000c 012B     		cmp	r3, #1
 254 000e 03D1     		bne	.L13
  14:Display.c     ****     if (display2On == 1) dispTime(2,x);
 255              		.loc 1 14 0 is_stmt 0 discriminator 1
 256 0010 0146     		mov	r1, r0
 257 0012 0120     		movs	r0, #1
 258              	.LVL35:
 259 0014 FFF7FEFF 		bl	dispTime
 260              	.LVL36:
 261              	.L13:
  15:Display.c     **** }
 262              		.loc 1 15 0 is_stmt 1
 263 0018 044B     		ldr	r3, .L16
 264 001a 5B68     		ldr	r3, [r3, #4]
 265 001c 012B     		cmp	r3, #1
 266 001e 03D1     		bne	.L12
  15:Display.c     **** }
ARM GAS  C:\Users\Morten\AppData\Local\Temp\ccqpWnMe.s 			page 7


 267              		.loc 1 15 0 is_stmt 0 discriminator 1
 268 0020 2146     		mov	r1, r4
 269 0022 0220     		movs	r0, #2
 270 0024 FFF7FEFF 		bl	dispTime
 271              	.LVL37:
 272              	.L12:
 273 0028 10BD     		pop	{r4, pc}
 274              	.LVL38:
 275              	.L17:
 276 002a 00BF     		.align	2
 277              	.L16:
 278 002c 00000000 		.word	.LANCHOR0
 279              		.cfi_endproc
 280              	.LFE64:
 281              		.size	isr_refreshrate_LCD, .-isr_refreshrate_LCD
 282              		.section	.text.stopLCD,"ax",%progbits
 283              		.align	2
 284              		.global	stopLCD
 285              		.thumb
 286              		.thumb_func
 287              		.type	stopLCD, %function
 288              	stopLCD:
 289              	.LFB67:
  71:Display.c     **** 
  72:Display.c     **** void stopLCD(int disp)
  73:Display.c     **** {
 290              		.loc 1 73 0 is_stmt 1
 291              		.cfi_startproc
 292              		@ args = 0, pretend = 0, frame = 0
 293              		@ frame_needed = 0, uses_anonymous_args = 0
 294              		@ link register save eliminated.
 295              	.LVL39:
  74:Display.c     ****     if (disp == 1)
 296              		.loc 1 74 0
 297 0000 0128     		cmp	r0, #1
 298 0002 03D1     		bne	.L19
  75:Display.c     ****     {
  76:Display.c     ****     display1On = 0;
 299              		.loc 1 76 0
 300 0004 0022     		movs	r2, #0
 301 0006 034B     		ldr	r3, .L21
 302 0008 1A60     		str	r2, [r3]
 303 000a 7047     		bx	lr
 304              	.L19:
  77:Display.c     ****     }else{
  78:Display.c     ****     display2On = 0;
 305              		.loc 1 78 0
 306 000c 0022     		movs	r2, #0
 307 000e 014B     		ldr	r3, .L21
 308 0010 5A60     		str	r2, [r3, #4]
 309 0012 7047     		bx	lr
 310              	.L22:
 311              		.align	2
 312              	.L21:
 313 0014 00000000 		.word	.LANCHOR0
 314              		.cfi_endproc
 315              	.LFE67:
ARM GAS  C:\Users\Morten\AppData\Local\Temp\ccqpWnMe.s 			page 8


 316              		.size	stopLCD, .-stopLCD
 317              		.global	display2On
 318              		.global	display1On
 319              		.section	.rodata.str1.4,"aMS",%progbits,1
 320              		.align	2
 321              	.LC0:
 322 0000 5370696C 		.ascii	"Spiller 1\000"
 322      6C657220 
 322      3100
 323 000a 0000     		.space	2
 324              	.LC1:
 325 000c 5469643A 		.ascii	"Tid: \000"
 325      2000
 326 0012 0000     		.space	2
 327              	.LC2:
 328 0014 5370696C 		.ascii	"Spiller 2\000"
 328      6C657220 
 328      3200
 329 001e 0000     		.space	2
 330              	.LC3:
 331 0020 20202020 		.ascii	"     \000"
 331      2000
 332 0026 0000     		.space	2
 333              	.LC4:
 334 0028 25642C25 		.ascii	"%d,%ds\000"
 334      647300
 335              		.bss
 336              		.align	2
 337              		.set	.LANCHOR0,. + 0
 338              		.type	display1On, %object
 339              		.size	display1On, 4
 340              	display1On:
 341 0000 00000000 		.space	4
 342              		.type	display2On, %object
 343              		.size	display2On, 4
 344              	display2On:
 345 0004 00000000 		.space	4
 346              		.text
 347              	.Letext0:
 348              		.file 2 "c:\\program files (x86)\\cypress\\psoc creator\\4.2\\psoc creator\\import\\gnu\\arm\\5.4.
 349              		.file 3 "c:\\program files (x86)\\cypress\\psoc creator\\4.2\\psoc creator\\import\\gnu\\arm\\5.4.
 350              		.file 4 "Generated_Source\\PSoC5/core_cm3.h"
 351              		.file 5 "Generated_Source\\PSoC5/I2C_1.h"
 352              		.file 6 "Generated_Source\\PSoC5/isr_refreshrate_LCD.h"
 353              		.file 7 "Generated_Source\\PSoC5/Timer_LCD.h"
 354              		.file 8 "LiquidCrystal_I2C.h"
 355              		.file 9 "c:\\program files (x86)\\cypress\\psoc creator\\4.2\\psoc creator\\import\\gnu\\arm\\5.4.
 356              		.file 10 "Stopur.h"
 357              		.section	.debug_info,"",%progbits
 358              	.Ldebug_info0:
 359 0000 58040000 		.4byte	0x458
 360 0004 0400     		.2byte	0x4
 361 0006 00000000 		.4byte	.Ldebug_abbrev0
 362 000a 04       		.byte	0x4
 363 000b 01       		.uleb128 0x1
 364 000c 74000000 		.4byte	.LASF38
 365 0010 0C       		.byte	0xc
ARM GAS  C:\Users\Morten\AppData\Local\Temp\ccqpWnMe.s 			page 9


 366 0011 19020000 		.4byte	.LASF39
 367 0015 63020000 		.4byte	.LASF40
 368 0019 00000000 		.4byte	.Ldebug_ranges0+0
 369 001d 00000000 		.4byte	0
 370 0021 00000000 		.4byte	.Ldebug_line0
 371 0025 02       		.uleb128 0x2
 372 0026 08       		.byte	0x8
 373 0027 07       		.byte	0x7
 374 0028 8D010000 		.4byte	.LASF0
 375 002c 02       		.uleb128 0x2
 376 002d 04       		.byte	0x4
 377 002e 07       		.byte	0x7
 378 002f 80010000 		.4byte	.LASF1
 379 0033 03       		.uleb128 0x3
 380 0034 04       		.byte	0x4
 381 0035 05       		.byte	0x5
 382 0036 696E7400 		.ascii	"int\000"
 383 003a 02       		.uleb128 0x2
 384 003b 01       		.byte	0x1
 385 003c 06       		.byte	0x6
 386 003d 57020000 		.4byte	.LASF2
 387 0041 02       		.uleb128 0x2
 388 0042 01       		.byte	0x1
 389 0043 08       		.byte	0x8
 390 0044 66000000 		.4byte	.LASF3
 391 0048 02       		.uleb128 0x2
 392 0049 02       		.byte	0x2
 393 004a 05       		.byte	0x5
 394 004b 76010000 		.4byte	.LASF4
 395 004f 02       		.uleb128 0x2
 396 0050 02       		.byte	0x2
 397 0051 07       		.byte	0x7
 398 0052 14010000 		.4byte	.LASF5
 399 0056 04       		.uleb128 0x4
 400 0057 2A000000 		.4byte	.LASF9
 401 005b 02       		.byte	0x2
 402 005c 3F       		.byte	0x3f
 403 005d 61000000 		.4byte	0x61
 404 0061 02       		.uleb128 0x2
 405 0062 04       		.byte	0x4
 406 0063 05       		.byte	0x5
 407 0064 33020000 		.4byte	.LASF6
 408 0068 02       		.uleb128 0x2
 409 0069 04       		.byte	0x4
 410 006a 07       		.byte	0x7
 411 006b 02010000 		.4byte	.LASF7
 412 006f 02       		.uleb128 0x2
 413 0070 08       		.byte	0x8
 414 0071 05       		.byte	0x5
 415 0072 00000000 		.4byte	.LASF8
 416 0076 04       		.uleb128 0x4
 417 0077 B1010000 		.4byte	.LASF10
 418 007b 03       		.byte	0x3
 419 007c 2C       		.byte	0x2c
 420 007d 56000000 		.4byte	0x56
 421 0081 02       		.uleb128 0x2
 422 0082 04       		.byte	0x4
ARM GAS  C:\Users\Morten\AppData\Local\Temp\ccqpWnMe.s 			page 10


 423 0083 04       		.byte	0x4
 424 0084 57000000 		.4byte	.LASF11
 425 0088 02       		.uleb128 0x2
 426 0089 08       		.byte	0x8
 427 008a 04       		.byte	0x4
 428 008b 4F010000 		.4byte	.LASF12
 429 008f 02       		.uleb128 0x2
 430 0090 01       		.byte	0x1
 431 0091 08       		.byte	0x8
 432 0092 FD010000 		.4byte	.LASF13
 433 0096 02       		.uleb128 0x2
 434 0097 08       		.byte	0x8
 435 0098 04       		.byte	0x4
 436 0099 3C020000 		.4byte	.LASF14
 437 009d 02       		.uleb128 0x2
 438 009e 04       		.byte	0x4
 439 009f 07       		.byte	0x7
 440 00a0 B9010000 		.4byte	.LASF15
 441 00a4 05       		.uleb128 0x5
 442 00a5 5D000000 		.4byte	.LASF16
 443 00a9 01       		.byte	0x1
 444 00aa 14       		.byte	0x14
 445 00ab 00000000 		.4byte	.LFB65
 446 00af 9C000000 		.4byte	.LFE65-.LFB65
 447 00b3 01       		.uleb128 0x1
 448 00b4 9C       		.byte	0x9c
 449 00b5 08020000 		.4byte	0x208
 450 00b9 06       		.uleb128 0x6
 451 00ba 487A00   		.ascii	"Hz\000"
 452 00bd 01       		.byte	0x1
 453 00be 14       		.byte	0x14
 454 00bf 33000000 		.4byte	0x33
 455 00c3 00000000 		.4byte	.LLST0
 456 00c7 07       		.uleb128 0x7
 457 00c8 08000000 		.4byte	.LVL1
 458 00cc CC030000 		.4byte	0x3cc
 459 00d0 08       		.uleb128 0x8
 460 00d1 0E000000 		.4byte	.LVL2
 461 00d5 D7030000 		.4byte	0x3d7
 462 00d9 E7000000 		.4byte	0xe7
 463 00dd 09       		.uleb128 0x9
 464 00de 01       		.uleb128 0x1
 465 00df 50       		.byte	0x50
 466 00e0 05       		.uleb128 0x5
 467 00e1 03       		.byte	0x3
 468 00e2 00000000 		.4byte	isr_refreshrate_LCD
 469 00e6 00       		.byte	0
 470 00e7 08       		.uleb128 0x8
 471 00e8 28000000 		.4byte	.LVL3
 472 00ec E2030000 		.4byte	0x3e2
 473 00f0 0C010000 		.4byte	0x10c
 474 00f4 09       		.uleb128 0x9
 475 00f5 01       		.uleb128 0x1
 476 00f6 50       		.byte	0x50
 477 00f7 13       		.uleb128 0x13
 478 00f8 75       		.byte	0x75
 479 00f9 00       		.sleb128 0
ARM GAS  C:\Users\Morten\AppData\Local\Temp\ccqpWnMe.s 			page 11


 480 00fa 74       		.byte	0x74
 481 00fb 00       		.sleb128 0
 482 00fc 1B       		.byte	0x1b
 483 00fd 4F       		.byte	0x4f
 484 00fe 1E       		.byte	0x1e
 485 00ff 32       		.byte	0x32
 486 0100 24       		.byte	0x24
 487 0101 75       		.byte	0x75
 488 0102 00       		.sleb128 0
 489 0103 74       		.byte	0x74
 490 0104 00       		.sleb128 0
 491 0105 1B       		.byte	0x1b
 492 0106 22       		.byte	0x22
 493 0107 35       		.byte	0x35
 494 0108 1E       		.byte	0x1e
 495 0109 34       		.byte	0x34
 496 010a 24       		.byte	0x24
 497 010b 00       		.byte	0
 498 010c 08       		.uleb128 0x8
 499 010d 34000000 		.4byte	.LVL4
 500 0111 ED030000 		.4byte	0x3ed
 501 0115 2F010000 		.4byte	0x12f
 502 0119 09       		.uleb128 0x9
 503 011a 01       		.uleb128 0x1
 504 011b 50       		.byte	0x50
 505 011c 02       		.uleb128 0x2
 506 011d 08       		.byte	0x8
 507 011e 26       		.byte	0x26
 508 011f 09       		.uleb128 0x9
 509 0120 01       		.uleb128 0x1
 510 0121 51       		.byte	0x51
 511 0122 01       		.uleb128 0x1
 512 0123 40       		.byte	0x40
 513 0124 09       		.uleb128 0x9
 514 0125 01       		.uleb128 0x1
 515 0126 52       		.byte	0x52
 516 0127 01       		.uleb128 0x1
 517 0128 32       		.byte	0x32
 518 0129 09       		.uleb128 0x9
 519 012a 01       		.uleb128 0x1
 520 012b 53       		.byte	0x53
 521 012c 01       		.uleb128 0x1
 522 012d 30       		.byte	0x30
 523 012e 00       		.byte	0
 524 012f 07       		.uleb128 0x7
 525 0130 38000000 		.4byte	.LVL5
 526 0134 F8030000 		.4byte	0x3f8
 527 0138 07       		.uleb128 0x7
 528 0139 3C000000 		.4byte	.LVL6
 529 013d 03040000 		.4byte	0x403
 530 0141 08       		.uleb128 0x8
 531 0142 42000000 		.4byte	.LVL7
 532 0146 0E040000 		.4byte	0x40e
 533 014a 58010000 		.4byte	0x158
 534 014e 09       		.uleb128 0x9
 535 014f 01       		.uleb128 0x1
 536 0150 50       		.byte	0x50
ARM GAS  C:\Users\Morten\AppData\Local\Temp\ccqpWnMe.s 			page 12


 537 0151 05       		.uleb128 0x5
 538 0152 03       		.byte	0x3
 539 0153 00000000 		.4byte	.LC0
 540 0157 00       		.byte	0
 541 0158 08       		.uleb128 0x8
 542 0159 4A000000 		.4byte	.LVL8
 543 015d 19040000 		.4byte	0x419
 544 0161 71010000 		.4byte	0x171
 545 0165 09       		.uleb128 0x9
 546 0166 01       		.uleb128 0x1
 547 0167 50       		.byte	0x50
 548 0168 01       		.uleb128 0x1
 549 0169 30       		.byte	0x30
 550 016a 09       		.uleb128 0x9
 551 016b 01       		.uleb128 0x1
 552 016c 51       		.byte	0x51
 553 016d 02       		.uleb128 0x2
 554 016e 75       		.byte	0x75
 555 016f 00       		.sleb128 0
 556 0170 00       		.byte	0
 557 0171 08       		.uleb128 0x8
 558 0172 52000000 		.4byte	.LVL10
 559 0176 0E040000 		.4byte	0x40e
 560 017a 85010000 		.4byte	0x185
 561 017e 09       		.uleb128 0x9
 562 017f 01       		.uleb128 0x1
 563 0180 50       		.byte	0x50
 564 0181 02       		.uleb128 0x2
 565 0182 74       		.byte	0x74
 566 0183 00       		.sleb128 0
 567 0184 00       		.byte	0
 568 0185 08       		.uleb128 0x8
 569 0186 5E000000 		.4byte	.LVL11
 570 018a ED030000 		.4byte	0x3ed
 571 018e A8010000 		.4byte	0x1a8
 572 0192 09       		.uleb128 0x9
 573 0193 01       		.uleb128 0x1
 574 0194 50       		.byte	0x50
 575 0195 02       		.uleb128 0x2
 576 0196 08       		.byte	0x8
 577 0197 27       		.byte	0x27
 578 0198 09       		.uleb128 0x9
 579 0199 01       		.uleb128 0x1
 580 019a 51       		.byte	0x51
 581 019b 01       		.uleb128 0x1
 582 019c 40       		.byte	0x40
 583 019d 09       		.uleb128 0x9
 584 019e 01       		.uleb128 0x1
 585 019f 52       		.byte	0x52
 586 01a0 01       		.uleb128 0x1
 587 01a1 32       		.byte	0x32
 588 01a2 09       		.uleb128 0x9
 589 01a3 01       		.uleb128 0x1
 590 01a4 53       		.byte	0x53
 591 01a5 01       		.uleb128 0x1
 592 01a6 30       		.byte	0x30
 593 01a7 00       		.byte	0
ARM GAS  C:\Users\Morten\AppData\Local\Temp\ccqpWnMe.s 			page 13


 594 01a8 07       		.uleb128 0x7
 595 01a9 62000000 		.4byte	.LVL12
 596 01ad F8030000 		.4byte	0x3f8
 597 01b1 07       		.uleb128 0x7
 598 01b2 66000000 		.4byte	.LVL13
 599 01b6 03040000 		.4byte	0x403
 600 01ba 08       		.uleb128 0x8
 601 01bb 6C000000 		.4byte	.LVL14
 602 01bf 0E040000 		.4byte	0x40e
 603 01c3 D1010000 		.4byte	0x1d1
 604 01c7 09       		.uleb128 0x9
 605 01c8 01       		.uleb128 0x1
 606 01c9 50       		.byte	0x50
 607 01ca 05       		.uleb128 0x5
 608 01cb 03       		.byte	0x3
 609 01cc 14000000 		.4byte	.LC2
 610 01d0 00       		.byte	0
 611 01d1 08       		.uleb128 0x8
 612 01d2 74000000 		.4byte	.LVL15
 613 01d6 19040000 		.4byte	0x419
 614 01da EA010000 		.4byte	0x1ea
 615 01de 09       		.uleb128 0x9
 616 01df 01       		.uleb128 0x1
 617 01e0 50       		.byte	0x50
 618 01e1 01       		.uleb128 0x1
 619 01e2 30       		.byte	0x30
 620 01e3 09       		.uleb128 0x9
 621 01e4 01       		.uleb128 0x1
 622 01e5 51       		.byte	0x51
 623 01e6 02       		.uleb128 0x2
 624 01e7 75       		.byte	0x75
 625 01e8 00       		.sleb128 0
 626 01e9 00       		.byte	0
 627 01ea 08       		.uleb128 0x8
 628 01eb 7A000000 		.4byte	.LVL16
 629 01ef 0E040000 		.4byte	0x40e
 630 01f3 FE010000 		.4byte	0x1fe
 631 01f7 09       		.uleb128 0x9
 632 01f8 01       		.uleb128 0x1
 633 01f9 50       		.byte	0x50
 634 01fa 02       		.uleb128 0x2
 635 01fb 74       		.byte	0x74
 636 01fc 00       		.sleb128 0
 637 01fd 00       		.byte	0
 638 01fe 07       		.uleb128 0x7
 639 01ff 84000000 		.4byte	.LVL17
 640 0203 24040000 		.4byte	0x424
 641 0207 00       		.byte	0
 642 0208 05       		.uleb128 0x5
 643 0209 21000000 		.4byte	.LASF17
 644 020d 01       		.byte	0x1
 645 020e 30       		.byte	0x30
 646 020f 00000000 		.4byte	.LFB66
 647 0213 74000000 		.4byte	.LFE66-.LFB66
 648 0217 01       		.uleb128 0x1
 649 0218 9C       		.byte	0x9c
 650 0219 0C030000 		.4byte	0x30c
ARM GAS  C:\Users\Morten\AppData\Local\Temp\ccqpWnMe.s 			page 14


 651 021d 0A       		.uleb128 0xa
 652 021e AC010000 		.4byte	.LASF18
 653 0222 01       		.byte	0x1
 654 0223 30       		.byte	0x30
 655 0224 33000000 		.4byte	0x33
 656 0228 2C000000 		.4byte	.LLST1
 657 022c 06       		.uleb128 0x6
 658 022d 6D735F00 		.ascii	"ms_\000"
 659 0231 01       		.byte	0x1
 660 0232 30       		.byte	0x30
 661 0233 33000000 		.4byte	0x33
 662 0237 55000000 		.4byte	.LLST2
 663 023b 0B       		.uleb128 0xb
 664 023c F5010000 		.4byte	.LASF19
 665 0240 01       		.byte	0x1
 666 0241 38       		.byte	0x38
 667 0242 33000000 		.4byte	0x33
 668 0246 81000000 		.4byte	.LLST3
 669 024a 0C       		.uleb128 0xc
 670 024b 6D7300   		.ascii	"ms\000"
 671 024e 01       		.byte	0x1
 672 024f 39       		.byte	0x39
 673 0250 33000000 		.4byte	0x33
 674 0254 DD000000 		.4byte	.LLST4
 675 0258 0D       		.uleb128 0xd
 676 0259 62756600 		.ascii	"buf\000"
 677 025d 01       		.byte	0x1
 678 025e 3A       		.byte	0x3a
 679 025f 0C030000 		.4byte	0x30c
 680 0263 02       		.uleb128 0x2
 681 0264 91       		.byte	0x91
 682 0265 5C       		.sleb128 -36
 683 0266 07       		.uleb128 0x7
 684 0267 0C000000 		.4byte	.LVL19
 685 026b 2F040000 		.4byte	0x42f
 686 026f 08       		.uleb128 0x8
 687 0270 16000000 		.4byte	.LVL20
 688 0274 19040000 		.4byte	0x419
 689 0278 87020000 		.4byte	0x287
 690 027c 09       		.uleb128 0x9
 691 027d 01       		.uleb128 0x1
 692 027e 50       		.byte	0x50
 693 027f 01       		.uleb128 0x1
 694 0280 39       		.byte	0x39
 695 0281 09       		.uleb128 0x9
 696 0282 01       		.uleb128 0x1
 697 0283 51       		.byte	0x51
 698 0284 01       		.uleb128 0x1
 699 0285 31       		.byte	0x31
 700 0286 00       		.byte	0
 701 0287 08       		.uleb128 0x8
 702 0288 1C000000 		.4byte	.LVL21
 703 028c 0E040000 		.4byte	0x40e
 704 0290 9E020000 		.4byte	0x29e
 705 0294 09       		.uleb128 0x9
 706 0295 01       		.uleb128 0x1
 707 0296 50       		.byte	0x50
ARM GAS  C:\Users\Morten\AppData\Local\Temp\ccqpWnMe.s 			page 15


 708 0297 05       		.uleb128 0x5
 709 0298 03       		.byte	0x3
 710 0299 20000000 		.4byte	.LC3
 711 029d 00       		.byte	0
 712 029e 07       		.uleb128 0x7
 713 029f 42000000 		.4byte	.LVL27
 714 02a3 3A040000 		.4byte	0x43a
 715 02a7 08       		.uleb128 0x8
 716 02a8 50000000 		.4byte	.LVL28
 717 02ac 45040000 		.4byte	0x445
 718 02b0 D6020000 		.4byte	0x2d6
 719 02b4 09       		.uleb128 0x9
 720 02b5 01       		.uleb128 0x1
 721 02b6 50       		.byte	0x50
 722 02b7 02       		.uleb128 0x2
 723 02b8 91       		.byte	0x91
 724 02b9 5C       		.sleb128 -36
 725 02ba 09       		.uleb128 0x9
 726 02bb 01       		.uleb128 0x1
 727 02bc 51       		.byte	0x51
 728 02bd 01       		.uleb128 0x1
 729 02be 38       		.byte	0x38
 730 02bf 09       		.uleb128 0x9
 731 02c0 01       		.uleb128 0x1
 732 02c1 52       		.byte	0x52
 733 02c2 05       		.uleb128 0x5
 734 02c3 03       		.byte	0x3
 735 02c4 28000000 		.4byte	.LC4
 736 02c8 09       		.uleb128 0x9
 737 02c9 01       		.uleb128 0x1
 738 02ca 53       		.byte	0x53
 739 02cb 02       		.uleb128 0x2
 740 02cc 74       		.byte	0x74
 741 02cd 00       		.sleb128 0
 742 02ce 09       		.uleb128 0x9
 743 02cf 02       		.uleb128 0x2
 744 02d0 7D       		.byte	0x7d
 745 02d1 00       		.sleb128 0
 746 02d2 02       		.uleb128 0x2
 747 02d3 75       		.byte	0x75
 748 02d4 00       		.sleb128 0
 749 02d5 00       		.byte	0
 750 02d6 08       		.uleb128 0x8
 751 02d7 58000000 		.4byte	.LVL29
 752 02db 19040000 		.4byte	0x419
 753 02df EE020000 		.4byte	0x2ee
 754 02e3 09       		.uleb128 0x9
 755 02e4 01       		.uleb128 0x1
 756 02e5 50       		.byte	0x50
 757 02e6 01       		.uleb128 0x1
 758 02e7 35       		.byte	0x35
 759 02e8 09       		.uleb128 0x9
 760 02e9 01       		.uleb128 0x1
 761 02ea 51       		.byte	0x51
 762 02eb 01       		.uleb128 0x1
 763 02ec 31       		.byte	0x31
 764 02ed 00       		.byte	0
ARM GAS  C:\Users\Morten\AppData\Local\Temp\ccqpWnMe.s 			page 16


 765 02ee 08       		.uleb128 0x8
 766 02ef 5E000000 		.4byte	.LVL30
 767 02f3 0E040000 		.4byte	0x40e
 768 02f7 02030000 		.4byte	0x302
 769 02fb 09       		.uleb128 0x9
 770 02fc 01       		.uleb128 0x1
 771 02fd 50       		.byte	0x50
 772 02fe 02       		.uleb128 0x2
 773 02ff 91       		.byte	0x91
 774 0300 5C       		.sleb128 -36
 775 0301 00       		.byte	0
 776 0302 07       		.uleb128 0x7
 777 0303 62000000 		.4byte	.LVL31
 778 0307 24040000 		.4byte	0x424
 779 030b 00       		.byte	0
 780 030c 0E       		.uleb128 0xe
 781 030d 8F000000 		.4byte	0x8f
 782 0311 1C030000 		.4byte	0x31c
 783 0315 0F       		.uleb128 0xf
 784 0316 9D000000 		.4byte	0x9d
 785 031a 13       		.byte	0x13
 786 031b 00       		.byte	0
 787 031c 05       		.uleb128 0x5
 788 031d 43000000 		.4byte	.LASF20
 789 0321 01       		.byte	0x1
 790 0322 0B       		.byte	0xb
 791 0323 00000000 		.4byte	.LFB64
 792 0327 30000000 		.4byte	.LFE64-.LFB64
 793 032b 01       		.uleb128 0x1
 794 032c 9C       		.byte	0x9c
 795 032d 76030000 		.4byte	0x376
 796 0331 0C       		.uleb128 0xc
 797 0332 7800     		.ascii	"x\000"
 798 0334 01       		.byte	0x1
 799 0335 0D       		.byte	0xd
 800 0336 33000000 		.4byte	0x33
 801 033a 49010000 		.4byte	.LLST5
 802 033e 07       		.uleb128 0x7
 803 033f 06000000 		.4byte	.LVL33
 804 0343 50040000 		.4byte	0x450
 805 0347 08       		.uleb128 0x8
 806 0348 18000000 		.4byte	.LVL36
 807 034c 08020000 		.4byte	0x208
 808 0350 60030000 		.4byte	0x360
 809 0354 09       		.uleb128 0x9
 810 0355 01       		.uleb128 0x1
 811 0356 50       		.byte	0x50
 812 0357 01       		.uleb128 0x1
 813 0358 31       		.byte	0x31
 814 0359 09       		.uleb128 0x9
 815 035a 01       		.uleb128 0x1
 816 035b 51       		.byte	0x51
 817 035c 02       		.uleb128 0x2
 818 035d 74       		.byte	0x74
 819 035e 00       		.sleb128 0
 820 035f 00       		.byte	0
 821 0360 10       		.uleb128 0x10
ARM GAS  C:\Users\Morten\AppData\Local\Temp\ccqpWnMe.s 			page 17


 822 0361 28000000 		.4byte	.LVL37
 823 0365 08020000 		.4byte	0x208
 824 0369 09       		.uleb128 0x9
 825 036a 01       		.uleb128 0x1
 826 036b 50       		.byte	0x50
 827 036c 01       		.uleb128 0x1
 828 036d 32       		.byte	0x32
 829 036e 09       		.uleb128 0x9
 830 036f 01       		.uleb128 0x1
 831 0370 51       		.byte	0x51
 832 0371 02       		.uleb128 0x2
 833 0372 74       		.byte	0x74
 834 0373 00       		.sleb128 0
 835 0374 00       		.byte	0
 836 0375 00       		.byte	0
 837 0376 05       		.uleb128 0x5
 838 0377 A4010000 		.4byte	.LASF21
 839 037b 01       		.byte	0x1
 840 037c 48       		.byte	0x48
 841 037d 00000000 		.4byte	.LFB67
 842 0381 18000000 		.4byte	.LFE67-.LFB67
 843 0385 01       		.uleb128 0x1
 844 0386 9C       		.byte	0x9c
 845 0387 99030000 		.4byte	0x399
 846 038b 11       		.uleb128 0x11
 847 038c AC010000 		.4byte	.LASF18
 848 0390 01       		.byte	0x1
 849 0391 48       		.byte	0x48
 850 0392 33000000 		.4byte	0x33
 851 0396 01       		.uleb128 0x1
 852 0397 50       		.byte	0x50
 853 0398 00       		.byte	0
 854 0399 12       		.uleb128 0x12
 855 039a 37010000 		.4byte	.LASF22
 856 039e 04       		.byte	0x4
 857 039f 1207     		.2byte	0x712
 858 03a1 A5030000 		.4byte	0x3a5
 859 03a5 13       		.uleb128 0x13
 860 03a6 76000000 		.4byte	0x76
 861 03aa 14       		.uleb128 0x14
 862 03ab 44010000 		.4byte	.LASF23
 863 03af 01       		.byte	0x1
 864 03b0 08       		.byte	0x8
 865 03b1 33000000 		.4byte	0x33
 866 03b5 05       		.uleb128 0x5
 867 03b6 03       		.byte	0x3
 868 03b7 00000000 		.4byte	display1On
 869 03bb 14       		.uleb128 0x14
 870 03bc 02020000 		.4byte	.LASF24
 871 03c0 01       		.byte	0x1
 872 03c1 09       		.byte	0x9
 873 03c2 33000000 		.4byte	0x33
 874 03c6 05       		.uleb128 0x5
 875 03c7 03       		.byte	0x3
 876 03c8 00000000 		.4byte	display2On
 877 03cc 15       		.uleb128 0x15
 878 03cd 0D020000 		.4byte	.LASF25
ARM GAS  C:\Users\Morten\AppData\Local\Temp\ccqpWnMe.s 			page 18


 879 03d1 0D020000 		.4byte	.LASF25
 880 03d5 05       		.byte	0x5
 881 03d6 93       		.byte	0x93
 882 03d7 15       		.uleb128 0x15
 883 03d8 C2010000 		.4byte	.LASF26
 884 03dc C2010000 		.4byte	.LASF26
 885 03e0 06       		.byte	0x6
 886 03e1 18       		.byte	0x18
 887 03e2 15       		.uleb128 0x15
 888 03e3 60010000 		.4byte	.LASF27
 889 03e7 60010000 		.4byte	.LASF27
 890 03eb 07       		.byte	0x7
 891 03ec 68       		.byte	0x68
 892 03ed 15       		.uleb128 0x15
 893 03ee DE010000 		.4byte	.LASF28
 894 03f2 DE010000 		.4byte	.LASF28
 895 03f6 08       		.byte	0x8
 896 03f7 47       		.byte	0x47
 897 03f8 15       		.uleb128 0x15
 898 03f9 3D000000 		.4byte	.LASF29
 899 03fd 3D000000 		.4byte	.LASF29
 900 0401 08       		.byte	0x8
 901 0402 4E       		.byte	0x4e
 902 0403 15       		.uleb128 0x15
 903 0404 2D020000 		.4byte	.LASF30
 904 0408 2D020000 		.4byte	.LASF30
 905 040c 08       		.byte	0x8
 906 040d 54       		.byte	0x54
 907 040e 15       		.uleb128 0x15
 908 040f 56010000 		.4byte	.LASF31
 909 0413 56010000 		.4byte	.LASF31
 910 0417 08       		.byte	0x8
 911 0418 8B       		.byte	0x8b
 912 0419 15       		.uleb128 0x15
 913 041a 23020000 		.4byte	.LASF32
 914 041e 23020000 		.4byte	.LASF32
 915 0422 08       		.byte	0x8
 916 0423 88       		.byte	0x88
 917 0424 15       		.uleb128 0x15
 918 0425 27010000 		.4byte	.LASF33
 919 0429 27010000 		.4byte	.LASF33
 920 042d 07       		.byte	0x7
 921 042e 5A       		.byte	0x5a
 922 042f 15       		.uleb128 0x15
 923 0430 48020000 		.4byte	.LASF34
 924 0434 48020000 		.4byte	.LASF34
 925 0438 07       		.byte	0x7
 926 0439 5B       		.byte	0x5b
 927 043a 15       		.uleb128 0x15
 928 043b 0E000000 		.4byte	.LASF35
 929 043f 0E000000 		.4byte	.LASF35
 930 0443 08       		.byte	0x8
 931 0444 8C       		.byte	0x8c
 932 0445 15       		.uleb128 0x15
 933 0446 34000000 		.4byte	.LASF36
 934 044a 34000000 		.4byte	.LASF36
 935 044e 09       		.byte	0x9
ARM GAS  C:\Users\Morten\AppData\Local\Temp\ccqpWnMe.s 			page 19


 936 044f FD       		.byte	0xfd
 937 0450 15       		.uleb128 0x15
 938 0451 19000000 		.4byte	.LASF37
 939 0455 19000000 		.4byte	.LASF37
 940 0459 0A       		.byte	0xa
 941 045a 0A       		.byte	0xa
 942 045b 00       		.byte	0
 943              		.section	.debug_abbrev,"",%progbits
 944              	.Ldebug_abbrev0:
 945 0000 01       		.uleb128 0x1
 946 0001 11       		.uleb128 0x11
 947 0002 01       		.byte	0x1
 948 0003 25       		.uleb128 0x25
 949 0004 0E       		.uleb128 0xe
 950 0005 13       		.uleb128 0x13
 951 0006 0B       		.uleb128 0xb
 952 0007 03       		.uleb128 0x3
 953 0008 0E       		.uleb128 0xe
 954 0009 1B       		.uleb128 0x1b
 955 000a 0E       		.uleb128 0xe
 956 000b 55       		.uleb128 0x55
 957 000c 17       		.uleb128 0x17
 958 000d 11       		.uleb128 0x11
 959 000e 01       		.uleb128 0x1
 960 000f 10       		.uleb128 0x10
 961 0010 17       		.uleb128 0x17
 962 0011 00       		.byte	0
 963 0012 00       		.byte	0
 964 0013 02       		.uleb128 0x2
 965 0014 24       		.uleb128 0x24
 966 0015 00       		.byte	0
 967 0016 0B       		.uleb128 0xb
 968 0017 0B       		.uleb128 0xb
 969 0018 3E       		.uleb128 0x3e
 970 0019 0B       		.uleb128 0xb
 971 001a 03       		.uleb128 0x3
 972 001b 0E       		.uleb128 0xe
 973 001c 00       		.byte	0
 974 001d 00       		.byte	0
 975 001e 03       		.uleb128 0x3
 976 001f 24       		.uleb128 0x24
 977 0020 00       		.byte	0
 978 0021 0B       		.uleb128 0xb
 979 0022 0B       		.uleb128 0xb
 980 0023 3E       		.uleb128 0x3e
 981 0024 0B       		.uleb128 0xb
 982 0025 03       		.uleb128 0x3
 983 0026 08       		.uleb128 0x8
 984 0027 00       		.byte	0
 985 0028 00       		.byte	0
 986 0029 04       		.uleb128 0x4
 987 002a 16       		.uleb128 0x16
 988 002b 00       		.byte	0
 989 002c 03       		.uleb128 0x3
 990 002d 0E       		.uleb128 0xe
 991 002e 3A       		.uleb128 0x3a
 992 002f 0B       		.uleb128 0xb
ARM GAS  C:\Users\Morten\AppData\Local\Temp\ccqpWnMe.s 			page 20


 993 0030 3B       		.uleb128 0x3b
 994 0031 0B       		.uleb128 0xb
 995 0032 49       		.uleb128 0x49
 996 0033 13       		.uleb128 0x13
 997 0034 00       		.byte	0
 998 0035 00       		.byte	0
 999 0036 05       		.uleb128 0x5
 1000 0037 2E       		.uleb128 0x2e
 1001 0038 01       		.byte	0x1
 1002 0039 3F       		.uleb128 0x3f
 1003 003a 19       		.uleb128 0x19
 1004 003b 03       		.uleb128 0x3
 1005 003c 0E       		.uleb128 0xe
 1006 003d 3A       		.uleb128 0x3a
 1007 003e 0B       		.uleb128 0xb
 1008 003f 3B       		.uleb128 0x3b
 1009 0040 0B       		.uleb128 0xb
 1010 0041 27       		.uleb128 0x27
 1011 0042 19       		.uleb128 0x19
 1012 0043 11       		.uleb128 0x11
 1013 0044 01       		.uleb128 0x1
 1014 0045 12       		.uleb128 0x12
 1015 0046 06       		.uleb128 0x6
 1016 0047 40       		.uleb128 0x40
 1017 0048 18       		.uleb128 0x18
 1018 0049 9742     		.uleb128 0x2117
 1019 004b 19       		.uleb128 0x19
 1020 004c 01       		.uleb128 0x1
 1021 004d 13       		.uleb128 0x13
 1022 004e 00       		.byte	0
 1023 004f 00       		.byte	0
 1024 0050 06       		.uleb128 0x6
 1025 0051 05       		.uleb128 0x5
 1026 0052 00       		.byte	0
 1027 0053 03       		.uleb128 0x3
 1028 0054 08       		.uleb128 0x8
 1029 0055 3A       		.uleb128 0x3a
 1030 0056 0B       		.uleb128 0xb
 1031 0057 3B       		.uleb128 0x3b
 1032 0058 0B       		.uleb128 0xb
 1033 0059 49       		.uleb128 0x49
 1034 005a 13       		.uleb128 0x13
 1035 005b 02       		.uleb128 0x2
 1036 005c 17       		.uleb128 0x17
 1037 005d 00       		.byte	0
 1038 005e 00       		.byte	0
 1039 005f 07       		.uleb128 0x7
 1040 0060 898201   		.uleb128 0x4109
 1041 0063 00       		.byte	0
 1042 0064 11       		.uleb128 0x11
 1043 0065 01       		.uleb128 0x1
 1044 0066 31       		.uleb128 0x31
 1045 0067 13       		.uleb128 0x13
 1046 0068 00       		.byte	0
 1047 0069 00       		.byte	0
 1048 006a 08       		.uleb128 0x8
 1049 006b 898201   		.uleb128 0x4109
ARM GAS  C:\Users\Morten\AppData\Local\Temp\ccqpWnMe.s 			page 21


 1050 006e 01       		.byte	0x1
 1051 006f 11       		.uleb128 0x11
 1052 0070 01       		.uleb128 0x1
 1053 0071 31       		.uleb128 0x31
 1054 0072 13       		.uleb128 0x13
 1055 0073 01       		.uleb128 0x1
 1056 0074 13       		.uleb128 0x13
 1057 0075 00       		.byte	0
 1058 0076 00       		.byte	0
 1059 0077 09       		.uleb128 0x9
 1060 0078 8A8201   		.uleb128 0x410a
 1061 007b 00       		.byte	0
 1062 007c 02       		.uleb128 0x2
 1063 007d 18       		.uleb128 0x18
 1064 007e 9142     		.uleb128 0x2111
 1065 0080 18       		.uleb128 0x18
 1066 0081 00       		.byte	0
 1067 0082 00       		.byte	0
 1068 0083 0A       		.uleb128 0xa
 1069 0084 05       		.uleb128 0x5
 1070 0085 00       		.byte	0
 1071 0086 03       		.uleb128 0x3
 1072 0087 0E       		.uleb128 0xe
 1073 0088 3A       		.uleb128 0x3a
 1074 0089 0B       		.uleb128 0xb
 1075 008a 3B       		.uleb128 0x3b
 1076 008b 0B       		.uleb128 0xb
 1077 008c 49       		.uleb128 0x49
 1078 008d 13       		.uleb128 0x13
 1079 008e 02       		.uleb128 0x2
 1080 008f 17       		.uleb128 0x17
 1081 0090 00       		.byte	0
 1082 0091 00       		.byte	0
 1083 0092 0B       		.uleb128 0xb
 1084 0093 34       		.uleb128 0x34
 1085 0094 00       		.byte	0
 1086 0095 03       		.uleb128 0x3
 1087 0096 0E       		.uleb128 0xe
 1088 0097 3A       		.uleb128 0x3a
 1089 0098 0B       		.uleb128 0xb
 1090 0099 3B       		.uleb128 0x3b
 1091 009a 0B       		.uleb128 0xb
 1092 009b 49       		.uleb128 0x49
 1093 009c 13       		.uleb128 0x13
 1094 009d 02       		.uleb128 0x2
 1095 009e 17       		.uleb128 0x17
 1096 009f 00       		.byte	0
 1097 00a0 00       		.byte	0
 1098 00a1 0C       		.uleb128 0xc
 1099 00a2 34       		.uleb128 0x34
 1100 00a3 00       		.byte	0
 1101 00a4 03       		.uleb128 0x3
 1102 00a5 08       		.uleb128 0x8
 1103 00a6 3A       		.uleb128 0x3a
 1104 00a7 0B       		.uleb128 0xb
 1105 00a8 3B       		.uleb128 0x3b
 1106 00a9 0B       		.uleb128 0xb
ARM GAS  C:\Users\Morten\AppData\Local\Temp\ccqpWnMe.s 			page 22


 1107 00aa 49       		.uleb128 0x49
 1108 00ab 13       		.uleb128 0x13
 1109 00ac 02       		.uleb128 0x2
 1110 00ad 17       		.uleb128 0x17
 1111 00ae 00       		.byte	0
 1112 00af 00       		.byte	0
 1113 00b0 0D       		.uleb128 0xd
 1114 00b1 34       		.uleb128 0x34
 1115 00b2 00       		.byte	0
 1116 00b3 03       		.uleb128 0x3
 1117 00b4 08       		.uleb128 0x8
 1118 00b5 3A       		.uleb128 0x3a
 1119 00b6 0B       		.uleb128 0xb
 1120 00b7 3B       		.uleb128 0x3b
 1121 00b8 0B       		.uleb128 0xb
 1122 00b9 49       		.uleb128 0x49
 1123 00ba 13       		.uleb128 0x13
 1124 00bb 02       		.uleb128 0x2
 1125 00bc 18       		.uleb128 0x18
 1126 00bd 00       		.byte	0
 1127 00be 00       		.byte	0
 1128 00bf 0E       		.uleb128 0xe
 1129 00c0 01       		.uleb128 0x1
 1130 00c1 01       		.byte	0x1
 1131 00c2 49       		.uleb128 0x49
 1132 00c3 13       		.uleb128 0x13
 1133 00c4 01       		.uleb128 0x1
 1134 00c5 13       		.uleb128 0x13
 1135 00c6 00       		.byte	0
 1136 00c7 00       		.byte	0
 1137 00c8 0F       		.uleb128 0xf
 1138 00c9 21       		.uleb128 0x21
 1139 00ca 00       		.byte	0
 1140 00cb 49       		.uleb128 0x49
 1141 00cc 13       		.uleb128 0x13
 1142 00cd 2F       		.uleb128 0x2f
 1143 00ce 0B       		.uleb128 0xb
 1144 00cf 00       		.byte	0
 1145 00d0 00       		.byte	0
 1146 00d1 10       		.uleb128 0x10
 1147 00d2 898201   		.uleb128 0x4109
 1148 00d5 01       		.byte	0x1
 1149 00d6 11       		.uleb128 0x11
 1150 00d7 01       		.uleb128 0x1
 1151 00d8 31       		.uleb128 0x31
 1152 00d9 13       		.uleb128 0x13
 1153 00da 00       		.byte	0
 1154 00db 00       		.byte	0
 1155 00dc 11       		.uleb128 0x11
 1156 00dd 05       		.uleb128 0x5
 1157 00de 00       		.byte	0
 1158 00df 03       		.uleb128 0x3
 1159 00e0 0E       		.uleb128 0xe
 1160 00e1 3A       		.uleb128 0x3a
 1161 00e2 0B       		.uleb128 0xb
 1162 00e3 3B       		.uleb128 0x3b
 1163 00e4 0B       		.uleb128 0xb
ARM GAS  C:\Users\Morten\AppData\Local\Temp\ccqpWnMe.s 			page 23


 1164 00e5 49       		.uleb128 0x49
 1165 00e6 13       		.uleb128 0x13
 1166 00e7 02       		.uleb128 0x2
 1167 00e8 18       		.uleb128 0x18
 1168 00e9 00       		.byte	0
 1169 00ea 00       		.byte	0
 1170 00eb 12       		.uleb128 0x12
 1171 00ec 34       		.uleb128 0x34
 1172 00ed 00       		.byte	0
 1173 00ee 03       		.uleb128 0x3
 1174 00ef 0E       		.uleb128 0xe
 1175 00f0 3A       		.uleb128 0x3a
 1176 00f1 0B       		.uleb128 0xb
 1177 00f2 3B       		.uleb128 0x3b
 1178 00f3 05       		.uleb128 0x5
 1179 00f4 49       		.uleb128 0x49
 1180 00f5 13       		.uleb128 0x13
 1181 00f6 3F       		.uleb128 0x3f
 1182 00f7 19       		.uleb128 0x19
 1183 00f8 3C       		.uleb128 0x3c
 1184 00f9 19       		.uleb128 0x19
 1185 00fa 00       		.byte	0
 1186 00fb 00       		.byte	0
 1187 00fc 13       		.uleb128 0x13
 1188 00fd 35       		.uleb128 0x35
 1189 00fe 00       		.byte	0
 1190 00ff 49       		.uleb128 0x49
 1191 0100 13       		.uleb128 0x13
 1192 0101 00       		.byte	0
 1193 0102 00       		.byte	0
 1194 0103 14       		.uleb128 0x14
 1195 0104 34       		.uleb128 0x34
 1196 0105 00       		.byte	0
 1197 0106 03       		.uleb128 0x3
 1198 0107 0E       		.uleb128 0xe
 1199 0108 3A       		.uleb128 0x3a
 1200 0109 0B       		.uleb128 0xb
 1201 010a 3B       		.uleb128 0x3b
 1202 010b 0B       		.uleb128 0xb
 1203 010c 49       		.uleb128 0x49
 1204 010d 13       		.uleb128 0x13
 1205 010e 3F       		.uleb128 0x3f
 1206 010f 19       		.uleb128 0x19
 1207 0110 02       		.uleb128 0x2
 1208 0111 18       		.uleb128 0x18
 1209 0112 00       		.byte	0
 1210 0113 00       		.byte	0
 1211 0114 15       		.uleb128 0x15
 1212 0115 2E       		.uleb128 0x2e
 1213 0116 00       		.byte	0
 1214 0117 3F       		.uleb128 0x3f
 1215 0118 19       		.uleb128 0x19
 1216 0119 3C       		.uleb128 0x3c
 1217 011a 19       		.uleb128 0x19
 1218 011b 6E       		.uleb128 0x6e
 1219 011c 0E       		.uleb128 0xe
 1220 011d 03       		.uleb128 0x3
ARM GAS  C:\Users\Morten\AppData\Local\Temp\ccqpWnMe.s 			page 24


 1221 011e 0E       		.uleb128 0xe
 1222 011f 3A       		.uleb128 0x3a
 1223 0120 0B       		.uleb128 0xb
 1224 0121 3B       		.uleb128 0x3b
 1225 0122 0B       		.uleb128 0xb
 1226 0123 00       		.byte	0
 1227 0124 00       		.byte	0
 1228 0125 00       		.byte	0
 1229              		.section	.debug_loc,"",%progbits
 1230              	.Ldebug_loc0:
 1231              	.LLST0:
 1232 0000 00000000 		.4byte	.LVL0
 1233 0004 07000000 		.4byte	.LVL1-1
 1234 0008 0100     		.2byte	0x1
 1235 000a 50       		.byte	0x50
 1236 000b 07000000 		.4byte	.LVL1-1
 1237 000f 4C000000 		.4byte	.LVL9
 1238 0013 0100     		.2byte	0x1
 1239 0015 54       		.byte	0x54
 1240 0016 4C000000 		.4byte	.LVL9
 1241 001a 9C000000 		.4byte	.LFE65
 1242 001e 0400     		.2byte	0x4
 1243 0020 F3       		.byte	0xf3
 1244 0021 01       		.uleb128 0x1
 1245 0022 50       		.byte	0x50
 1246 0023 9F       		.byte	0x9f
 1247 0024 00000000 		.4byte	0
 1248 0028 00000000 		.4byte	0
 1249              	.LLST1:
 1250 002c 00000000 		.4byte	.LVL18
 1251 0030 0B000000 		.4byte	.LVL19-1
 1252 0034 0100     		.2byte	0x1
 1253 0036 50       		.byte	0x50
 1254 0037 0B000000 		.4byte	.LVL19-1
 1255 003b 2A000000 		.4byte	.LVL23
 1256 003f 0100     		.2byte	0x1
 1257 0041 55       		.byte	0x55
 1258 0042 2A000000 		.4byte	.LVL23
 1259 0046 41000000 		.4byte	.LVL27-1
 1260 004a 0100     		.2byte	0x1
 1261 004c 50       		.byte	0x50
 1262 004d 00000000 		.4byte	0
 1263 0051 00000000 		.4byte	0
 1264              	.LLST2:
 1265 0055 00000000 		.4byte	.LVL18
 1266 0059 0B000000 		.4byte	.LVL19-1
 1267 005d 0100     		.2byte	0x1
 1268 005f 51       		.byte	0x51
 1269 0060 0B000000 		.4byte	.LVL19-1
 1270 0064 2C000000 		.4byte	.LVL24
 1271 0068 0100     		.2byte	0x1
 1272 006a 54       		.byte	0x54
 1273 006b 2C000000 		.4byte	.LVL24
 1274 006f 74000000 		.4byte	.LFE66
 1275 0073 0400     		.2byte	0x4
 1276 0075 F3       		.byte	0xf3
 1277 0076 01       		.uleb128 0x1
ARM GAS  C:\Users\Morten\AppData\Local\Temp\ccqpWnMe.s 			page 25


 1278 0077 51       		.byte	0x51
 1279 0078 9F       		.byte	0x9f
 1280 0079 00000000 		.4byte	0
 1281 007d 00000000 		.4byte	0
 1282              	.LLST3:
 1283 0081 1C000000 		.4byte	.LVL21
 1284 0085 36000000 		.4byte	.LVL25
 1285 0089 0200     		.2byte	0x2
 1286 008b 30       		.byte	0x30
 1287 008c 9F       		.byte	0x9f
 1288 008d 36000000 		.4byte	.LVL25
 1289 0091 66000000 		.4byte	.LVL32
 1290 0095 0100     		.2byte	0x1
 1291 0097 54       		.byte	0x54
 1292 0098 66000000 		.4byte	.LVL32
 1293 009c 74000000 		.4byte	.LFE66
 1294 00a0 3300     		.2byte	0x33
 1295 00a2 F3       		.byte	0xf3
 1296 00a3 01       		.uleb128 0x1
 1297 00a4 51       		.byte	0x51
 1298 00a5 12       		.byte	0x12
 1299 00a6 30       		.byte	0x30
 1300 00a7 16       		.byte	0x16
 1301 00a8 14       		.byte	0x14
 1302 00a9 2B       		.byte	0x2b
 1303 00aa 28       		.byte	0x28
 1304 00ab 0100     		.2byte	0x1
 1305 00ad 16       		.byte	0x16
 1306 00ae 13       		.byte	0x13
 1307 00af F7       		.byte	0xf7
 1308 00b0 33       		.uleb128 0x33
 1309 00b1 F7       		.byte	0xf7
 1310 00b2 25       		.uleb128 0x25
 1311 00b3 0C       		.byte	0xc
 1312 00b4 67666666 		.4byte	0x66666667
 1313 00b8 F7       		.byte	0xf7
 1314 00b9 25       		.uleb128 0x25
 1315 00ba 1E       		.byte	0x1e
 1316 00bb 08       		.byte	0x8
 1317 00bc 20       		.byte	0x20
 1318 00bd F7       		.byte	0xf7
 1319 00be 25       		.uleb128 0x25
 1320 00bf 25       		.byte	0x25
 1321 00c0 F7       		.byte	0xf7
 1322 00c1 2C       		.uleb128 0x2c
 1323 00c2 32       		.byte	0x32
 1324 00c3 26       		.byte	0x26
 1325 00c4 F3       		.byte	0xf3
 1326 00c5 01       		.uleb128 0x1
 1327 00c6 51       		.byte	0x51
 1328 00c7 12       		.byte	0x12
 1329 00c8 30       		.byte	0x30
 1330 00c9 16       		.byte	0x16
 1331 00ca 14       		.byte	0x14
 1332 00cb 2B       		.byte	0x2b
 1333 00cc 28       		.byte	0x28
 1334 00cd 0100     		.2byte	0x1
ARM GAS  C:\Users\Morten\AppData\Local\Temp\ccqpWnMe.s 			page 26


 1335 00cf 16       		.byte	0x16
 1336 00d0 13       		.byte	0x13
 1337 00d1 4F       		.byte	0x4f
 1338 00d2 26       		.byte	0x26
 1339 00d3 1C       		.byte	0x1c
 1340 00d4 9F       		.byte	0x9f
 1341 00d5 00000000 		.4byte	0
 1342 00d9 00000000 		.4byte	0
 1343              	.LLST4:
 1344 00dd 20000000 		.4byte	.LVL22
 1345 00e1 3E000000 		.4byte	.LVL26
 1346 00e5 0100     		.2byte	0x1
 1347 00e7 51       		.byte	0x51
 1348 00e8 3E000000 		.4byte	.LVL26
 1349 00ec 66000000 		.4byte	.LVL32
 1350 00f0 0100     		.2byte	0x1
 1351 00f2 55       		.byte	0x55
 1352 00f3 66000000 		.4byte	.LVL32
 1353 00f7 74000000 		.4byte	.LFE66
 1354 00fb 4400     		.2byte	0x44
 1355 00fd F3       		.byte	0xf3
 1356 00fe 01       		.uleb128 0x1
 1357 00ff 51       		.byte	0x51
 1358 0100 12       		.byte	0x12
 1359 0101 30       		.byte	0x30
 1360 0102 16       		.byte	0x16
 1361 0103 14       		.byte	0x14
 1362 0104 2B       		.byte	0x2b
 1363 0105 28       		.byte	0x28
 1364 0106 0100     		.2byte	0x1
 1365 0108 16       		.byte	0x16
 1366 0109 13       		.byte	0x13
 1367 010a F7       		.byte	0xf7
 1368 010b 33       		.uleb128 0x33
 1369 010c F7       		.byte	0xf7
 1370 010d 25       		.uleb128 0x25
 1371 010e 0C       		.byte	0xc
 1372 010f 67666666 		.4byte	0x66666667
 1373 0113 F7       		.byte	0xf7
 1374 0114 25       		.uleb128 0x25
 1375 0115 1E       		.byte	0x1e
 1376 0116 08       		.byte	0x8
 1377 0117 20       		.byte	0x20
 1378 0118 F7       		.byte	0xf7
 1379 0119 25       		.uleb128 0x25
 1380 011a 25       		.byte	0x25
 1381 011b F7       		.byte	0xf7
 1382 011c 2C       		.uleb128 0x2c
 1383 011d 32       		.byte	0x32
 1384 011e 26       		.byte	0x26
 1385 011f F3       		.byte	0xf3
 1386 0120 01       		.uleb128 0x1
 1387 0121 51       		.byte	0x51
 1388 0122 12       		.byte	0x12
 1389 0123 30       		.byte	0x30
 1390 0124 16       		.byte	0x16
 1391 0125 14       		.byte	0x14
ARM GAS  C:\Users\Morten\AppData\Local\Temp\ccqpWnMe.s 			page 27


 1392 0126 2B       		.byte	0x2b
 1393 0127 28       		.byte	0x28
 1394 0128 0100     		.2byte	0x1
 1395 012a 16       		.byte	0x16
 1396 012b 13       		.byte	0x13
 1397 012c 4F       		.byte	0x4f
 1398 012d 26       		.byte	0x26
 1399 012e 1C       		.byte	0x1c
 1400 012f 09       		.byte	0x9
 1401 0130 F6       		.byte	0xf6
 1402 0131 1E       		.byte	0x1e
 1403 0132 F3       		.byte	0xf3
 1404 0133 01       		.uleb128 0x1
 1405 0134 51       		.byte	0x51
 1406 0135 12       		.byte	0x12
 1407 0136 30       		.byte	0x30
 1408 0137 16       		.byte	0x16
 1409 0138 14       		.byte	0x14
 1410 0139 2B       		.byte	0x2b
 1411 013a 28       		.byte	0x28
 1412 013b 0100     		.2byte	0x1
 1413 013d 16       		.byte	0x16
 1414 013e 13       		.byte	0x13
 1415 013f 22       		.byte	0x22
 1416 0140 9F       		.byte	0x9f
 1417 0141 00000000 		.4byte	0
 1418 0145 00000000 		.4byte	0
 1419              	.LLST5:
 1420 0149 08000000 		.4byte	.LVL34
 1421 014d 14000000 		.4byte	.LVL35
 1422 0151 0100     		.2byte	0x1
 1423 0153 50       		.byte	0x50
 1424 0154 14000000 		.4byte	.LVL35
 1425 0158 17000000 		.4byte	.LVL36-1
 1426 015c 0100     		.2byte	0x1
 1427 015e 51       		.byte	0x51
 1428 015f 17000000 		.4byte	.LVL36-1
 1429 0163 2A000000 		.4byte	.LVL38
 1430 0167 0100     		.2byte	0x1
 1431 0169 54       		.byte	0x54
 1432 016a 00000000 		.4byte	0
 1433 016e 00000000 		.4byte	0
 1434              		.section	.debug_aranges,"",%progbits
 1435 0000 34000000 		.4byte	0x34
 1436 0004 0200     		.2byte	0x2
 1437 0006 00000000 		.4byte	.Ldebug_info0
 1438 000a 04       		.byte	0x4
 1439 000b 00       		.byte	0
 1440 000c 0000     		.2byte	0
 1441 000e 0000     		.2byte	0
 1442 0010 00000000 		.4byte	.LFB65
 1443 0014 9C000000 		.4byte	.LFE65-.LFB65
 1444 0018 00000000 		.4byte	.LFB66
 1445 001c 74000000 		.4byte	.LFE66-.LFB66
 1446 0020 00000000 		.4byte	.LFB64
 1447 0024 30000000 		.4byte	.LFE64-.LFB64
 1448 0028 00000000 		.4byte	.LFB67
ARM GAS  C:\Users\Morten\AppData\Local\Temp\ccqpWnMe.s 			page 28


 1449 002c 18000000 		.4byte	.LFE67-.LFB67
 1450 0030 00000000 		.4byte	0
 1451 0034 00000000 		.4byte	0
 1452              		.section	.debug_ranges,"",%progbits
 1453              	.Ldebug_ranges0:
 1454 0000 00000000 		.4byte	.LFB65
 1455 0004 9C000000 		.4byte	.LFE65
 1456 0008 00000000 		.4byte	.LFB66
 1457 000c 74000000 		.4byte	.LFE66
 1458 0010 00000000 		.4byte	.LFB64
 1459 0014 30000000 		.4byte	.LFE64
 1460 0018 00000000 		.4byte	.LFB67
 1461 001c 18000000 		.4byte	.LFE67
 1462 0020 00000000 		.4byte	0
 1463 0024 00000000 		.4byte	0
 1464              		.section	.debug_line,"",%progbits
 1465              	.Ldebug_line0:
 1466 0000 A1020000 		.section	.debug_str,"MS",%progbits,1
 1466      02000B02 
 1466      00000201 
 1466      FB0E0D00 
 1466      01010101 
 1467              	.LASF8:
 1468 0000 6C6F6E67 		.ascii	"long long int\000"
 1468      206C6F6E 
 1468      6720696E 
 1468      7400
 1469              	.LASF35:
 1470 000e 73657461 		.ascii	"setaddress\000"
 1470      64647265 
 1470      737300
 1471              	.LASF37:
 1472 0019 67657454 		.ascii	"getTime\000"
 1472      696D6500 
 1473              	.LASF17:
 1474 0021 64697370 		.ascii	"dispTime\000"
 1474      54696D65 
 1474      00
 1475              	.LASF9:
 1476 002a 5F5F696E 		.ascii	"__int32_t\000"
 1476      7433325F 
 1476      7400
 1477              	.LASF36:
 1478 0034 736E7072 		.ascii	"snprintf\000"
 1478      696E7466 
 1478      00
 1479              	.LASF29:
 1480 003d 62656769 		.ascii	"begin\000"
 1480      6E00
 1481              	.LASF20:
 1482 0043 6973725F 		.ascii	"isr_refreshrate_LCD\000"
 1482      72656672 
 1482      65736872 
 1482      6174655F 
 1482      4C434400 
 1483              	.LASF11:
 1484 0057 666C6F61 		.ascii	"float\000"
ARM GAS  C:\Users\Morten\AppData\Local\Temp\ccqpWnMe.s 			page 29


 1484      7400
 1485              	.LASF16:
 1486 005d 696E6974 		.ascii	"initDisp\000"
 1486      44697370 
 1486      00
 1487              	.LASF3:
 1488 0066 756E7369 		.ascii	"unsigned char\000"
 1488      676E6564 
 1488      20636861 
 1488      7200
 1489              	.LASF38:
 1490 0074 474E5520 		.ascii	"GNU C11 5.4.1 20160609 (release) [ARM/embedded-5-br"
 1490      43313120 
 1490      352E342E 
 1490      31203230 
 1490      31363036 
 1491 00a7 616E6368 		.ascii	"anch revision 237715] -mcpu=cortex-m3 -mthumb -g -O"
 1491      20726576 
 1491      6973696F 
 1491      6E203233 
 1491      37373135 
 1492 00da 67202D66 		.ascii	"g -ffunction-sections -ffat-lto-objects\000"
 1492      66756E63 
 1492      74696F6E 
 1492      2D736563 
 1492      74696F6E 
 1493              	.LASF7:
 1494 0102 6C6F6E67 		.ascii	"long unsigned int\000"
 1494      20756E73 
 1494      69676E65 
 1494      6420696E 
 1494      7400
 1495              	.LASF5:
 1496 0114 73686F72 		.ascii	"short unsigned int\000"
 1496      7420756E 
 1496      7369676E 
 1496      65642069 
 1496      6E7400
 1497              	.LASF33:
 1498 0127 54696D65 		.ascii	"Timer_LCD_Start\000"
 1498      725F4C43 
 1498      445F5374 
 1498      61727400 
 1499              	.LASF22:
 1500 0137 49544D5F 		.ascii	"ITM_RxBuffer\000"
 1500      52784275 
 1500      66666572 
 1500      00
 1501              	.LASF23:
 1502 0144 64697370 		.ascii	"display1On\000"
 1502      6C617931 
 1502      4F6E00
 1503              	.LASF12:
 1504 014f 646F7562 		.ascii	"double\000"
 1504      6C6500
 1505              	.LASF31:
 1506 0156 4C43445F 		.ascii	"LCD_print\000"
ARM GAS  C:\Users\Morten\AppData\Local\Temp\ccqpWnMe.s 			page 30


 1506      7072696E 
 1506      7400
 1507              	.LASF27:
 1508 0160 54696D65 		.ascii	"Timer_LCD_WritePeriod\000"
 1508      725F4C43 
 1508      445F5772 
 1508      69746550 
 1508      6572696F 
 1509              	.LASF4:
 1510 0176 73686F72 		.ascii	"short int\000"
 1510      7420696E 
 1510      7400
 1511              	.LASF1:
 1512 0180 756E7369 		.ascii	"unsigned int\000"
 1512      676E6564 
 1512      20696E74 
 1512      00
 1513              	.LASF0:
 1514 018d 6C6F6E67 		.ascii	"long long unsigned int\000"
 1514      206C6F6E 
 1514      6720756E 
 1514      7369676E 
 1514      65642069 
 1515              	.LASF21:
 1516 01a4 73746F70 		.ascii	"stopLCD\000"
 1516      4C434400 
 1517              	.LASF18:
 1518 01ac 64697370 		.ascii	"disp\000"
 1518      00
 1519              	.LASF10:
 1520 01b1 696E7433 		.ascii	"int32_t\000"
 1520      325F7400 
 1521              	.LASF15:
 1522 01b9 73697A65 		.ascii	"sizetype\000"
 1522      74797065 
 1522      00
 1523              	.LASF26:
 1524 01c2 6973725F 		.ascii	"isr_refreshrate_LCD_StartEx\000"
 1524      72656672 
 1524      65736872 
 1524      6174655F 
 1524      4C43445F 
 1525              	.LASF28:
 1526 01de 4C697175 		.ascii	"LiquidCrystal_I2C_init\000"
 1526      69644372 
 1526      79737461 
 1526      6C5F4932 
 1526      435F696E 
 1527              	.LASF19:
 1528 01f5 7365636F 		.ascii	"seconds\000"
 1528      6E647300 
 1529              	.LASF13:
 1530 01fd 63686172 		.ascii	"char\000"
 1530      00
 1531              	.LASF24:
 1532 0202 64697370 		.ascii	"display2On\000"
 1532      6C617932 
ARM GAS  C:\Users\Morten\AppData\Local\Temp\ccqpWnMe.s 			page 31


 1532      4F6E00
 1533              	.LASF25:
 1534 020d 4932435F 		.ascii	"I2C_1_Start\000"
 1534      315F5374 
 1534      61727400 
 1535              	.LASF39:
 1536 0219 44697370 		.ascii	"Display.c\000"
 1536      6C61792E 
 1536      6300
 1537              	.LASF32:
 1538 0223 73657443 		.ascii	"setCursor\000"
 1538      7572736F 
 1538      7200
 1539              	.LASF30:
 1540 022d 636C6561 		.ascii	"clear\000"
 1540      7200
 1541              	.LASF6:
 1542 0233 6C6F6E67 		.ascii	"long int\000"
 1542      20696E74 
 1542      00
 1543              	.LASF14:
 1544 023c 6C6F6E67 		.ascii	"long double\000"
 1544      20646F75 
 1544      626C6500 
 1545              	.LASF34:
 1546 0248 54696D65 		.ascii	"Timer_LCD_Stop\000"
 1546      725F4C43 
 1546      445F5374 
 1546      6F7000
 1547              	.LASF2:
 1548 0257 7369676E 		.ascii	"signed char\000"
 1548      65642063 
 1548      68617200 
 1549              	.LASF40:
 1550 0263 433A5C55 		.ascii	"C:\\Users\\Morten\\Desktop\\LCD_displayMedTimer\\LC"
 1550      73657273 
 1550      5C4D6F72 
 1550      74656E5C 
 1550      4465736B 
 1551 0291 445F6469 		.ascii	"D_display.cydsn\000"
 1551      73706C61 
 1551      792E6379 
 1551      64736E00 
 1552              		.ident	"GCC: (GNU Tools for ARM Embedded Processors) 5.4.1 20160609 (release) [ARM/embedded-5-bran
