ARM GAS  C:\Users\Morten\AppData\Local\Temp\cczT9JKT.s 			page 1


   1              		.syntax unified
   2              		.cpu cortex-m3
   3              		.fpu softvfp
   4              		.eabi_attribute 20, 1
   5              		.eabi_attribute 21, 1
   6              		.eabi_attribute 23, 3
   7              		.eabi_attribute 24, 1
   8              		.eabi_attribute 25, 1
   9              		.eabi_attribute 26, 1
  10              		.eabi_attribute 30, 1
  11              		.eabi_attribute 34, 1
  12              		.eabi_attribute 18, 4
  13              		.thumb
  14              		.syntax unified
  15              		.file	"LCD.c"
  16              		.text
  17              	.Ltext0:
  18              		.cfi_sections	.debug_frame
  19              		.section	.text.LCDinit,"ax",%progbits
  20              		.align	2
  21              		.global	LCDinit
  22              		.thumb
  23              		.thumb_func
  24              		.type	LCDinit, %function
  25              	LCDinit:
  26              	.LFB64:
  27              		.file 1 "LCD.c"
   1:LCD.c         **** /* ========================================
   2:LCD.c         ****  *
   3:LCD.c         ****  * Copyright YOUR COMPANY, THE YEAR
   4:LCD.c         ****  * All Rights Reserved
   5:LCD.c         ****  * UNPUBLISHED, LICENSED SOFTWARE.
   6:LCD.c         ****  *
   7:LCD.c         ****  * CONFIDENTIAL AND PROPRIETARY INFORMATION
   8:LCD.c         ****  * WHICH IS THE PROPERTY OF your company.
   9:LCD.c         ****  *
  10:LCD.c         ****  * ========================================
  11:LCD.c         **** */
  12:LCD.c         **** 
  13:LCD.c         **** /* [] END OF FILE */
  14:LCD.c         **** #include "LCD.h"
  15:LCD.c         **** #include "Stopur.h"
  16:LCD.c         **** 
  17:LCD.c         **** 
  18:LCD.c         **** 
  19:LCD.c         **** void LCDinit()
  20:LCD.c         **** {
  28              		.loc 1 20 0
  29              		.cfi_startproc
  30              		@ args = 0, pretend = 0, frame = 0
  31              		@ frame_needed = 0, uses_anonymous_args = 0
  32 0000 08B5     		push	{r3, lr}
  33              		.cfi_def_cfa_offset 8
  34              		.cfi_offset 3, -8
  35              		.cfi_offset 14, -4
  21:LCD.c         ****     I2C_1_Start();
  36              		.loc 1 21 0
ARM GAS  C:\Users\Morten\AppData\Local\Temp\cczT9JKT.s 			page 2


  37 0002 FFF7FEFF 		bl	I2C_1_Start
  38              	.LVL0:
  22:LCD.c         ****     LiquidCrystal_I2C_init(0x27,16,2,0);
  39              		.loc 1 22 0
  40 0006 0023     		movs	r3, #0
  41 0008 0222     		movs	r2, #2
  42 000a 1021     		movs	r1, #16
  43 000c 2720     		movs	r0, #39
  44 000e FFF7FEFF 		bl	LiquidCrystal_I2C_init
  45              	.LVL1:
  23:LCD.c         ****     begin();
  46              		.loc 1 23 0
  47 0012 FFF7FEFF 		bl	begin
  48              	.LVL2:
  24:LCD.c         ****     
  25:LCD.c         ****     LCD_print("Spiller 1");
  49              		.loc 1 25 0
  50 0016 0548     		ldr	r0, .L3
  51 0018 FFF7FEFF 		bl	LCD_print
  52              	.LVL3:
  26:LCD.c         ****     setCursor(0,1);
  53              		.loc 1 26 0
  54 001c 0121     		movs	r1, #1
  55 001e 0020     		movs	r0, #0
  56 0020 FFF7FEFF 		bl	setCursor
  57              	.LVL4:
  27:LCD.c         ****     LCD_print("Tid: ");
  58              		.loc 1 27 0
  59 0024 0248     		ldr	r0, .L3+4
  60 0026 FFF7FEFF 		bl	LCD_print
  61              	.LVL5:
  62 002a 08BD     		pop	{r3, pc}
  63              	.L4:
  64              		.align	2
  65              	.L3:
  66 002c 00000000 		.word	.LC0
  67 0030 0C000000 		.word	.LC1
  68              		.cfi_endproc
  69              	.LFE64:
  70              		.size	LCDinit, .-LCDinit
  71              		.section	.text.LCDUpdateDisplay,"ax",%progbits
  72              		.align	2
  73              		.global	LCDUpdateDisplay
  74              		.thumb
  75              		.thumb_func
  76              		.type	LCDUpdateDisplay, %function
  77              	LCDUpdateDisplay:
  78              	.LFB65:
  28:LCD.c         **** }
  29:LCD.c         **** 
  30:LCD.c         **** void LCDUpdateDisplay()
  31:LCD.c         **** {
  79              		.loc 1 31 0
  80              		.cfi_startproc
  81              		@ args = 0, pretend = 0, frame = 24
  82              		@ frame_needed = 0, uses_anonymous_args = 0
  83 0000 10B5     		push	{r4, lr}
ARM GAS  C:\Users\Morten\AppData\Local\Temp\cczT9JKT.s 			page 3


  84              		.cfi_def_cfa_offset 8
  85              		.cfi_offset 4, -8
  86              		.cfi_offset 14, -4
  87 0002 88B0     		sub	sp, sp, #32
  88              		.cfi_def_cfa_offset 40
  89              	.LVL6:
  32:LCD.c         ****     int seconds = 0;
  33:LCD.c         ****     int ms = 0;
  34:LCD.c         ****    
  35:LCD.c         ****     seconds = getTime() / 10;
  90              		.loc 1 35 0
  91 0004 FFF7FEFF 		bl	getTime
  92              	.LVL7:
  93 0008 0D4C     		ldr	r4, .L7
  94 000a 84FB0034 		smull	r3, r4, r4, r0
  95 000e C017     		asrs	r0, r0, #31
  96 0010 C0EBA404 		rsb	r4, r0, r4, asr #2
  97              	.LVL8:
  36:LCD.c         ****     ms = (getTime() - seconds*10);
  98              		.loc 1 36 0
  99 0014 FFF7FEFF 		bl	getTime
 100              	.LVL9:
 101 0018 6FF00903 		mvn	r3, #9
 102 001c 03FB0400 		mla	r0, r3, r4, r0
 103              	.LVL10:
  37:LCD.c         ****     
  38:LCD.c         ****     char buf[20];
  39:LCD.c         ****     snprintf(buf, 8, "%d,%ds", seconds, ms);
 104              		.loc 1 39 0
 105 0020 0090     		str	r0, [sp]
 106 0022 2346     		mov	r3, r4
 107 0024 074A     		ldr	r2, .L7+4
 108 0026 0821     		movs	r1, #8
 109 0028 03A8     		add	r0, sp, #12
 110              	.LVL11:
 111 002a FFF7FEFF 		bl	snprintf
 112              	.LVL12:
  40:LCD.c         ****     setCursor(5,1);
 113              		.loc 1 40 0
 114 002e 0121     		movs	r1, #1
 115 0030 0520     		movs	r0, #5
 116 0032 FFF7FEFF 		bl	setCursor
 117              	.LVL13:
  41:LCD.c         ****     LCD_print(buf);
 118              		.loc 1 41 0
 119 0036 03A8     		add	r0, sp, #12
 120 0038 FFF7FEFF 		bl	LCD_print
 121              	.LVL14:
  42:LCD.c         ****     
  43:LCD.c         **** }...
 122              		.loc 1 43 0
 123 003c 08B0     		add	sp, sp, #32
 124              		.cfi_def_cfa_offset 8
 125              		@ sp needed
 126 003e 10BD     		pop	{r4, pc}
 127              	.LVL15:
 128              	.L8:
ARM GAS  C:\Users\Morten\AppData\Local\Temp\cczT9JKT.s 			page 4


 129              		.align	2
 130              	.L7:
 131 0040 67666666 		.word	1717986919
 132 0044 14000000 		.word	.LC2
 133              		.cfi_endproc
 134              	.LFE65:
 135              		.size	LCDUpdateDisplay, .-LCDUpdateDisplay
 136              		.section	.rodata.str1.4,"aMS",%progbits,1
 137              		.align	2
 138              	.LC0:
 139 0000 5370696C 		.ascii	"Spiller 1\000"
 139      6C657220 
 139      3100
 140 000a 0000     		.space	2
 141              	.LC1:
 142 000c 5469643A 		.ascii	"Tid: \000"
 142      2000
 143 0012 0000     		.space	2
 144              	.LC2:
 145 0014 25642C25 		.ascii	"%d,%ds\000"
 145      647300
 146              		.text
 147              	.Letext0:
 148              		.file 2 "c:\\program files (x86)\\cypress\\psoc creator\\4.2\\psoc creator\\import\\gnu\\arm\\5.4.
 149              		.file 3 "c:\\program files (x86)\\cypress\\psoc creator\\4.2\\psoc creator\\import\\gnu\\arm\\5.4.
 150              		.file 4 "Generated_Source\\PSoC5/I2C_1.h"
 151              		.file 5 "LiquidCrystal_I2C.h"
 152              		.file 6 "Stopur.h"
 153              		.file 7 "c:\\program files (x86)\\cypress\\psoc creator\\4.2\\psoc creator\\import\\gnu\\arm\\5.4.
 154              		.file 8 "Generated_Source\\PSoC5/core_cm3.h"
 155              		.section	.debug_info,"",%progbits
 156              	.Ldebug_info0:
 157 0000 3F020000 		.4byte	0x23f
 158 0004 0400     		.2byte	0x4
 159 0006 00000000 		.4byte	.Ldebug_abbrev0
 160 000a 04       		.byte	0x4
 161 000b 01       		.uleb128 0x1
 162 000c 49000000 		.4byte	.LASF26
 163 0010 0C       		.byte	0xc
 164 0011 35000000 		.4byte	.LASF27
 165 0015 CD010000 		.4byte	.LASF28
 166 0019 00000000 		.4byte	.Ldebug_ranges0+0
 167 001d 00000000 		.4byte	0
 168 0021 00000000 		.4byte	.Ldebug_line0
 169 0025 02       		.uleb128 0x2
 170 0026 01       		.byte	0x1
 171 0027 06       		.byte	0x6
 172 0028 B0010000 		.4byte	.LASF0
 173 002c 02       		.uleb128 0x2
 174 002d 01       		.byte	0x1
 175 002e 08       		.byte	0x8
 176 002f 3B000000 		.4byte	.LASF1
 177 0033 02       		.uleb128 0x2
 178 0034 02       		.byte	0x2
 179 0035 05       		.byte	0x5
 180 0036 87010000 		.4byte	.LASF2
 181 003a 02       		.uleb128 0x2
ARM GAS  C:\Users\Morten\AppData\Local\Temp\cczT9JKT.s 			page 5


 182 003b 02       		.byte	0x2
 183 003c 07       		.byte	0x7
 184 003d E9000000 		.4byte	.LASF3
 185 0041 03       		.uleb128 0x3
 186 0042 1C000000 		.4byte	.LASF9
 187 0046 02       		.byte	0x2
 188 0047 3F       		.byte	0x3f
 189 0048 4C000000 		.4byte	0x4c
 190 004c 02       		.uleb128 0x2
 191 004d 04       		.byte	0x4
 192 004e 05       		.byte	0x5
 193 004f 9B010000 		.4byte	.LASF4
 194 0053 02       		.uleb128 0x2
 195 0054 04       		.byte	0x4
 196 0055 07       		.byte	0x7
 197 0056 D7000000 		.4byte	.LASF5
 198 005a 02       		.uleb128 0x2
 199 005b 08       		.byte	0x8
 200 005c 05       		.byte	0x5
 201 005d 00000000 		.4byte	.LASF6
 202 0061 02       		.uleb128 0x2
 203 0062 08       		.byte	0x8
 204 0063 07       		.byte	0x7
 205 0064 2F010000 		.4byte	.LASF7
 206 0068 04       		.uleb128 0x4
 207 0069 04       		.byte	0x4
 208 006a 05       		.byte	0x5
 209 006b 696E7400 		.ascii	"int\000"
 210 006f 02       		.uleb128 0x2
 211 0070 04       		.byte	0x4
 212 0071 07       		.byte	0x7
 213 0072 22010000 		.4byte	.LASF8
 214 0076 03       		.uleb128 0x3
 215 0077 46010000 		.4byte	.LASF10
 216 007b 03       		.byte	0x3
 217 007c 2C       		.byte	0x2c
 218 007d 41000000 		.4byte	0x41
 219 0081 02       		.uleb128 0x2
 220 0082 04       		.byte	0x4
 221 0083 04       		.byte	0x4
 222 0084 16000000 		.4byte	.LASF11
 223 0088 02       		.uleb128 0x2
 224 0089 08       		.byte	0x8
 225 008a 04       		.byte	0x4
 226 008b 11010000 		.4byte	.LASF12
 227 008f 02       		.uleb128 0x2
 228 0090 01       		.byte	0x1
 229 0091 08       		.byte	0x8
 230 0092 76010000 		.4byte	.LASF13
 231 0096 02       		.uleb128 0x2
 232 0097 08       		.byte	0x8
 233 0098 04       		.byte	0x4
 234 0099 A4010000 		.4byte	.LASF14
 235 009d 02       		.uleb128 0x2
 236 009e 04       		.byte	0x4
 237 009f 07       		.byte	0x7
 238 00a0 4E010000 		.4byte	.LASF15
ARM GAS  C:\Users\Morten\AppData\Local\Temp\cczT9JKT.s 			page 6


 239 00a4 05       		.uleb128 0x5
 240 00a5 09010000 		.4byte	.LASF16
 241 00a9 01       		.byte	0x1
 242 00aa 13       		.byte	0x13
 243 00ab 00000000 		.4byte	.LFB64
 244 00af 34000000 		.4byte	.LFE64-.LFB64
 245 00b3 01       		.uleb128 0x1
 246 00b4 9C       		.byte	0x9c
 247 00b5 31010000 		.4byte	0x131
 248 00b9 06       		.uleb128 0x6
 249 00ba 06000000 		.4byte	.LVL0
 250 00be F5010000 		.4byte	0x1f5
 251 00c2 07       		.uleb128 0x7
 252 00c3 12000000 		.4byte	.LVL1
 253 00c7 00020000 		.4byte	0x200
 254 00cb E5000000 		.4byte	0xe5
 255 00cf 08       		.uleb128 0x8
 256 00d0 01       		.uleb128 0x1
 257 00d1 50       		.byte	0x50
 258 00d2 02       		.uleb128 0x2
 259 00d3 08       		.byte	0x8
 260 00d4 27       		.byte	0x27
 261 00d5 08       		.uleb128 0x8
 262 00d6 01       		.uleb128 0x1
 263 00d7 51       		.byte	0x51
 264 00d8 01       		.uleb128 0x1
 265 00d9 40       		.byte	0x40
 266 00da 08       		.uleb128 0x8
 267 00db 01       		.uleb128 0x1
 268 00dc 52       		.byte	0x52
 269 00dd 01       		.uleb128 0x1
 270 00de 32       		.byte	0x32
 271 00df 08       		.uleb128 0x8
 272 00e0 01       		.uleb128 0x1
 273 00e1 53       		.byte	0x53
 274 00e2 01       		.uleb128 0x1
 275 00e3 30       		.byte	0x30
 276 00e4 00       		.byte	0
 277 00e5 06       		.uleb128 0x6
 278 00e6 16000000 		.4byte	.LVL2
 279 00ea 0B020000 		.4byte	0x20b
 280 00ee 07       		.uleb128 0x7
 281 00ef 1C000000 		.4byte	.LVL3
 282 00f3 16020000 		.4byte	0x216
 283 00f7 05010000 		.4byte	0x105
 284 00fb 08       		.uleb128 0x8
 285 00fc 01       		.uleb128 0x1
 286 00fd 50       		.byte	0x50
 287 00fe 05       		.uleb128 0x5
 288 00ff 03       		.byte	0x3
 289 0100 00000000 		.4byte	.LC0
 290 0104 00       		.byte	0
 291 0105 07       		.uleb128 0x7
 292 0106 24000000 		.4byte	.LVL4
 293 010a 21020000 		.4byte	0x221
 294 010e 1D010000 		.4byte	0x11d
 295 0112 08       		.uleb128 0x8
ARM GAS  C:\Users\Morten\AppData\Local\Temp\cczT9JKT.s 			page 7


 296 0113 01       		.uleb128 0x1
 297 0114 50       		.byte	0x50
 298 0115 01       		.uleb128 0x1
 299 0116 30       		.byte	0x30
 300 0117 08       		.uleb128 0x8
 301 0118 01       		.uleb128 0x1
 302 0119 51       		.byte	0x51
 303 011a 01       		.uleb128 0x1
 304 011b 31       		.byte	0x31
 305 011c 00       		.byte	0
 306 011d 09       		.uleb128 0x9
 307 011e 2A000000 		.4byte	.LVL5
 308 0122 16020000 		.4byte	0x216
 309 0126 08       		.uleb128 0x8
 310 0127 01       		.uleb128 0x1
 311 0128 50       		.byte	0x50
 312 0129 05       		.uleb128 0x5
 313 012a 03       		.byte	0x3
 314 012b 0C000000 		.4byte	.LC1
 315 012f 00       		.byte	0
 316 0130 00       		.byte	0
 317 0131 05       		.uleb128 0x5
 318 0132 BC010000 		.4byte	.LASF17
 319 0136 01       		.byte	0x1
 320 0137 1E       		.byte	0x1e
 321 0138 00000000 		.4byte	.LFB65
 322 013c 48000000 		.4byte	.LFE65-.LFB65
 323 0140 01       		.uleb128 0x1
 324 0141 9C       		.byte	0x9c
 325 0142 D4010000 		.4byte	0x1d4
 326 0146 0A       		.uleb128 0xa
 327 0147 6E010000 		.4byte	.LASF18
 328 014b 01       		.byte	0x1
 329 014c 20       		.byte	0x20
 330 014d 68000000 		.4byte	0x68
 331 0151 00000000 		.4byte	.LLST0
 332 0155 0B       		.uleb128 0xb
 333 0156 6D7300   		.ascii	"ms\000"
 334 0159 01       		.byte	0x1
 335 015a 21       		.byte	0x21
 336 015b 68000000 		.4byte	0x68
 337 015f 1F000000 		.4byte	.LLST1
 338 0163 0C       		.uleb128 0xc
 339 0164 62756600 		.ascii	"buf\000"
 340 0168 01       		.byte	0x1
 341 0169 26       		.byte	0x26
 342 016a D4010000 		.4byte	0x1d4
 343 016e 02       		.uleb128 0x2
 344 016f 91       		.byte	0x91
 345 0170 64       		.sleb128 -28
 346 0171 06       		.uleb128 0x6
 347 0172 08000000 		.4byte	.LVL7
 348 0176 2C020000 		.4byte	0x22c
 349 017a 06       		.uleb128 0x6
 350 017b 18000000 		.4byte	.LVL9
 351 017f 2C020000 		.4byte	0x22c
 352 0183 07       		.uleb128 0x7
ARM GAS  C:\Users\Morten\AppData\Local\Temp\cczT9JKT.s 			page 8


 353 0184 2E000000 		.4byte	.LVL12
 354 0188 37020000 		.4byte	0x237
 355 018c AB010000 		.4byte	0x1ab
 356 0190 08       		.uleb128 0x8
 357 0191 01       		.uleb128 0x1
 358 0192 50       		.byte	0x50
 359 0193 02       		.uleb128 0x2
 360 0194 91       		.byte	0x91
 361 0195 64       		.sleb128 -28
 362 0196 08       		.uleb128 0x8
 363 0197 01       		.uleb128 0x1
 364 0198 51       		.byte	0x51
 365 0199 01       		.uleb128 0x1
 366 019a 38       		.byte	0x38
 367 019b 08       		.uleb128 0x8
 368 019c 01       		.uleb128 0x1
 369 019d 52       		.byte	0x52
 370 019e 05       		.uleb128 0x5
 371 019f 03       		.byte	0x3
 372 01a0 14000000 		.4byte	.LC2
 373 01a4 08       		.uleb128 0x8
 374 01a5 01       		.uleb128 0x1
 375 01a6 53       		.byte	0x53
 376 01a7 02       		.uleb128 0x2
 377 01a8 74       		.byte	0x74
 378 01a9 00       		.sleb128 0
 379 01aa 00       		.byte	0
 380 01ab 07       		.uleb128 0x7
 381 01ac 36000000 		.4byte	.LVL13
 382 01b0 21020000 		.4byte	0x221
 383 01b4 C3010000 		.4byte	0x1c3
 384 01b8 08       		.uleb128 0x8
 385 01b9 01       		.uleb128 0x1
 386 01ba 50       		.byte	0x50
 387 01bb 01       		.uleb128 0x1
 388 01bc 35       		.byte	0x35
 389 01bd 08       		.uleb128 0x8
 390 01be 01       		.uleb128 0x1
 391 01bf 51       		.byte	0x51
 392 01c0 01       		.uleb128 0x1
 393 01c1 31       		.byte	0x31
 394 01c2 00       		.byte	0
 395 01c3 09       		.uleb128 0x9
 396 01c4 3C000000 		.4byte	.LVL14
 397 01c8 16020000 		.4byte	0x216
 398 01cc 08       		.uleb128 0x8
 399 01cd 01       		.uleb128 0x1
 400 01ce 50       		.byte	0x50
 401 01cf 02       		.uleb128 0x2
 402 01d0 91       		.byte	0x91
 403 01d1 64       		.sleb128 -28
 404 01d2 00       		.byte	0
 405 01d3 00       		.byte	0
 406 01d4 0D       		.uleb128 0xd
 407 01d5 8F000000 		.4byte	0x8f
 408 01d9 E4010000 		.4byte	0x1e4
 409 01dd 0E       		.uleb128 0xe
ARM GAS  C:\Users\Morten\AppData\Local\Temp\cczT9JKT.s 			page 9


 410 01de 9D000000 		.4byte	0x9d
 411 01e2 13       		.byte	0x13
 412 01e3 00       		.byte	0
 413 01e4 0F       		.uleb128 0xf
 414 01e5 FC000000 		.4byte	.LASF29
 415 01e9 08       		.byte	0x8
 416 01ea 1207     		.2byte	0x712
 417 01ec F0010000 		.4byte	0x1f0
 418 01f0 10       		.uleb128 0x10
 419 01f1 76000000 		.4byte	0x76
 420 01f5 11       		.uleb128 0x11
 421 01f6 7B010000 		.4byte	.LASF19
 422 01fa 7B010000 		.4byte	.LASF19
 423 01fe 04       		.byte	0x4
 424 01ff 93       		.byte	0x93
 425 0200 11       		.uleb128 0x11
 426 0201 57010000 		.4byte	.LASF20
 427 0205 57010000 		.4byte	.LASF20
 428 0209 05       		.byte	0x5
 429 020a 47       		.byte	0x47
 430 020b 11       		.uleb128 0x11
 431 020c 2F000000 		.4byte	.LASF21
 432 0210 2F000000 		.4byte	.LASF21
 433 0214 05       		.byte	0x5
 434 0215 4E       		.byte	0x4e
 435 0216 11       		.uleb128 0x11
 436 0217 18010000 		.4byte	.LASF22
 437 021b 18010000 		.4byte	.LASF22
 438 021f 05       		.byte	0x5
 439 0220 8B       		.byte	0x8b
 440 0221 11       		.uleb128 0x11
 441 0222 91010000 		.4byte	.LASF23
 442 0226 91010000 		.4byte	.LASF23
 443 022a 05       		.byte	0x5
 444 022b 88       		.byte	0x88
 445 022c 11       		.uleb128 0x11
 446 022d 0E000000 		.4byte	.LASF24
 447 0231 0E000000 		.4byte	.LASF24
 448 0235 06       		.byte	0x6
 449 0236 0A       		.byte	0xa
 450 0237 11       		.uleb128 0x11
 451 0238 26000000 		.4byte	.LASF25
 452 023c 26000000 		.4byte	.LASF25
 453 0240 07       		.byte	0x7
 454 0241 FD       		.byte	0xfd
 455 0242 00       		.byte	0
 456              		.section	.debug_abbrev,"",%progbits
 457              	.Ldebug_abbrev0:
 458 0000 01       		.uleb128 0x1
 459 0001 11       		.uleb128 0x11
 460 0002 01       		.byte	0x1
 461 0003 25       		.uleb128 0x25
 462 0004 0E       		.uleb128 0xe
 463 0005 13       		.uleb128 0x13
 464 0006 0B       		.uleb128 0xb
 465 0007 03       		.uleb128 0x3
 466 0008 0E       		.uleb128 0xe
ARM GAS  C:\Users\Morten\AppData\Local\Temp\cczT9JKT.s 			page 10


 467 0009 1B       		.uleb128 0x1b
 468 000a 0E       		.uleb128 0xe
 469 000b 55       		.uleb128 0x55
 470 000c 17       		.uleb128 0x17
 471 000d 11       		.uleb128 0x11
 472 000e 01       		.uleb128 0x1
 473 000f 10       		.uleb128 0x10
 474 0010 17       		.uleb128 0x17
 475 0011 00       		.byte	0
 476 0012 00       		.byte	0
 477 0013 02       		.uleb128 0x2
 478 0014 24       		.uleb128 0x24
 479 0015 00       		.byte	0
 480 0016 0B       		.uleb128 0xb
 481 0017 0B       		.uleb128 0xb
 482 0018 3E       		.uleb128 0x3e
 483 0019 0B       		.uleb128 0xb
 484 001a 03       		.uleb128 0x3
 485 001b 0E       		.uleb128 0xe
 486 001c 00       		.byte	0
 487 001d 00       		.byte	0
 488 001e 03       		.uleb128 0x3
 489 001f 16       		.uleb128 0x16
 490 0020 00       		.byte	0
 491 0021 03       		.uleb128 0x3
 492 0022 0E       		.uleb128 0xe
 493 0023 3A       		.uleb128 0x3a
 494 0024 0B       		.uleb128 0xb
 495 0025 3B       		.uleb128 0x3b
 496 0026 0B       		.uleb128 0xb
 497 0027 49       		.uleb128 0x49
 498 0028 13       		.uleb128 0x13
 499 0029 00       		.byte	0
 500 002a 00       		.byte	0
 501 002b 04       		.uleb128 0x4
 502 002c 24       		.uleb128 0x24
 503 002d 00       		.byte	0
 504 002e 0B       		.uleb128 0xb
 505 002f 0B       		.uleb128 0xb
 506 0030 3E       		.uleb128 0x3e
 507 0031 0B       		.uleb128 0xb
 508 0032 03       		.uleb128 0x3
 509 0033 08       		.uleb128 0x8
 510 0034 00       		.byte	0
 511 0035 00       		.byte	0
 512 0036 05       		.uleb128 0x5
 513 0037 2E       		.uleb128 0x2e
 514 0038 01       		.byte	0x1
 515 0039 3F       		.uleb128 0x3f
 516 003a 19       		.uleb128 0x19
 517 003b 03       		.uleb128 0x3
 518 003c 0E       		.uleb128 0xe
 519 003d 3A       		.uleb128 0x3a
 520 003e 0B       		.uleb128 0xb
 521 003f 3B       		.uleb128 0x3b
 522 0040 0B       		.uleb128 0xb
 523 0041 11       		.uleb128 0x11
ARM GAS  C:\Users\Morten\AppData\Local\Temp\cczT9JKT.s 			page 11


 524 0042 01       		.uleb128 0x1
 525 0043 12       		.uleb128 0x12
 526 0044 06       		.uleb128 0x6
 527 0045 40       		.uleb128 0x40
 528 0046 18       		.uleb128 0x18
 529 0047 9742     		.uleb128 0x2117
 530 0049 19       		.uleb128 0x19
 531 004a 01       		.uleb128 0x1
 532 004b 13       		.uleb128 0x13
 533 004c 00       		.byte	0
 534 004d 00       		.byte	0
 535 004e 06       		.uleb128 0x6
 536 004f 898201   		.uleb128 0x4109
 537 0052 00       		.byte	0
 538 0053 11       		.uleb128 0x11
 539 0054 01       		.uleb128 0x1
 540 0055 31       		.uleb128 0x31
 541 0056 13       		.uleb128 0x13
 542 0057 00       		.byte	0
 543 0058 00       		.byte	0
 544 0059 07       		.uleb128 0x7
 545 005a 898201   		.uleb128 0x4109
 546 005d 01       		.byte	0x1
 547 005e 11       		.uleb128 0x11
 548 005f 01       		.uleb128 0x1
 549 0060 31       		.uleb128 0x31
 550 0061 13       		.uleb128 0x13
 551 0062 01       		.uleb128 0x1
 552 0063 13       		.uleb128 0x13
 553 0064 00       		.byte	0
 554 0065 00       		.byte	0
 555 0066 08       		.uleb128 0x8
 556 0067 8A8201   		.uleb128 0x410a
 557 006a 00       		.byte	0
 558 006b 02       		.uleb128 0x2
 559 006c 18       		.uleb128 0x18
 560 006d 9142     		.uleb128 0x2111
 561 006f 18       		.uleb128 0x18
 562 0070 00       		.byte	0
 563 0071 00       		.byte	0
 564 0072 09       		.uleb128 0x9
 565 0073 898201   		.uleb128 0x4109
 566 0076 01       		.byte	0x1
 567 0077 11       		.uleb128 0x11
 568 0078 01       		.uleb128 0x1
 569 0079 31       		.uleb128 0x31
 570 007a 13       		.uleb128 0x13
 571 007b 00       		.byte	0
 572 007c 00       		.byte	0
 573 007d 0A       		.uleb128 0xa
 574 007e 34       		.uleb128 0x34
 575 007f 00       		.byte	0
 576 0080 03       		.uleb128 0x3
 577 0081 0E       		.uleb128 0xe
 578 0082 3A       		.uleb128 0x3a
 579 0083 0B       		.uleb128 0xb
 580 0084 3B       		.uleb128 0x3b
ARM GAS  C:\Users\Morten\AppData\Local\Temp\cczT9JKT.s 			page 12


 581 0085 0B       		.uleb128 0xb
 582 0086 49       		.uleb128 0x49
 583 0087 13       		.uleb128 0x13
 584 0088 02       		.uleb128 0x2
 585 0089 17       		.uleb128 0x17
 586 008a 00       		.byte	0
 587 008b 00       		.byte	0
 588 008c 0B       		.uleb128 0xb
 589 008d 34       		.uleb128 0x34
 590 008e 00       		.byte	0
 591 008f 03       		.uleb128 0x3
 592 0090 08       		.uleb128 0x8
 593 0091 3A       		.uleb128 0x3a
 594 0092 0B       		.uleb128 0xb
 595 0093 3B       		.uleb128 0x3b
 596 0094 0B       		.uleb128 0xb
 597 0095 49       		.uleb128 0x49
 598 0096 13       		.uleb128 0x13
 599 0097 02       		.uleb128 0x2
 600 0098 17       		.uleb128 0x17
 601 0099 00       		.byte	0
 602 009a 00       		.byte	0
 603 009b 0C       		.uleb128 0xc
 604 009c 34       		.uleb128 0x34
 605 009d 00       		.byte	0
 606 009e 03       		.uleb128 0x3
 607 009f 08       		.uleb128 0x8
 608 00a0 3A       		.uleb128 0x3a
 609 00a1 0B       		.uleb128 0xb
 610 00a2 3B       		.uleb128 0x3b
 611 00a3 0B       		.uleb128 0xb
 612 00a4 49       		.uleb128 0x49
 613 00a5 13       		.uleb128 0x13
 614 00a6 02       		.uleb128 0x2
 615 00a7 18       		.uleb128 0x18
 616 00a8 00       		.byte	0
 617 00a9 00       		.byte	0
 618 00aa 0D       		.uleb128 0xd
 619 00ab 01       		.uleb128 0x1
 620 00ac 01       		.byte	0x1
 621 00ad 49       		.uleb128 0x49
 622 00ae 13       		.uleb128 0x13
 623 00af 01       		.uleb128 0x1
 624 00b0 13       		.uleb128 0x13
 625 00b1 00       		.byte	0
 626 00b2 00       		.byte	0
 627 00b3 0E       		.uleb128 0xe
 628 00b4 21       		.uleb128 0x21
 629 00b5 00       		.byte	0
 630 00b6 49       		.uleb128 0x49
 631 00b7 13       		.uleb128 0x13
 632 00b8 2F       		.uleb128 0x2f
 633 00b9 0B       		.uleb128 0xb
 634 00ba 00       		.byte	0
 635 00bb 00       		.byte	0
 636 00bc 0F       		.uleb128 0xf
 637 00bd 34       		.uleb128 0x34
ARM GAS  C:\Users\Morten\AppData\Local\Temp\cczT9JKT.s 			page 13


 638 00be 00       		.byte	0
 639 00bf 03       		.uleb128 0x3
 640 00c0 0E       		.uleb128 0xe
 641 00c1 3A       		.uleb128 0x3a
 642 00c2 0B       		.uleb128 0xb
 643 00c3 3B       		.uleb128 0x3b
 644 00c4 05       		.uleb128 0x5
 645 00c5 49       		.uleb128 0x49
 646 00c6 13       		.uleb128 0x13
 647 00c7 3F       		.uleb128 0x3f
 648 00c8 19       		.uleb128 0x19
 649 00c9 3C       		.uleb128 0x3c
 650 00ca 19       		.uleb128 0x19
 651 00cb 00       		.byte	0
 652 00cc 00       		.byte	0
 653 00cd 10       		.uleb128 0x10
 654 00ce 35       		.uleb128 0x35
 655 00cf 00       		.byte	0
 656 00d0 49       		.uleb128 0x49
 657 00d1 13       		.uleb128 0x13
 658 00d2 00       		.byte	0
 659 00d3 00       		.byte	0
 660 00d4 11       		.uleb128 0x11
 661 00d5 2E       		.uleb128 0x2e
 662 00d6 00       		.byte	0
 663 00d7 3F       		.uleb128 0x3f
 664 00d8 19       		.uleb128 0x19
 665 00d9 3C       		.uleb128 0x3c
 666 00da 19       		.uleb128 0x19
 667 00db 6E       		.uleb128 0x6e
 668 00dc 0E       		.uleb128 0xe
 669 00dd 03       		.uleb128 0x3
 670 00de 0E       		.uleb128 0xe
 671 00df 3A       		.uleb128 0x3a
 672 00e0 0B       		.uleb128 0xb
 673 00e1 3B       		.uleb128 0x3b
 674 00e2 0B       		.uleb128 0xb
 675 00e3 00       		.byte	0
 676 00e4 00       		.byte	0
 677 00e5 00       		.byte	0
 678              		.section	.debug_loc,"",%progbits
 679              	.Ldebug_loc0:
 680              	.LLST0:
 681 0000 04000000 		.4byte	.LVL6
 682 0004 14000000 		.4byte	.LVL8
 683 0008 0200     		.2byte	0x2
 684 000a 30       		.byte	0x30
 685 000b 9F       		.byte	0x9f
 686 000c 14000000 		.4byte	.LVL8
 687 0010 40000000 		.4byte	.LVL15
 688 0014 0100     		.2byte	0x1
 689 0016 54       		.byte	0x54
 690 0017 00000000 		.4byte	0
 691 001b 00000000 		.4byte	0
 692              	.LLST1:
 693 001f 04000000 		.4byte	.LVL6
 694 0023 20000000 		.4byte	.LVL10
ARM GAS  C:\Users\Morten\AppData\Local\Temp\cczT9JKT.s 			page 14


 695 0027 0200     		.2byte	0x2
 696 0029 30       		.byte	0x30
 697 002a 9F       		.byte	0x9f
 698 002b 20000000 		.4byte	.LVL10
 699 002f 2A000000 		.4byte	.LVL11
 700 0033 0100     		.2byte	0x1
 701 0035 50       		.byte	0x50
 702 0036 2A000000 		.4byte	.LVL11
 703 003a 2D000000 		.4byte	.LVL12-1
 704 003e 0200     		.2byte	0x2
 705 0040 7D       		.byte	0x7d
 706 0041 00       		.sleb128 0
 707 0042 00000000 		.4byte	0
 708 0046 00000000 		.4byte	0
 709              		.section	.debug_aranges,"",%progbits
 710 0000 24000000 		.4byte	0x24
 711 0004 0200     		.2byte	0x2
 712 0006 00000000 		.4byte	.Ldebug_info0
 713 000a 04       		.byte	0x4
 714 000b 00       		.byte	0
 715 000c 0000     		.2byte	0
 716 000e 0000     		.2byte	0
 717 0010 00000000 		.4byte	.LFB64
 718 0014 34000000 		.4byte	.LFE64-.LFB64
 719 0018 00000000 		.4byte	.LFB65
 720 001c 48000000 		.4byte	.LFE65-.LFB65
 721 0020 00000000 		.4byte	0
 722 0024 00000000 		.4byte	0
 723              		.section	.debug_ranges,"",%progbits
 724              	.Ldebug_ranges0:
 725 0000 00000000 		.4byte	.LFB64
 726 0004 34000000 		.4byte	.LFE64
 727 0008 00000000 		.4byte	.LFB65
 728 000c 48000000 		.4byte	.LFE65
 729 0010 00000000 		.4byte	0
 730 0014 00000000 		.4byte	0
 731              		.section	.debug_line,"",%progbits
 732              	.Ldebug_line0:
 733 0000 0F020000 		.section	.debug_str,"MS",%progbits,1
 733      0200DF01 
 733      00000201 
 733      FB0E0D00 
 733      01010101 
 734              	.LASF6:
 735 0000 6C6F6E67 		.ascii	"long long int\000"
 735      206C6F6E 
 735      6720696E 
 735      7400
 736              	.LASF24:
 737 000e 67657454 		.ascii	"getTime\000"
 737      696D6500 
 738              	.LASF11:
 739 0016 666C6F61 		.ascii	"float\000"
 739      7400
 740              	.LASF9:
 741 001c 5F5F696E 		.ascii	"__int32_t\000"
 741      7433325F 
ARM GAS  C:\Users\Morten\AppData\Local\Temp\cczT9JKT.s 			page 15


 741      7400
 742              	.LASF25:
 743 0026 736E7072 		.ascii	"snprintf\000"
 743      696E7466 
 743      00
 744              	.LASF21:
 745 002f 62656769 		.ascii	"begin\000"
 745      6E00
 746              	.LASF27:
 747 0035 4C43442E 		.ascii	"LCD.c\000"
 747      6300
 748              	.LASF1:
 749 003b 756E7369 		.ascii	"unsigned char\000"
 749      676E6564 
 749      20636861 
 749      7200
 750              	.LASF26:
 751 0049 474E5520 		.ascii	"GNU C11 5.4.1 20160609 (release) [ARM/embedded-5-br"
 751      43313120 
 751      352E342E 
 751      31203230 
 751      31363036 
 752 007c 616E6368 		.ascii	"anch revision 237715] -mcpu=cortex-m3 -mthumb -g -O"
 752      20726576 
 752      6973696F 
 752      6E203233 
 752      37373135 
 753 00af 67202D66 		.ascii	"g -ffunction-sections -ffat-lto-objects\000"
 753      66756E63 
 753      74696F6E 
 753      2D736563 
 753      74696F6E 
 754              	.LASF5:
 755 00d7 6C6F6E67 		.ascii	"long unsigned int\000"
 755      20756E73 
 755      69676E65 
 755      6420696E 
 755      7400
 756              	.LASF3:
 757 00e9 73686F72 		.ascii	"short unsigned int\000"
 757      7420756E 
 757      7369676E 
 757      65642069 
 757      6E7400
 758              	.LASF29:
 759 00fc 49544D5F 		.ascii	"ITM_RxBuffer\000"
 759      52784275 
 759      66666572 
 759      00
 760              	.LASF16:
 761 0109 4C434469 		.ascii	"LCDinit\000"
 761      6E697400 
 762              	.LASF12:
 763 0111 646F7562 		.ascii	"double\000"
 763      6C6500
 764              	.LASF22:
 765 0118 4C43445F 		.ascii	"LCD_print\000"
ARM GAS  C:\Users\Morten\AppData\Local\Temp\cczT9JKT.s 			page 16


 765      7072696E 
 765      7400
 766              	.LASF8:
 767 0122 756E7369 		.ascii	"unsigned int\000"
 767      676E6564 
 767      20696E74 
 767      00
 768              	.LASF7:
 769 012f 6C6F6E67 		.ascii	"long long unsigned int\000"
 769      206C6F6E 
 769      6720756E 
 769      7369676E 
 769      65642069 
 770              	.LASF10:
 771 0146 696E7433 		.ascii	"int32_t\000"
 771      325F7400 
 772              	.LASF15:
 773 014e 73697A65 		.ascii	"sizetype\000"
 773      74797065 
 773      00
 774              	.LASF20:
 775 0157 4C697175 		.ascii	"LiquidCrystal_I2C_init\000"
 775      69644372 
 775      79737461 
 775      6C5F4932 
 775      435F696E 
 776              	.LASF18:
 777 016e 7365636F 		.ascii	"seconds\000"
 777      6E647300 
 778              	.LASF13:
 779 0176 63686172 		.ascii	"char\000"
 779      00
 780              	.LASF19:
 781 017b 4932435F 		.ascii	"I2C_1_Start\000"
 781      315F5374 
 781      61727400 
 782              	.LASF2:
 783 0187 73686F72 		.ascii	"short int\000"
 783      7420696E 
 783      7400
 784              	.LASF23:
 785 0191 73657443 		.ascii	"setCursor\000"
 785      7572736F 
 785      7200
 786              	.LASF4:
 787 019b 6C6F6E67 		.ascii	"long int\000"
 787      20696E74 
 787      00
 788              	.LASF14:
 789 01a4 6C6F6E67 		.ascii	"long double\000"
 789      20646F75 
 789      626C6500 
 790              	.LASF0:
 791 01b0 7369676E 		.ascii	"signed char\000"
 791      65642063 
 791      68617200 
 792              	.LASF17:
ARM GAS  C:\Users\Morten\AppData\Local\Temp\cczT9JKT.s 			page 17


 793 01bc 4C434455 		.ascii	"LCDUpdateDisplay\000"
 793      70646174 
 793      65446973 
 793      706C6179 
 793      00
 794              	.LASF28:
 795 01cd 433A5C55 		.ascii	"C:\\Users\\Morten\\Desktop\\LCD_displayMedTimer\\LC"
 795      73657273 
 795      5C4D6F72 
 795      74656E5C 
 795      4465736B 
 796 01fb 445F6469 		.ascii	"D_display.cydsn\000"
 796      73706C61 
 796      792E6379 
 796      64736E00 
 797              		.ident	"GCC: (GNU Tools for ARM Embedded Processors) 5.4.1 20160609 (release) [ARM/embedded-5-bran
