ARM GAS  C:\Users\JEPPEN~1.HAN\AppData\Local\Temp\ccQlk6no.s 			page 1


   1              		.syntax unified
   2              		.cpu cortex-m3
   3              		.fpu softvfp
   4              		.eabi_attribute 20, 1
   5              		.eabi_attribute 21, 1
   6              		.eabi_attribute 23, 3
   7              		.eabi_attribute 24, 1
   8              		.eabi_attribute 25, 1
   9              		.eabi_attribute 26, 1
  10              		.eabi_attribute 30, 1
  11              		.eabi_attribute 34, 1
  12              		.eabi_attribute 18, 4
  13              		.thumb
  14              		.syntax unified
  15              		.file	"main.c"
  16              		.text
  17              	.Ltext0:
  18              		.cfi_sections	.debug_frame
  19              		.section	.text.main,"ax",%progbits
  20              		.align	2
  21              		.global	main
  22              		.thumb
  23              		.thumb_func
  24              		.type	main, %function
  25              	main:
  26              	.LFB64:
  27              		.file 1 "main.c"
   1:main.c        **** /* ========================================
   2:main.c        ****  *
   3:main.c        ****  * Copyright YOUR COMPANY, THE YEAR
   4:main.c        ****  * All Rights Reserved
   5:main.c        ****  * UNPUBLISHED, LICENSED SOFTWARE.
   6:main.c        ****  *
   7:main.c        ****  * CONFIDENTIAL AND PROPRIETARY INFORMATION
   8:main.c        ****  * WHICH IS THE PROPERTY OF your company.
   9:main.c        ****  *
  10:main.c        ****  * ========================================
  11:main.c        **** */
  12:main.c        **** #include "project.h"
  13:main.c        **** #include "LiquidCrystal_I2C.h"
  14:main.c        **** #include "Display.h"
  15:main.c        **** #include "Stopur.h"
  16:main.c        **** 
  17:main.c        **** int main(void)
  18:main.c        **** {
  28              		.loc 1 18 0
  29              		.cfi_startproc
  30              		@ args = 0, pretend = 0, frame = 0
  31              		@ frame_needed = 0, uses_anonymous_args = 0
  32 0000 08B5     		push	{r3, lr}
  33              		.cfi_def_cfa_offset 8
  34              		.cfi_offset 3, -8
  35              		.cfi_offset 14, -4
  19:main.c        ****     CyGlobalIntEnable; 
  36              		.loc 1 19 0
  37              		.syntax unified
  38              	@ 19 "main.c" 1
ARM GAS  C:\Users\JEPPEN~1.HAN\AppData\Local\Temp\ccQlk6no.s 			page 2


  39 0002 62B6     		CPSIE   i
  40              	@ 0 "" 2
  20:main.c        ****     initTimer();                         // Inititer timer_stopur
  41              		.loc 1 20 0
  42              		.thumb
  43              		.syntax unified
  44 0004 FFF7FEFF 		bl	initTimer
  45              	.LVL0:
  21:main.c        ****     initDisp(10);                        // sætter Hz værdien for displayet
  46              		.loc 1 21 0
  47 0008 0A20     		movs	r0, #10
  48 000a FFF7FEFF 		bl	initDisp
  49              	.LVL1:
  22:main.c        ****     startTimer();                        // starter timer_stopur
  50              		.loc 1 22 0
  51 000e FFF7FEFF 		bl	startTimer
  52              	.LVL2:
  23:main.c        ****    /*
  24:main.c        ****     
  25:main.c        ****         if(getTime()==20000)
  26:main.c        ****         {
  27:main.c        ****             stopLCD(1);
  28:main.c        ****         }
  29:main.c        ****     */
  30:main.c        ****     return 0;
  31:main.c        **** }
  53              		.loc 1 31 0
  54 0012 0020     		movs	r0, #0
  55 0014 08BD     		pop	{r3, pc}
  56              		.cfi_endproc
  57              	.LFE64:
  58              		.size	main, .-main
  59 0016 00BF     		.text
  60              	.Letext0:
  61              		.file 2 "s:\\cypress\\psoc creator\\4.2\\psoc creator\\import\\gnu\\arm\\5.4.1\\arm-none-eabi\\inc
  62              		.file 3 "s:\\cypress\\psoc creator\\4.2\\psoc creator\\import\\gnu\\arm\\5.4.1\\arm-none-eabi\\inc
  63              		.file 4 "Stopur.h"
  64              		.file 5 "Display.h"
  65              		.file 6 "Generated_Source\\PSoC5/core_cm3.h"
  66              		.section	.debug_info,"",%progbits
  67              	.Ldebug_info0:
  68 0000 12010000 		.4byte	0x112
  69 0004 0400     		.2byte	0x4
  70 0006 00000000 		.4byte	.Ldebug_abbrev0
  71 000a 04       		.byte	0x4
  72 000b 01       		.uleb128 0x1
  73 000c 46000000 		.4byte	.LASF19
  74 0010 0C       		.byte	0xc
  75 0011 2E000000 		.4byte	.LASF20
  76 0015 E6000000 		.4byte	.LASF21
  77 0019 00000000 		.4byte	.Ldebug_ranges0+0
  78 001d 00000000 		.4byte	0
  79 0021 00000000 		.4byte	.Ldebug_line0
  80 0025 02       		.uleb128 0x2
  81 0026 01       		.byte	0x1
  82 0027 06       		.byte	0x6
  83 0028 3A000000 		.4byte	.LASF0
ARM GAS  C:\Users\JEPPEN~1.HAN\AppData\Local\Temp\ccQlk6no.s 			page 3


  84 002c 02       		.uleb128 0x2
  85 002d 01       		.byte	0x1
  86 002e 08       		.byte	0x8
  87 002f 54010000 		.4byte	.LASF1
  88 0033 02       		.uleb128 0x2
  89 0034 02       		.byte	0x2
  90 0035 05       		.byte	0x5
  91 0036 B5010000 		.4byte	.LASF2
  92 003a 02       		.uleb128 0x2
  93 003b 02       		.byte	0x2
  94 003c 07       		.byte	0x7
  95 003d 0E000000 		.4byte	.LASF3
  96 0041 03       		.uleb128 0x3
  97 0042 A5010000 		.4byte	.LASF9
  98 0046 02       		.byte	0x2
  99 0047 3F       		.byte	0x3f
 100 0048 4C000000 		.4byte	0x4c
 101 004c 02       		.uleb128 0x2
 102 004d 04       		.byte	0x4
 103 004e 05       		.byte	0x5
 104 004f 67010000 		.4byte	.LASF4
 105 0053 02       		.uleb128 0x2
 106 0054 04       		.byte	0x4
 107 0055 07       		.byte	0x7
 108 0056 D4000000 		.4byte	.LASF5
 109 005a 02       		.uleb128 0x2
 110 005b 08       		.byte	0x8
 111 005c 05       		.byte	0x5
 112 005d 00000000 		.4byte	.LASF6
 113 0061 02       		.uleb128 0x2
 114 0062 08       		.byte	0x8
 115 0063 07       		.byte	0x7
 116 0064 3D010000 		.4byte	.LASF7
 117 0068 04       		.uleb128 0x4
 118 0069 04       		.byte	0x4
 119 006a 05       		.byte	0x5
 120 006b 696E7400 		.ascii	"int\000"
 121 006f 02       		.uleb128 0x2
 122 0070 04       		.byte	0x4
 123 0071 07       		.byte	0x7
 124 0072 21000000 		.4byte	.LASF8
 125 0076 03       		.uleb128 0x3
 126 0077 BF010000 		.4byte	.LASF10
 127 007b 03       		.byte	0x3
 128 007c 2C       		.byte	0x2c
 129 007d 41000000 		.4byte	0x41
 130 0081 02       		.uleb128 0x2
 131 0082 04       		.byte	0x4
 132 0083 04       		.byte	0x4
 133 0084 AF010000 		.4byte	.LASF11
 134 0088 02       		.uleb128 0x2
 135 0089 08       		.byte	0x8
 136 008a 04       		.byte	0x4
 137 008b 70010000 		.4byte	.LASF12
 138 008f 02       		.uleb128 0x2
 139 0090 01       		.byte	0x1
 140 0091 08       		.byte	0x8
ARM GAS  C:\Users\JEPPEN~1.HAN\AppData\Local\Temp\ccQlk6no.s 			page 4


 141 0092 62010000 		.4byte	.LASF13
 142 0096 02       		.uleb128 0x2
 143 0097 08       		.byte	0x8
 144 0098 04       		.byte	0x4
 145 0099 77010000 		.4byte	.LASF14
 146 009d 02       		.uleb128 0x2
 147 009e 04       		.byte	0x4
 148 009f 07       		.byte	0x7
 149 00a0 C7010000 		.4byte	.LASF15
 150 00a4 05       		.uleb128 0x5
 151 00a5 35000000 		.4byte	.LASF22
 152 00a9 01       		.byte	0x1
 153 00aa 11       		.byte	0x11
 154 00ab 68000000 		.4byte	0x68
 155 00af 00000000 		.4byte	.LFB64
 156 00b3 16000000 		.4byte	.LFE64-.LFB64
 157 00b7 01       		.uleb128 0x1
 158 00b8 9C       		.byte	0x9c
 159 00b9 E3000000 		.4byte	0xe3
 160 00bd 06       		.uleb128 0x6
 161 00be 08000000 		.4byte	.LVL0
 162 00c2 F4000000 		.4byte	0xf4
 163 00c6 07       		.uleb128 0x7
 164 00c7 0E000000 		.4byte	.LVL1
 165 00cb FF000000 		.4byte	0xff
 166 00cf D9000000 		.4byte	0xd9
 167 00d3 08       		.uleb128 0x8
 168 00d4 01       		.uleb128 0x1
 169 00d5 50       		.byte	0x50
 170 00d6 01       		.uleb128 0x1
 171 00d7 3A       		.byte	0x3a
 172 00d8 00       		.byte	0
 173 00d9 06       		.uleb128 0x6
 174 00da 12000000 		.4byte	.LVL2
 175 00de 0A010000 		.4byte	0x10a
 176 00e2 00       		.byte	0
 177 00e3 09       		.uleb128 0x9
 178 00e4 83010000 		.4byte	.LASF23
 179 00e8 06       		.byte	0x6
 180 00e9 1207     		.2byte	0x712
 181 00eb EF000000 		.4byte	0xef
 182 00ef 0A       		.uleb128 0xa
 183 00f0 76000000 		.4byte	0x76
 184 00f4 0B       		.uleb128 0xb
 185 00f5 9B010000 		.4byte	.LASF16
 186 00f9 9B010000 		.4byte	.LASF16
 187 00fd 04       		.byte	0x4
 188 00fe 07       		.byte	0x7
 189 00ff 0B       		.uleb128 0xb
 190 0100 D0010000 		.4byte	.LASF17
 191 0104 D0010000 		.4byte	.LASF17
 192 0108 05       		.byte	0x5
 193 0109 13       		.byte	0x13
 194 010a 0B       		.uleb128 0xb
 195 010b 90010000 		.4byte	.LASF18
 196 010f 90010000 		.4byte	.LASF18
 197 0113 04       		.byte	0x4
ARM GAS  C:\Users\JEPPEN~1.HAN\AppData\Local\Temp\ccQlk6no.s 			page 5


 198 0114 08       		.byte	0x8
 199 0115 00       		.byte	0
 200              		.section	.debug_abbrev,"",%progbits
 201              	.Ldebug_abbrev0:
 202 0000 01       		.uleb128 0x1
 203 0001 11       		.uleb128 0x11
 204 0002 01       		.byte	0x1
 205 0003 25       		.uleb128 0x25
 206 0004 0E       		.uleb128 0xe
 207 0005 13       		.uleb128 0x13
 208 0006 0B       		.uleb128 0xb
 209 0007 03       		.uleb128 0x3
 210 0008 0E       		.uleb128 0xe
 211 0009 1B       		.uleb128 0x1b
 212 000a 0E       		.uleb128 0xe
 213 000b 55       		.uleb128 0x55
 214 000c 17       		.uleb128 0x17
 215 000d 11       		.uleb128 0x11
 216 000e 01       		.uleb128 0x1
 217 000f 10       		.uleb128 0x10
 218 0010 17       		.uleb128 0x17
 219 0011 00       		.byte	0
 220 0012 00       		.byte	0
 221 0013 02       		.uleb128 0x2
 222 0014 24       		.uleb128 0x24
 223 0015 00       		.byte	0
 224 0016 0B       		.uleb128 0xb
 225 0017 0B       		.uleb128 0xb
 226 0018 3E       		.uleb128 0x3e
 227 0019 0B       		.uleb128 0xb
 228 001a 03       		.uleb128 0x3
 229 001b 0E       		.uleb128 0xe
 230 001c 00       		.byte	0
 231 001d 00       		.byte	0
 232 001e 03       		.uleb128 0x3
 233 001f 16       		.uleb128 0x16
 234 0020 00       		.byte	0
 235 0021 03       		.uleb128 0x3
 236 0022 0E       		.uleb128 0xe
 237 0023 3A       		.uleb128 0x3a
 238 0024 0B       		.uleb128 0xb
 239 0025 3B       		.uleb128 0x3b
 240 0026 0B       		.uleb128 0xb
 241 0027 49       		.uleb128 0x49
 242 0028 13       		.uleb128 0x13
 243 0029 00       		.byte	0
 244 002a 00       		.byte	0
 245 002b 04       		.uleb128 0x4
 246 002c 24       		.uleb128 0x24
 247 002d 00       		.byte	0
 248 002e 0B       		.uleb128 0xb
 249 002f 0B       		.uleb128 0xb
 250 0030 3E       		.uleb128 0x3e
 251 0031 0B       		.uleb128 0xb
 252 0032 03       		.uleb128 0x3
 253 0033 08       		.uleb128 0x8
 254 0034 00       		.byte	0
ARM GAS  C:\Users\JEPPEN~1.HAN\AppData\Local\Temp\ccQlk6no.s 			page 6


 255 0035 00       		.byte	0
 256 0036 05       		.uleb128 0x5
 257 0037 2E       		.uleb128 0x2e
 258 0038 01       		.byte	0x1
 259 0039 3F       		.uleb128 0x3f
 260 003a 19       		.uleb128 0x19
 261 003b 03       		.uleb128 0x3
 262 003c 0E       		.uleb128 0xe
 263 003d 3A       		.uleb128 0x3a
 264 003e 0B       		.uleb128 0xb
 265 003f 3B       		.uleb128 0x3b
 266 0040 0B       		.uleb128 0xb
 267 0041 27       		.uleb128 0x27
 268 0042 19       		.uleb128 0x19
 269 0043 49       		.uleb128 0x49
 270 0044 13       		.uleb128 0x13
 271 0045 11       		.uleb128 0x11
 272 0046 01       		.uleb128 0x1
 273 0047 12       		.uleb128 0x12
 274 0048 06       		.uleb128 0x6
 275 0049 40       		.uleb128 0x40
 276 004a 18       		.uleb128 0x18
 277 004b 9742     		.uleb128 0x2117
 278 004d 19       		.uleb128 0x19
 279 004e 01       		.uleb128 0x1
 280 004f 13       		.uleb128 0x13
 281 0050 00       		.byte	0
 282 0051 00       		.byte	0
 283 0052 06       		.uleb128 0x6
 284 0053 898201   		.uleb128 0x4109
 285 0056 00       		.byte	0
 286 0057 11       		.uleb128 0x11
 287 0058 01       		.uleb128 0x1
 288 0059 31       		.uleb128 0x31
 289 005a 13       		.uleb128 0x13
 290 005b 00       		.byte	0
 291 005c 00       		.byte	0
 292 005d 07       		.uleb128 0x7
 293 005e 898201   		.uleb128 0x4109
 294 0061 01       		.byte	0x1
 295 0062 11       		.uleb128 0x11
 296 0063 01       		.uleb128 0x1
 297 0064 31       		.uleb128 0x31
 298 0065 13       		.uleb128 0x13
 299 0066 01       		.uleb128 0x1
 300 0067 13       		.uleb128 0x13
 301 0068 00       		.byte	0
 302 0069 00       		.byte	0
 303 006a 08       		.uleb128 0x8
 304 006b 8A8201   		.uleb128 0x410a
 305 006e 00       		.byte	0
 306 006f 02       		.uleb128 0x2
 307 0070 18       		.uleb128 0x18
 308 0071 9142     		.uleb128 0x2111
 309 0073 18       		.uleb128 0x18
 310 0074 00       		.byte	0
 311 0075 00       		.byte	0
ARM GAS  C:\Users\JEPPEN~1.HAN\AppData\Local\Temp\ccQlk6no.s 			page 7


 312 0076 09       		.uleb128 0x9
 313 0077 34       		.uleb128 0x34
 314 0078 00       		.byte	0
 315 0079 03       		.uleb128 0x3
 316 007a 0E       		.uleb128 0xe
 317 007b 3A       		.uleb128 0x3a
 318 007c 0B       		.uleb128 0xb
 319 007d 3B       		.uleb128 0x3b
 320 007e 05       		.uleb128 0x5
 321 007f 49       		.uleb128 0x49
 322 0080 13       		.uleb128 0x13
 323 0081 3F       		.uleb128 0x3f
 324 0082 19       		.uleb128 0x19
 325 0083 3C       		.uleb128 0x3c
 326 0084 19       		.uleb128 0x19
 327 0085 00       		.byte	0
 328 0086 00       		.byte	0
 329 0087 0A       		.uleb128 0xa
 330 0088 35       		.uleb128 0x35
 331 0089 00       		.byte	0
 332 008a 49       		.uleb128 0x49
 333 008b 13       		.uleb128 0x13
 334 008c 00       		.byte	0
 335 008d 00       		.byte	0
 336 008e 0B       		.uleb128 0xb
 337 008f 2E       		.uleb128 0x2e
 338 0090 00       		.byte	0
 339 0091 3F       		.uleb128 0x3f
 340 0092 19       		.uleb128 0x19
 341 0093 3C       		.uleb128 0x3c
 342 0094 19       		.uleb128 0x19
 343 0095 6E       		.uleb128 0x6e
 344 0096 0E       		.uleb128 0xe
 345 0097 03       		.uleb128 0x3
 346 0098 0E       		.uleb128 0xe
 347 0099 3A       		.uleb128 0x3a
 348 009a 0B       		.uleb128 0xb
 349 009b 3B       		.uleb128 0x3b
 350 009c 0B       		.uleb128 0xb
 351 009d 00       		.byte	0
 352 009e 00       		.byte	0
 353 009f 00       		.byte	0
 354              		.section	.debug_aranges,"",%progbits
 355 0000 1C000000 		.4byte	0x1c
 356 0004 0200     		.2byte	0x2
 357 0006 00000000 		.4byte	.Ldebug_info0
 358 000a 04       		.byte	0x4
 359 000b 00       		.byte	0
 360 000c 0000     		.2byte	0
 361 000e 0000     		.2byte	0
 362 0010 00000000 		.4byte	.LFB64
 363 0014 16000000 		.4byte	.LFE64-.LFB64
 364 0018 00000000 		.4byte	0
 365 001c 00000000 		.4byte	0
 366              		.section	.debug_ranges,"",%progbits
 367              	.Ldebug_ranges0:
 368 0000 00000000 		.4byte	.LFB64
ARM GAS  C:\Users\JEPPEN~1.HAN\AppData\Local\Temp\ccQlk6no.s 			page 8


 369 0004 16000000 		.4byte	.LFE64
 370 0008 00000000 		.4byte	0
 371 000c 00000000 		.4byte	0
 372              		.section	.debug_line,"",%progbits
 373              	.Ldebug_line0:
 374 0000 4C010000 		.section	.debug_str,"MS",%progbits,1
 374      02003001 
 374      00000201 
 374      FB0E0D00 
 374      01010101 
 375              	.LASF6:
 376 0000 6C6F6E67 		.ascii	"long long int\000"
 376      206C6F6E 
 376      6720696E 
 376      7400
 377              	.LASF3:
 378 000e 73686F72 		.ascii	"short unsigned int\000"
 378      7420756E 
 378      7369676E 
 378      65642069 
 378      6E7400
 379              	.LASF8:
 380 0021 756E7369 		.ascii	"unsigned int\000"
 380      676E6564 
 380      20696E74 
 380      00
 381              	.LASF20:
 382 002e 6D61696E 		.ascii	"main.c\000"
 382      2E6300
 383              	.LASF22:
 384 0035 6D61696E 		.ascii	"main\000"
 384      00
 385              	.LASF0:
 386 003a 7369676E 		.ascii	"signed char\000"
 386      65642063 
 386      68617200 
 387              	.LASF19:
 388 0046 474E5520 		.ascii	"GNU C11 5.4.1 20160609 (release) [ARM/embedded-5-br"
 388      43313120 
 388      352E342E 
 388      31203230 
 388      31363036 
 389 0079 616E6368 		.ascii	"anch revision 237715] -mcpu=cortex-m3 -mthumb -g -O"
 389      20726576 
 389      6973696F 
 389      6E203233 
 389      37373135 
 390 00ac 67202D66 		.ascii	"g -ffunction-sections -ffat-lto-objects\000"
 390      66756E63 
 390      74696F6E 
 390      2D736563 
 390      74696F6E 
 391              	.LASF5:
 392 00d4 6C6F6E67 		.ascii	"long unsigned int\000"
 392      20756E73 
 392      69676E65 
 392      6420696E 
ARM GAS  C:\Users\JEPPEN~1.HAN\AppData\Local\Temp\ccQlk6no.s 			page 9


 392      7400
 393              	.LASF21:
 394 00e6 433A5C55 		.ascii	"C:\\Users\\Jeppe N. Hansen\\Documents\\GitHub\\E5PR"
 394      73657273 
 394      5C4A6570 
 394      7065204E 
 394      2E204861 
 395 0114 4A335C4C 		.ascii	"J3\\LCD_displayMedTimer\\LCD_display.cydsn\000"
 395      43445F64 
 395      6973706C 
 395      61794D65 
 395      6454696D 
 396              	.LASF7:
 397 013d 6C6F6E67 		.ascii	"long long unsigned int\000"
 397      206C6F6E 
 397      6720756E 
 397      7369676E 
 397      65642069 
 398              	.LASF1:
 399 0154 756E7369 		.ascii	"unsigned char\000"
 399      676E6564 
 399      20636861 
 399      7200
 400              	.LASF13:
 401 0162 63686172 		.ascii	"char\000"
 401      00
 402              	.LASF4:
 403 0167 6C6F6E67 		.ascii	"long int\000"
 403      20696E74 
 403      00
 404              	.LASF12:
 405 0170 646F7562 		.ascii	"double\000"
 405      6C6500
 406              	.LASF14:
 407 0177 6C6F6E67 		.ascii	"long double\000"
 407      20646F75 
 407      626C6500 
 408              	.LASF23:
 409 0183 49544D5F 		.ascii	"ITM_RxBuffer\000"
 409      52784275 
 409      66666572 
 409      00
 410              	.LASF18:
 411 0190 73746172 		.ascii	"startTimer\000"
 411      7454696D 
 411      657200
 412              	.LASF16:
 413 019b 696E6974 		.ascii	"initTimer\000"
 413      54696D65 
 413      7200
 414              	.LASF9:
 415 01a5 5F5F696E 		.ascii	"__int32_t\000"
 415      7433325F 
 415      7400
 416              	.LASF11:
 417 01af 666C6F61 		.ascii	"float\000"
 417      7400
ARM GAS  C:\Users\JEPPEN~1.HAN\AppData\Local\Temp\ccQlk6no.s 			page 10


 418              	.LASF2:
 419 01b5 73686F72 		.ascii	"short int\000"
 419      7420696E 
 419      7400
 420              	.LASF10:
 421 01bf 696E7433 		.ascii	"int32_t\000"
 421      325F7400 
 422              	.LASF15:
 423 01c7 73697A65 		.ascii	"sizetype\000"
 423      74797065 
 423      00
 424              	.LASF17:
 425 01d0 696E6974 		.ascii	"initDisp\000"
 425      44697370 
 425      00
 426              		.ident	"GCC: (GNU Tools for ARM Embedded Processors) 5.4.1 20160609 (release) [ARM/embedded-5-bran
