ARM GAS  C:\Users\Morten\AppData\Local\Temp\ccOec4AR.s 			page 1


   1              		.syntax unified
   2              		.cpu cortex-m3
   3              		.fpu softvfp
   4              		.eabi_attribute 20, 1
   5              		.eabi_attribute 21, 1
   6              		.eabi_attribute 23, 3
   7              		.eabi_attribute 24, 1
   8              		.eabi_attribute 25, 1
   9              		.eabi_attribute 26, 1
  10              		.eabi_attribute 30, 1
  11              		.eabi_attribute 34, 1
  12              		.eabi_attribute 18, 4
  13              		.thumb
  14              		.syntax unified
  15              		.file	"Stopur.c"
  16              		.text
  17              	.Ltext0:
  18              		.cfi_sections	.debug_frame
  19              		.section	.text.initTimer,"ax",%progbits
  20              		.align	2
  21              		.global	initTimer
  22              		.thumb
  23              		.thumb_func
  24              		.type	initTimer, %function
  25              	initTimer:
  26              	.LFB65:
  27              		.file 1 "Stopur.c"
   1:Stopur.c      **** #include "Stopur.h"
   2:Stopur.c      **** #include "Display.h"
   3:Stopur.c      **** 
   4:Stopur.c      **** int count = 0;
   5:Stopur.c      **** 
   6:Stopur.c      **** CY_ISR(isr_timer)                // interrupter ved hvert 100 ms
   7:Stopur.c      **** {
   8:Stopur.c      ****     if (count < 1200)            // incrementeres ved hvert interrupt
   9:Stopur.c      ****     {
  10:Stopur.c      ****         count++;
  11:Stopur.c      ****        
  12:Stopur.c      ****     }else{
  13:Stopur.c      ****         stopTimer();             
  14:Stopur.c      ****     }
  15:Stopur.c      **** }
  16:Stopur.c      **** 
  17:Stopur.c      **** void initTimer()                 // initiere timeren
  18:Stopur.c      **** {
  28              		.loc 1 18 0
  29              		.cfi_startproc
  30              		@ args = 0, pretend = 0, frame = 0
  31              		@ frame_needed = 0, uses_anonymous_args = 0
  32 0000 08B5     		push	{r3, lr}
  33              		.cfi_def_cfa_offset 8
  34              		.cfi_offset 3, -8
  35              		.cfi_offset 14, -4
  19:Stopur.c      ****     isr_timer_StartEx(isr_timer);
  36              		.loc 1 19 0
  37 0002 0248     		ldr	r0, .L3
  38 0004 FFF7FEFF 		bl	isr_timer_StartEx
ARM GAS  C:\Users\Morten\AppData\Local\Temp\ccOec4AR.s 			page 2


  39              	.LVL0:
  40 0008 08BD     		pop	{r3, pc}
  41              	.L4:
  42 000a 00BF     		.align	2
  43              	.L3:
  44 000c 00000000 		.word	isr_timer
  45              		.cfi_endproc
  46              	.LFE65:
  47              		.size	initTimer, .-initTimer
  48              		.section	.text.startTimer,"ax",%progbits
  49              		.align	2
  50              		.global	startTimer
  51              		.thumb
  52              		.thumb_func
  53              		.type	startTimer, %function
  54              	startTimer:
  55              	.LFB66:
  20:Stopur.c      **** }
  21:Stopur.c      **** 
  22:Stopur.c      **** void startTimer()                // starter timeren 
  23:Stopur.c      **** {
  56              		.loc 1 23 0
  57              		.cfi_startproc
  58              		@ args = 0, pretend = 0, frame = 0
  59              		@ frame_needed = 0, uses_anonymous_args = 0
  60 0000 08B5     		push	{r3, lr}
  61              		.cfi_def_cfa_offset 8
  62              		.cfi_offset 3, -8
  63              		.cfi_offset 14, -4
  24:Stopur.c      ****    Timer_Stopur_Start();
  64              		.loc 1 24 0
  65 0002 FFF7FEFF 		bl	Timer_Stopur_Start
  66              	.LVL1:
  67 0006 08BD     		pop	{r3, pc}
  68              		.cfi_endproc
  69              	.LFE66:
  70              		.size	startTimer, .-startTimer
  71              		.section	.text.stopTimer,"ax",%progbits
  72              		.align	2
  73              		.global	stopTimer
  74              		.thumb
  75              		.thumb_func
  76              		.type	stopTimer, %function
  77              	stopTimer:
  78              	.LFB67:
  25:Stopur.c      **** }
  26:Stopur.c      **** 
  27:Stopur.c      **** void stopTimer()                 // Stopper timeren
  28:Stopur.c      **** {
  79              		.loc 1 28 0
  80              		.cfi_startproc
  81              		@ args = 0, pretend = 0, frame = 0
  82              		@ frame_needed = 0, uses_anonymous_args = 0
  83 0000 08B5     		push	{r3, lr}
  84              		.cfi_def_cfa_offset 8
  85              		.cfi_offset 3, -8
  86              		.cfi_offset 14, -4
ARM GAS  C:\Users\Morten\AppData\Local\Temp\ccOec4AR.s 			page 3


  29:Stopur.c      ****    Timer_Stopur_Stop();
  87              		.loc 1 29 0
  88 0002 FFF7FEFF 		bl	Timer_Stopur_Stop
  89              	.LVL2:
  90 0006 08BD     		pop	{r3, pc}
  91              		.cfi_endproc
  92              	.LFE67:
  93              		.size	stopTimer, .-stopTimer
  94              		.section	.text.isr_timer,"ax",%progbits
  95              		.align	2
  96              		.global	isr_timer
  97              		.thumb
  98              		.thumb_func
  99              		.type	isr_timer, %function
 100              	isr_timer:
 101              	.LFB64:
   7:Stopur.c      ****     if (count < 1200)            // incrementeres ved hvert interrupt
 102              		.loc 1 7 0
 103              		.cfi_startproc
 104              		@ args = 0, pretend = 0, frame = 0
 105              		@ frame_needed = 0, uses_anonymous_args = 0
 106 0000 08B5     		push	{r3, lr}
 107              		.cfi_def_cfa_offset 8
 108              		.cfi_offset 3, -8
 109              		.cfi_offset 14, -4
   8:Stopur.c      ****     {
 110              		.loc 1 8 0
 111 0002 064B     		ldr	r3, .L13
 112 0004 1B68     		ldr	r3, [r3]
 113 0006 B3F5966F 		cmp	r3, #1200
 114 000a 03DA     		bge	.L10
  10:Stopur.c      ****        
 115              		.loc 1 10 0
 116 000c 0133     		adds	r3, r3, #1
 117 000e 034A     		ldr	r2, .L13
 118 0010 1360     		str	r3, [r2]
 119 0012 08BD     		pop	{r3, pc}
 120              	.L10:
  13:Stopur.c      ****     }
 121              		.loc 1 13 0
 122 0014 FFF7FEFF 		bl	stopTimer
 123              	.LVL3:
 124 0018 08BD     		pop	{r3, pc}
 125              	.L14:
 126 001a 00BF     		.align	2
 127              	.L13:
 128 001c 00000000 		.word	.LANCHOR0
 129              		.cfi_endproc
 130              	.LFE64:
 131              		.size	isr_timer, .-isr_timer
 132              		.section	.text.getTime,"ax",%progbits
 133              		.align	2
 134              		.global	getTime
 135              		.thumb
 136              		.thumb_func
 137              		.type	getTime, %function
 138              	getTime:
ARM GAS  C:\Users\Morten\AppData\Local\Temp\ccOec4AR.s 			page 4


 139              	.LFB68:
  30:Stopur.c      **** }
  31:Stopur.c      **** 
  32:Stopur.c      **** int getTime()                    // Returnere vores count værdi
  33:Stopur.c      **** {   
 140              		.loc 1 33 0
 141              		.cfi_startproc
 142              		@ args = 0, pretend = 0, frame = 0
 143              		@ frame_needed = 0, uses_anonymous_args = 0
 144              		@ link register save eliminated.
  34:Stopur.c      ****     return count;
  35:Stopur.c      **** }
 145              		.loc 1 35 0
 146 0000 014B     		ldr	r3, .L16
 147 0002 1868     		ldr	r0, [r3]
 148 0004 7047     		bx	lr
 149              	.L17:
 150 0006 00BF     		.align	2
 151              	.L16:
 152 0008 00000000 		.word	.LANCHOR0
 153              		.cfi_endproc
 154              	.LFE68:
 155              		.size	getTime, .-getTime
 156              		.section	.text.clearTimer,"ax",%progbits
 157              		.align	2
 158              		.global	clearTimer
 159              		.thumb
 160              		.thumb_func
 161              		.type	clearTimer, %function
 162              	clearTimer:
 163              	.LFB69:
  36:Stopur.c      **** 
  37:Stopur.c      **** void clearTimer()                // nulstiller vores timer ved at sætte count til 0
  38:Stopur.c      **** {
 164              		.loc 1 38 0
 165              		.cfi_startproc
 166              		@ args = 0, pretend = 0, frame = 0
 167              		@ frame_needed = 0, uses_anonymous_args = 0
 168              		@ link register save eliminated.
  39:Stopur.c      ****     count = 0;
 169              		.loc 1 39 0
 170 0000 0022     		movs	r2, #0
 171 0002 014B     		ldr	r3, .L19
 172 0004 1A60     		str	r2, [r3]
 173 0006 7047     		bx	lr
 174              	.L20:
 175              		.align	2
 176              	.L19:
 177 0008 00000000 		.word	.LANCHOR0
 178              		.cfi_endproc
 179              	.LFE69:
 180              		.size	clearTimer, .-clearTimer
 181              		.global	count
 182              		.bss
 183              		.align	2
 184              		.set	.LANCHOR0,. + 0
 185              		.type	count, %object
ARM GAS  C:\Users\Morten\AppData\Local\Temp\ccOec4AR.s 			page 5


 186              		.size	count, 4
 187              	count:
 188 0000 00000000 		.space	4
 189              		.text
 190              	.Letext0:
 191              		.file 2 "c:\\program files (x86)\\cypress\\psoc creator\\4.2\\psoc creator\\import\\gnu\\arm\\5.4.
 192              		.file 3 "c:\\program files (x86)\\cypress\\psoc creator\\4.2\\psoc creator\\import\\gnu\\arm\\5.4.
 193              		.file 4 "Generated_Source\\PSoC5/core_cm3.h"
 194              		.file 5 "Generated_Source\\PSoC5/isr_timer.h"
 195              		.file 6 "Generated_Source\\PSoC5/Timer_Stopur.h"
 196              		.section	.debug_info,"",%progbits
 197              	.Ldebug_info0:
 198 0000 90010000 		.4byte	0x190
 199 0004 0400     		.2byte	0x4
 200 0006 00000000 		.4byte	.Ldebug_abbrev0
 201 000a 04       		.byte	0x4
 202 000b 01       		.uleb128 0x1
 203 000c 53000000 		.4byte	.LASF24
 204 0010 0C       		.byte	0xc
 205 0011 C5010000 		.4byte	.LASF25
 206 0015 DA010000 		.4byte	.LASF26
 207 0019 00000000 		.4byte	.Ldebug_ranges0+0
 208 001d 00000000 		.4byte	0
 209 0021 00000000 		.4byte	.Ldebug_line0
 210 0025 02       		.uleb128 0x2
 211 0026 01       		.byte	0x1
 212 0027 06       		.byte	0x6
 213 0028 CE010000 		.4byte	.LASF0
 214 002c 02       		.uleb128 0x2
 215 002d 01       		.byte	0x1
 216 002e 08       		.byte	0x8
 217 002f 45000000 		.4byte	.LASF1
 218 0033 02       		.uleb128 0x2
 219 0034 02       		.byte	0x2
 220 0035 05       		.byte	0x5
 221 0036 A7010000 		.4byte	.LASF2
 222 003a 02       		.uleb128 0x2
 223 003b 02       		.byte	0x2
 224 003c 07       		.byte	0x7
 225 003d 07010000 		.4byte	.LASF3
 226 0041 03       		.uleb128 0x3
 227 0042 08000000 		.4byte	.LASF9
 228 0046 02       		.byte	0x2
 229 0047 3F       		.byte	0x3f
 230 0048 4C000000 		.4byte	0x4c
 231 004c 02       		.uleb128 0x2
 232 004d 04       		.byte	0x4
 233 004e 05       		.byte	0x5
 234 004f BC010000 		.4byte	.LASF4
 235 0053 02       		.uleb128 0x2
 236 0054 04       		.byte	0x4
 237 0055 07       		.byte	0x7
 238 0056 EB000000 		.4byte	.LASF5
 239 005a 02       		.uleb128 0x2
 240 005b 08       		.byte	0x8
 241 005c 05       		.byte	0x5
 242 005d 8E010000 		.4byte	.LASF6
ARM GAS  C:\Users\Morten\AppData\Local\Temp\ccOec4AR.s 			page 6


 243 0061 02       		.uleb128 0x2
 244 0062 08       		.byte	0x8
 245 0063 07       		.byte	0x7
 246 0064 62010000 		.4byte	.LASF7
 247 0068 04       		.uleb128 0x4
 248 0069 04       		.byte	0x4
 249 006a 05       		.byte	0x5
 250 006b 696E7400 		.ascii	"int\000"
 251 006f 02       		.uleb128 0x2
 252 0070 04       		.byte	0x4
 253 0071 07       		.byte	0x7
 254 0072 43010000 		.4byte	.LASF8
 255 0076 03       		.uleb128 0x3
 256 0077 25000000 		.4byte	.LASF10
 257 007b 03       		.byte	0x3
 258 007c 2C       		.byte	0x2c
 259 007d 41000000 		.4byte	0x41
 260 0081 02       		.uleb128 0x2
 261 0082 04       		.byte	0x4
 262 0083 04       		.byte	0x4
 263 0084 3F000000 		.4byte	.LASF11
 264 0088 02       		.uleb128 0x2
 265 0089 08       		.byte	0x8
 266 008a 04       		.byte	0x4
 267 008b 31010000 		.4byte	.LASF12
 268 008f 02       		.uleb128 0x2
 269 0090 01       		.byte	0x1
 270 0091 08       		.byte	0x8
 271 0092 9C010000 		.4byte	.LASF13
 272 0096 02       		.uleb128 0x2
 273 0097 08       		.byte	0x8
 274 0098 04       		.byte	0x4
 275 0099 79010000 		.4byte	.LASF14
 276 009d 02       		.uleb128 0x2
 277 009e 04       		.byte	0x4
 278 009f 07       		.byte	0x7
 279 00a0 85010000 		.4byte	.LASF15
 280 00a4 05       		.uleb128 0x5
 281 00a5 1A010000 		.4byte	.LASF16
 282 00a9 01       		.byte	0x1
 283 00aa 11       		.byte	0x11
 284 00ab 00000000 		.4byte	.LFB65
 285 00af 10000000 		.4byte	.LFE65-.LFB65
 286 00b3 01       		.uleb128 0x1
 287 00b4 9C       		.byte	0x9c
 288 00b5 CD000000 		.4byte	0xcd
 289 00b9 06       		.uleb128 0x6
 290 00ba 08000000 		.4byte	.LVL0
 291 00be 72010000 		.4byte	0x172
 292 00c2 07       		.uleb128 0x7
 293 00c3 01       		.uleb128 0x1
 294 00c4 50       		.byte	0x50
 295 00c5 05       		.uleb128 0x5
 296 00c6 03       		.byte	0x3
 297 00c7 00000000 		.4byte	isr_timer
 298 00cb 00       		.byte	0
 299 00cc 00       		.byte	0
ARM GAS  C:\Users\Morten\AppData\Local\Temp\ccOec4AR.s 			page 7


 300 00cd 05       		.uleb128 0x5
 301 00ce 38010000 		.4byte	.LASF17
 302 00d2 01       		.byte	0x1
 303 00d3 16       		.byte	0x16
 304 00d4 00000000 		.4byte	.LFB66
 305 00d8 08000000 		.4byte	.LFE66-.LFB66
 306 00dc 01       		.uleb128 0x1
 307 00dd 9C       		.byte	0x9c
 308 00de EC000000 		.4byte	0xec
 309 00e2 08       		.uleb128 0x8
 310 00e3 06000000 		.4byte	.LVL1
 311 00e7 7D010000 		.4byte	0x17d
 312 00eb 00       		.byte	0
 313 00ec 05       		.uleb128 0x5
 314 00ed E1000000 		.4byte	.LASF18
 315 00f1 01       		.byte	0x1
 316 00f2 1B       		.byte	0x1b
 317 00f3 00000000 		.4byte	.LFB67
 318 00f7 08000000 		.4byte	.LFE67-.LFB67
 319 00fb 01       		.uleb128 0x1
 320 00fc 9C       		.byte	0x9c
 321 00fd 0B010000 		.4byte	0x10b
 322 0101 08       		.uleb128 0x8
 323 0102 06000000 		.4byte	.LVL2
 324 0106 88010000 		.4byte	0x188
 325 010a 00       		.byte	0
 326 010b 09       		.uleb128 0x9
 327 010c FD000000 		.4byte	.LASF27
 328 0110 01       		.byte	0x1
 329 0111 06       		.byte	0x6
 330 0112 00000000 		.4byte	.LFB64
 331 0116 20000000 		.4byte	.LFE64-.LFB64
 332 011a 01       		.uleb128 0x1
 333 011b 9C       		.byte	0x9c
 334 011c 2A010000 		.4byte	0x12a
 335 0120 08       		.uleb128 0x8
 336 0121 18000000 		.4byte	.LVL3
 337 0125 EC000000 		.4byte	0xec
 338 0129 00       		.byte	0
 339 012a 0A       		.uleb128 0xa
 340 012b 00000000 		.4byte	.LASF28
 341 012f 01       		.byte	0x1
 342 0130 20       		.byte	0x20
 343 0131 68000000 		.4byte	0x68
 344 0135 00000000 		.4byte	.LFB68
 345 0139 0C000000 		.4byte	.LFE68-.LFB68
 346 013d 01       		.uleb128 0x1
 347 013e 9C       		.byte	0x9c
 348 013f 0B       		.uleb128 0xb
 349 0140 B1010000 		.4byte	.LASF29
 350 0144 01       		.byte	0x1
 351 0145 25       		.byte	0x25
 352 0146 00000000 		.4byte	.LFB69
 353 014a 0C000000 		.4byte	.LFE69-.LFB69
 354 014e 01       		.uleb128 0x1
 355 014f 9C       		.byte	0x9c
 356 0150 0C       		.uleb128 0xc
ARM GAS  C:\Users\Morten\AppData\Local\Temp\ccOec4AR.s 			page 8


 357 0151 24010000 		.4byte	.LASF19
 358 0155 04       		.byte	0x4
 359 0156 1207     		.2byte	0x712
 360 0158 5C010000 		.4byte	0x15c
 361 015c 0D       		.uleb128 0xd
 362 015d 76000000 		.4byte	0x76
 363 0161 0E       		.uleb128 0xe
 364 0162 A1010000 		.4byte	.LASF20
 365 0166 01       		.byte	0x1
 366 0167 04       		.byte	0x4
 367 0168 68000000 		.4byte	0x68
 368 016c 05       		.uleb128 0x5
 369 016d 03       		.byte	0x3
 370 016e 00000000 		.4byte	count
 371 0172 0F       		.uleb128 0xf
 372 0173 2D000000 		.4byte	.LASF21
 373 0177 2D000000 		.4byte	.LASF21
 374 017b 05       		.byte	0x5
 375 017c 18       		.byte	0x18
 376 017d 0F       		.uleb128 0xf
 377 017e 12000000 		.4byte	.LASF22
 378 0182 12000000 		.4byte	.LASF22
 379 0186 06       		.byte	0x6
 380 0187 5A       		.byte	0x5a
 381 0188 0F       		.uleb128 0xf
 382 0189 50010000 		.4byte	.LASF23
 383 018d 50010000 		.4byte	.LASF23
 384 0191 06       		.byte	0x6
 385 0192 5B       		.byte	0x5b
 386 0193 00       		.byte	0
 387              		.section	.debug_abbrev,"",%progbits
 388              	.Ldebug_abbrev0:
 389 0000 01       		.uleb128 0x1
 390 0001 11       		.uleb128 0x11
 391 0002 01       		.byte	0x1
 392 0003 25       		.uleb128 0x25
 393 0004 0E       		.uleb128 0xe
 394 0005 13       		.uleb128 0x13
 395 0006 0B       		.uleb128 0xb
 396 0007 03       		.uleb128 0x3
 397 0008 0E       		.uleb128 0xe
 398 0009 1B       		.uleb128 0x1b
 399 000a 0E       		.uleb128 0xe
 400 000b 55       		.uleb128 0x55
 401 000c 17       		.uleb128 0x17
 402 000d 11       		.uleb128 0x11
 403 000e 01       		.uleb128 0x1
 404 000f 10       		.uleb128 0x10
 405 0010 17       		.uleb128 0x17
 406 0011 00       		.byte	0
 407 0012 00       		.byte	0
 408 0013 02       		.uleb128 0x2
 409 0014 24       		.uleb128 0x24
 410 0015 00       		.byte	0
 411 0016 0B       		.uleb128 0xb
 412 0017 0B       		.uleb128 0xb
 413 0018 3E       		.uleb128 0x3e
ARM GAS  C:\Users\Morten\AppData\Local\Temp\ccOec4AR.s 			page 9


 414 0019 0B       		.uleb128 0xb
 415 001a 03       		.uleb128 0x3
 416 001b 0E       		.uleb128 0xe
 417 001c 00       		.byte	0
 418 001d 00       		.byte	0
 419 001e 03       		.uleb128 0x3
 420 001f 16       		.uleb128 0x16
 421 0020 00       		.byte	0
 422 0021 03       		.uleb128 0x3
 423 0022 0E       		.uleb128 0xe
 424 0023 3A       		.uleb128 0x3a
 425 0024 0B       		.uleb128 0xb
 426 0025 3B       		.uleb128 0x3b
 427 0026 0B       		.uleb128 0xb
 428 0027 49       		.uleb128 0x49
 429 0028 13       		.uleb128 0x13
 430 0029 00       		.byte	0
 431 002a 00       		.byte	0
 432 002b 04       		.uleb128 0x4
 433 002c 24       		.uleb128 0x24
 434 002d 00       		.byte	0
 435 002e 0B       		.uleb128 0xb
 436 002f 0B       		.uleb128 0xb
 437 0030 3E       		.uleb128 0x3e
 438 0031 0B       		.uleb128 0xb
 439 0032 03       		.uleb128 0x3
 440 0033 08       		.uleb128 0x8
 441 0034 00       		.byte	0
 442 0035 00       		.byte	0
 443 0036 05       		.uleb128 0x5
 444 0037 2E       		.uleb128 0x2e
 445 0038 01       		.byte	0x1
 446 0039 3F       		.uleb128 0x3f
 447 003a 19       		.uleb128 0x19
 448 003b 03       		.uleb128 0x3
 449 003c 0E       		.uleb128 0xe
 450 003d 3A       		.uleb128 0x3a
 451 003e 0B       		.uleb128 0xb
 452 003f 3B       		.uleb128 0x3b
 453 0040 0B       		.uleb128 0xb
 454 0041 11       		.uleb128 0x11
 455 0042 01       		.uleb128 0x1
 456 0043 12       		.uleb128 0x12
 457 0044 06       		.uleb128 0x6
 458 0045 40       		.uleb128 0x40
 459 0046 18       		.uleb128 0x18
 460 0047 9742     		.uleb128 0x2117
 461 0049 19       		.uleb128 0x19
 462 004a 01       		.uleb128 0x1
 463 004b 13       		.uleb128 0x13
 464 004c 00       		.byte	0
 465 004d 00       		.byte	0
 466 004e 06       		.uleb128 0x6
 467 004f 898201   		.uleb128 0x4109
 468 0052 01       		.byte	0x1
 469 0053 11       		.uleb128 0x11
 470 0054 01       		.uleb128 0x1
ARM GAS  C:\Users\Morten\AppData\Local\Temp\ccOec4AR.s 			page 10


 471 0055 31       		.uleb128 0x31
 472 0056 13       		.uleb128 0x13
 473 0057 00       		.byte	0
 474 0058 00       		.byte	0
 475 0059 07       		.uleb128 0x7
 476 005a 8A8201   		.uleb128 0x410a
 477 005d 00       		.byte	0
 478 005e 02       		.uleb128 0x2
 479 005f 18       		.uleb128 0x18
 480 0060 9142     		.uleb128 0x2111
 481 0062 18       		.uleb128 0x18
 482 0063 00       		.byte	0
 483 0064 00       		.byte	0
 484 0065 08       		.uleb128 0x8
 485 0066 898201   		.uleb128 0x4109
 486 0069 00       		.byte	0
 487 006a 11       		.uleb128 0x11
 488 006b 01       		.uleb128 0x1
 489 006c 31       		.uleb128 0x31
 490 006d 13       		.uleb128 0x13
 491 006e 00       		.byte	0
 492 006f 00       		.byte	0
 493 0070 09       		.uleb128 0x9
 494 0071 2E       		.uleb128 0x2e
 495 0072 01       		.byte	0x1
 496 0073 3F       		.uleb128 0x3f
 497 0074 19       		.uleb128 0x19
 498 0075 03       		.uleb128 0x3
 499 0076 0E       		.uleb128 0xe
 500 0077 3A       		.uleb128 0x3a
 501 0078 0B       		.uleb128 0xb
 502 0079 3B       		.uleb128 0x3b
 503 007a 0B       		.uleb128 0xb
 504 007b 27       		.uleb128 0x27
 505 007c 19       		.uleb128 0x19
 506 007d 11       		.uleb128 0x11
 507 007e 01       		.uleb128 0x1
 508 007f 12       		.uleb128 0x12
 509 0080 06       		.uleb128 0x6
 510 0081 40       		.uleb128 0x40
 511 0082 18       		.uleb128 0x18
 512 0083 9742     		.uleb128 0x2117
 513 0085 19       		.uleb128 0x19
 514 0086 01       		.uleb128 0x1
 515 0087 13       		.uleb128 0x13
 516 0088 00       		.byte	0
 517 0089 00       		.byte	0
 518 008a 0A       		.uleb128 0xa
 519 008b 2E       		.uleb128 0x2e
 520 008c 00       		.byte	0
 521 008d 3F       		.uleb128 0x3f
 522 008e 19       		.uleb128 0x19
 523 008f 03       		.uleb128 0x3
 524 0090 0E       		.uleb128 0xe
 525 0091 3A       		.uleb128 0x3a
 526 0092 0B       		.uleb128 0xb
 527 0093 3B       		.uleb128 0x3b
ARM GAS  C:\Users\Morten\AppData\Local\Temp\ccOec4AR.s 			page 11


 528 0094 0B       		.uleb128 0xb
 529 0095 49       		.uleb128 0x49
 530 0096 13       		.uleb128 0x13
 531 0097 11       		.uleb128 0x11
 532 0098 01       		.uleb128 0x1
 533 0099 12       		.uleb128 0x12
 534 009a 06       		.uleb128 0x6
 535 009b 40       		.uleb128 0x40
 536 009c 18       		.uleb128 0x18
 537 009d 9742     		.uleb128 0x2117
 538 009f 19       		.uleb128 0x19
 539 00a0 00       		.byte	0
 540 00a1 00       		.byte	0
 541 00a2 0B       		.uleb128 0xb
 542 00a3 2E       		.uleb128 0x2e
 543 00a4 00       		.byte	0
 544 00a5 3F       		.uleb128 0x3f
 545 00a6 19       		.uleb128 0x19
 546 00a7 03       		.uleb128 0x3
 547 00a8 0E       		.uleb128 0xe
 548 00a9 3A       		.uleb128 0x3a
 549 00aa 0B       		.uleb128 0xb
 550 00ab 3B       		.uleb128 0x3b
 551 00ac 0B       		.uleb128 0xb
 552 00ad 11       		.uleb128 0x11
 553 00ae 01       		.uleb128 0x1
 554 00af 12       		.uleb128 0x12
 555 00b0 06       		.uleb128 0x6
 556 00b1 40       		.uleb128 0x40
 557 00b2 18       		.uleb128 0x18
 558 00b3 9742     		.uleb128 0x2117
 559 00b5 19       		.uleb128 0x19
 560 00b6 00       		.byte	0
 561 00b7 00       		.byte	0
 562 00b8 0C       		.uleb128 0xc
 563 00b9 34       		.uleb128 0x34
 564 00ba 00       		.byte	0
 565 00bb 03       		.uleb128 0x3
 566 00bc 0E       		.uleb128 0xe
 567 00bd 3A       		.uleb128 0x3a
 568 00be 0B       		.uleb128 0xb
 569 00bf 3B       		.uleb128 0x3b
 570 00c0 05       		.uleb128 0x5
 571 00c1 49       		.uleb128 0x49
 572 00c2 13       		.uleb128 0x13
 573 00c3 3F       		.uleb128 0x3f
 574 00c4 19       		.uleb128 0x19
 575 00c5 3C       		.uleb128 0x3c
 576 00c6 19       		.uleb128 0x19
 577 00c7 00       		.byte	0
 578 00c8 00       		.byte	0
 579 00c9 0D       		.uleb128 0xd
 580 00ca 35       		.uleb128 0x35
 581 00cb 00       		.byte	0
 582 00cc 49       		.uleb128 0x49
 583 00cd 13       		.uleb128 0x13
 584 00ce 00       		.byte	0
ARM GAS  C:\Users\Morten\AppData\Local\Temp\ccOec4AR.s 			page 12


 585 00cf 00       		.byte	0
 586 00d0 0E       		.uleb128 0xe
 587 00d1 34       		.uleb128 0x34
 588 00d2 00       		.byte	0
 589 00d3 03       		.uleb128 0x3
 590 00d4 0E       		.uleb128 0xe
 591 00d5 3A       		.uleb128 0x3a
 592 00d6 0B       		.uleb128 0xb
 593 00d7 3B       		.uleb128 0x3b
 594 00d8 0B       		.uleb128 0xb
 595 00d9 49       		.uleb128 0x49
 596 00da 13       		.uleb128 0x13
 597 00db 3F       		.uleb128 0x3f
 598 00dc 19       		.uleb128 0x19
 599 00dd 02       		.uleb128 0x2
 600 00de 18       		.uleb128 0x18
 601 00df 00       		.byte	0
 602 00e0 00       		.byte	0
 603 00e1 0F       		.uleb128 0xf
 604 00e2 2E       		.uleb128 0x2e
 605 00e3 00       		.byte	0
 606 00e4 3F       		.uleb128 0x3f
 607 00e5 19       		.uleb128 0x19
 608 00e6 3C       		.uleb128 0x3c
 609 00e7 19       		.uleb128 0x19
 610 00e8 6E       		.uleb128 0x6e
 611 00e9 0E       		.uleb128 0xe
 612 00ea 03       		.uleb128 0x3
 613 00eb 0E       		.uleb128 0xe
 614 00ec 3A       		.uleb128 0x3a
 615 00ed 0B       		.uleb128 0xb
 616 00ee 3B       		.uleb128 0x3b
 617 00ef 0B       		.uleb128 0xb
 618 00f0 00       		.byte	0
 619 00f1 00       		.byte	0
 620 00f2 00       		.byte	0
 621              		.section	.debug_aranges,"",%progbits
 622 0000 44000000 		.4byte	0x44
 623 0004 0200     		.2byte	0x2
 624 0006 00000000 		.4byte	.Ldebug_info0
 625 000a 04       		.byte	0x4
 626 000b 00       		.byte	0
 627 000c 0000     		.2byte	0
 628 000e 0000     		.2byte	0
 629 0010 00000000 		.4byte	.LFB65
 630 0014 10000000 		.4byte	.LFE65-.LFB65
 631 0018 00000000 		.4byte	.LFB66
 632 001c 08000000 		.4byte	.LFE66-.LFB66
 633 0020 00000000 		.4byte	.LFB67
 634 0024 08000000 		.4byte	.LFE67-.LFB67
 635 0028 00000000 		.4byte	.LFB64
 636 002c 20000000 		.4byte	.LFE64-.LFB64
 637 0030 00000000 		.4byte	.LFB68
 638 0034 0C000000 		.4byte	.LFE68-.LFB68
 639 0038 00000000 		.4byte	.LFB69
 640 003c 0C000000 		.4byte	.LFE69-.LFB69
 641 0040 00000000 		.4byte	0
ARM GAS  C:\Users\Morten\AppData\Local\Temp\ccOec4AR.s 			page 13


 642 0044 00000000 		.4byte	0
 643              		.section	.debug_ranges,"",%progbits
 644              	.Ldebug_ranges0:
 645 0000 00000000 		.4byte	.LFB65
 646 0004 10000000 		.4byte	.LFE65
 647 0008 00000000 		.4byte	.LFB66
 648 000c 08000000 		.4byte	.LFE66
 649 0010 00000000 		.4byte	.LFB67
 650 0014 08000000 		.4byte	.LFE67
 651 0018 00000000 		.4byte	.LFB64
 652 001c 20000000 		.4byte	.LFE64
 653 0020 00000000 		.4byte	.LFB68
 654 0024 0C000000 		.4byte	.LFE68
 655 0028 00000000 		.4byte	.LFB69
 656 002c 0C000000 		.4byte	.LFE69
 657 0030 00000000 		.4byte	0
 658 0034 00000000 		.4byte	0
 659              		.section	.debug_line,"",%progbits
 660              	.Ldebug_line0:
 661 0000 C8010000 		.section	.debug_str,"MS",%progbits,1
 661      02006201 
 661      00000201 
 661      FB0E0D00 
 661      01010101 
 662              	.LASF28:
 663 0000 67657454 		.ascii	"getTime\000"
 663      696D6500 
 664              	.LASF9:
 665 0008 5F5F696E 		.ascii	"__int32_t\000"
 665      7433325F 
 665      7400
 666              	.LASF22:
 667 0012 54696D65 		.ascii	"Timer_Stopur_Start\000"
 667      725F5374 
 667      6F707572 
 667      5F537461 
 667      727400
 668              	.LASF10:
 669 0025 696E7433 		.ascii	"int32_t\000"
 669      325F7400 
 670              	.LASF21:
 671 002d 6973725F 		.ascii	"isr_timer_StartEx\000"
 671      74696D65 
 671      725F5374 
 671      61727445 
 671      7800
 672              	.LASF11:
 673 003f 666C6F61 		.ascii	"float\000"
 673      7400
 674              	.LASF1:
 675 0045 756E7369 		.ascii	"unsigned char\000"
 675      676E6564 
 675      20636861 
 675      7200
 676              	.LASF24:
 677 0053 474E5520 		.ascii	"GNU C11 5.4.1 20160609 (release) [ARM/embedded-5-br"
 677      43313120 
ARM GAS  C:\Users\Morten\AppData\Local\Temp\ccOec4AR.s 			page 14


 677      352E342E 
 677      31203230 
 677      31363036 
 678 0086 616E6368 		.ascii	"anch revision 237715] -mcpu=cortex-m3 -mthumb -g -O"
 678      20726576 
 678      6973696F 
 678      6E203233 
 678      37373135 
 679 00b9 67202D66 		.ascii	"g -ffunction-sections -ffat-lto-objects\000"
 679      66756E63 
 679      74696F6E 
 679      2D736563 
 679      74696F6E 
 680              	.LASF18:
 681 00e1 73746F70 		.ascii	"stopTimer\000"
 681      54696D65 
 681      7200
 682              	.LASF5:
 683 00eb 6C6F6E67 		.ascii	"long unsigned int\000"
 683      20756E73 
 683      69676E65 
 683      6420696E 
 683      7400
 684              	.LASF27:
 685 00fd 6973725F 		.ascii	"isr_timer\000"
 685      74696D65 
 685      7200
 686              	.LASF3:
 687 0107 73686F72 		.ascii	"short unsigned int\000"
 687      7420756E 
 687      7369676E 
 687      65642069 
 687      6E7400
 688              	.LASF16:
 689 011a 696E6974 		.ascii	"initTimer\000"
 689      54696D65 
 689      7200
 690              	.LASF19:
 691 0124 49544D5F 		.ascii	"ITM_RxBuffer\000"
 691      52784275 
 691      66666572 
 691      00
 692              	.LASF12:
 693 0131 646F7562 		.ascii	"double\000"
 693      6C6500
 694              	.LASF17:
 695 0138 73746172 		.ascii	"startTimer\000"
 695      7454696D 
 695      657200
 696              	.LASF8:
 697 0143 756E7369 		.ascii	"unsigned int\000"
 697      676E6564 
 697      20696E74 
 697      00
 698              	.LASF23:
 699 0150 54696D65 		.ascii	"Timer_Stopur_Stop\000"
 699      725F5374 
ARM GAS  C:\Users\Morten\AppData\Local\Temp\ccOec4AR.s 			page 15


 699      6F707572 
 699      5F53746F 
 699      7000
 700              	.LASF7:
 701 0162 6C6F6E67 		.ascii	"long long unsigned int\000"
 701      206C6F6E 
 701      6720756E 
 701      7369676E 
 701      65642069 
 702              	.LASF14:
 703 0179 6C6F6E67 		.ascii	"long double\000"
 703      20646F75 
 703      626C6500 
 704              	.LASF15:
 705 0185 73697A65 		.ascii	"sizetype\000"
 705      74797065 
 705      00
 706              	.LASF6:
 707 018e 6C6F6E67 		.ascii	"long long int\000"
 707      206C6F6E 
 707      6720696E 
 707      7400
 708              	.LASF13:
 709 019c 63686172 		.ascii	"char\000"
 709      00
 710              	.LASF20:
 711 01a1 636F756E 		.ascii	"count\000"
 711      7400
 712              	.LASF2:
 713 01a7 73686F72 		.ascii	"short int\000"
 713      7420696E 
 713      7400
 714              	.LASF29:
 715 01b1 636C6561 		.ascii	"clearTimer\000"
 715      7254696D 
 715      657200
 716              	.LASF4:
 717 01bc 6C6F6E67 		.ascii	"long int\000"
 717      20696E74 
 717      00
 718              	.LASF25:
 719 01c5 53746F70 		.ascii	"Stopur.c\000"
 719      75722E63 
 719      00
 720              	.LASF0:
 721 01ce 7369676E 		.ascii	"signed char\000"
 721      65642063 
 721      68617200 
 722              	.LASF26:
 723 01da 433A5C55 		.ascii	"C:\\Users\\Morten\\Desktop\\LCD_displayMedTimer\\LC"
 723      73657273 
 723      5C4D6F72 
 723      74656E5C 
 723      4465736B 
 724 0208 445F6469 		.ascii	"D_display.cydsn\000"
 724      73706C61 
 724      792E6379 
ARM GAS  C:\Users\Morten\AppData\Local\Temp\ccOec4AR.s 			page 16


 724      64736E00 
 725              		.ident	"GCC: (GNU Tools for ARM Embedded Processors) 5.4.1 20160609 (release) [ARM/embedded-5-bran
