--------------- Clean Started: 05/26/2020 10:26:42 Project: Hovedprogram, Configuration: ARM GCC 5.4-2016-q2-update Debug ---------------
Deleting file ".\CortexM3\ARM_GCC_541\Debug\main.o"
Deleting file ".\CortexM3\ARM_GCC_541\Debug\Sensor-control.o"
Deleting file ".\CortexM3\ARM_GCC_541\Debug\UART.o"
Deleting file ".\CortexM3\ARM_GCC_541\Debug\Start.o"
Deleting file ".\CortexM3\ARM_GCC_541\Debug\Display-control.o"
Deleting file ".\CortexM3\ARM_GCC_541\Debug\LiquidCrystal_I2C.o"
Deleting file ".\CortexM3\ARM_GCC_541\Debug\Timer.o"
Deleting file ".\CortexM3\ARM_GCC_541\Debug\LED-control.o"
Deleting file ".\CortexM3\ARM_GCC_541\Debug\VT100Terminal.o"
Deleting file ".\CortexM3\ARM_GCC_541\Debug\SPI-Slave.o"
Deleting file ".\CortexM3\ARM_GCC_541\Debug\cyfitter_cfg.o"
Deleting file ".\CortexM3\ARM_GCC_541\Debug\cymetadata.o"
Deleting file ".\CortexM3\ARM_GCC_541\Debug\isr_LED_ring.o"
Deleting file ".\CortexM3\ARM_GCC_541\Debug\Timer3.o"
Deleting file ".\CortexM3\ARM_GCC_541\Debug\Timer3_PM.o"
Deleting file ".\CortexM3\ARM_GCC_541\Debug\isr_LED_pulse.o"
Deleting file ".\CortexM3\ARM_GCC_541\Debug\Timer2.o"
Deleting file ".\CortexM3\ARM_GCC_541\Debug\Timer2_PM.o"
Deleting file ".\CortexM3\ARM_GCC_541\Debug\timer_clock_1.o"
Deleting file ".\CortexM3\ARM_GCC_541\Debug\isr_LED_refreshrate.o"
Deleting file ".\CortexM3\ARM_GCC_541\Debug\Timer1.o"
Deleting file ".\CortexM3\ARM_GCC_541\Debug\Timer1_PM.o"
Deleting file ".\CortexM3\ARM_GCC_541\Debug\LEDdata2.o"
Deleting file ".\CortexM3\ARM_GCC_541\Debug\SPIM_1.o"
Deleting file ".\CortexM3\ARM_GCC_541\Debug\SPIM_1_PM.o"
Deleting file ".\CortexM3\ARM_GCC_541\Debug\SPIM_1_INT.o"
Deleting file ".\CortexM3\ARM_GCC_541\Debug\LEDdata.o"
Deleting file ".\CortexM3\ARM_GCC_541\Debug\ADC_DelSig_1.o"
Deleting file ".\CortexM3\ARM_GCC_541\Debug\ADC_DelSig_1_PM.o"
Deleting file ".\CortexM3\ARM_GCC_541\Debug\ADC_DelSig_1_INT.o"
Deleting file ".\CortexM3\ARM_GCC_541\Debug\PlayerSelect.o"
Deleting file ".\CortexM3\ARM_GCC_541\Debug\UART_1.o"
Deleting file ".\CortexM3\ARM_GCC_541\Debug\UART_1_PM.o"
Deleting file ".\CortexM3\ARM_GCC_541\Debug\UART_1_INT.o"
Deleting file ".\CortexM3\ARM_GCC_541\Debug\UART_1_BOOT.o"
Deleting file ".\CortexM3\ARM_GCC_541\Debug\isr_uart_rx.o"
Deleting file ".\CortexM3\ARM_GCC_541\Debug\isr_button.o"
Deleting file ".\CortexM3\ARM_GCC_541\Debug\Pin_2.o"
Deleting file ".\CortexM3\ARM_GCC_541\Debug\MOSI.o"
Deleting file ".\CortexM3\ARM_GCC_541\Debug\MISO.o"
Deleting file ".\CortexM3\ARM_GCC_541\Debug\SCLK.o"
Deleting file ".\CortexM3\ARM_GCC_541\Debug\SPIMOutCtrl.o"
Deleting file ".\CortexM3\ARM_GCC_541\Debug\SPIMOutCtrl_PM.o"
Deleting file ".\CortexM3\ARM_GCC_541\Debug\I2C_1.o"
Deleting file ".\CortexM3\ARM_GCC_541\Debug\I2C_1_BOOT.o"
Deleting file ".\CortexM3\ARM_GCC_541\Debug\I2C_1_INT.o"
Deleting file ".\CortexM3\ARM_GCC_541\Debug\I2C_1_PM.o"
Deleting file ".\CortexM3\ARM_GCC_541\Debug\I2C_1_SLAVE.o"
Deleting file ".\CortexM3\ARM_GCC_541\Debug\I2C_1_MASTER.o"
Deleting file ".\CortexM3\ARM_GCC_541\Debug\SDA_pin.o"
Deleting file ".\CortexM3\ARM_GCC_541\Debug\SCL_pin.o"
Deleting file ".\CortexM3\ARM_GCC_541\Debug\Timer_Stopur.o"
Deleting file ".\CortexM3\ARM_GCC_541\Debug\Timer_Stopur_PM.o"
Deleting file ".\CortexM3\ARM_GCC_541\Debug\isr_timer.o"
Deleting file ".\CortexM3\ARM_GCC_541\Debug\Timer_LCD.o"
Deleting file ".\CortexM3\ARM_GCC_541\Debug\Timer_LCD_PM.o"
Deleting file ".\CortexM3\ARM_GCC_541\Debug\isr_refreshrate_LCD.o"
Deleting file ".\CortexM3\ARM_GCC_541\Debug\Timer4.o"
Deleting file ".\CortexM3\ARM_GCC_541\Debug\Timer4_PM.o"
Deleting file ".\CortexM3\ARM_GCC_541\Debug\isr_BlinkLED.o"
Deleting file ".\CortexM3\ARM_GCC_541\Debug\isr_delay.o"
Deleting file ".\CortexM3\ARM_GCC_541\Debug\Timer5.o"
Deleting file ".\CortexM3\ARM_GCC_541\Debug\Timer5_PM.o"
Deleting file ".\CortexM3\ARM_GCC_541\Debug\SPI_int.o"
Deleting file ".\CortexM3\ARM_GCC_541\Debug\SPIS.o"
Deleting file ".\CortexM3\ARM_GCC_541\Debug\SPIS_PM.o"
Deleting file ".\CortexM3\ARM_GCC_541\Debug\SPIS_INT.o"
Deleting file ".\CortexM3\ARM_GCC_541\Debug\SPIS_BOOT.o"
Deleting file ".\CortexM3\ARM_GCC_541\Debug\SS.o"
Deleting file ".\CortexM3\ARM_GCC_541\Debug\rx_isr.o"
Deleting file ".\CortexM3\ARM_GCC_541\Debug\SPIM_1_IntClock.o"
Deleting file ".\CortexM3\ARM_GCC_541\Debug\ADC_DelSig_1_AMux.o"
Deleting file ".\CortexM3\ARM_GCC_541\Debug\ADC_DelSig_1_Ext_CP_Clk.o"
Deleting file ".\CortexM3\ARM_GCC_541\Debug\ADC_DelSig_1_IRQ.o"
Deleting file ".\CortexM3\ARM_GCC_541\Debug\ADC_DelSig_1_theACLK.o"
Deleting file ".\CortexM3\ARM_GCC_541\Debug\UART_1_IntClock.o"
Deleting file ".\CortexM3\ARM_GCC_541\Debug\SPIS_IntClock.o"
Deleting file ".\CortexM3\ARM_GCC_541\Debug\Cm3Start.o"
Deleting file ".\CortexM3\ARM_GCC_541\Debug\CyBootAsmGnu.o"
Deleting file ".\CortexM3\ARM_GCC_541\Debug\CyDmac.o"
Deleting file ".\CortexM3\ARM_GCC_541\Debug\CyFlash.o"
Deleting file ".\CortexM3\ARM_GCC_541\Debug\CyLib.o"
Deleting file ".\CortexM3\ARM_GCC_541\Debug\cyPm.o"
Deleting file ".\CortexM3\ARM_GCC_541\Debug\CySpc.o"
Deleting file ".\CortexM3\ARM_GCC_541\Debug\cyutils.o"
Deleting file ".\CortexM3\ARM_GCC_541\Debug\cy_em_eeprom.o"
Deleting file ".\CortexM3\ARM_GCC_541\Debug\ADC_p2.o"
Deleting file ".\CortexM3\ARM_GCC_541\Debug\ADC_p1.o"
Deleting file ".\CortexM3\ARM_GCC_541\Debug\Hovedprogram.hex"
Deleting file ".\CortexM3\ARM_GCC_541\Debug\Hovedprogram.elf"
Deleting file ".\CortexM3\ARM_GCC_541\Debug\Hovedprogram.map"
Deleting file ".\Hovedprogram.cycdx"
Deleting file ".\Hovedprogram.svd"
Deleting file ".\Hovedprogram.rpt"
Deleting file ".\Hovedprogram_timing.html"
Deleting file ".\CortexM3\ARM_GCC_541\Debug\.deps\SOURCE_C__ARM_GCC_GENERIC.P"
Deleting file ".\CortexM3\ARM_GCC_541\Debug\.deps\SOURCE_ASM__ARM_GCC_GENERIC.P"
--------------- Clean Succeeded: 05/26/2020 10:26:42 ---------------
