<<<<<<< HEAD
<<<<<<< HEAD
--------------- Build Started: 05/06/2020 00:15:53 Project: Hovedprogram, Configuration: ARM GCC 5.4-2016-q2-update Debug ---------------
The code generation step is up to date.
arm-none-eabi-gcc.exe -mcpu=cortex-m3 -mthumb -I. -IGenerated_Source\PSoC5 -Wa,-alh=.\CortexM3\ARM_GCC_541\Debug/main.lst -g -D DEBUG -D CY_CORE_ID=0 -Wall -ffunction-sections -ffat-lto-objects -Og -c main.c -o .\CortexM3\ARM_GCC_541\Debug\main.o
In file included from Generated_Source\PSoC5/cytypes.h:37:0,
                 from Generated_Source\PSoC5/cyfitter_cfg.h:24,
                 from Generated_Source\PSoC5/project.h:21,
                 from WeightSensors_.h:27,
                 from main.c:14:
Generated_Source\PSoC5/cyfitter.h:1506:1: error: expected identifier or '(' before '<<' token
 <<<<<<< HEAD
 ^
Generated_Source\PSoC5/cyfitter.h:1509:0: warning: "CY_VERSION" redefined
 #define CY_VERSION "PSoC Creator  4.3 Early Access"
 ^
Generated_Source\PSoC5/cyfitter.h:1507:0: note: this is the location of the previous definition
 #define CY_VERSION "PSoC Creator  4.2"
 ^
Generated_Source\PSoC5/cyfitter.h:1510:9: error: invalid suffix "be614d15d90d77c8d1457ba3bca8cd61917b" on integer constant
 >>>>>>> 9773be614d15d90d77c8d1457ba3bca8cd61917b
         ^
In file included from Generated_Source\PSoC5/cyfitter_cfg.h:24:0,
                 from Generated_Source\PSoC5/project.h:21,
                 from WeightSensors_.h:27,
                 from main.c:14:
Generated_Source\PSoC5/cytypes.h:654:18: error: unknown type name 'uint8'
 typedef volatile uint8  CYXDATA reg8;
                  ^
In file included from Generated_Source\PSoC5/project.h:21:0,
                 from WeightSensors_.h:27,
                 from main.c:14:
Generated_Source\PSoC5/cyfitter_cfg.h:29:35: error: unknown type name 'uint8'
 extern void SetAnalogRoutingPumps(uint8 enabled);
                                   ^
Generated_Source\PSoC5/cyfitter_cfg.h:30:30: error: unknown type name 'uint8'
 extern void PlayerSelect_Set(uint8 channel);
                              ^
Generated_Source\PSoC5/cyfitter_cfg.h:31:32: error: unknown type name 'uint8'
 extern void PlayerSelect_Unset(uint8 channel);
                                ^
Generated_Source\PSoC5/cyfitter_cfg.h:35:8: error: unknown type name 'uint8'
 extern uint8 CYXDATA * const CYCODE PlayerSelect__addrTable[2];
        ^
Generated_Source\PSoC5/cyfitter_cfg.h:39:14: error: unknown type name 'uint8'
 extern const uint8 CYCODE PlayerSelect__maskTable[2];
              ^
In file included from Generated_Source\PSoC5/project.h:26:0,
                 from WeightSensors_.h:27,
                 from main.c:14:
Generated_Source\PSoC5/isr_LED_ring.h:32:31: error: unknown type name 'uint8'
 void isr_LED_ring_SetPriority(uint8 priority);
                               ^
Generated_Source\PSoC5/isr_LED_ring.h:33:1: error: unknown type name 'uint8'
 uint8 isr_LED_ring_GetPriority(void);
 ^
Generated_Source\PSoC5/isr_LED_ring.h:36:1: error: unknown type name 'uint8'
 uint8 isr_LED_ring_GetState(void);
 ^
In file included from Generated_Source\PSoC5/CyFlash.h:24:0,
                 from Generated_Source\PSoC5/cyPm.h:25,
                 from Generated_Source\PSoC5/CyLib.h:29,
                 from Generated_Source\PSoC5/Timer3.h:24,
                 from Generated_Source\PSoC5/project.h:27,
                 from WeightSensors_.h:27,
                 from main.c:14:
Generated_Source\PSoC5/CySpc.h:28:8: error: unknown type name 'uint8'
 extern uint8 SpcLockState;
        ^
Generated_Source\PSoC5/CySpc.h:36:1: error: unknown type name 'uint8'
 uint8    CySpcReadData(uint8 buffer[], uint8 size);
 ^
Generated_Source\PSoC5/CySpc.h:36:24: error: unknown type name 'uint8'
 uint8    CySpcReadData(uint8 buffer[], uint8 size);
                        ^
Generated_Source\PSoC5/CySpc.h:36:40: error: unknown type name 'uint8'
 uint8    CySpcReadData(uint8 buffer[], uint8 size);
                                        ^
Generated_Source\PSoC5/CySpc.h:37:29: error: unknown type name 'uint8'
 cystatus CySpcLoadMultiByte(uint8 array, uint16 address, const uint8 buffer[], uint8 size)\
                             ^
Generated_Source\PSoC5/CySpc.h:37:64: error: unknown type name 'uint8'
 cystatus CySpcLoadMultiByte(uint8 array, uint16 address, const uint8 buffer[], uint8 size)\
                                                                ^
Generated_Source\PSoC5/CySpc.h:37:80: error: unknown type name 'uint8'
 cystatus CySpcLoadMultiByte(uint8 array, uint16 address, const uint8 buffer[], uint8 size)\
                                                                                ^
Generated_Source\PSoC5/CySpc.h:39:23: error: unknown type name 'uint8'
 cystatus CySpcLoadRow(uint8 array, const uint8 buffer[], uint16 size);
                       ^
Generated_Source\PSoC5/CySpc.h:39:42: error: unknown type name 'uint8'
 cystatus CySpcLoadRow(uint8 array, const uint8 buffer[], uint16 size);
                                          ^
Generated_Source\PSoC5/CySpc.h:40:27: error: unknown type name 'uint8'
 cystatus CySpcLoadRowFull(uint8 array, uint16 row, const uint8 buffer[], uint16 size)\
                           ^
Generated_Source\PSoC5/CySpc.h:40:58: error: unknown type name 'uint8'
 cystatus CySpcLoadRowFull(uint8 array, uint16 row, const uint8 buffer[], uint16 size)\
                                                          ^
Generated_Source\PSoC5/CySpc.h:42:24: error: unknown type name 'uint8'
 cystatus CySpcWriteRow(uint8 array, uint16 address, uint8 tempPolarity, uint8 tempMagnitude)\
                        ^
Generated_Source\PSoC5/CySpc.h:42:53: error: unknown type name 'uint8'
 cystatus CySpcWriteRow(uint8 array, uint16 address, uint8 tempPolarity, uint8 tempMagnitude)\
                                                     ^
Generated_Source\PSoC5/CySpc.h:42:73: error: unknown type name 'uint8'
 cystatus CySpcWriteRow(uint8 array, uint16 address, uint8 tempPolarity, uint8 tempMagnitude)\
                                                                         ^
Generated_Source\PSoC5/CySpc.h:44:27: error: unknown type name 'uint8'
 cystatus CySpcEraseSector(uint8 array, uint8 sectorNumber);
                           ^
Generated_Source\PSoC5/CySpc.h:44:40: error: unknown type name 'uint8'
 cystatus CySpcEraseSector(uint8 array, uint8 sectorNumber);
                                        ^
Generated_Source\PSoC5/CySpc.h:45:24: error: unknown type name 'uint8'
 cystatus CySpcEraseRow(uint8 array, uint16 address, uint8 tempPolarity, uint8 tempMagnitude)\
                        ^
Generated_Source\PSoC5/CySpc.h:45:53: error: unknown type name 'uint8'
 cystatus CySpcEraseRow(uint8 array, uint16 address, uint8 tempPolarity, uint8 tempMagnitude)\
                                                     ^
Generated_Source\PSoC5/CySpc.h:45:73: error: unknown type name 'uint8'
 cystatus CySpcEraseRow(uint8 array, uint16 address, uint8 tempPolarity, uint8 tempMagnitude)\
                                                                         ^
Generated_Source\PSoC5/CySpc.h:47:23: error: unknown type name 'uint8'
 cystatus CySpcGetTemp(uint8 numSamples);
                       ^
In file included from Generated_Source\PSoC5/cyPm.h:25:0,
                 from Generated_Source\PSoC5/CyLib.h:29,
                 from Generated_Source\PSoC5/Timer3.h:24,
                 from Generated_Source\PSoC5/project.h:27,
                 from WeightSensors_.h:27,
                 from main.c:14:
Generated_Source\PSoC5/CyFlash.h:28:8: error: unknown type name 'uint8'
 extern uint8 dieTemperature[CY_FLASH_DIE_TEMP_DATA_SIZE];
        ^
Generated_Source\PSoC5/CyFlash.h:69:27: error: unknown type name 'uint8'
 cystatus CyFlash_EraseRow(uint8 arrayId, uint16 rowAddress);
                           ^
Generated_Source\PSoC5/CyFlash.h:71:29: error: unknown type name 'uint8'
 cystatus CySetFlashEEBuffer(uint8 * buffer);
                             ^
Generated_Source\PSoC5/CyFlash.h:73:25: error: unknown type name 'uint8'
 cystatus CyWriteRowFull(uint8 arrayId, uint16 rowNumber, const uint8 * rowData, uint16 rowSize) \
                         ^
Generated_Source\PSoC5/CyFlash.h:73:64: error: unknown type name 'uint8'
 cystatus CyWriteRowFull(uint8 arrayId, uint16 rowNumber, const uint8 * rowData, uint16 rowSize) \
                                                                ^
Generated_Source\PSoC5/CyFlash.h:75:25: error: unknown type name 'uint8'
 cystatus CyWriteRowData(uint8 arrayId, uint16 rowAddress, const uint8 * rowData);
                         ^
Generated_Source\PSoC5/CyFlash.h:75:65: error: unknown type name 'uint8'
 cystatus CyWriteRowData(uint8 arrayId, uint16 rowAddress, const uint8 * rowData);
                                                                 ^
Generated_Source\PSoC5/CyFlash.h:82:28: error: unknown type name 'uint8'
 void CyFlash_SetWaitCycles(uint8 freq) ;
                            ^
In file included from Generated_Source\PSoC5/CyLib.h:29:0,
                 from Generated_Source\PSoC5/Timer3.h:24,
                 from Generated_Source\PSoC5/project.h:27,
                 from WeightSensors_.h:27,
                 from main.c:14:
Generated_Source\PSoC5/cyPm.h:34:16: error: unknown type name 'uint8'
 void CyPmSleep(uint8 wakeupTime, uint16 wakeupSource) ;
                ^
Generated_Source\PSoC5/cyPm.h:38:1: error: unknown type name 'uint8'
 uint8 CyPmReadStatus(uint8 mask) ;
 ^
Generated_Source\PSoC5/cyPm.h:38:22: error: unknown type name 'uint8'
 uint8 CyPmReadStatus(uint8 mask) ;
                      ^
Generated_Source\PSoC5/cyPm.h:41:25: error: unknown type name 'uint8'
 void CyPmCtwSetInterval(uint8 ctwInterval) ;
                         ^
Generated_Source\PSoC5/cyPm.h:42:25: error: unknown type name 'uint8'
 void CyPmFtwSetInterval(uint8 ftwInterval) ;
                         ^
Generated_Source\PSoC5/cyPm.h:251:5: error: unknown type name 'uint8'
     uint8  enClkA;              /* Analog clocks enable         */
     ^
Generated_Source\PSoC5/cyPm.h:252:5: error: unknown type name 'uint8'
     uint8  enClkD;              /* Digital clocks enable        */
     ^
Generated_Source\PSoC5/cyPm.h:253:5: error: unknown type name 'uint8'
     uint8  masterClkSrc;        /* Master clock source          */
     ^
Generated_Source\PSoC5/cyPm.h:254:5: error: unknown type name 'uint8'
     uint8  imoFreq;             /* IMO frequency (reg's value)  */
     ^
Generated_Source\PSoC5/cyPm.h:255:5: error: unknown type name 'uint8'
     uint8  imoUsbClk;           /* IMO USB CLK (reg's value)    */
     ^
Generated_Source\PSoC5/cyPm.h:256:5: error: unknown type name 'uint8'
     uint8  flashWaitCycles;     /* Flash wait cycles            */
     ^
Generated_Source\PSoC5/cyPm.h:257:5: error: unknown type name 'uint8'
     uint8  imoEnable;           /* IMO enable in Active mode    */
     ^
Generated_Source\PSoC5/cyPm.h:258:5: error: unknown type name 'uint8'
     uint8  imoClkSrc;           /* The IMO output               */
     ^
Generated_Source\PSoC5/cyPm.h:259:5: error: unknown type name 'uint8'
     uint8  clkImoSrc;
     ^
Generated_Source\PSoC5/cyPm.h:260:5: error: unknown type name 'uint8'
     uint8  imo2x;               /* IMO doubler enable state     */
     ^
Generated_Source\PSoC5/cyPm.h:261:5: error: unknown type name 'uint8'
     uint8  clkSyncDiv;          /* Master clk divider           */
     ^
Generated_Source\PSoC5/cyPm.h:263:5: error: unknown type name 'uint8'
     uint8  pllEnableState;      /* PLL enable state             */
     ^
Generated_Source\PSoC5/cyPm.h:264:5: error: unknown type name 'uint8'
     uint8  xmhzEnableState;     /* XM HZ enable state           */
     ^
Generated_Source\PSoC5/cyPm.h:265:5: error: unknown type name 'uint8'
     uint8  clkDistDelay;        /* Delay for clk_bus and ACLKs  */
     ^
Generated_Source\PSoC5/cyPm.h:272:5: error: unknown type name 'uint8'
     uint8 iloPowerMode;         /* ILO power mode           */
     ^
Generated_Source\PSoC5/cyPm.h:273:5: error: unknown type name 'uint8'
     uint8 ilo1kEnable;          /* ILO 1K enable state      */
     ^
Generated_Source\PSoC5/cyPm.h:274:5: error: unknown type name 'uint8'
     uint8 ilo100kEnable;        /* ILO 100K enable state    */
     ^
Generated_Source\PSoC5/cyPm.h:276:5: error: unknown type name 'uint8'
     uint8 slpTrBypass;          /* Sleep Trim Bypass        */
     ^
Generated_Source\PSoC5/cyPm.h:286:5: error: unknown type name 'uint8'
     uint8 wakeupCfg0;       /* Wake up configuration 0  */
     ^
Generated_Source\PSoC5/cyPm.h:287:5: error: unknown type name 'uint8'
     uint8 wakeupCfg1;       /* Wake up configuration 1  */
     ^
Generated_Source\PSoC5/cyPm.h:288:5: error: unknown type name 'uint8'
     uint8 wakeupCfg2;       /* Wake up configuration 2  */
     ^
Generated_Source\PSoC5/cyPm.h:290:5: error: unknown type name 'uint8'
     uint8 wakeupTrim0;
     ^
Generated_Source\PSoC5/cyPm.h:291:5: error: unknown type name 'uint8'
     uint8 wakeupTrim1;
     ^
Generated_Source\PSoC5/cyPm.h:295:9: error: unknown type name 'uint8'
         uint8 wakeupTrim3;
         ^
Generated_Source\PSoC5/cyPm.h:299:5: error: unknown type name 'uint8'
     uint8 scctData[28u];   /* SC/CT routing registers  */
     ^
Generated_Source\PSoC5/cyPm.h:302:5: error: unknown type name 'uint8'
     uint8 lvidEn;
     ^
Generated_Source\PSoC5/cyPm.h:303:5: error: unknown type name 'uint8'
     uint8 lvidTrip;
     ^
Generated_Source\PSoC5/cyPm.h:304:5: error: unknown type name 'uint8'
     uint8 lviaEn;
     ^
Generated_Source\PSoC5/cyPm.h:305:5: error: unknown type name 'uint8'
     uint8 lviaTrip;
     ^
Generated_Source\PSoC5/cyPm.h:306:5: error: unknown type name 'uint8'
     uint8 hviaEn;
     ^
Generated_Source\PSoC5/cyPm.h:307:5: error: unknown type name 'uint8'
     uint8 lvidRst;
     ^
Generated_Source\PSoC5/cyPm.h:308:5: error: unknown type name 'uint8'
     uint8 lviaRst;
     ^
Generated_Source\PSoC5/cyPm.h:310:5: error: unknown type name 'uint8'
     uint8 imoActFreq;       /* Last moment IMO change   */
     ^
Generated_Source\PSoC5/cyPm.h:311:5: error: unknown type name 'uint8'
     uint8 imoActFreq12Mhz;  /* 12 MHz or not            */
     ^
Generated_Source\PSoC5/cyPm.h:313:5: error: unknown type name 'uint8'
     uint8 boostRefExt;      /* Boost reference selection */
     ^
In file included from Generated_Source\PSoC5/Timer3.h:24:0,
                 from Generated_Source\PSoC5/project.h:27,
                 from WeightSensors_.h:27,
                 from main.c:14:
Generated_Source\PSoC5/CyLib.h:44:8: error: unknown type name 'uint8'
 extern uint8 CYXDATA CyResetStatus;
        ^
Generated_Source\PSoC5/CyLib.h:58:8: error: unknown type name 'uint8'
 extern uint8  cydelay_freq_mhz;
        ^
Generated_Source\PSoC5/CyLib.h:65:26: error: unknown type name 'uint8'
 cystatus CyPLL_OUT_Start(uint8 wait) ;
                          ^
Generated_Source\PSoC5/CyLib.h:67:23: error: unknown type name 'uint8'
 void  CyPLL_OUT_SetPQ(uint8 pDiv, uint8 qDiv, uint8 current) ;
                       ^
Generated_Source\PSoC5/CyLib.h:67:35: error: unknown type name 'uint8'
 void  CyPLL_OUT_SetPQ(uint8 pDiv, uint8 qDiv, uint8 current) ;
                                   ^
Generated_Source\PSoC5/CyLib.h:67:47: error: unknown type name 'uint8'
 void  CyPLL_OUT_SetPQ(uint8 pDiv, uint8 qDiv, uint8 current) ;
                                               ^
Generated_Source\PSoC5/CyLib.h:68:27: error: unknown type name 'uint8'
 void  CyPLL_OUT_SetSource(uint8 source) ;
                           ^
Generated_Source\PSoC5/CyLib.h:70:19: error: unknown type name 'uint8'
 void  CyIMO_Start(uint8 wait) ;
                   ^
Generated_Source\PSoC5/CyLib.h:72:21: error: unknown type name 'uint8'
 void  CyIMO_SetFreq(uint8 freq) ;
                     ^
Generated_Source\PSoC5/CyLib.h:73:23: error: unknown type name 'uint8'
 void  CyIMO_SetSource(uint8 source) ;
                       ^
Generated_Source\PSoC5/CyLib.h:77:29: error: unknown type name 'uint8'
 void  CyMasterClk_SetSource(uint8 source) ;
                             ^
Generated_Source\PSoC5/CyLib.h:78:30: error: unknown type name 'uint8'
 void  CyMasterClk_SetDivider(uint8 divider) ;
                              ^
Generated_Source\PSoC5/CyLib.h:85:26: error: unknown type name 'uint8'
 void  CyUsbClk_SetSource(uint8 source) ;
                          ^
Generated_Source\PSoC5/CyLib.h:93:23: error: unknown type name 'uint8'
 void  CyILO_SetSource(uint8 source) ;
                       ^
Generated_Source\PSoC5/CyLib.h:94:1: error: unknown type name 'uint8'
 uint8 CyILO_SetPowerMode(uint8 mode) ;
 ^
Generated_Source\PSoC5/CyLib.h:94:26: error: unknown type name 'uint8'
 uint8 CyILO_SetPowerMode(uint8 mode) ;
                          ^
Generated_Source\PSoC5/CyLib.h:96:1: error: unknown type name 'uint8'
 uint8 CyXTAL_32KHZ_ReadStatus(void) ;
 ^
Generated_Source\PSoC5/CyLib.h:97:1: error: unknown type name 'uint8'
 uint8 CyXTAL_32KHZ_SetPowerMode(uint8 mode) ;
 ^
Generated_Source\PSoC5/CyLib.h:97:33: error: unknown type name 'uint8'
 uint8 CyXTAL_32KHZ_SetPowerMode(uint8 mode) ;
                                 ^
Generated_Source\PSoC5/CyLib.h:101:23: error: unknown type name 'uint8'
 cystatus CyXTAL_Start(uint8 wait) ;
                       ^
Generated_Source\PSoC5/CyLib.h:103:25: error: unknown type name 'uint8'
 void  CyXTAL_SetStartup(uint8 setting) ;
                         ^
Generated_Source\PSoC5/CyLib.h:107:1: error: unknown type name 'uint8'
 uint8 CyXTAL_ReadStatus(void) ;
 ^
Generated_Source\PSoC5/CyLib.h:111:26: error: unknown type name 'uint8'
 void CyXTAL_SetFbVoltage(uint8 setting) ;
                          ^
Generated_Source\PSoC5/CyLib.h:112:26: error: unknown type name 'uint8'
 void CyXTAL_SetWdVoltage(uint8 setting) ;
                          ^
Generated_Source\PSoC5/CyLib.h:114:17: error: unknown type name 'uint8'
 void CyWdtStart(uint8 ticks, uint8 lpMode) ;
                 ^
Generated_Source\PSoC5/CyLib.h:114:30: error: unknown type name 'uint8'
 void CyWdtStart(uint8 ticks, uint8 lpMode) ;
                              ^
Generated_Source\PSoC5/CyLib.h:125:1: error: unknown type name 'uint8'
 uint8 CyEnterCriticalSection(void);
 ^
Generated_Source\PSoC5/CyLib.h:126:28: error: unknown type name 'uint8'
 void CyExitCriticalSection(uint8 savedIntrStatus);
                            ^
Generated_Source\PSoC5/CyLib.h:127:13: error: unknown type name 'uint8'
 void CyHalt(uint8 reason) CYREENTRANT;
             ^
Generated_Source\PSoC5/CyLib.h:132:36: error: unknown type name 'uint8'
     cyisraddress CyIntSetSysVector(uint8 number, cyisraddress address)  ;
                                    ^
Generated_Source\PSoC5/CyLib.h:133:36: error: unknown type name 'uint8'
     cyisraddress CyIntGetSysVector(uint8 number) ;
                                    ^
Generated_Source\PSoC5/CyLib.h:136:29: error: unknown type name 'uint8'
 cyisraddress CyIntSetVector(uint8 number, cyisraddress address) ;
                             ^
Generated_Source\PSoC5/CyLib.h:137:29: error: unknown type name 'uint8'
 cyisraddress CyIntGetVector(uint8 number) ;
                             ^
Generated_Source\PSoC5/CyLib.h:139:24: error: unknown type name 'uint8'
 void  CyIntSetPriority(uint8 number, uint8 priority) ;
                        ^
Generated_Source\PSoC5/CyLib.h:139:38: error: unknown type name 'uint8'
 void  CyIntSetPriority(uint8 number, uint8 priority) ;
                                      ^
Generated_Source\PSoC5/CyLib.h:140:1: error: unknown type name 'uint8'
 uint8 CyIntGetPriority(uint8 number) ;
 ^
Generated_Source\PSoC5/CyLib.h:140:24: error: unknown type name 'uint8'
 uint8 CyIntGetPriority(uint8 number) ;
                        ^
Generated_Source\PSoC5/CyLib.h:142:1: error: unknown type name 'uint8'
 uint8 CyIntGetState(uint8 number) ;
 ^
Generated_Source\PSoC5/CyLib.h:142:21: error: unknown type name 'uint8'
 uint8 CyIntGetState(uint8 number) ;
                     ^
Generated_Source\PSoC5/CyLib.h:154:24: error: unknown type name 'uint8'
 void CyVdLvDigitEnable(uint8 reset, uint8 threshold) ;
                        ^
Generated_Source\PSoC5/CyLib.h:154:37: error: unknown type name 'uint8'
 void CyVdLvDigitEnable(uint8 reset, uint8 threshold) ;
                                     ^
Generated_Source\PSoC5/CyLib.h:155:25: error: unknown type name 'uint8'
 void CyVdLvAnalogEnable(uint8 reset, uint8 threshold) ;
                         ^
Generated_Source\PSoC5/CyLib.h:155:38: error: unknown type name 'uint8'
 void CyVdLvAnalogEnable(uint8 reset, uint8 threshold) ;
                                      ^
Generated_Source\PSoC5/CyLib.h:160:1: error: unknown type name 'uint8'
 uint8 CyVdStickyStatus(uint8 mask) ;
 ^
Generated_Source\PSoC5/CyLib.h:160:24: error: unknown type name 'uint8'
 uint8 CyVdStickyStatus(uint8 mask) ;
                        ^
Generated_Source\PSoC5/CyLib.h:161:1: error: unknown type name 'uint8'
 uint8 CyVdRealTimeStatus(void) ;
 ^
Generated_Source\PSoC5/CyLib.h:163:19: error: unknown type name 'uint8'
 void CySetScPumps(uint8 enable) ;
                   ^
In file included from Generated_Source\PSoC5/project.h:27:0,
                 from WeightSensors_.h:27,
                 from main.c:14:
Generated_Source\PSoC5/Timer3.h:26:8: error: unknown type name 'uint8'
 extern uint8 Timer3_initVar;
        ^
Generated_Source\PSoC5/Timer3.h:69:5: error: unknown type name 'uint8'
     uint8 TimerEnableState;
     ^
Generated_Source\PSoC5/Timer3.h:73:9: error: unknown type name 'uint8'
         uint8 InterruptMaskValue;
         ^
Generated_Source\PSoC5/Timer3.h:79:13: error: unknown type name 'uint8'
             uint8 TimerControlRegister;
             ^
Generated_Source\PSoC5/Timer3.h:93:33: error: unknown type name 'uint8'
 void    Timer3_SetInterruptMode(uint8 interruptMode) ;
                                 ^
Generated_Source\PSoC5/Timer3.h:94:1: error: unknown type name 'uint8'
 uint8   Timer3_ReadStatusRegister(void) ;
 ^
Generated_Source\PSoC5/Timer3.h:99:5: error: unknown type name 'uint8'
     uint8   Timer3_ReadControlRegister(void) ;
     ^
Generated_Source\PSoC5/Timer3.h:100:41: error: unknown type name 'uint8'
     void    Timer3_WriteControlRegister(uint8 control) ;
                                         ^
In file included from Generated_Source\PSoC5/project.h:28:0,
                 from WeightSensors_.h:27,
                 from main.c:14:
Generated_Source\PSoC5/isr_LED_pulse.h:32:32: error: unknown type name 'uint8'
 void isr_LED_pulse_SetPriority(uint8 priority);
                                ^
Generated_Source\PSoC5/isr_LED_pulse.h:33:1: error: unknown type name 'uint8'
 uint8 isr_LED_pulse_GetPriority(void);
 ^
Generated_Source\PSoC5/isr_LED_pulse.h:36:1: error: unknown type name 'uint8'
 uint8 isr_LED_pulse_GetState(void);
 ^
In file included from Generated_Source\PSoC5/project.h:29:0,
                 from WeightSensors_.h:27,
                 from main.c:14:
Generated_Source\PSoC5/Timer2.h:26:8: error: unknown type name 'uint8'
 extern uint8 Timer2_initVar;
        ^
Generated_Source\PSoC5/Timer2.h:69:5: error: unknown type name 'uint8'
     uint8 TimerEnableState;
     ^
Generated_Source\PSoC5/Timer2.h:73:9: error: unknown type name 'uint8'
         uint8 InterruptMaskValue;
         ^
Generated_Source\PSoC5/Timer2.h:79:13: error: unknown type name 'uint8'
             uint8 TimerControlRegister;
             ^
Generated_Source\PSoC5/Timer2.h:93:33: error: unknown type name 'uint8'
 void    Timer2_SetInterruptMode(uint8 interruptMode) ;
                                 ^
Generated_Source\PSoC5/Timer2.h:94:1: error: unknown type name 'uint8'
 uint8   Timer2_ReadStatusRegister(void) ;
 ^
Generated_Source\PSoC5/Timer2.h:99:5: error: unknown type name 'uint8'
     uint8   Timer2_ReadControlRegister(void) ;
     ^
Generated_Source\PSoC5/Timer2.h:100:41: error: unknown type name 'uint8'
     void    Timer2_WriteControlRegister(uint8 control) ;
                                         ^
In file included from Generated_Source\PSoC5/project.h:30:0,
                 from WeightSensors_.h:27,
                 from main.c:14:
Generated_Source\PSoC5/timer_clock_1.h:46:33: error: unknown type name 'uint8'
 void timer_clock_1_StandbyPower(uint8 state) ;
                                 ^
Generated_Source\PSoC5/timer_clock_1.h:47:58: error: unknown type name 'uint8'
 void timer_clock_1_SetDividerRegister(uint16 clkDivider, uint8 restart) 
                                                          ^
Generated_Source\PSoC5/timer_clock_1.h:50:36: error: unknown type name 'uint8'
 void timer_clock_1_SetModeRegister(uint8 modeBitMask) ;
                                    ^
Generated_Source\PSoC5/timer_clock_1.h:51:38: error: unknown type name 'uint8'
 void timer_clock_1_ClearModeRegister(uint8 modeBitMask) ;
                                      ^
Generated_Source\PSoC5/timer_clock_1.h:52:1: error: unknown type name 'uint8'
 uint8 timer_clock_1_GetModeRegister(void) ;
 ^
Generated_Source\PSoC5/timer_clock_1.h:53:38: error: unknown type name 'uint8'
 void timer_clock_1_SetSourceRegister(uint8 clkSource) ;
                                      ^
Generated_Source\PSoC5/timer_clock_1.h:54:1: error: unknown type name 'uint8'
 uint8 timer_clock_1_GetSourceRegister(void) ;
 ^
In file included from Generated_Source\PSoC5/project.h:31:0,
                 from WeightSensors_.h:27,
                 from main.c:14:
Generated_Source\PSoC5/isr_LED_refreshrate.h:32:38: error: unknown type name 'uint8'
 void isr_LED_refreshrate_SetPriority(uint8 priority);
                                      ^
Generated_Source\PSoC5/isr_LED_refreshrate.h:33:1: error: unknown type name 'uint8'
 uint8 isr_LED_refreshrate_GetPriority(void);
 ^
Generated_Source\PSoC5/isr_LED_refreshrate.h:36:1: error: unknown type name 'uint8'
 uint8 isr_LED_refreshrate_GetState(void);
 ^
In file included from Generated_Source\PSoC5/project.h:32:0,
                 from WeightSensors_.h:27,
                 from main.c:14:
Generated_Source\PSoC5/Timer1.h:26:8: error: unknown type name 'uint8'
 extern uint8 Timer1_initVar;
        ^
Generated_Source\PSoC5/Timer1.h:69:5: error: unknown type name 'uint8'
     uint8 TimerEnableState;
     ^
Generated_Source\PSoC5/Timer1.h:73:9: error: unknown type name 'uint8'
         uint8 InterruptMaskValue;
         ^
Generated_Source\PSoC5/Timer1.h:79:13: error: unknown type name 'uint8'
             uint8 TimerControlRegister;
             ^
Generated_Source\PSoC5/Timer1.h:93:33: error: unknown type name 'uint8'
 void    Timer1_SetInterruptMode(uint8 interruptMode) ;
                                 ^
Generated_Source\PSoC5/Timer1.h:94:1: error: unknown type name 'uint8'
 uint8   Timer1_ReadStatusRegister(void) ;
 ^
Generated_Source\PSoC5/Timer1.h:99:5: error: unknown type name 'uint8'
     uint8   Timer1_ReadControlRegister(void) ;
     ^
Generated_Source\PSoC5/Timer1.h:100:41: error: unknown type name 'uint8'
     void    Timer1_WriteControlRegister(uint8 control) ;
                                         ^
In file included from Generated_Source\PSoC5/project.h:34:0,
                 from WeightSensors_.h:27,
                 from main.c:14:
Generated_Source\PSoC5/LEDdata2.h:38:24: error: unknown type name 'uint8'
 void    LEDdata2_Write(uint8 value);
                        ^
Generated_Source\PSoC5/LEDdata2.h:39:31: error: unknown type name 'uint8'
 void    LEDdata2_SetDriveMode(uint8 mode);
                               ^
Generated_Source\PSoC5/LEDdata2.h:40:1: error: unknown type name 'uint8'
 uint8   LEDdata2_ReadDataReg(void);
 ^
Generated_Source\PSoC5/LEDdata2.h:41:1: error: unknown type name 'uint8'
 uint8   LEDdata2_Read(void);
 ^
Generated_Source\PSoC5/LEDdata2.h:43:1: error: unknown type name 'uint8'
 uint8   LEDdata2_ClearInterrupt(void);
 ^
In file included from Generated_Source\PSoC5/SPIM_1.h:34:0,
                 from Generated_Source\PSoC5/project.h:35,
                 from WeightSensors_.h:27,
                 from main.c:14:
Generated_Source\PSoC5/SPIM_1_IntClock.h:46:35: error: unknown type name 'uint8'
 void SPIM_1_IntClock_StandbyPower(uint8 state) ;
                                   ^
Generated_Source\PSoC5/SPIM_1_IntClock.h:47:60: error: unknown type name 'uint8'
 void SPIM_1_IntClock_SetDividerRegister(uint16 clkDivider, uint8 restart) 
                                                            ^
Generated_Source\PSoC5/SPIM_1_IntClock.h:50:38: error: unknown type name 'uint8'
 void SPIM_1_IntClock_SetModeRegister(uint8 modeBitMask) ;
                                      ^
Generated_Source\PSoC5/SPIM_1_IntClock.h:51:40: error: unknown type name 'uint8'
 void SPIM_1_IntClock_ClearModeRegister(uint8 modeBitMask) ;
                                        ^
Generated_Source\PSoC5/SPIM_1_IntClock.h:52:1: error: unknown type name 'uint8'
 uint8 SPIM_1_IntClock_GetModeRegister(void) ;
 ^
Generated_Source\PSoC5/SPIM_1_IntClock.h:53:40: error: unknown type name 'uint8'
 void SPIM_1_IntClock_SetSourceRegister(uint8 clkSource) ;
                                        ^
Generated_Source\PSoC5/SPIM_1_IntClock.h:54:1: error: unknown type name 'uint8'
 uint8 SPIM_1_IntClock_GetSourceRegister(void) ;
 ^
In file included from Generated_Source\PSoC5/project.h:35:0,
                 from WeightSensors_.h:27,
                 from main.c:14:
Generated_Source\PSoC5/SPIM_1.h:66:5: error: unknown type name 'uint8'
     uint8 enableState;
     ^
Generated_Source\PSoC5/SPIM_1.h:67:5: error: unknown type name 'uint8'
     uint8 cntrPeriod;
     ^
Generated_Source\PSoC5/SPIM_1.h:90:33: error: unknown type name 'uint8'
 void  SPIM_1_SetTxInterruptMode(uint8 intSrc)     ;
                                 ^
Generated_Source\PSoC5/SPIM_1.h:91:33: error: unknown type name 'uint8'
 void  SPIM_1_SetRxInterruptMode(uint8 intSrc)     ;
                                 ^
Generated_Source\PSoC5/SPIM_1.h:92:1: error: unknown type name 'uint8'
 uint8 SPIM_1_ReadTxStatus(void)                   ;
 ^
Generated_Source\PSoC5/SPIM_1.h:93:1: error: unknown type name 'uint8'
 uint8 SPIM_1_ReadRxStatus(void)                   ;
 ^
Generated_Source\PSoC5/SPIM_1.h:98:1: error: unknown type name 'uint8'
 uint8 SPIM_1_GetRxBufferSize(void)                ;
 ^
Generated_Source\PSoC5/SPIM_1.h:99:1: error: unknown type name 'uint8'
 uint8 SPIM_1_GetTxBufferSize(void)                ;
 ^
Generated_Source\PSoC5/SPIM_1.h:103:46: error: unknown type name 'uint8'
 void  SPIM_1_PutArray(const uint16 buffer[], uint8 byteCount) \
                                              ^
Generated_Source\PSoC5/SPIM_1.h:119:8: error: unknown type name 'uint8'
 extern uint8 SPIM_1_initVar;
        ^
Generated_Source\PSoC5/SPIM_1.h:320:31: error: unknown type name 'uint8'
 void  SPIM_1_SetInterruptMode(uint8 intSrc)       ;
                               ^
Generated_Source\PSoC5/SPIM_1.h:321:1: error: unknown type name 'uint8'
 uint8 SPIM_1_ReadStatus(void)                     ;
 ^
In file included from Generated_Source\PSoC5/project.h:36:0,
                 from WeightSensors_.h:27,
                 from main.c:14:
Generated_Source\PSoC5/SPIM_1_PVT.h:33:17: error: unknown type name 'uint8'
 extern volatile uint8 SPIM_1_swStatusTx;
                 ^
Generated_Source\PSoC5/SPIM_1_PVT.h:34:17: error: unknown type name 'uint8'
 extern volatile uint8 SPIM_1_swStatusRx;
                 ^
In file included from Generated_Source\PSoC5/project.h:38:0,
                 from WeightSensors_.h:27,
                 from main.c:14:
Generated_Source\PSoC5/LEDdata.h:38:23: error: unknown type name 'uint8'
 void    LEDdata_Write(uint8 value);
                       ^
Generated_Source\PSoC5/LEDdata.h:39:30: error: unknown type name 'uint8'
 void    LEDdata_SetDriveMode(uint8 mode);
                              ^
Generated_Source\PSoC5/LEDdata.h:40:1: error: unknown type name 'uint8'
 uint8   LEDdata_ReadDataReg(void);
 ^
Generated_Source\PSoC5/LEDdata.h:41:1: error: unknown type name 'uint8'
 uint8   LEDdata_Read(void);
 ^
Generated_Source\PSoC5/LEDdata.h:43:1: error: unknown type name 'uint8'
 uint8   LEDdata_ClearInterrupt(void);
 ^
In file included from Generated_Source\PSoC5/project.h:39:0,
                 from WeightSensors_.h:27,
                 from main.c:14:
Generated_Source\PSoC5/ADC_SAR_1.h:44:5: error: unknown type name 'uint8'
     uint8 enableState;
     ^
Generated_Source\PSoC5/ADC_SAR_1.h:54:25: error: unknown type name 'uint8'
 void ADC_SAR_1_SetPower(uint8 power);
                         ^
Generated_Source\PSoC5/ADC_SAR_1.h:55:30: error: unknown type name 'uint8'
 void ADC_SAR_1_SetResolution(uint8 resolution);
                              ^
Generated_Source\PSoC5/ADC_SAR_1.h:57:1: error: unknown type name 'uint8'
 uint8 ADC_SAR_1_IsEndConversion(uint8 retMode);
 ^
Generated_Source\PSoC5/ADC_SAR_1.h:57:33: error: unknown type name 'uint8'
 uint8 ADC_SAR_1_IsEndConversion(uint8 retMode);
                                 ^
Generated_Source\PSoC5/ADC_SAR_1.h:87:8: error: unknown type name 'uint8'
 extern uint8 ADC_SAR_1_initVar;
        ^
In file included from Generated_Source\PSoC5/project.h:40:0,
                 from WeightSensors_.h:27,
                 from main.c:14:
Generated_Source\PSoC5/PlayerSelect.h:39:30: error: unknown type name 'uint8'
 void PlayerSelect_FastSelect(uint8 channel) ;
                              ^
In file included from Generated_Source\PSoC5/project.h:41:0,
                 from WeightSensors_.h:27,
                 from main.c:14:
Generated_Source\PSoC5/UART_1.h:71:5: error: unknown type name 'uint8'
     uint8 enableState;
     ^
Generated_Source\PSoC5/UART_1.h:86:1: error: unknown type name 'uint8'
 uint8 UART_1_ReadControlRegister(void) ;
 ^
Generated_Source\PSoC5/UART_1.h:87:34: error: unknown type name 'uint8'
 void UART_1_WriteControlRegister(uint8 control) ;
                                  ^
Generated_Source\PSoC5/UART_1.h:105:34: error: unknown type name 'uint8'
     void UART_1_SetRxAddressMode(uint8 addressMode)
                                  ^
Generated_Source\PSoC5/UART_1.h:107:31: error: unknown type name 'uint8'
     void UART_1_SetRxAddress1(uint8 address) ;
                               ^
Generated_Source\PSoC5/UART_1.h:108:31: error: unknown type name 'uint8'
     void UART_1_SetRxAddress2(uint8 address) ;
                               ^
Generated_Source\PSoC5/UART_1.h:110:37: error: unknown type name 'uint8'
     void  UART_1_SetRxInterruptMode(uint8 intSrc) ;
                                     ^
Generated_Source\PSoC5/UART_1.h:111:5: error: unknown type name 'uint8'
     uint8 UART_1_ReadRxData(void) ;
     ^
Generated_Source\PSoC5/UART_1.h:112:5: error: unknown type name 'uint8'
     uint8 UART_1_ReadRxStatus(void) ;
     ^
Generated_Source\PSoC5/UART_1.h:113:5: error: unknown type name 'uint8'
     uint8 UART_1_GetChar(void) ;
     ^
Generated_Source\PSoC5/UART_1.h:115:5: error: unknown type name 'uint8'
     uint8 UART_1_GetRxBufferSize(void)
     ^
Generated_Source\PSoC5/UART_1.h:135:36: error: unknown type name 'uint8'
     void UART_1_SetTxInterruptMode(uint8 intSrc) ;
                                    ^
Generated_Source\PSoC5/UART_1.h:136:29: error: unknown type name 'uint8'
     void UART_1_WriteTxData(uint8 txDataByte) ;
                             ^
Generated_Source\PSoC5/UART_1.h:137:5: error: unknown type name 'uint8'
     uint8 UART_1_ReadTxStatus(void) ;
     ^
Generated_Source\PSoC5/UART_1.h:138:25: error: unknown type name 'uint8'
     void UART_1_PutChar(uint8 txDataByte) ;
                         ^
Generated_Source\PSoC5/UART_1.h:140:32: error: unknown type name 'uint8'
     void UART_1_PutArray(const uint8 string[], uint8 byteCount)
                                ^
Generated_Source\PSoC5/UART_1.h:140:48: error: unknown type name 'uint8'
     void UART_1_PutArray(const uint8 string[], uint8 byteCount)
                                                ^
Generated_Source\PSoC5/UART_1.h:142:25: error: unknown type name 'uint8'
     void UART_1_PutCRLF(uint8 txDataByte) ;
                         ^
Generated_Source\PSoC5/UART_1.h:144:34: error: unknown type name 'uint8'
     void UART_1_SetTxAddressMode(uint8 addressMode) ;
                                  ^
Generated_Source\PSoC5/UART_1.h:145:27: error: unknown type name 'uint8'
     void UART_1_SendBreak(uint8 retMode) ;
                           ^
Generated_Source\PSoC5/UART_1.h:146:5: error: unknown type name 'uint8'
     uint8 UART_1_GetTxBufferSize(void)
     ^
Generated_Source\PSoC5/UART_1.h:310:8: error: unknown type name 'uint8'
 extern uint8 UART_1_initVar;
        ^
In file included from Generated_Source\PSoC5/project.h:42:0,
                 from WeightSensors_.h:27,
                 from main.c:14:
Generated_Source\PSoC5/isr_uart_rx.h:32:30: error: unknown type name 'uint8'
 void isr_uart_rx_SetPriority(uint8 priority);
                              ^
Generated_Source\PSoC5/isr_uart_rx.h:33:1: error: unknown type name 'uint8'
 uint8 isr_uart_rx_GetPriority(void);
 ^
Generated_Source\PSoC5/isr_uart_rx.h:36:1: error: unknown type name 'uint8'
 uint8 isr_uart_rx_GetState(void);
 ^
In file included from Generated_Source\PSoC5/project.h:44:0,
                 from WeightSensors_.h:27,
                 from main.c:14:
Generated_Source\PSoC5/SAR_p2.h:38:22: error: unknown type name 'uint8'
 void    SAR_p2_Write(uint8 value);
                      ^
Generated_Source\PSoC5/SAR_p2.h:39:29: error: unknown type name 'uint8'
 void    SAR_p2_SetDriveMode(uint8 mode);
                             ^
Generated_Source\PSoC5/SAR_p2.h:40:1: error: unknown type name 'uint8'
 uint8   SAR_p2_ReadDataReg(void);
 ^
Generated_Source\PSoC5/SAR_p2.h:41:1: error: unknown type name 'uint8'
 uint8   SAR_p2_Read(void);
 ^
Generated_Source\PSoC5/SAR_p2.h:43:1: error: unknown type name 'uint8'
 uint8   SAR_p2_ClearInterrupt(void);
 ^
In file included from Generated_Source\PSoC5/project.h:45:0,
                 from WeightSensors_.h:27,
                 from main.c:14:
Generated_Source\PSoC5/isr_button.h:32:29: error: unknown type name 'uint8'
 void isr_button_SetPriority(uint8 priority);
                             ^
Generated_Source\PSoC5/isr_button.h:33:1: error: unknown type name 'uint8'
 uint8 isr_button_GetPriority(void);
 ^
Generated_Source\PSoC5/isr_button.h:36:1: error: unknown type name 'uint8'
 uint8 isr_button_GetState(void);
 ^
In file included from Generated_Source\PSoC5/project.h:47:0,
                 from WeightSensors_.h:27,
                 from main.c:14:
Generated_Source\PSoC5/Pin_2.h:38:21: error: unknown type name 'uint8'
 void    Pin_2_Write(uint8 value);
                     ^
Generated_Source\PSoC5/Pin_2.h:39:28: error: unknown type name 'uint8'
 void    Pin_2_SetDriveMode(uint8 mode);
                            ^
Generated_Source\PSoC5/Pin_2.h:40:1: error: unknown type name 'uint8'
 uint8   Pin_2_ReadDataReg(void);
 ^
Generated_Source\PSoC5/Pin_2.h:41:1: error: unknown type name 'uint8'
 uint8   Pin_2_Read(void);
 ^
Generated_Source\PSoC5/Pin_2.h:43:1: error: unknown type name 'uint8'
 uint8   Pin_2_ClearInterrupt(void);
 ^
In file included from Generated_Source\PSoC5/project.h:49:0,
                 from WeightSensors_.h:27,
                 from main.c:14:
Generated_Source\PSoC5/SAR_p1.h:38:22: error: unknown type name 'uint8'
 void    SAR_p1_Write(uint8 value);
                      ^
Generated_Source\PSoC5/SAR_p1.h:39:29: error: unknown type name 'uint8'
 void    SAR_p1_SetDriveMode(uint8 mode);
                             ^
Generated_Source\PSoC5/SAR_p1.h:40:1: error: unknown type name 'uint8'
 uint8   SAR_p1_ReadDataReg(void);
 ^
Generated_Source\PSoC5/SAR_p1.h:41:1: error: unknown type name 'uint8'
 uint8   SAR_p1_Read(void);
 ^
Generated_Source\PSoC5/SAR_p1.h:43:1: error: unknown type name 'uint8'
 uint8   SAR_p1_ClearInterrupt(void);
 ^
In file included from Generated_Source\PSoC5/project.h:51:0,
                 from WeightSensors_.h:27,
                 from main.c:14:
Generated_Source\PSoC5/MOSI.h:38:20: error: unknown type name 'uint8'
 void    MOSI_Write(uint8 value);
                    ^
Generated_Source\PSoC5/MOSI.h:39:27: error: unknown type name 'uint8'
 void    MOSI_SetDriveMode(uint8 mode);
                           ^
Generated_Source\PSoC5/MOSI.h:40:1: error: unknown type name 'uint8'
 uint8   MOSI_ReadDataReg(void);
 ^
Generated_Source\PSoC5/MOSI.h:41:1: error: unknown type name 'uint8'
 uint8   MOSI_Read(void);
 ^
Generated_Source\PSoC5/MOSI.h:43:1: error: unknown type name 'uint8'
 uint8   MOSI_ClearInterrupt(void);
 ^
In file included from Generated_Source\PSoC5/project.h:53:0,
                 from WeightSensors_.h:27,
                 from main.c:14:
Generated_Source\PSoC5/MISO.h:38:20: error: unknown type name 'uint8'
 void    MISO_Write(uint8 value);
                    ^
Generated_Source\PSoC5/MISO.h:39:27: error: unknown type name 'uint8'
 void    MISO_SetDriveMode(uint8 mode);
                           ^
Generated_Source\PSoC5/MISO.h:40:1: error: unknown type name 'uint8'
 uint8   MISO_ReadDataReg(void);
 ^
Generated_Source\PSoC5/MISO.h:41:1: error: unknown type name 'uint8'
 uint8   MISO_Read(void);
 ^
Generated_Source\PSoC5/MISO.h:43:1: error: unknown type name 'uint8'
 uint8   MISO_ClearInterrupt(void);
 ^
In file included from Generated_Source\PSoC5/project.h:55:0,
                 from WeightSensors_.h:27,
                 from main.c:14:
Generated_Source\PSoC5/SCLK.h:38:20: error: unknown type name 'uint8'
 void    SCLK_Write(uint8 value);
                    ^
Generated_Source\PSoC5/SCLK.h:39:27: error: unknown type name 'uint8'
 void    SCLK_SetDriveMode(uint8 mode);
                           ^
Generated_Source\PSoC5/SCLK.h:40:1: error: unknown type name 'uint8'
 uint8   SCLK_ReadDataReg(void);
 ^
Generated_Source\PSoC5/SCLK.h:41:1: error: unknown type name 'uint8'
 uint8   SCLK_Read(void);
 ^
Generated_Source\PSoC5/SCLK.h:43:1: error: unknown type name 'uint8'
 uint8   SCLK_ClearInterrupt(void);
 ^
In file included from Generated_Source\PSoC5/project.h:56:0,
                 from WeightSensors_.h:27,
                 from main.c:14:
Generated_Source\PSoC5/SPIMOutCtrl.h:38:5: error: unknown type name 'uint8'
     uint8 controlState;
     ^
Generated_Source\PSoC5/SPIMOutCtrl.h:47:27: error: unknown type name 'uint8'
 void    SPIMOutCtrl_Write(uint8 control) ;
                           ^
Generated_Source\PSoC5/SPIMOutCtrl.h:48:1: error: unknown type name 'uint8'
 uint8   SPIMOutCtrl_Read(void) ;
 ^
In file included from Generated_Source\PSoC5/project.h:57:0,
                 from WeightSensors_.h:27,
                 from main.c:14:
Generated_Source\PSoC5/I2C_1.h:120:5: error: unknown type name 'uint8'
     uint8 enableState;
     ^
Generated_Source\PSoC5/I2C_1.h:123:5: error: unknown type name 'uint8'
     uint8 xcfg;
     ^
Generated_Source\PSoC5/I2C_1.h:124:5: error: unknown type name 'uint8'
     uint8 cfg;
     ^
Generated_Source\PSoC5/I2C_1.h:125:5: error: unknown type name 'uint8'
     uint8 addr;
     ^
Generated_Source\PSoC5/I2C_1.h:126:5: error: unknown type name 'uint8'
     uint8 clkDiv1;
     ^
Generated_Source\PSoC5/I2C_1.h:127:5: error: unknown type name 'uint8'
     uint8 clkDiv2;
     ^
Generated_Source\PSoC5/I2C_1.h:163:5: error: unknown type name 'uint8'
     uint8 I2C_1_MasterStatus(void)                ;
     ^
Generated_Source\PSoC5/I2C_1.h:164:5: error: unknown type name 'uint8'
     uint8 I2C_1_MasterClearStatus(void)           ;
     ^
Generated_Source\PSoC5/I2C_1.h:167:5: error: unknown type name 'uint8'
     uint8 I2C_1_MasterWriteBuf(uint8 slaveAddress, uint8 * wrData, uint8 cnt, uint8 mode) \
     ^
Generated_Source\PSoC5/I2C_1.h:167:32: error: unknown type name 'uint8'
     uint8 I2C_1_MasterWriteBuf(uint8 slaveAddress, uint8 * wrData, uint8 cnt, uint8 mode) \
                                ^
Generated_Source\PSoC5/I2C_1.h:167:52: error: unknown type name 'uint8'
     uint8 I2C_1_MasterWriteBuf(uint8 slaveAddress, uint8 * wrData, uint8 cnt, uint8 mode) \
                                                    ^
Generated_Source\PSoC5/I2C_1.h:167:68: error: unknown type name 'uint8'
     uint8 I2C_1_MasterWriteBuf(uint8 slaveAddress, uint8 * wrData, uint8 cnt, uint8 mode) \
                                                                    ^
Generated_Source\PSoC5/I2C_1.h:167:79: error: unknown type name 'uint8'
     uint8 I2C_1_MasterWriteBuf(uint8 slaveAddress, uint8 * wrData, uint8 cnt, uint8 mode) \
                                                                               ^
Generated_Source\PSoC5/I2C_1.h:169:5: error: unknown type name 'uint8'
     uint8 I2C_1_MasterReadBuf(uint8 slaveAddress, uint8 * rdData, uint8 cnt, uint8 mode) \
     ^
Generated_Source\PSoC5/I2C_1.h:169:31: error: unknown type name 'uint8'
     uint8 I2C_1_MasterReadBuf(uint8 slaveAddress, uint8 * rdData, uint8 cnt, uint8 mode) \
                               ^
Generated_Source\PSoC5/I2C_1.h:169:51: error: unknown type name 'uint8'
     uint8 I2C_1_MasterReadBuf(uint8 slaveAddress, uint8 * rdData, uint8 cnt, uint8 mode) \
                                                   ^
Generated_Source\PSoC5/I2C_1.h:169:67: error: unknown type name 'uint8'
     uint8 I2C_1_MasterReadBuf(uint8 slaveAddress, uint8 * rdData, uint8 cnt, uint8 mode) \
                                                                   ^
Generated_Source\PSoC5/I2C_1.h:169:78: error: unknown type name 'uint8'
     uint8 I2C_1_MasterReadBuf(uint8 slaveAddress, uint8 * rdData, uint8 cnt, uint8 mode) \
                                                                              ^
Generated_Source\PSoC5/I2C_1.h:171:5: error: unknown type name 'uint8'
     uint8 I2C_1_MasterGetReadBufSize(void)       ;
     ^
Generated_Source\PSoC5/I2C_1.h:172:5: error: unknown type name 'uint8'
     uint8 I2C_1_MasterGetWriteBufSize(void)      ;
     ^
Generated_Source\PSoC5/I2C_1.h:177:5: error: unknown type name 'uint8'
     uint8 I2C_1_MasterSendStart(uint8 slaveAddress, uint8 R_nW) \
     ^
Generated_Source\PSoC5/I2C_1.h:177:33: error: unknown type name 'uint8'
     uint8 I2C_1_MasterSendStart(uint8 slaveAddress, uint8 R_nW) \
                                 ^
Generated_Source\PSoC5/I2C_1.h:177:53: error: unknown type name 'uint8'
     uint8 I2C_1_MasterSendStart(uint8 slaveAddress, uint8 R_nW) \
                                                     ^
Generated_Source\PSoC5/I2C_1.h:179:5: error: unknown type name 'uint8'
     uint8 I2C_1_MasterSendRestart(uint8 slaveAddress, uint8 R_nW) \
     ^
Generated_Source\PSoC5/I2C_1.h:179:35: error: unknown type name 'uint8'
     uint8 I2C_1_MasterSendRestart(uint8 slaveAddress, uint8 R_nW) \
                                   ^
Generated_Source\PSoC5/I2C_1.h:179:55: error: unknown type name 'uint8'
     uint8 I2C_1_MasterSendRestart(uint8 slaveAddress, uint8 R_nW) \
                                                       ^
Generated_Source\PSoC5/I2C_1.h:181:5: error: unknown type name 'uint8'
     uint8 I2C_1_MasterSendStop(void)             ;
     ^
Generated_Source\PSoC5/I2C_1.h:182:5: error: unknown type name 'uint8'
     uint8 I2C_1_MasterWriteByte(uint8 theByte)   ;
     ^
Generated_Source\PSoC5/I2C_1.h:182:33: error: unknown type name 'uint8'
     uint8 I2C_1_MasterWriteByte(uint8 theByte)   ;
                                 ^
Generated_Source\PSoC5/I2C_1.h:183:5: error: unknown type name 'uint8'
     uint8 I2C_1_MasterReadByte(uint8 acknNak)    ;
     ^
Generated_Source\PSoC5/I2C_1.h:183:32: error: unknown type name 'uint8'
     uint8 I2C_1_MasterReadByte(uint8 acknNak)    ;
                                ^
Generated_Source\PSoC5/I2C_1.h:249:8: error: unknown type name 'uint8'
 extern uint8 I2C_1_initVar;
        ^
In file included from Generated_Source\PSoC5/project.h:58:0,
                 from WeightSensors_.h:27,
                 from main.c:14:
Generated_Source\PSoC5/I2C_1_PVT.h:35:17: error: unknown type name 'uint8'
 extern volatile uint8 I2C_1_state;   /* Current state of I2C FSM */
                 ^
Generated_Source\PSoC5/I2C_1_PVT.h:39:21: error: unknown type name 'uint8'
     extern volatile uint8 I2C_1_mstrStatus;   /* Master Status byte  */
                     ^
Generated_Source\PSoC5/I2C_1_PVT.h:40:21: error: unknown type name 'uint8'
     extern volatile uint8 I2C_1_mstrControl;  /* Master Control byte */
                     ^
Generated_Source\PSoC5/I2C_1_PVT.h:43:21: error: unknown type name 'uint8'
     extern volatile uint8 * I2C_1_mstrRdBufPtr;   /* Pointer to Master Read buffer */
                     ^
Generated_Source\PSoC5/I2C_1_PVT.h:44:21: error: unknown type name 'uint8'
     extern volatile uint8   I2C_1_mstrRdBufSize;  /* Master Read buffer size       */
                     ^
Generated_Source\PSoC5/I2C_1_PVT.h:45:21: error: unknown type name 'uint8'
     extern volatile uint8   I2C_1_mstrRdBufIndex; /* Master Read buffer Index      */
                     ^
Generated_Source\PSoC5/I2C_1_PVT.h:48:21: error: unknown type name 'uint8'
     extern volatile uint8 * I2C_1_mstrWrBufPtr;   /* Pointer to Master Write buffer */
                     ^
Generated_Source\PSoC5/I2C_1_PVT.h:49:21: error: unknown type name 'uint8'
     extern volatile uint8   I2C_1_mstrWrBufSize;  /* Master Write buffer size       */
                     ^
Generated_Source\PSoC5/I2C_1_PVT.h:50:21: error: unknown type name 'uint8'
     extern volatile uint8   I2C_1_mstrWrBufIndex; /* Master Write buffer Index      */
                     ^
In file included from Generated_Source\PSoC5/project.h:60:0,
                 from WeightSensors_.h:27,
                 from main.c:14:
Generated_Source\PSoC5/SDA_pin.h:38:23: error: unknown type name 'uint8'
 void    SDA_pin_Write(uint8 value);
                       ^
Generated_Source\PSoC5/SDA_pin.h:39:30: error: unknown type name 'uint8'
 void    SDA_pin_SetDriveMode(uint8 mode);
                              ^
Generated_Source\PSoC5/SDA_pin.h:40:1: error: unknown type name 'uint8'
 uint8   SDA_pin_ReadDataReg(void);
 ^
Generated_Source\PSoC5/SDA_pin.h:41:1: error: unknown type name 'uint8'
 uint8   SDA_pin_Read(void);
 ^
Generated_Source\PSoC5/SDA_pin.h:43:1: error: unknown type name 'uint8'
 uint8   SDA_pin_ClearInterrupt(void);
 ^
In file included from Generated_Source\PSoC5/project.h:62:0,
                 from WeightSensors_.h:27,
                 from main.c:14:
Generated_Source\PSoC5/SCL_pin.h:38:23: error: unknown type name 'uint8'
 void    SCL_pin_Write(uint8 value);
                       ^
Generated_Source\PSoC5/SCL_pin.h:39:30: error: unknown type name 'uint8'
 void    SCL_pin_SetDriveMode(uint8 mode);
                              ^
Generated_Source\PSoC5/SCL_pin.h:40:1: error: unknown type name 'uint8'
 uint8   SCL_pin_ReadDataReg(void);
 ^
Generated_Source\PSoC5/SCL_pin.h:41:1: error: unknown type name 'uint8'
 uint8   SCL_pin_Read(void);
 ^
Generated_Source\PSoC5/SCL_pin.h:43:1: error: unknown type name 'uint8'
 uint8   SCL_pin_ClearInterrupt(void);
 ^
In file included from Generated_Source\PSoC5/project.h:63:0,
                 from WeightSensors_.h:27,
                 from main.c:14:
Generated_Source\PSoC5/Timer_Stopur.h:26:8: error: unknown type name 'uint8'
 extern uint8 Timer_Stopur_initVar;
        ^
Generated_Source\PSoC5/Timer_Stopur.h:69:5: error: unknown type name 'uint8'
     uint8 TimerEnableState;
     ^
Generated_Source\PSoC5/Timer_Stopur.h:73:9: error: unknown type name 'uint8'
         uint8 InterruptMaskValue;
         ^
Generated_Source\PSoC5/Timer_Stopur.h:79:13: error: unknown type name 'uint8'
             uint8 TimerControlRegister;
             ^
Generated_Source\PSoC5/Timer_Stopur.h:93:39: error: unknown type name 'uint8'
 void    Timer_Stopur_SetInterruptMode(uint8 interruptMode) ;
                                       ^
Generated_Source\PSoC5/Timer_Stopur.h:94:1: error: unknown type name 'uint8'
 uint8   Timer_Stopur_ReadStatusRegister(void) ;
 ^
Generated_Source\PSoC5/Timer_Stopur.h:99:5: error: unknown type name 'uint8'
     uint8   Timer_Stopur_ReadControlRegister(void) ;
     ^
Generated_Source\PSoC5/Timer_Stopur.h:100:47: error: unknown type name 'uint8'
     void    Timer_Stopur_WriteControlRegister(uint8 control) ;
                                               ^
In file included from Generated_Source\PSoC5/project.h:64:0,
                 from WeightSensors_.h:27,
                 from main.c:14:
Generated_Source\PSoC5/isr_timer.h:32:28: error: unknown type name 'uint8'
 void isr_timer_SetPriority(uint8 priority);
                            ^
Generated_Source\PSoC5/isr_timer.h:33:1: error: unknown type name 'uint8'
 uint8 isr_timer_GetPriority(void);
 ^
Generated_Source\PSoC5/isr_timer.h:36:1: error: unknown type name 'uint8'
 uint8 isr_timer_GetState(void);
 ^
In file included from Generated_Source\PSoC5/project.h:65:0,
                 from WeightSensors_.h:27,
                 from main.c:14:
Generated_Source\PSoC5/Timer_LCD.h:26:8: error: unknown type name 'uint8'
 extern uint8 Timer_LCD_initVar;
        ^
Generated_Source\PSoC5/Timer_LCD.h:69:5: error: unknown type name 'uint8'
     uint8 TimerEnableState;
     ^
Generated_Source\PSoC5/Timer_LCD.h:73:9: error: unknown type name 'uint8'
         uint8 InterruptMaskValue;
         ^
Generated_Source\PSoC5/Timer_LCD.h:79:13: error: unknown type name 'uint8'
             uint8 TimerControlRegister;
             ^
Generated_Source\PSoC5/Timer_LCD.h:93:36: error: unknown type name 'uint8'
 void    Timer_LCD_SetInterruptMode(uint8 interruptMode) ;
                                    ^
Generated_Source\PSoC5/Timer_LCD.h:94:1: error: unknown type name 'uint8'
 uint8   Timer_LCD_ReadStatusRegister(void) ;
 ^
Generated_Source\PSoC5/Timer_LCD.h:99:5: error: unknown type name 'uint8'
     uint8   Timer_LCD_ReadControlRegister(void) ;
     ^
Generated_Source\PSoC5/Timer_LCD.h:100:44: error: unknown type name 'uint8'
     void    Timer_LCD_WriteControlRegister(uint8 control) ;
                                            ^
In file included from Generated_Source\PSoC5/project.h:66:0,
                 from WeightSensors_.h:27,
                 from main.c:14:
Generated_Source\PSoC5/isr_refreshrate_LCD.h:32:38: error: unknown type name 'uint8'
 void isr_refreshrate_LCD_SetPriority(uint8 priority);
                                      ^
Generated_Source\PSoC5/isr_refreshrate_LCD.h:33:1: error: unknown type name 'uint8'
 uint8 isr_refreshrate_LCD_GetPriority(void);
 ^
Generated_Source\PSoC5/isr_refreshrate_LCD.h:36:1: error: unknown type name 'uint8'
 uint8 isr_refreshrate_LCD_GetState(void);
 ^
In file included from Generated_Source\PSoC5/project.h:67:0,
                 from WeightSensors_.h:27,
                 from main.c:14:
Generated_Source\PSoC5/Timer4.h:26:8: error: unknown type name 'uint8'
 extern uint8 Timer4_initVar;
        ^
Generated_Source\PSoC5/Timer4.h:69:5: error: unknown type name 'uint8'
     uint8 TimerEnableState;
     ^
Generated_Source\PSoC5/Timer4.h:73:9: error: unknown type name 'uint8'
         uint8 InterruptMaskValue;
         ^
Generated_Source\PSoC5/Timer4.h:79:13: error: unknown type name 'uint8'
             uint8 TimerControlRegister;
             ^
Generated_Source\PSoC5/Timer4.h:93:33: error: unknown type name 'uint8'
 void    Timer4_SetInterruptMode(uint8 interruptMode) ;
                                 ^
Generated_Source\PSoC5/Timer4.h:94:1: error: unknown type name 'uint8'
 uint8   Timer4_ReadStatusRegister(void) ;
 ^
Generated_Source\PSoC5/Timer4.h:99:5: error: unknown type name 'uint8'
     uint8   Timer4_ReadControlRegister(void) ;
     ^
Generated_Source\PSoC5/Timer4.h:100:41: error: unknown type name 'uint8'
     void    Timer4_WriteControlRegister(uint8 control) ;
                                         ^
In file included from Generated_Source\PSoC5/project.h:68:0,
                 from WeightSensors_.h:27,
                 from main.c:14:
Generated_Source\PSoC5/isr_BlinkLED.h:32:31: error: unknown type name 'uint8'
 void isr_BlinkLED_SetPriority(uint8 priority);
                               ^
Generated_Source\PSoC5/isr_BlinkLED.h:33:1: error: unknown type name 'uint8'
 uint8 isr_BlinkLED_GetPriority(void);
 ^
Generated_Source\PSoC5/isr_BlinkLED.h:36:1: error: unknown type name 'uint8'
 uint8 isr_BlinkLED_GetState(void);
 ^
In file included from Generated_Source\PSoC5/project.h:69:0,
                 from WeightSensors_.h:27,
                 from main.c:14:
Generated_Source\PSoC5/isr_delay.h:32:28: error: unknown type name 'uint8'
 void isr_delay_SetPriority(uint8 priority);
                            ^
Generated_Source\PSoC5/isr_delay.h:33:1: error: unknown type name 'uint8'
 uint8 isr_delay_GetPriority(void);
 ^
Generated_Source\PSoC5/isr_delay.h:36:1: error: unknown type name 'uint8'
 uint8 isr_delay_GetState(void);
 ^
In file included from Generated_Source\PSoC5/project.h:70:0,
                 from WeightSensors_.h:27,
                 from main.c:14:
Generated_Source\PSoC5/Timer5.h:26:8: error: unknown type name 'uint8'
 extern uint8 Timer5_initVar;
        ^
Generated_Source\PSoC5/Timer5.h:69:5: error: unknown type name 'uint8'
     uint8 TimerEnableState;
     ^
Generated_Source\PSoC5/Timer5.h:73:9: error: unknown type name 'uint8'
         uint8 InterruptMaskValue;
         ^
Generated_Source\PSoC5/Timer5.h:79:13: error: unknown type name 'uint8'
             uint8 TimerControlRegister;
             ^
Generated_Source\PSoC5/Timer5.h:93:33: error: unknown type name 'uint8'
 void    Timer5_SetInterruptMode(uint8 interruptMode) ;
                                 ^
Generated_Source\PSoC5/Timer5.h:94:1: error: unknown type name 'uint8'
 uint8   Timer5_ReadStatusRegister(void) ;
 ^
Generated_Source\PSoC5/Timer5.h:99:5: error: unknown type name 'uint8'
     uint8   Timer5_ReadControlRegister(void) ;
     ^
Generated_Source\PSoC5/Timer5.h:100:41: error: unknown type name 'uint8'
     void    Timer5_WriteControlRegister(uint8 control) ;
                                         ^
In file included from Generated_Source\PSoC5/project.h:72:0,
                 from WeightSensors_.h:27,
                 from main.c:14:
Generated_Source\PSoC5/SPI_int.h:38:23: error: unknown type name 'uint8'
 void    SPI_int_Write(uint8 value);
                       ^
Generated_Source\PSoC5/SPI_int.h:39:30: error: unknown type name 'uint8'
 void    SPI_int_SetDriveMode(uint8 mode);
                              ^
Generated_Source\PSoC5/SPI_int.h:40:1: error: unknown type name 'uint8'
 uint8   SPI_int_ReadDataReg(void);
 ^
Generated_Source\PSoC5/SPI_int.h:41:1: error: unknown type name 'uint8'
 uint8   SPI_int_Read(void);
 ^
Generated_Source\PSoC5/SPI_int.h:43:1: error: unknown type name 'uint8'
 uint8   SPI_int_ClearInterrupt(void);
 ^
In file included from Generated_Source\PSoC5/project.h:73:0,
                 from WeightSensors_.h:27,
                 from main.c:14:
Generated_Source\PSoC5/SPIS.h:59:5: error: unknown type name 'uint8'
     uint8 enableState;
     ^
Generated_Source\PSoC5/SPIS.h:60:5: error: unknown type name 'uint8'
     uint8 cntrPeriod;
     ^
Generated_Source\PSoC5/SPIS.h:76:31: error: unknown type name 'uint8'
 void  SPIS_SetTxInterruptMode(uint8 intSrc) ;
                               ^
Generated_Source\PSoC5/SPIS.h:77:31: error: unknown type name 'uint8'
 void  SPIS_SetRxInterruptMode(uint8 intSrc) ;
                               ^
Generated_Source\PSoC5/SPIS.h:78:1: error: unknown type name 'uint8'
 uint8 SPIS_ReadTxStatus(void) ;
 ^
Generated_Source\PSoC5/SPIS.h:79:1: error: unknown type name 'uint8'
 uint8 SPIS_ReadRxStatus(void) ;
 ^
Generated_Source\PSoC5/SPIS.h:80:24: error: unknown type name 'uint8'
 void  SPIS_WriteTxData(uint8 txData);
                        ^
Generated_Source\PSoC5/SPIS.h:87:1: error: unknown type name 'uint8'
 uint8 SPIS_ReadRxData(void) ;
 ^
Generated_Source\PSoC5/SPIS.h:88:1: error: unknown type name 'uint8'
 uint8 SPIS_GetRxBufferSize(void) ;
 ^
Generated_Source\PSoC5/SPIS.h:89:1: error: unknown type name 'uint8'
 uint8 SPIS_GetTxBufferSize(void) ;
 ^
Generated_Source\PSoC5/SPIS.h:98:27: error: unknown type name 'uint8'
 void  SPIS_PutArray(const uint8 buffer[], uint8 byteCount) ;
                           ^
Generated_Source\PSoC5/SPIS.h:98:43: error: unknown type name 'uint8'
 void  SPIS_PutArray(const uint8 buffer[], uint8 byteCount) ;
                                           ^
Generated_Source\PSoC5/SPIS.h:146:8: error: unknown type name 'uint8'
 extern uint8 SPIS_initVar;
        ^
Generated_Source\PSoC5/SPIS.h:441:29: error: unknown type name 'uint8'
 void  SPIS_SetInterruptMode(uint8 intSrc) ;
                             ^
Generated_Source\PSoC5/SPIS.h:442:1: error: unknown type name 'uint8'
 uint8 SPIS_ReadStatus(void) ;
 ^
In file included from Generated_Source\PSoC5/project.h:74:0,
                 from WeightSensors_.h:27,
                 from main.c:14:
Generated_Source\PSoC5/SPIS_PVT.h:32:17: error: unknown type name 'uint8'
 extern volatile uint8 SPIS_swStatusTx;
                 ^
Generated_Source\PSoC5/SPIS_PVT.h:33:17: error: unknown type name 'uint8'
 extern volatile uint8 SPIS_swStatusRx;
                 ^
In file included from Generated_Source\PSoC5/project.h:76:0,
                 from WeightSensors_.h:27,
                 from main.c:14:
Generated_Source\PSoC5/SS.h:38:18: error: unknown type name 'uint8'
 void    SS_Write(uint8 value);
                  ^
Generated_Source\PSoC5/SS.h:39:25: error: unknown type name 'uint8'
 void    SS_SetDriveMode(uint8 mode);
                         ^
Generated_Source\PSoC5/SS.h:40:1: error: unknown type name 'uint8'
 uint8   SS_ReadDataReg(void);
 ^
Generated_Source\PSoC5/SS.h:41:1: error: unknown type name 'uint8'
 uint8   SS_Read(void);
 ^
Generated_Source\PSoC5/SS.h:43:1: error: unknown type name 'uint8'
 uint8   SS_ClearInterrupt(void);
 ^
In file included from Generated_Source\PSoC5/project.h:77:0,
                 from WeightSensors_.h:27,
                 from main.c:14:
Generated_Source\PSoC5/rx_isr.h:32:25: error: unknown type name 'uint8'
 void rx_isr_SetPriority(uint8 priority);
                         ^
Generated_Source\PSoC5/rx_isr.h:33:1: error: unknown type name 'uint8'
 uint8 rx_isr_GetPriority(void);
 ^
Generated_Source\PSoC5/rx_isr.h:36:1: error: unknown type name 'uint8'
 uint8 rx_isr_GetState(void);
 ^
In file included from Generated_Source\PSoC5/project.h:79:0,
                 from WeightSensors_.h:27,
                 from main.c:14:
Generated_Source\PSoC5/ADC_SAR_1_IRQ.h:32:32: error: unknown type name 'uint8'
 void ADC_SAR_1_IRQ_SetPriority(uint8 priority);
                                ^
Generated_Source\PSoC5/ADC_SAR_1_IRQ.h:33:1: error: unknown type name 'uint8'
 uint8 ADC_SAR_1_IRQ_GetPriority(void);
 ^
Generated_Source\PSoC5/ADC_SAR_1_IRQ.h:36:1: error: unknown type name 'uint8'
 uint8 ADC_SAR_1_IRQ_GetState(void);
 ^
In file included from Generated_Source\PSoC5/project.h:80:0,
                 from WeightSensors_.h:27,
                 from main.c:14:
Generated_Source\PSoC5/ADC_SAR_1_theACLK.h:46:37: error: unknown type name 'uint8'
 void ADC_SAR_1_theACLK_StandbyPower(uint8 state) ;
                                     ^
Generated_Source\PSoC5/ADC_SAR_1_theACLK.h:47:62: error: unknown type name 'uint8'
 void ADC_SAR_1_theACLK_SetDividerRegister(uint16 clkDivider, uint8 restart) 
                                                              ^
Generated_Source\PSoC5/ADC_SAR_1_theACLK.h:50:40: error: unknown type name 'uint8'
 void ADC_SAR_1_theACLK_SetModeRegister(uint8 modeBitMask) ;
                                        ^
Generated_Source\PSoC5/ADC_SAR_1_theACLK.h:51:42: error: unknown type name 'uint8'
 void ADC_SAR_1_theACLK_ClearModeRegister(uint8 modeBitMask) ;
                                          ^
Generated_Source\PSoC5/ADC_SAR_1_theACLK.h:52:1: error: unknown type name 'uint8'
 uint8 ADC_SAR_1_theACLK_GetModeRegister(void) ;
 ^
Generated_Source\PSoC5/ADC_SAR_1_theACLK.h:53:42: error: unknown type name 'uint8'
 void ADC_SAR_1_theACLK_SetSourceRegister(uint8 clkSource) ;
                                          ^
Generated_Source\PSoC5/ADC_SAR_1_theACLK.h:54:1: error: unknown type name 'uint8'
 uint8 ADC_SAR_1_theACLK_GetSourceRegister(void) ;
 ^
Generated_Source\PSoC5/ADC_SAR_1_theACLK.h:56:41: error: unknown type name 'uint8'
 void ADC_SAR_1_theACLK_SetPhaseRegister(uint8 clkPhase) ;
                                         ^
Generated_Source\PSoC5/ADC_SAR_1_theACLK.h:57:1: error: unknown type name 'uint8'
 uint8 ADC_SAR_1_theACLK_GetPhaseRegister(void) ;
 ^
In file included from Generated_Source\PSoC5/project.h:81:0,
                 from WeightSensors_.h:27,
                 from main.c:14:
Generated_Source\PSoC5/UART_1_IntClock.h:46:35: error: unknown type name 'uint8'
 void UART_1_IntClock_StandbyPower(uint8 state) ;
                                   ^
Generated_Source\PSoC5/UART_1_IntClock.h:47:60: error: unknown type name 'uint8'
 void UART_1_IntClock_SetDividerRegister(uint16 clkDivider, uint8 restart) 
                                                            ^
Generated_Source\PSoC5/UART_1_IntClock.h:50:38: error: unknown type name 'uint8'
 void UART_1_IntClock_SetModeRegister(uint8 modeBitMask) ;
                                      ^
Generated_Source\PSoC5/UART_1_IntClock.h:51:40: error: unknown type name 'uint8'
 void UART_1_IntClock_ClearModeRegister(uint8 modeBitMask) ;
                                        ^
Generated_Source\PSoC5/UART_1_IntClock.h:52:1: error: unknown type name 'uint8'
 uint8 UART_1_IntClock_GetModeRegister(void) ;
 ^
Generated_Source\PSoC5/UART_1_IntClock.h:53:40: error: unknown type name 'uint8'
 void UART_1_IntClock_SetSourceRegister(uint8 clkSource) ;
                                        ^
Generated_Source\PSoC5/UART_1_IntClock.h:54:1: error: unknown type name 'uint8'
 uint8 UART_1_IntClock_GetSourceRegister(void) ;
 ^
In file included from Generated_Source\PSoC5/project.h:82:0,
                 from WeightSensors_.h:27,
                 from main.c:14:
Generated_Source\PSoC5/SPIS_IntClock.h:46:33: error: unknown type name 'uint8'
 void SPIS_IntClock_StandbyPower(uint8 state) ;
                                 ^
Generated_Source\PSoC5/SPIS_IntClock.h:47:58: error: unknown type name 'uint8'
 void SPIS_IntClock_SetDividerRegister(uint16 clkDivider, uint8 restart) 
                                                          ^
Generated_Source\PSoC5/SPIS_IntClock.h:50:36: error: unknown type name 'uint8'
 void SPIS_IntClock_SetModeRegister(uint8 modeBitMask) ;
                                    ^
Generated_Source\PSoC5/SPIS_IntClock.h:51:38: error: unknown type name 'uint8'
 void SPIS_IntClock_ClearModeRegister(uint8 modeBitMask) ;
                                      ^
Generated_Source\PSoC5/SPIS_IntClock.h:52:1: error: unknown type name 'uint8'
 uint8 SPIS_IntClock_GetModeRegister(void) ;
 ^
Generated_Source\PSoC5/SPIS_IntClock.h:53:38: error: unknown type name 'uint8'
 void SPIS_IntClock_SetSourceRegister(uint8 clkSource) ;
                                      ^
Generated_Source\PSoC5/SPIS_IntClock.h:54:1: error: unknown type name 'uint8'
 uint8 SPIS_IntClock_GetSourceRegister(void) ;
 ^
In file included from Generated_Source\PSoC5/project.h:84:0,
                 from WeightSensors_.h:27,
                 from main.c:14:
Generated_Source\PSoC5/CyDmac.h:34:1: error: unknown type name 'uint8'
 uint8   CyDmacError(void) ;
 ^
Generated_Source\PSoC5/CyDmac.h:35:26: error: unknown type name 'uint8'
 void    CyDmacClearError(uint8 error) ;
                          ^
Generated_Source\PSoC5/CyDmac.h:39:1: error: unknown type name 'uint8'
 uint8    CyDmaChAlloc(void) ;
 ^
Generated_Source\PSoC5/CyDmac.h:40:22: error: unknown type name 'uint8'
 cystatus CyDmaChFree(uint8 chHandle) ;
                      ^
Generated_Source\PSoC5/CyDmac.h:41:24: error: unknown type name 'uint8'
 cystatus CyDmaChEnable(uint8 chHandle, uint8 preserveTds) ;
                        ^
Generated_Source\PSoC5/CyDmac.h:41:40: error: unknown type name 'uint8'
 cystatus CyDmaChEnable(uint8 chHandle, uint8 preserveTds) ;
                                        ^
Generated_Source\PSoC5/CyDmac.h:42:25: error: unknown type name 'uint8'
 cystatus CyDmaChDisable(uint8 chHandle) ;
                         ^
Generated_Source\PSoC5/CyDmac.h:43:31: error: unknown type name 'uint8'
 cystatus CyDmaClearPendingDrq(uint8 chHandle) ;
                               ^
Generated_Source\PSoC5/CyDmac.h:44:26: error: unknown type name 'uint8'
 cystatus CyDmaChPriority(uint8 chHandle, uint8 priority) ;
                          ^
Generated_Source\PSoC5/CyDmac.h:44:42: error: unknown type name 'uint8'
 cystatus CyDmaChPriority(uint8 chHandle, uint8 priority) ;
                                          ^
Generated_Source\PSoC5/CyDmac.h:45:36: error: unknown type name 'uint8'
 cystatus CyDmaChSetExtendedAddress(uint8 chHandle, uint16 source, uint16 destination)\
                                    ^
Generated_Source\PSoC5/CyDmac.h:47:30: error: unknown type name 'uint8'
 cystatus CyDmaChSetInitialTd(uint8 chHandle, uint8 startTd) ;
                              ^
Generated_Source\PSoC5/CyDmac.h:47:46: error: unknown type name 'uint8'
 cystatus CyDmaChSetInitialTd(uint8 chHandle, uint8 startTd) ;
                                              ^
Generated_Source\PSoC5/CyDmac.h:48:28: error: unknown type name 'uint8'
 cystatus CyDmaChSetRequest(uint8 chHandle, uint8 request) ;
                            ^
Generated_Source\PSoC5/CyDmac.h:48:44: error: unknown type name 'uint8'
 cystatus CyDmaChSetRequest(uint8 chHandle, uint8 request) ;
                                            ^
Generated_Source\PSoC5/CyDmac.h:49:28: error: unknown type name 'uint8'
 cystatus CyDmaChGetRequest(uint8 chHandle) ;
                            ^
Generated_Source\PSoC5/CyDmac.h:50:24: error: unknown type name 'uint8'
 cystatus CyDmaChStatus(uint8 chHandle, uint8 * currentTd, uint8 * state) ;
                        ^
Generated_Source\PSoC5/CyDmac.h:50:40: error: unknown type name 'uint8'
 cystatus CyDmaChStatus(uint8 chHandle, uint8 * currentTd, uint8 * state) ;
                                        ^
Generated_Source\PSoC5/CyDmac.h:50:59: error: unknown type name 'uint8'
 cystatus CyDmaChStatus(uint8 chHandle, uint8 * currentTd, uint8 * state) ;
                                                           ^
Generated_Source\PSoC5/CyDmac.h:51:34: error: unknown type name 'uint8'
 cystatus CyDmaChSetConfiguration(uint8 chHandle, uint8 burstCount, uint8 requestPerBurst, uint8 tdDone0,
                                  ^
Generated_Source\PSoC5/CyDmac.h:51:50: error: unknown type name 'uint8'
 cystatus CyDmaChSetConfiguration(uint8 chHandle, uint8 burstCount, uint8 requestPerBurst, uint8 tdDone0,
                                                  ^
Generated_Source\PSoC5/CyDmac.h:51:68: error: unknown type name 'uint8'
 cystatus CyDmaChSetConfiguration(uint8 chHandle, uint8 burstCount, uint8 requestPerBurst, uint8 tdDone0,
                                                                    ^
Generated_Source\PSoC5/CyDmac.h:51:91: error: unknown type name 'uint8'
 cystatus CyDmaChSetConfiguration(uint8 chHandle, uint8 burstCount, uint8 requestPerBurst, uint8 tdDone0,
                                                                                           ^
Generated_Source\PSoC5/CyDmac.h:52:34: error: unknown type name 'uint8'
                                  uint8 tdDone1, uint8 tdStop) ;
                                  ^
Generated_Source\PSoC5/CyDmac.h:52:49: error: unknown type name 'uint8'
                                  uint8 tdDone1, uint8 tdStop) ;
                                                 ^
Generated_Source\PSoC5/CyDmac.h:53:28: error: unknown type name 'uint8'
 cystatus CyDmaChRoundRobin(uint8 chHandle, uint8 enableRR) ;
                            ^
Generated_Source\PSoC5/CyDmac.h:53:44: error: unknown type name 'uint8'
 cystatus CyDmaChRoundRobin(uint8 chHandle, uint8 enableRR) ;
                                            ^
Generated_Source\PSoC5/CyDmac.h:56:1: error: unknown type name 'uint8'
 uint8    CyDmaTdAllocate(void) ;
 ^
Generated_Source\PSoC5/CyDmac.h:57:22: error: unknown type name 'uint8'
 void     CyDmaTdFree(uint8 tdHandle) ;
                      ^
Generated_Source\PSoC5/CyDmac.h:58:1: error: unknown type name 'uint8'
 uint8    CyDmaTdFreeCount(void) ;
 ^
Generated_Source\PSoC5/CyDmac.h:59:34: error: unknown type name 'uint8'
 cystatus CyDmaTdSetConfiguration(uint8 tdHandle, uint16 transferCount, uint8 nextTd, uint8 configuration)\
                                  ^
Generated_Source\PSoC5/CyDmac.h:59:72: error: unknown type name 'uint8'
 cystatus CyDmaTdSetConfiguration(uint8 tdHandle, uint16 transferCount, uint8 nextTd, uint8 configuration)\
                                                                        ^
Generated_Source\PSoC5/CyDmac.h:59:86: error: unknown type name 'uint8'
 cystatus CyDmaTdSetConfiguration(uint8 tdHandle, uint16 transferCount, uint8 nextTd, uint8 configuration)\
                                                                                      ^
Generated_Source\PSoC5/CyDmac.h:61:34: error: unknown type name 'uint8'
 cystatus CyDmaTdGetConfiguration(uint8 tdHandle, uint16 * transferCount, uint8 * nextTd, uint8 * configuration)\
                                  ^
Generated_Source\PSoC5/CyDmac.h:61:74: error: unknown type name 'uint8'
 cystatus CyDmaTdGetConfiguration(uint8 tdHandle, uint16 * transferCount, uint8 * nextTd, uint8 * configuration)\
                                                                          ^
Generated_Source\PSoC5/CyDmac.h:61:90: error: unknown type name 'uint8'
 cystatus CyDmaTdGetConfiguration(uint8 tdHandle, uint16 * transferCount, uint8 * nextTd, uint8 * configuration)\
                                                                                          ^
Generated_Source\PSoC5/CyDmac.h:63:28: error: unknown type name 'uint8'
 cystatus CyDmaTdSetAddress(uint8 tdHandle, uint16 source, uint16 destination) ;
                            ^
Generated_Source\PSoC5/CyDmac.h:64:28: error: unknown type name 'uint8'
 cystatus CyDmaTdGetAddress(uint8 tdHandle, uint16 * source, uint16 * destination) ;
                            ^
Generated_Source\PSoC5/CyDmac.h:73:14: error: unknown type name 'uint8'
     volatile uint8 basic_cfg[4];
              ^
Generated_Source\PSoC5/CyDmac.h:74:14: error: unknown type name 'uint8'
     volatile uint8 action[4];
              ^
Generated_Source\PSoC5/CyDmac.h:75:14: error: unknown type name 'uint8'
     volatile uint8 basic_status[4];
              ^
Generated_Source\PSoC5/CyDmac.h:76:14: error: unknown type name 'uint8'
     volatile uint8 reserved[4];
              ^
Generated_Source\PSoC5/CyDmac.h:83:14: error: unknown type name 'uint8'
     volatile uint8 CFG0[4];
              ^
Generated_Source\PSoC5/CyDmac.h:84:14: error: unknown type name 'uint8'
     volatile uint8 CFG1[4];
              ^
Generated_Source\PSoC5/CyDmac.h:91:14: error: unknown type name 'uint8'
     volatile uint8  TD0[4];
              ^
Generated_Source\PSoC5/CyDmac.h:92:14: error: unknown type name 'uint8'
     volatile uint8  TD1[4];
              ^
Generated_Source\PSoC5/CyDmac.h:100:14: error: unknown type name 'uint8'
     volatile uint8  next_td_ptr;
              ^
Generated_Source\PSoC5/CyDmac.h:101:14: error: unknown type name 'uint8'
     volatile uint8  flags;
              ^
In file included from Generated_Source\PSoC5/project.h:91:0,
                 from WeightSensors_.h:27,
                 from main.c:14:
Generated_Source\PSoC5/cy_em_eeprom.h:262:5: error: unknown type name 'uint8'
     uint8 redundantCopy;
     ^
Generated_Source\PSoC5/cy_em_eeprom.h:267:5: error: unknown type name 'uint8'
     uint8 blockingWrite;
     ^
Generated_Source\PSoC5/cy_em_eeprom.h:302:5: error: unknown type name 'uint8'
     uint8 redundantCopy;
     ^
Generated_Source\PSoC5/cy_em_eeprom.h:307:5: error: unknown type name 'uint8'
     uint8 blockingWrite;
     ^
The command 'arm-none-eabi-gcc.exe' failed with exit code '1'.
--------------- Build Failed: 05/06/2020 00:15:54 ---------------
=======
--------------- Build Started: 05/06/2020 00:17:21 Project: Hovedprogram, Configuration: ARM GCC 5.4-2016-q2-update Debug ---------------
The code generation step is up to date.
=======
--------------- Build Started: 05/06/2020 00:17:21 Project: Hovedprogram, Configuration: ARM GCC 5.4-2016-q2-update Debug ---------------
The code generation step is up to date.
>>>>>>> 8ffb3af4682dd47ed453d679803f271e6c37b069
The compile step is up to date, no work needs to be done.
arm-none-eabi-ar.exe -rs .\CortexM3\ARM_GCC_541\Debug\Hovedprogram.a .\CortexM3\ARM_GCC_541\Debug\LEDdata.o .\CortexM3\ARM_GCC_541\Debug\SPIM_1.o .\CortexM3\ARM_GCC_541\Debug\SPIM_1_PM.o .\CortexM3\ARM_GCC_541\Debug\SPIM_1_INT.o .\CortexM3\ARM_GCC_541\Debug\Timer1.o .\CortexM3\ARM_GCC_541\Debug\Timer1_PM.o .\CortexM3\ARM_GCC_541\Debug\isr_LED_refreshrate.o .\CortexM3\ARM_GCC_541\Debug\timer_clock_1.o .\CortexM3\ARM_GCC_541\Debug\Timer2.o .\CortexM3\ARM_GCC_541\Debug\Timer2_PM.o .\CortexM3\ARM_GCC_541\Debug\isr_LED_pulse.o .\CortexM3\ARM_GCC_541\Debug\Timer3.o .\CortexM3\ARM_GCC_541\Debug\Timer3_PM.o .\CortexM3\ARM_GCC_541\Debug\isr_LED_ring.o .\CortexM3\ARM_GCC_541\Debug\ADC_SAR_1.o .\CortexM3\ARM_GCC_541\Debug\ADC_SAR_1_INT.o .\CortexM3\ARM_GCC_541\Debug\ADC_SAR_1_PM.o .\CortexM3\ARM_GCC_541\Debug\SAR_p2.o .\CortexM3\ARM_GCC_541\Debug\UART_1.o .\CortexM3\ARM_GCC_541\Debug\UART_1_PM.o .\CortexM3\ARM_GCC_541\Debug\UART_1_INT.o .\CortexM3\ARM_GCC_541\Debug\UART_1_BOOT.o .\CortexM3\ARM_GCC_541\Debug\isr_uart_rx.o .\CortexM3\ARM_GCC_541\Debug\SAR_p1.o .\CortexM3\ARM_GCC_541\Debug\SPIM_1_IntClock.o .\CortexM3\ARM_GCC_541\Debug\ADC_SAR_1_IRQ.o .\CortexM3\ARM_GCC_541\Debug\ADC_SAR_1_theACLK.o .\CortexM3\ARM_GCC_541\Debug\UART_1_IntClock.o .\CortexM3\ARM_GCC_541\Debug\CyDmac.o .\CortexM3\ARM_GCC_541\Debug\CyFlash.o .\CortexM3\ARM_GCC_541\Debug\CyLib.o .\CortexM3\ARM_GCC_541\Debug\cyPm.o .\CortexM3\ARM_GCC_541\Debug\CySpc.o .\CortexM3\ARM_GCC_541\Debug\cyutils.o .\CortexM3\ARM_GCC_541\Debug\cy_em_eeprom.o .\CortexM3\ARM_GCC_541\Debug\PlayerSelect.o .\CortexM3\ARM_GCC_541\Debug\isr_button.o .\CortexM3\ARM_GCC_541\Debug\Pin_2.o .\CortexM3\ARM_GCC_541\Debug\LEDdata2.o .\CortexM3\ARM_GCC_541\Debug\SPIMOutCtrl.o .\CortexM3\ARM_GCC_541\Debug\SPIMOutCtrl_PM.o .\CortexM3\ARM_GCC_541\Debug\I2C_1.o .\CortexM3\ARM_GCC_541\Debug\I2C_1_BOOT.o .\CortexM3\ARM_GCC_541\Debug\I2C_1_INT.o .\CortexM3\ARM_GCC_541\Debug\I2C_1_PM.o .\CortexM3\ARM_GCC_541\Debug\I2C_1_SLAVE.o .\CortexM3\ARM_GCC_541\Debug\I2C_1_MASTER.o .\CortexM3\ARM_GCC_541\Debug\SDA_pin.o .\CortexM3\ARM_GCC_541\Debug\SCL_pin.o .\CortexM3\ARM_GCC_541\Debug\Timer_Stopur.o .\CortexM3\ARM_GCC_541\Debug\Timer_Stopur_PM.o .\CortexM3\ARM_GCC_541\Debug\isr_timer.o .\CortexM3\ARM_GCC_541\Debug\Timer_LCD.o .\CortexM3\ARM_GCC_541\Debug\Timer_LCD_PM.o .\CortexM3\ARM_GCC_541\Debug\isr_refreshrate_LCD.o .\CortexM3\ARM_GCC_541\Debug\Timer4.o .\CortexM3\ARM_GCC_541\Debug\Timer4_PM.o .\CortexM3\ARM_GCC_541\Debug\isr_BlinkLED.o .\CortexM3\ARM_GCC_541\Debug\isr_delay.o .\CortexM3\ARM_GCC_541\Debug\Timer5.o .\CortexM3\ARM_GCC_541\Debug\Timer5_PM.o .\CortexM3\ARM_GCC_541\Debug\MOSI.o .\CortexM3\ARM_GCC_541\Debug\MISO.o .\CortexM3\ARM_GCC_541\Debug\SCLK.o .\CortexM3\ARM_GCC_541\Debug\SPI_int.o .\CortexM3\ARM_GCC_541\Debug\SPIS.o .\CortexM3\ARM_GCC_541\Debug\SPIS_PM.o .\CortexM3\ARM_GCC_541\Debug\SPIS_INT.o .\CortexM3\ARM_GCC_541\Debug\SPIS_BOOT.o .\CortexM3\ARM_GCC_541\Debug\SS.o .\CortexM3\ARM_GCC_541\Debug\rx_isr.o .\CortexM3\ARM_GCC_541\Debug\SPIS_IntClock.o .\CortexM3\ARM_GCC_541\Debug\CyBootAsmGnu.o
arm-none-eabi-ar.exe: creating .\CortexM3\ARM_GCC_541\Debug\Hovedprogram.a
arm-none-eabi-gcc.exe -Wl,--start-group -o C:\Users\cring\Documents\GitHub\E5PRJ3\ProjektMain\Hovedprogram.cydsn\CortexM3\ARM_GCC_541\Debug\Hovedprogram.elf .\CortexM3\ARM_GCC_541\Debug\main.o .\CortexM3\ARM_GCC_541\Debug\WeightSensors.o .\CortexM3\ARM_GCC_541\Debug\UART.o .\CortexM3\ARM_GCC_541\Debug\Startknap.o .\CortexM3\ARM_GCC_541\Debug\Display.o .\CortexM3\ARM_GCC_541\Debug\LiquidCrystal_I2C.o .\CortexM3\ARM_GCC_541\Debug\Stopur.o .\CortexM3\ARM_GCC_541\Debug\LEDcontrol.o .\CortexM3\ARM_GCC_541\Debug\VT100Terminal.o .\CortexM3\ARM_GCC_541\Debug\SPI_Master.o .\CortexM3\ARM_GCC_541\Debug\cyfitter_cfg.o .\CortexM3\ARM_GCC_541\Debug\cymetadata.o .\CortexM3\ARM_GCC_541\Debug\Cm3Start.o .\CortexM3\ARM_GCC_541\Debug\Hovedprogram.a "C:\Program Files (x86)\Cypress\PSoC Creator\4.3\PSoC Creator\psoc\content\cycomponentlibrary\CyComponentLibrary.cylib\CortexM3\ARM_GCC_541\Debug\CyComponentLibrary.a" -mcpu=cortex-m3 -mthumb -l m -L Generated_Source\PSoC5 -Wl,-Map,.\CortexM3\ARM_GCC_541\Debug/Hovedprogram.map -T Generated_Source\PSoC5\cm3gcc.ld -specs=nano.specs -Wl,--gc-sections -g -ffunction-sections -Og -ffat-lto-objects -Wl,--end-group
cyelftool.exe -C C:\Users\cring\Documents\GitHub\E5PRJ3\ProjektMain\Hovedprogram.cydsn\CortexM3\ARM_GCC_541\Debug\Hovedprogram.elf --flash_row_size 256 --flash_size 262144 --flash_offset 0x00000000
No ELF section .cychecksum found, creating one
Application checksum calculated and stored in ELF section .cychecksum
Checksum calculated and stored in ELF section .cymeta
cyelftool.exe -S C:\Users\cring\Documents\GitHub\E5PRJ3\ProjektMain\Hovedprogram.cydsn\CortexM3\ARM_GCC_541\Debug\Hovedprogram.elf
Flash used: 21616 of 262144 bytes (8.2%).
SRAM used: 2873 of 65536 bytes (4.4%). Stack: 2048 bytes. Heap: 128 bytes.
--------------- Build Succeeded: 05/06/2020 00:17:22 ---------------
<<<<<<< HEAD
>>>>>>> 8ffb3af4682dd47ed453d679803f271e6c37b069
=======
>>>>>>> 8ffb3af4682dd47ed453d679803f271e6c37b069
