--------------- Clean Started: 03/30/2020 10:33:03 Project: Hovedprogram, Configuration: ARM GCC 5.4-2016-q2-update Debug ---------------
Deleting file ".\CortexM3\ARM_GCC_541\Debug\main.o"
Deleting file ".\CortexM3\ARM_GCC_541\Debug\LEDcontrol.o"
Deleting file ".\CortexM3\ARM_GCC_541\Debug\WeightSensors.o"
Deleting file ".\CortexM3\ARM_GCC_541\Debug\UART.o"
Deleting file ".\CortexM3\ARM_GCC_541\Debug\Startknap.o"
Deleting file ".\CortexM3\ARM_GCC_541\Debug\Stopur.o"
Deleting file ".\CortexM3\ARM_GCC_541\Debug\Display.o"
Deleting file ".\CortexM3\ARM_GCC_541\Debug\States.o"
Deleting file ".\CortexM3\ARM_GCC_541\Debug\cyfitter_cfg.o"
Deleting file ".\CortexM3\ARM_GCC_541\Debug\cymetadata.o"
Deleting file ".\CortexM3\ARM_GCC_541\Debug\LEDdata.o"
Deleting file ".\CortexM3\ARM_GCC_541\Debug\Pin_1.o"
Deleting file ".\CortexM3\ARM_GCC_541\Debug\SPIM_1.o"
Deleting file ".\CortexM3\ARM_GCC_541\Debug\SPIM_1_PM.o"
Deleting file ".\CortexM3\ARM_GCC_541\Debug\SPIM_1_INT.o"
Deleting file ".\CortexM3\ARM_GCC_541\Debug\Timer1.o"
Deleting file ".\CortexM3\ARM_GCC_541\Debug\Timer1_PM.o"
Deleting file ".\CortexM3\ARM_GCC_541\Debug\isr_LED_refreshrate.o"
Deleting file ".\CortexM3\ARM_GCC_541\Debug\timer_clock_1.o"
Deleting file ".\CortexM3\ARM_GCC_541\Debug\Timer2.o"
Deleting file ".\CortexM3\ARM_GCC_541\Debug\Timer2_PM.o"
Deleting file ".\CortexM3\ARM_GCC_541\Debug\isr_LED_pulse.o"
Deleting file ".\CortexM3\ARM_GCC_541\Debug\timer_clock_2.o"
Deleting file ".\CortexM3\ARM_GCC_541\Debug\Timer3.o"
Deleting file ".\CortexM3\ARM_GCC_541\Debug\Timer3_PM.o"
Deleting file ".\CortexM3\ARM_GCC_541\Debug\isr_LED_ring.o"
Deleting file ".\CortexM3\ARM_GCC_541\Debug\ADC_SAR_1.o"
Deleting file ".\CortexM3\ARM_GCC_541\Debug\ADC_SAR_1_INT.o"
Deleting file ".\CortexM3\ARM_GCC_541\Debug\ADC_SAR_1_PM.o"
Deleting file ".\CortexM3\ARM_GCC_541\Debug\SAR_p2.o"
Deleting file ".\CortexM3\ARM_GCC_541\Debug\UART_1.o"
Deleting file ".\CortexM3\ARM_GCC_541\Debug\UART_1_PM.o"
Deleting file ".\CortexM3\ARM_GCC_541\Debug\UART_1_INT.o"
Deleting file ".\CortexM3\ARM_GCC_541\Debug\UART_1_BOOT.o"
Deleting file ".\CortexM3\ARM_GCC_541\Debug\isr_uart_rx.o"
Deleting file ".\CortexM3\ARM_GCC_541\Debug\SAR_p1.o"
Deleting file ".\CortexM3\ARM_GCC_541\Debug\SPIM_1_IntClock.o"
Deleting file ".\CortexM3\ARM_GCC_541\Debug\ADC_SAR_1_IRQ.o"
Deleting file ".\CortexM3\ARM_GCC_541\Debug\ADC_SAR_1_theACLK.o"
Deleting file ".\CortexM3\ARM_GCC_541\Debug\UART_1_IntClock.o"
Deleting file ".\CortexM3\ARM_GCC_541\Debug\Cm3Start.o"
Deleting file ".\CortexM3\ARM_GCC_541\Debug\CyBootAsmGnu.o"
Deleting file ".\CortexM3\ARM_GCC_541\Debug\CyDmac.o"
Deleting file ".\CortexM3\ARM_GCC_541\Debug\CyFlash.o"
Deleting file ".\CortexM3\ARM_GCC_541\Debug\CyLib.o"
Deleting file ".\CortexM3\ARM_GCC_541\Debug\cyPm.o"
Deleting file ".\CortexM3\ARM_GCC_541\Debug\CySpc.o"
Deleting file ".\CortexM3\ARM_GCC_541\Debug\cyutils.o"
Deleting file ".\CortexM3\ARM_GCC_541\Debug\cy_em_eeprom.o"
Deleting file ".\CortexM3\ARM_GCC_541\Debug\PlayerSelect.o"
Deleting file ".\CortexM3\ARM_GCC_541\Debug\isr_button.o"
Deleting file ".\CortexM3\ARM_GCC_541\Debug\Pin_2.o"
Deleting file ".\CortexM3\ARM_GCC_541\Debug\timer_clock_3.o"
Deleting file ".\CortexM3\ARM_GCC_541\Debug\Timeout_timer.o"
Deleting file ".\CortexM3\ARM_GCC_541\Debug\Timeout_timer_PM.o"
Deleting file ".\CortexM3\ARM_GCC_541\Debug\Hovedprogram.hex"
Deleting file ".\CortexM3\ARM_GCC_541\Debug\Hovedprogram.map"
Deleting file ".\Hovedprogram.cycdx"
Deleting file ".\Hovedprogram.svd"
Deleting file ".\Hovedprogram.rpt"
Deleting file ".\Hovedprogram_timing.html"
Deleting file ".\CortexM3\ARM_GCC_541\Debug\.deps\SOURCE_C__ARM_GCC_GENERIC.P"
Deleting file ".\CortexM3\ARM_GCC_541\Debug\.deps\SOURCE_ASM__ARM_GCC_GENERIC.P"
--------------- Clean Succeeded: 03/30/2020 10:33:03 ---------------
