ARM GAS  C:\Users\dryos\AppData\Local\Temp\ccLHtHjg.s 			page 1


   1              		.syntax unified
   2              		.cpu cortex-m3
   3              		.fpu softvfp
   4              		.eabi_attribute 20, 1
   5              		.eabi_attribute 21, 1
   6              		.eabi_attribute 23, 3
   7              		.eabi_attribute 24, 1
   8              		.eabi_attribute 25, 1
   9              		.eabi_attribute 26, 1
  10              		.eabi_attribute 30, 1
  11              		.eabi_attribute 34, 1
  12              		.eabi_attribute 18, 4
  13              		.thumb
  14              		.syntax unified
  15              		.file	"cymetadata.c"
  16              		.text
  17              	.Ltext0:
  18              		.cfi_sections	.debug_frame
  19              		.global	cy_metadata
  20              		.global	cy_meta_flashprotect
  21              		.global	cy_meta_wonvl
  22              		.global	cy_meta_custnvl
  23              		.global	cy_meta_configecc
  24              		.section	.cyconfigecc,"a",%progbits
  25              		.align	2
  26              		.type	cy_meta_configecc, %object
  27              		.size	cy_meta_configecc, 616
  28              	cy_meta_configecc:
  29 0000 01       		.byte	1
  30 0001 52       		.byte	82
  31 0002 00       		.byte	0
  32 0003 40       		.byte	64
  33 0004 03       		.byte	3
  34 0005 64       		.byte	100
  35 0006 00       		.byte	0
  36 0007 40       		.byte	64
  37 0008 3C       		.byte	60
  38 0009 04       		.byte	4
  39 000a 01       		.byte	1
  40 000b 40       		.byte	64
  41 000c 2B       		.byte	43
  42 000d 05       		.byte	5
  43 000e 01       		.byte	1
  44 000f 40       		.byte	64
  45 0010 20       		.byte	32
  46 0011 06       		.byte	6
  47 0012 01       		.byte	1
  48 0013 40       		.byte	64
  49 0014 34       		.byte	52
  50 0015 07       		.byte	7
  51 0016 01       		.byte	1
  52 0017 40       		.byte	64
  53 0018 04       		.byte	4
  54 0019 15       		.byte	21
  55 001a 01       		.byte	1
  56 001b 40       		.byte	64
  57 001c 06       		.byte	6
ARM GAS  C:\Users\dryos\AppData\Local\Temp\ccLHtHjg.s 			page 2


  58 001d 17       		.byte	23
  59 001e 01       		.byte	1
  60 001f 40       		.byte	64
  61 0020 01       		.byte	1
  62 0021 19       		.byte	25
  63 0022 01       		.byte	1
  64 0023 40       		.byte	64
  65 0024 03       		.byte	3
  66 0025 40       		.byte	64
  67 0026 01       		.byte	1
  68 0027 40       		.byte	64
  69 0028 03       		.byte	3
  70 0029 41       		.byte	65
  71 002a 01       		.byte	1
  72 002b 40       		.byte	64
  73 002c 06       		.byte	6
  74 002d 42       		.byte	66
  75 002e 01       		.byte	1
  76 002f 40       		.byte	64
  77 0030 08       		.byte	8
  78 0031 43       		.byte	67
  79 0032 01       		.byte	1
  80 0033 40       		.byte	64
  81 0034 02       		.byte	2
  82 0035 45       		.byte	69
  83 0036 01       		.byte	1
  84 0037 40       		.byte	64
  85 0038 01       		.byte	1
  86 0039 46       		.byte	70
  87 003a 01       		.byte	1
  88 003b 40       		.byte	64
  89 003c 01       		.byte	1
  90 003d 47       		.byte	71
  91 003e 01       		.byte	1
  92 003f 40       		.byte	64
  93 0040 05       		.byte	5
  94 0041 48       		.byte	72
  95 0042 01       		.byte	1
  96 0043 40       		.byte	64
  97 0044 0F       		.byte	15
  98 0045 49       		.byte	73
  99 0046 01       		.byte	1
 100 0047 40       		.byte	64
 101 0048 02       		.byte	2
 102 0049 4C       		.byte	76
 103 004a 01       		.byte	1
 104 004b 40       		.byte	64
 105 004c 02       		.byte	2
 106 004d 50       		.byte	80
 107 004e 01       		.byte	1
 108 004f 40       		.byte	64
 109 0050 01       		.byte	1
 110 0051 51       		.byte	81
 111 0052 01       		.byte	1
 112 0053 40       		.byte	64
 113 0054 18       		.byte	24
 114 0055 10       		.byte	16
ARM GAS  C:\Users\dryos\AppData\Local\Temp\ccLHtHjg.s 			page 3


 115 0056 84       		.byte	-124
 116 0057 07       		.byte	7
 117 0058 85       		.byte	-123
 118 0059 78       		.byte	120
 119 005a 86       		.byte	-122
 120 005b 47       		.byte	71
 121 005c 02       		.byte	2
 122 005d 1E       		.byte	30
 123 005e 05       		.byte	5
 124 005f 01       		.byte	1
 125 0060 06       		.byte	6
 126 0061 01       		.byte	1
 127 0062 09       		.byte	9
 128 0063 01       		.byte	1
 129 0064 11       		.byte	17
 130 0065 01       		.byte	1
 131 0066 1D       		.byte	29
 132 0067 01       		.byte	1
 133 0068 20       		.byte	32
 134 0069 61       		.byte	97
 135 006a 22       		.byte	34
 136 006b 02       		.byte	2
 137 006c 24       		.byte	36
 138 006d 61       		.byte	97
 139 006e 26       		.byte	38
 140 006f 04       		.byte	4
 141 0070 28       		.byte	40
 142 0071 61       		.byte	97
 143 0072 2A       		.byte	42
 144 0073 08       		.byte	8
 145 0074 2C       		.byte	44
 146 0075 41       		.byte	65
 147 0076 2E       		.byte	46
 148 0077 30       		.byte	48
 149 0078 2F       		.byte	47
 150 0079 01       		.byte	1
 151 007a 32       		.byte	50
 152 007b 20       		.byte	32
 153 007c 34       		.byte	52
 154 007d 40       		.byte	64
 155 007e 35       		.byte	53
 156 007f 01       		.byte	1
 157 0080 36       		.byte	54
 158 0081 1F       		.byte	31
 159 0082 3E       		.byte	62
 160 0083 54       		.byte	84
 161 0084 3F       		.byte	63
 162 0085 10       		.byte	16
 163 0086 40       		.byte	64
 164 0087 02       		.byte	2
 165 0088 41       		.byte	65
 166 0089 06       		.byte	6
 167 008a 42       		.byte	66
 168 008b 20       		.byte	32
 169 008c 44       		.byte	68
 170 008d 01       		.byte	1
 171 008e 45       		.byte	69
ARM GAS  C:\Users\dryos\AppData\Local\Temp\ccLHtHjg.s 			page 4


 172 008f CE       		.byte	-50
 173 0090 46       		.byte	70
 174 0091 B0       		.byte	-80
 175 0092 47       		.byte	71
 176 0093 DF       		.byte	-33
 177 0094 48       		.byte	72
 178 0095 3B       		.byte	59
 179 0096 49       		.byte	73
 180 0097 FF       		.byte	-1
 181 0098 4A       		.byte	74
 182 0099 FF       		.byte	-1
 183 009a 4B       		.byte	75
 184 009b FF       		.byte	-1
 185 009c 4C       		.byte	76
 186 009d 22       		.byte	34
 187 009e 4E       		.byte	78
 188 009f F0       		.byte	-16
 189 00a0 4F       		.byte	79
 190 00a1 0C       		.byte	12
 191 00a2 50       		.byte	80
 192 00a3 8C       		.byte	-116
 193 00a4 51       		.byte	81
 194 00a5 10       		.byte	16
 195 00a6 56       		.byte	86
 196 00a7 02       		.byte	2
 197 00a8 57       		.byte	87
 198 00a9 24       		.byte	36
 199 00aa 58       		.byte	88
 200 00ab 04       		.byte	4
 201 00ac 59       		.byte	89
 202 00ad 04       		.byte	4
 203 00ae 5A       		.byte	90
 204 00af 24       		.byte	36
 205 00b0 5B       		.byte	91
 206 00b1 24       		.byte	36
 207 00b2 5D       		.byte	93
 208 00b3 88       		.byte	-120
 209 00b4 5E       		.byte	94
 210 00b5 08       		.byte	8
 211 00b6 5F       		.byte	95
 212 00b7 11       		.byte	17
 213 00b8 68       		.byte	104
 214 00b9 40       		.byte	64
 215 00ba 69       		.byte	105
 216 00bb 01       		.byte	1
 217 00bc 6A       		.byte	106
 218 00bd C0       		.byte	-64
 219 00be 6B       		.byte	107
 220 00bf 01       		.byte	1
 221 00c0 84       		.byte	-124
 222 00c1 01       		.byte	1
 223 00c2 A0       		.byte	-96
 224 00c3 02       		.byte	2
 225 00c4 B0       		.byte	-80
 226 00c5 01       		.byte	1
 227 00c6 B4       		.byte	-76
 228 00c7 02       		.byte	2
ARM GAS  C:\Users\dryos\AppData\Local\Temp\ccLHtHjg.s 			page 5


 229 00c8 BE       		.byte	-66
 230 00c9 11       		.byte	17
 231 00ca D4       		.byte	-44
 232 00cb 20       		.byte	32
 233 00cc D6       		.byte	-42
 234 00cd 04       		.byte	4
 235 00ce D8       		.byte	-40
 236 00cf 04       		.byte	4
 237 00d0 DB       		.byte	-37
 238 00d1 04       		.byte	4
 239 00d2 DF       		.byte	-33
 240 00d3 01       		.byte	1
 241 00d4 00       		.byte	0
 242 00d5 02       		.byte	2
 243 00d6 01       		.byte	1
 244 00d7 08       		.byte	8
 245 00d8 04       		.byte	4
 246 00d9 08       		.byte	8
 247 00da 10       		.byte	16
 248 00db AA       		.byte	-86
 249 00dc 14       		.byte	20
 250 00dd 40       		.byte	64
 251 00de 17       		.byte	23
 252 00df 01       		.byte	1
 253 00e0 18       		.byte	24
 254 00e1 05       		.byte	5
 255 00e2 19       		.byte	25
 256 00e3 04       		.byte	4
 257 00e4 1D       		.byte	29
 258 00e5 20       		.byte	32
 259 00e6 1F       		.byte	31
 260 00e7 11       		.byte	17
 261 00e8 22       		.byte	34
 262 00e9 10       		.byte	16
 263 00ea 29       		.byte	41
 264 00eb 40       		.byte	64
 265 00ec 2B       		.byte	43
 266 00ed 02       		.byte	2
 267 00ee 30       		.byte	48
 268 00ef 82       		.byte	-126
 269 00f0 39       		.byte	57
 270 00f1 14       		.byte	20
 271 00f2 40       		.byte	64
 272 00f3 05       		.byte	5
 273 00f4 49       		.byte	73
 274 00f5 01       		.byte	1
 275 00f6 4A       		.byte	74
 276 00f7 10       		.byte	16
 277 00f8 4B       		.byte	75
 278 00f9 20       		.byte	32
 279 00fa 50       		.byte	80
 280 00fb 04       		.byte	4
 281 00fc 52       		.byte	82
 282 00fd 10       		.byte	16
 283 00fe 53       		.byte	83
 284 00ff 02       		.byte	2
 285 0100 5F       		.byte	95
ARM GAS  C:\Users\dryos\AppData\Local\Temp\ccLHtHjg.s 			page 6


 286 0101 02       		.byte	2
 287 0102 61       		.byte	97
 288 0103 20       		.byte	32
 289 0104 64       		.byte	100
 290 0105 10       		.byte	16
 291 0106 65       		.byte	101
 292 0107 12       		.byte	18
 293 0108 67       		.byte	103
 294 0109 42       		.byte	66
 295 010a 68       		.byte	104
 296 010b AA       		.byte	-86
 297 010c 69       		.byte	105
 298 010d 14       		.byte	20
 299 010e 78       		.byte	120
 300 010f 40       		.byte	64
 301 0110 79       		.byte	121
 302 0111 20       		.byte	32
 303 0112 85       		.byte	-123
 304 0113 02       		.byte	2
 305 0114 87       		.byte	-121
 306 0115 40       		.byte	64
 307 0116 C0       		.byte	-64
 308 0117 2C       		.byte	44
 309 0118 C4       		.byte	-60
 310 0119 1F       		.byte	31
 311 011a CA       		.byte	-54
 312 011b 08       		.byte	8
 313 011c CC       		.byte	-52
 314 011d 09       		.byte	9
 315 011e CE       		.byte	-50
 316 011f 06       		.byte	6
 317 0120 D0       		.byte	-48
 318 0121 0C       		.byte	12
 319 0122 D2       		.byte	-46
 320 0123 04       		.byte	4
 321 0124 D6       		.byte	-42
 322 0125 80       		.byte	-128
 323 0126 D8       		.byte	-40
 324 0127 F4       		.byte	-12
 325 0128 DE       		.byte	-34
 326 0129 0C       		.byte	12
 327 012a 07       		.byte	7
 328 012b 01       		.byte	1
 329 012c 08       		.byte	8
 330 012d 05       		.byte	5
 331 012e 0E       		.byte	14
 332 012f 01       		.byte	1
 333 0130 16       		.byte	22
 334 0131 07       		.byte	7
 335 0132 20       		.byte	32
 336 0133 08       		.byte	8
 337 0134 26       		.byte	38
 338 0135 08       		.byte	8
 339 0136 2D       		.byte	45
 340 0137 01       		.byte	1
 341 0138 30       		.byte	48
 342 0139 04       		.byte	4
ARM GAS  C:\Users\dryos\AppData\Local\Temp\ccLHtHjg.s 			page 7


 343 013a 32       		.byte	50
 344 013b 02       		.byte	2
 345 013c 34       		.byte	52
 346 013d 08       		.byte	8
 347 013e 35       		.byte	53
 348 013f 01       		.byte	1
 349 0140 36       		.byte	54
 350 0141 01       		.byte	1
 351 0142 3E       		.byte	62
 352 0143 51       		.byte	81
 353 0144 3F       		.byte	63
 354 0145 10       		.byte	16
 355 0146 54       		.byte	84
 356 0147 41       		.byte	65
 357 0148 58       		.byte	88
 358 0149 04       		.byte	4
 359 014a 59       		.byte	89
 360 014b 04       		.byte	4
 361 014c 5B       		.byte	91
 362 014d 04       		.byte	4
 363 014e 5F       		.byte	95
 364 014f 01       		.byte	1
 365 0150 95       		.byte	-107
 366 0151 02       		.byte	2
 367 0152 96       		.byte	-106
 368 0153 01       		.byte	1
 369 0154 AF       		.byte	-81
 370 0155 01       		.byte	1
 371 0156 B5       		.byte	-75
 372 0157 02       		.byte	2
 373 0158 B6       		.byte	-74
 374 0159 01       		.byte	1
 375 015a B7       		.byte	-73
 376 015b 01       		.byte	1
 377 015c BF       		.byte	-65
 378 015d 10       		.byte	16
 379 015e D6       		.byte	-42
 380 015f 08       		.byte	8
 381 0160 D8       		.byte	-40
 382 0161 04       		.byte	4
 383 0162 D9       		.byte	-39
 384 0163 04       		.byte	4
 385 0164 DB       		.byte	-37
 386 0165 04       		.byte	4
 387 0166 DC       		.byte	-36
 388 0167 80       		.byte	-128
 389 0168 DF       		.byte	-33
 390 0169 11       		.byte	17
 391 016a 04       		.byte	4
 392 016b 10       		.byte	16
 393 016c 06       		.byte	6
 394 016d 01       		.byte	1
 395 016e 08       		.byte	8
 396 016f 08       		.byte	8
 397 0170 0F       		.byte	15
 398 0171 20       		.byte	32
 399 0172 16       		.byte	22
ARM GAS  C:\Users\dryos\AppData\Local\Temp\ccLHtHjg.s 			page 8


 400 0173 10       		.byte	16
 401 0174 17       		.byte	23
 402 0175 01       		.byte	1
 403 0176 19       		.byte	25
 404 0177 80       		.byte	-128
 405 0178 1C       		.byte	28
 406 0179 10       		.byte	16
 407 017a 1F       		.byte	31
 408 017b 52       		.byte	82
 409 017c 20       		.byte	32
 410 017d 02       		.byte	2
 411 017e 23       		.byte	35
 412 017f 04       		.byte	4
 413 0180 25       		.byte	37
 414 0181 20       		.byte	32
 415 0182 2A       		.byte	42
 416 0183 80       		.byte	-128
 417 0184 2D       		.byte	45
 418 0185 80       		.byte	-128
 419 0186 30       		.byte	48
 420 0187 08       		.byte	8
 421 0188 31       		.byte	49
 422 0189 30       		.byte	48
 423 018a 3F       		.byte	63
 424 018b 08       		.byte	8
 425 018c 4B       		.byte	75
 426 018d C0       		.byte	-64
 427 018e 59       		.byte	89
 428 018f 45       		.byte	69
 429 0190 5A       		.byte	90
 430 0191 20       		.byte	32
 431 0192 5E       		.byte	94
 432 0193 20       		.byte	32
 433 0194 5F       		.byte	95
 434 0195 48       		.byte	72
 435 0196 60       		.byte	96
 436 0197 08       		.byte	8
 437 0198 61       		.byte	97
 438 0199 80       		.byte	-128
 439 019a 62       		.byte	98
 440 019b 01       		.byte	1
 441 019c 63       		.byte	99
 442 019d 28       		.byte	40
 443 019e 67       		.byte	103
 444 019f 10       		.byte	16
 445 01a0 79       		.byte	121
 446 01a1 20       		.byte	32
 447 01a2 87       		.byte	-121
 448 01a3 11       		.byte	17
 449 01a4 91       		.byte	-111
 450 01a5 20       		.byte	32
 451 01a6 92       		.byte	-110
 452 01a7 20       		.byte	32
 453 01a8 99       		.byte	-103
 454 01a9 45       		.byte	69
 455 01aa 9A       		.byte	-102
 456 01ab 10       		.byte	16
ARM GAS  C:\Users\dryos\AppData\Local\Temp\ccLHtHjg.s 			page 9


 457 01ac 9D       		.byte	-99
 458 01ad 18       		.byte	24
 459 01ae 9F       		.byte	-97
 460 01af 01       		.byte	1
 461 01b0 A2       		.byte	-94
 462 01b1 10       		.byte	16
 463 01b2 A4       		.byte	-92
 464 01b3 01       		.byte	1
 465 01b4 A5       		.byte	-91
 466 01b5 80       		.byte	-128
 467 01b6 A8       		.byte	-88
 468 01b7 04       		.byte	4
 469 01b8 AB       		.byte	-85
 470 01b9 02       		.byte	2
 471 01ba AD       		.byte	-83
 472 01bb 10       		.byte	16
 473 01bc B0       		.byte	-80
 474 01bd 10       		.byte	16
 475 01be B1       		.byte	-79
 476 01bf 80       		.byte	-128
 477 01c0 C0       		.byte	-64
 478 01c1 C0       		.byte	-64
 479 01c2 C2       		.byte	-62
 480 01c3 24       		.byte	36
 481 01c4 C4       		.byte	-60
 482 01c5 30       		.byte	48
 483 01c6 CA       		.byte	-54
 484 01c7 18       		.byte	24
 485 01c8 CC       		.byte	-52
 486 01c9 02       		.byte	2
 487 01ca CE       		.byte	-50
 488 01cb 40       		.byte	64
 489 01cc D6       		.byte	-42
 490 01cd 7F       		.byte	127
 491 01ce D8       		.byte	-40
 492 01cf 4F       		.byte	79
 493 01d0 DE       		.byte	-34
 494 01d1 04       		.byte	4
 495 01d2 81       		.byte	-127
 496 01d3 08       		.byte	8
 497 01d4 82       		.byte	-126
 498 01d5 80       		.byte	-128
 499 01d6 9D       		.byte	-99
 500 01d7 08       		.byte	8
 501 01d8 9E       		.byte	-98
 502 01d9 80       		.byte	-128
 503 01da 9D       		.byte	-99
 504 01db 08       		.byte	8
 505 01dc 9E       		.byte	-98
 506 01dd 80       		.byte	-128
 507 01de AF       		.byte	-81
 508 01df 16       		.byte	22
 509 01e0 B0       		.byte	-80
 510 01e1 08       		.byte	8
 511 01e2 B6       		.byte	-74
 512 01e3 01       		.byte	1
 513 01e4 B7       		.byte	-73
ARM GAS  C:\Users\dryos\AppData\Local\Temp\ccLHtHjg.s 			page 10


 514 01e5 08       		.byte	8
 515 01e6 EE       		.byte	-18
 516 01e7 20       		.byte	32
 517 01e8 33       		.byte	51
 518 01e9 81       		.byte	-127
 519 01ea 36       		.byte	54
 520 01eb 40       		.byte	64
 521 01ec CC       		.byte	-52
 522 01ed 70       		.byte	112
 523 01ee 9F       		.byte	-97
 524 01ef 01       		.byte	1
 525 01f0 A6       		.byte	-90
 526 01f1 40       		.byte	64
 527 01f2 A7       		.byte	-89
 528 01f3 80       		.byte	-128
 529 01f4 86       		.byte	-122
 530 01f5 40       		.byte	64
 531 01f6 87       		.byte	-121
 532 01f7 80       		.byte	-128
 533 01f8 9F       		.byte	-97
 534 01f9 01       		.byte	1
 535 01fa A6       		.byte	-90
 536 01fb 40       		.byte	64
 537 01fc A7       		.byte	-89
 538 01fd 80       		.byte	-128
 539 01fe E6       		.byte	-26
 540 01ff 50       		.byte	80
 541 0200 84       		.byte	-124
 542 0201 02       		.byte	2
 543 0202 87       		.byte	-121
 544 0203 04       		.byte	4
 545 0204 9C       		.byte	-100
 546 0205 01       		.byte	1
 547 0206 9F       		.byte	-97
 548 0207 01       		.byte	1
 549 0208 AC       		.byte	-84
 550 0209 01       		.byte	1
 551 020a E0       		.byte	-32
 552 020b 40       		.byte	64
 553 020c E6       		.byte	-26
 554 020d 40       		.byte	64
 555 020e E8       		.byte	-24
 556 020f 40       		.byte	64
 557 0210 00       		.byte	0
 558 0211 80       		.byte	-128
 559 0212 C0       		.byte	-64
 560 0213 02       		.byte	2
 561 0214 A0       		.byte	-96
 562 0215 40       		.byte	64
 563 0216 A0       		.byte	-96
 564 0217 40       		.byte	64
 565 0218 97       		.byte	-105
 566 0219 04       		.byte	4
 567 021a 98       		.byte	-104
 568 021b 02       		.byte	2
 569 021c 9C       		.byte	-100
 570 021d 01       		.byte	1
ARM GAS  C:\Users\dryos\AppData\Local\Temp\ccLHtHjg.s 			page 11


 571 021e AF       		.byte	-81
 572 021f 01       		.byte	1
 573 0220 EA       		.byte	-22
 574 0221 40       		.byte	64
 575 0222 05       		.byte	5
 576 0223 10       		.byte	16
 577 0224 07       		.byte	7
 578 0225 04       		.byte	4
 579 0226 0B       		.byte	11
 580 0227 04       		.byte	4
 581 0228 0C       		.byte	12
 582 0229 01       		.byte	1
 583 022a 5C       		.byte	92
 584 022b 02       		.byte	2
 585 022c 81       		.byte	-127
 586 022d 10       		.byte	16
 587 022e 83       		.byte	-125
 588 022f 04       		.byte	4
 589 0230 97       		.byte	-105
 590 0231 04       		.byte	4
 591 0232 98       		.byte	-104
 592 0233 02       		.byte	2
 593 0234 9C       		.byte	-100
 594 0235 01       		.byte	1
 595 0236 C0       		.byte	-64
 596 0237 80       		.byte	-128
 597 0238 C2       		.byte	-62
 598 0239 60       		.byte	96
 599 023a D6       		.byte	-42
 600 023b 80       		.byte	-128
 601 023c E0       		.byte	-32
 602 023d 80       		.byte	-128
 603 023e E4       		.byte	-28
 604 023f 20       		.byte	32
 605 0240 B0       		.byte	-80
 606 0241 40       		.byte	64
 607 0242 EE       		.byte	-18
 608 0243 04       		.byte	4
 609 0244 00       		.byte	0
 610 0245 01       		.byte	1
 611 0246 0A       		.byte	10
 612 0247 01       		.byte	1
 613 0248 00       		.byte	0
 614 0249 3F       		.byte	63
 615 024a 00       		.byte	0
 616 024b 00       		.byte	0
 617 024c 00       		.byte	0
 618 024d 0B       		.byte	11
 619 024e 0B       		.byte	11
 620 024f 00       		.byte	0
 621 0250 00       		.byte	0
 622 0251 00       		.byte	0
 623 0252 00       		.byte	0
 624 0253 00       		.byte	0
 625 0254 04       		.byte	4
 626 0255 00       		.byte	0
 627 0256 00       		.byte	0
ARM GAS  C:\Users\dryos\AppData\Local\Temp\ccLHtHjg.s 			page 12


 628 0257 06       		.byte	6
 629 0258 02       		.byte	2
 630 0259 00       		.byte	0
 631 025a 00       		.byte	0
 632 025b 00       		.byte	0
 633 025c 00       		.byte	0
 634 025d 00       		.byte	0
 635 025e 00       		.byte	0
 636 025f 00       		.byte	0
 637 0260 E8       		.byte	-24
 638 0261 D0       		.byte	-48
 639 0262 10       		.byte	16
 640 0263 00       		.byte	0
 641 0264 10       		.byte	16
 642 0265 00       		.byte	0
 643 0266 00       		.byte	0
 644 0267 00       		.byte	0
 645              		.section	.cywolatch,"a",%progbits
 646              		.align	2
 647              		.type	cy_meta_wonvl, %object
 648              		.size	cy_meta_wonvl, 4
 649              	cy_meta_wonvl:
 650 0000 BC       		.byte	-68
 651 0001 90       		.byte	-112
 652 0002 AC       		.byte	-84
 653 0003 AF       		.byte	-81
 654              		.section	.cycustnvl,"a",%progbits
 655              		.align	2
 656              		.type	cy_meta_custnvl, %object
 657              		.size	cy_meta_custnvl, 4
 658              	cy_meta_custnvl:
 659 0000 20       		.byte	32
 660 0001 00       		.byte	0
 661 0002 40       		.byte	64
 662 0003 05       		.byte	5
 663              		.section	.cymeta,"a",%progbits
 664              		.align	2
 665              		.type	cy_metadata, %object
 666              		.size	cy_metadata, 12
 667              	cy_metadata:
 668 0000 00       		.byte	0
 669 0001 01       		.byte	1
 670 0002 2E       		.byte	46
 671 0003 16       		.byte	22
 672 0004 10       		.byte	16
 673 0005 69       		.byte	105
 674 0006 00       		.byte	0
 675 0007 01       		.byte	1
 676 0008 00       		.byte	0
 677 0009 00       		.byte	0
 678 000a 00       		.byte	0
 679 000b 00       		.byte	0
 680              		.section	.cyflashprotect,"a",%progbits
 681              		.align	2
 682              		.type	cy_meta_flashprotect, %object
 683              		.size	cy_meta_flashprotect, 256
 684              	cy_meta_flashprotect:
ARM GAS  C:\Users\dryos\AppData\Local\Temp\ccLHtHjg.s 			page 13


 685 0000 00000000 		.space	256
 685      00000000 
 685      00000000 
 685      00000000 
 685      00000000 
 686              		.text
 687              	.Letext0:
 688              		.file 1 "c:\\program files (x86)\\cypress\\psoc creator\\4.2\\psoc creator\\import\\gnu\\arm\\5.4.
 689              		.file 2 "c:\\program files (x86)\\cypress\\psoc creator\\4.2\\psoc creator\\import\\gnu\\arm\\5.4.
 690              		.file 3 "Generated_Source\\PSoC5\\cymetadata.c"
 691              		.section	.debug_info,"",%progbits
 692              	.Ldebug_info0:
 693 0000 31010000 		.4byte	0x131
 694 0004 0400     		.2byte	0x4
 695 0006 00000000 		.4byte	.Ldebug_abbrev0
 696 000a 04       		.byte	0x4
 697 000b 01       		.uleb128 0x1
 698 000c 24000000 		.4byte	.LASF17
 699 0010 0C       		.byte	0xc
 700 0011 AF010000 		.4byte	.LASF18
 701 0015 5F010000 		.4byte	.LASF19
 702 0019 00000000 		.4byte	.Ldebug_line0
 703 001d 02       		.uleb128 0x2
 704 001e 01       		.byte	0x1
 705 001f 06       		.byte	0x6
 706 0020 A3010000 		.4byte	.LASF0
 707 0024 03       		.uleb128 0x3
 708 0025 00000000 		.4byte	.LASF9
 709 0029 01       		.byte	0x1
 710 002a 1D       		.byte	0x1d
 711 002b 2F000000 		.4byte	0x2f
 712 002f 02       		.uleb128 0x2
 713 0030 01       		.byte	0x1
 714 0031 08       		.byte	0x8
 715 0032 16000000 		.4byte	.LASF1
 716 0036 02       		.uleb128 0x2
 717 0037 02       		.byte	0x2
 718 0038 05       		.byte	0x5
 719 0039 90010000 		.4byte	.LASF2
 720 003d 02       		.uleb128 0x2
 721 003e 02       		.byte	0x2
 722 003f 07       		.byte	0x7
 723 0040 C4000000 		.4byte	.LASF3
 724 0044 02       		.uleb128 0x2
 725 0045 04       		.byte	0x4
 726 0046 05       		.byte	0x5
 727 0047 9A010000 		.4byte	.LASF4
 728 004b 02       		.uleb128 0x2
 729 004c 04       		.byte	0x4
 730 004d 07       		.byte	0x7
 731 004e B2000000 		.4byte	.LASF5
 732 0052 02       		.uleb128 0x2
 733 0053 08       		.byte	0x8
 734 0054 05       		.byte	0x5
 735 0055 51010000 		.4byte	.LASF6
 736 0059 02       		.uleb128 0x2
 737 005a 08       		.byte	0x8
ARM GAS  C:\Users\dryos\AppData\Local\Temp\ccLHtHjg.s 			page 14


 738 005b 07       		.byte	0x7
 739 005c 06010000 		.4byte	.LASF7
 740 0060 04       		.uleb128 0x4
 741 0061 04       		.byte	0x4
 742 0062 05       		.byte	0x5
 743 0063 696E7400 		.ascii	"int\000"
 744 0067 02       		.uleb128 0x2
 745 0068 04       		.byte	0x4
 746 0069 07       		.byte	0x7
 747 006a F9000000 		.4byte	.LASF8
 748 006e 03       		.uleb128 0x3
 749 006f 1D010000 		.4byte	.LASF10
 750 0073 02       		.byte	0x2
 751 0074 18       		.byte	0x18
 752 0075 24000000 		.4byte	0x24
 753 0079 05       		.uleb128 0x5
 754 007a 91000000 		.4byte	0x91
 755 007e 8A000000 		.4byte	0x8a
 756 0082 06       		.uleb128 0x6
 757 0083 8A000000 		.4byte	0x8a
 758 0087 6702     		.2byte	0x267
 759 0089 00       		.byte	0
 760 008a 02       		.uleb128 0x2
 761 008b 04       		.byte	0x4
 762 008c 07       		.byte	0x7
 763 008d 48010000 		.4byte	.LASF11
 764 0091 07       		.uleb128 0x7
 765 0092 6E000000 		.4byte	0x6e
 766 0096 08       		.uleb128 0x8
 767 0097 E7000000 		.4byte	.LASF12
 768 009b 03       		.byte	0x3
 769 009c 1F       		.byte	0x1f
 770 009d A7000000 		.4byte	0xa7
 771 00a1 05       		.uleb128 0x5
 772 00a2 03       		.byte	0x3
 773 00a3 00000000 		.4byte	cy_meta_configecc
 774 00a7 07       		.uleb128 0x7
 775 00a8 79000000 		.4byte	0x79
 776 00ac 05       		.uleb128 0x5
 777 00ad 91000000 		.4byte	0x91
 778 00b1 BC000000 		.4byte	0xbc
 779 00b5 09       		.uleb128 0x9
 780 00b6 8A000000 		.4byte	0x8a
 781 00ba 03       		.byte	0x3
 782 00bb 00       		.byte	0
 783 00bc 08       		.uleb128 0x8
 784 00bd D7000000 		.4byte	.LASF13
 785 00c1 03       		.byte	0x3
 786 00c2 79       		.byte	0x79
 787 00c3 CD000000 		.4byte	0xcd
 788 00c7 05       		.uleb128 0x5
 789 00c8 03       		.byte	0x3
 790 00c9 00000000 		.4byte	cy_meta_custnvl
 791 00cd 07       		.uleb128 0x7
 792 00ce AC000000 		.4byte	0xac
 793 00d2 08       		.uleb128 0x8
 794 00d3 3A010000 		.4byte	.LASF14
ARM GAS  C:\Users\dryos\AppData\Local\Temp\ccLHtHjg.s 			page 15


 795 00d7 03       		.byte	0x3
 796 00d8 87       		.byte	0x87
 797 00d9 E3000000 		.4byte	0xe3
 798 00dd 05       		.uleb128 0x5
 799 00de 03       		.byte	0x3
 800 00df 00000000 		.4byte	cy_meta_wonvl
 801 00e3 07       		.uleb128 0x7
 802 00e4 AC000000 		.4byte	0xac
 803 00e8 05       		.uleb128 0x5
 804 00e9 91000000 		.4byte	0x91
 805 00ed F8000000 		.4byte	0xf8
 806 00f1 09       		.uleb128 0x9
 807 00f2 8A000000 		.4byte	0x8a
 808 00f6 FF       		.byte	0xff
 809 00f7 00       		.byte	0
 810 00f8 08       		.uleb128 0x8
 811 00f9 25010000 		.4byte	.LASF15
 812 00fd 03       		.byte	0x3
 813 00fe 95       		.byte	0x95
 814 00ff 09010000 		.4byte	0x109
 815 0103 05       		.uleb128 0x5
 816 0104 03       		.byte	0x3
 817 0105 00000000 		.4byte	cy_meta_flashprotect
 818 0109 07       		.uleb128 0x7
 819 010a E8000000 		.4byte	0xe8
 820 010e 05       		.uleb128 0x5
 821 010f 91000000 		.4byte	0x91
 822 0113 1E010000 		.4byte	0x11e
 823 0117 09       		.uleb128 0x9
 824 0118 8A000000 		.4byte	0x8a
 825 011c 0B       		.byte	0xb
 826 011d 00       		.byte	0
 827 011e 08       		.uleb128 0x8
 828 011f 0A000000 		.4byte	.LASF16
 829 0123 03       		.byte	0x3
 830 0124 C2       		.byte	0xc2
 831 0125 2F010000 		.4byte	0x12f
 832 0129 05       		.uleb128 0x5
 833 012a 03       		.byte	0x3
 834 012b 00000000 		.4byte	cy_metadata
 835 012f 07       		.uleb128 0x7
 836 0130 0E010000 		.4byte	0x10e
 837 0134 00       		.byte	0
 838              		.section	.debug_abbrev,"",%progbits
 839              	.Ldebug_abbrev0:
 840 0000 01       		.uleb128 0x1
 841 0001 11       		.uleb128 0x11
 842 0002 01       		.byte	0x1
 843 0003 25       		.uleb128 0x25
 844 0004 0E       		.uleb128 0xe
 845 0005 13       		.uleb128 0x13
 846 0006 0B       		.uleb128 0xb
 847 0007 03       		.uleb128 0x3
 848 0008 0E       		.uleb128 0xe
 849 0009 1B       		.uleb128 0x1b
 850 000a 0E       		.uleb128 0xe
 851 000b 10       		.uleb128 0x10
ARM GAS  C:\Users\dryos\AppData\Local\Temp\ccLHtHjg.s 			page 16


 852 000c 17       		.uleb128 0x17
 853 000d 00       		.byte	0
 854 000e 00       		.byte	0
 855 000f 02       		.uleb128 0x2
 856 0010 24       		.uleb128 0x24
 857 0011 00       		.byte	0
 858 0012 0B       		.uleb128 0xb
 859 0013 0B       		.uleb128 0xb
 860 0014 3E       		.uleb128 0x3e
 861 0015 0B       		.uleb128 0xb
 862 0016 03       		.uleb128 0x3
 863 0017 0E       		.uleb128 0xe
 864 0018 00       		.byte	0
 865 0019 00       		.byte	0
 866 001a 03       		.uleb128 0x3
 867 001b 16       		.uleb128 0x16
 868 001c 00       		.byte	0
 869 001d 03       		.uleb128 0x3
 870 001e 0E       		.uleb128 0xe
 871 001f 3A       		.uleb128 0x3a
 872 0020 0B       		.uleb128 0xb
 873 0021 3B       		.uleb128 0x3b
 874 0022 0B       		.uleb128 0xb
 875 0023 49       		.uleb128 0x49
 876 0024 13       		.uleb128 0x13
 877 0025 00       		.byte	0
 878 0026 00       		.byte	0
 879 0027 04       		.uleb128 0x4
 880 0028 24       		.uleb128 0x24
 881 0029 00       		.byte	0
 882 002a 0B       		.uleb128 0xb
 883 002b 0B       		.uleb128 0xb
 884 002c 3E       		.uleb128 0x3e
 885 002d 0B       		.uleb128 0xb
 886 002e 03       		.uleb128 0x3
 887 002f 08       		.uleb128 0x8
 888 0030 00       		.byte	0
 889 0031 00       		.byte	0
 890 0032 05       		.uleb128 0x5
 891 0033 01       		.uleb128 0x1
 892 0034 01       		.byte	0x1
 893 0035 49       		.uleb128 0x49
 894 0036 13       		.uleb128 0x13
 895 0037 01       		.uleb128 0x1
 896 0038 13       		.uleb128 0x13
 897 0039 00       		.byte	0
 898 003a 00       		.byte	0
 899 003b 06       		.uleb128 0x6
 900 003c 21       		.uleb128 0x21
 901 003d 00       		.byte	0
 902 003e 49       		.uleb128 0x49
 903 003f 13       		.uleb128 0x13
 904 0040 2F       		.uleb128 0x2f
 905 0041 05       		.uleb128 0x5
 906 0042 00       		.byte	0
 907 0043 00       		.byte	0
 908 0044 07       		.uleb128 0x7
ARM GAS  C:\Users\dryos\AppData\Local\Temp\ccLHtHjg.s 			page 17


 909 0045 26       		.uleb128 0x26
 910 0046 00       		.byte	0
 911 0047 49       		.uleb128 0x49
 912 0048 13       		.uleb128 0x13
 913 0049 00       		.byte	0
 914 004a 00       		.byte	0
 915 004b 08       		.uleb128 0x8
 916 004c 34       		.uleb128 0x34
 917 004d 00       		.byte	0
 918 004e 03       		.uleb128 0x3
 919 004f 0E       		.uleb128 0xe
 920 0050 3A       		.uleb128 0x3a
 921 0051 0B       		.uleb128 0xb
 922 0052 3B       		.uleb128 0x3b
 923 0053 0B       		.uleb128 0xb
 924 0054 49       		.uleb128 0x49
 925 0055 13       		.uleb128 0x13
 926 0056 3F       		.uleb128 0x3f
 927 0057 19       		.uleb128 0x19
 928 0058 02       		.uleb128 0x2
 929 0059 18       		.uleb128 0x18
 930 005a 00       		.byte	0
 931 005b 00       		.byte	0
 932 005c 09       		.uleb128 0x9
 933 005d 21       		.uleb128 0x21
 934 005e 00       		.byte	0
 935 005f 49       		.uleb128 0x49
 936 0060 13       		.uleb128 0x13
 937 0061 2F       		.uleb128 0x2f
 938 0062 0B       		.uleb128 0xb
 939 0063 00       		.byte	0
 940 0064 00       		.byte	0
 941 0065 00       		.byte	0
 942              		.section	.debug_aranges,"",%progbits
 943 0000 14000000 		.4byte	0x14
 944 0004 0200     		.2byte	0x2
 945 0006 00000000 		.4byte	.Ldebug_info0
 946 000a 04       		.byte	0x4
 947 000b 00       		.byte	0
 948 000c 0000     		.2byte	0
 949 000e 0000     		.2byte	0
 950 0010 00000000 		.4byte	0
 951 0014 00000000 		.4byte	0
 952              		.section	.debug_line,"",%progbits
 953              	.Ldebug_line0:
 954 0000 3D010000 		.section	.debug_str,"MS",%progbits,1
 954      02003701 
 954      00000201 
 954      FB0E0D00 
 954      01010101 
 955              	.LASF9:
 956 0000 5F5F7569 		.ascii	"__uint8_t\000"
 956      6E74385F 
 956      7400
 957              	.LASF16:
 958 000a 63795F6D 		.ascii	"cy_metadata\000"
 958      65746164 
ARM GAS  C:\Users\dryos\AppData\Local\Temp\ccLHtHjg.s 			page 18


 958      61746100 
 959              	.LASF1:
 960 0016 756E7369 		.ascii	"unsigned char\000"
 960      676E6564 
 960      20636861 
 960      7200
 961              	.LASF17:
 962 0024 474E5520 		.ascii	"GNU C11 5.4.1 20160609 (release) [ARM/embedded-5-br"
 962      43313120 
 962      352E342E 
 962      31203230 
 962      31363036 
 963 0057 616E6368 		.ascii	"anch revision 237715] -mcpu=cortex-m3 -mthumb -g -O"
 963      20726576 
 963      6973696F 
 963      6E203233 
 963      37373135 
 964 008a 67202D66 		.ascii	"g -ffunction-sections -ffat-lto-objects\000"
 964      66756E63 
 964      74696F6E 
 964      2D736563 
 964      74696F6E 
 965              	.LASF5:
 966 00b2 6C6F6E67 		.ascii	"long unsigned int\000"
 966      20756E73 
 966      69676E65 
 966      6420696E 
 966      7400
 967              	.LASF3:
 968 00c4 73686F72 		.ascii	"short unsigned int\000"
 968      7420756E 
 968      7369676E 
 968      65642069 
 968      6E7400
 969              	.LASF13:
 970 00d7 63795F6D 		.ascii	"cy_meta_custnvl\000"
 970      6574615F 
 970      63757374 
 970      6E766C00 
 971              	.LASF12:
 972 00e7 63795F6D 		.ascii	"cy_meta_configecc\000"
 972      6574615F 
 972      636F6E66 
 972      69676563 
 972      6300
 973              	.LASF8:
 974 00f9 756E7369 		.ascii	"unsigned int\000"
 974      676E6564 
 974      20696E74 
 974      00
 975              	.LASF7:
 976 0106 6C6F6E67 		.ascii	"long long unsigned int\000"
 976      206C6F6E 
 976      6720756E 
 976      7369676E 
 976      65642069 
 977              	.LASF10:
ARM GAS  C:\Users\dryos\AppData\Local\Temp\ccLHtHjg.s 			page 19


 978 011d 75696E74 		.ascii	"uint8_t\000"
 978      385F7400 
 979              	.LASF15:
 980 0125 63795F6D 		.ascii	"cy_meta_flashprotect\000"
 980      6574615F 
 980      666C6173 
 980      6870726F 
 980      74656374 
 981              	.LASF14:
 982 013a 63795F6D 		.ascii	"cy_meta_wonvl\000"
 982      6574615F 
 982      776F6E76 
 982      6C00
 983              	.LASF11:
 984 0148 73697A65 		.ascii	"sizetype\000"
 984      74797065 
 984      00
 985              	.LASF6:
 986 0151 6C6F6E67 		.ascii	"long long int\000"
 986      206C6F6E 
 986      6720696E 
 986      7400
 987              	.LASF19:
 988 015f 433A5C55 		.ascii	"C:\\Users\\dryos\\Desktop\\SPI_Master\\SPI_PSoC.cyd"
 988      73657273 
 988      5C647279 
 988      6F735C44 
 988      65736B74 
 989 018d 736E00   		.ascii	"sn\000"
 990              	.LASF2:
 991 0190 73686F72 		.ascii	"short int\000"
 991      7420696E 
 991      7400
 992              	.LASF4:
 993 019a 6C6F6E67 		.ascii	"long int\000"
 993      20696E74 
 993      00
 994              	.LASF0:
 995 01a3 7369676E 		.ascii	"signed char\000"
 995      65642063 
 995      68617200 
 996              	.LASF18:
 997 01af 47656E65 		.ascii	"Generated_Source\\PSoC5\\cymetadata.c\000"
 997      72617465 
 997      645F536F 
 997      75726365 
 997      5C50536F 
 998              		.ident	"GCC: (GNU Tools for ARM Embedded Processors) 5.4.1 20160609 (release) [ARM/embedded-5-bran
