ARM GAS  C:\Users\dryos\AppData\Local\Temp\ccWx79fc.s 			page 1


   1              		.syntax unified
   2              		.cpu cortex-m3
   3              		.fpu softvfp
   4              		.eabi_attribute 20, 1
   5              		.eabi_attribute 21, 1
   6              		.eabi_attribute 23, 3
   7              		.eabi_attribute 24, 1
   8              		.eabi_attribute 25, 1
   9              		.eabi_attribute 26, 1
  10              		.eabi_attribute 30, 1
  11              		.eabi_attribute 34, 1
  12              		.eabi_attribute 18, 4
  13              		.thumb
  14              		.syntax unified
  15              		.file	"main.c"
  16              		.text
  17              	.Ltext0:
  18              		.cfi_sections	.debug_frame
  19              		.section	.text.SPItester,"ax",%progbits
  20              		.align	2
  21              		.global	SPItester
  22              		.thumb
  23              		.thumb_func
  24              		.type	SPItester, %function
  25              	SPItester:
  26              	.LFB64:
  27              		.file 1 "main.c"
   1:main.c        **** /* ========================================
   2:main.c        ****  *
   3:main.c        ****  * Copyright YOUR COMPANY, THE YEAR
   4:main.c        ****  * All Rights Reserved
   5:main.c        ****  * UNPUBLISHED, LICENSED SOFTWARE.
   6:main.c        ****  *
   7:main.c        ****  * CONFIDENTIAL AND PROPRIETARY INFORMATION
   8:main.c        ****  * WHICH IS THE PROPERTY OF your company.
   9:main.c        ****  *
  10:main.c        ****  * ========================================
  11:main.c        **** */
  12:main.c        **** #include "project.h"
  13:main.c        **** #include "SPI_Master.h"
  14:main.c        **** 
  15:main.c        **** CY_ISR_PROTO(SPItester);
  16:main.c        **** 
  17:main.c        **** int main(void)
  18:main.c        **** {
  19:main.c        ****     CyGlobalIntEnable; /* Enable global interrupts. */
  20:main.c        **** 
  21:main.c        ****     /* Place your initialization/startup code here (e.g. MyInst_Start()) */
  22:main.c        ****     
  23:main.c        ****     SPIS_initSPI();
  24:main.c        ****     tester_StartEx(SPItester);
  25:main.c        ****     
  26:main.c        ****     
  27:main.c        ****     for(;;)
  28:main.c        ****     {
  29:main.c        ****     }
  30:main.c        **** }
ARM GAS  C:\Users\dryos\AppData\Local\Temp\ccWx79fc.s 			page 2


  31:main.c        **** 
  32:main.c        **** CY_ISR(SPItester){
  28              		.loc 1 32 0
  29              		.cfi_startproc
  30              		@ args = 0, pretend = 0, frame = 0
  31              		@ frame_needed = 0, uses_anonymous_args = 0
  32 0000 08B5     		push	{r3, lr}
  33              		.cfi_def_cfa_offset 8
  34              		.cfi_offset 3, -8
  35              		.cfi_offset 14, -4
  33:main.c        ****     SPIS_sendData(50,9);
  36              		.loc 1 33 0
  37 0002 0921     		movs	r1, #9
  38 0004 3220     		movs	r0, #50
  39 0006 FFF7FEFF 		bl	SPIS_sendData
  40              	.LVL0:
  41 000a 08BD     		pop	{r3, pc}
  42              		.cfi_endproc
  43              	.LFE64:
  44              		.size	SPItester, .-SPItester
  45              		.section	.text.main,"ax",%progbits
  46              		.align	2
  47              		.global	main
  48              		.thumb
  49              		.thumb_func
  50              		.type	main, %function
  51              	main:
  52              	.LFB63:
  18:main.c        ****     CyGlobalIntEnable; /* Enable global interrupts. */
  53              		.loc 1 18 0
  54              		.cfi_startproc
  55              		@ Volatile: function does not return.
  56              		@ args = 0, pretend = 0, frame = 0
  57              		@ frame_needed = 0, uses_anonymous_args = 0
  58 0000 08B5     		push	{r3, lr}
  59              		.cfi_def_cfa_offset 8
  60              		.cfi_offset 3, -8
  61              		.cfi_offset 14, -4
  19:main.c        **** 
  62              		.loc 1 19 0
  63              		.syntax unified
  64              	@ 19 "main.c" 1
  65 0002 62B6     		CPSIE   i
  66              	@ 0 "" 2
  23:main.c        ****     tester_StartEx(SPItester);
  67              		.loc 1 23 0
  68              		.thumb
  69              		.syntax unified
  70 0004 FFF7FEFF 		bl	SPIS_initSPI
  71              	.LVL1:
  24:main.c        ****     
  72              		.loc 1 24 0
  73 0008 0148     		ldr	r0, .L6
  74 000a FFF7FEFF 		bl	tester_StartEx
  75              	.LVL2:
  76              	.L4:
  77 000e FEE7     		b	.L4
ARM GAS  C:\Users\dryos\AppData\Local\Temp\ccWx79fc.s 			page 3


  78              	.L7:
  79              		.align	2
  80              	.L6:
  81 0010 00000000 		.word	SPItester
  82              		.cfi_endproc
  83              	.LFE63:
  84              		.size	main, .-main
  85              		.text
  86              	.Letext0:
  87              		.file 2 "c:\\program files (x86)\\cypress\\psoc creator\\4.2\\psoc creator\\import\\gnu\\arm\\5.4.
  88              		.file 3 "c:\\program files (x86)\\cypress\\psoc creator\\4.2\\psoc creator\\import\\gnu\\arm\\5.4.
  89              		.file 4 "SPI_Master.h"
  90              		.file 5 "Generated_Source\\PSoC5/tester.h"
  91              		.file 6 "Generated_Source\\PSoC5/core_cm3.h"
  92              		.section	.debug_info,"",%progbits
  93              	.Ldebug_info0:
  94 0000 34010000 		.4byte	0x134
  95 0004 0400     		.2byte	0x4
  96 0006 00000000 		.4byte	.Ldebug_abbrev0
  97 000a 04       		.byte	0x4
  98 000b 01       		.uleb128 0x1
  99 000c 48000000 		.4byte	.LASF19
 100 0010 0C       		.byte	0xc
 101 0011 3C000000 		.4byte	.LASF20
 102 0015 87010000 		.4byte	.LASF21
 103 0019 00000000 		.4byte	.Ldebug_ranges0+0
 104 001d 00000000 		.4byte	0
 105 0021 00000000 		.4byte	.Ldebug_line0
 106 0025 02       		.uleb128 0x2
 107 0026 01       		.byte	0x1
 108 0027 06       		.byte	0x6
 109 0028 5F010000 		.4byte	.LASF0
 110 002c 02       		.uleb128 0x2
 111 002d 01       		.byte	0x1
 112 002e 08       		.byte	0x8
 113 002f FF000000 		.4byte	.LASF1
 114 0033 02       		.uleb128 0x2
 115 0034 02       		.byte	0x2
 116 0035 05       		.byte	0x5
 117 0036 28010000 		.4byte	.LASF2
 118 003a 02       		.uleb128 0x2
 119 003b 02       		.byte	0x2
 120 003c 07       		.byte	0x7
 121 003d 0E000000 		.4byte	.LASF3
 122 0041 03       		.uleb128 0x3
 123 0042 77010000 		.4byte	.LASF9
 124 0046 02       		.byte	0x2
 125 0047 3F       		.byte	0x3f
 126 0048 4C000000 		.4byte	0x4c
 127 004c 02       		.uleb128 0x2
 128 004d 04       		.byte	0x4
 129 004e 05       		.byte	0x5
 130 004f 12010000 		.4byte	.LASF4
 131 0053 02       		.uleb128 0x2
 132 0054 04       		.byte	0x4
 133 0055 07       		.byte	0x7
 134 0056 D6000000 		.4byte	.LASF5
ARM GAS  C:\Users\dryos\AppData\Local\Temp\ccWx79fc.s 			page 4


 135 005a 02       		.uleb128 0x2
 136 005b 08       		.byte	0x8
 137 005c 05       		.byte	0x5
 138 005d 00000000 		.4byte	.LASF6
 139 0061 02       		.uleb128 0x2
 140 0062 08       		.byte	0x8
 141 0063 07       		.byte	0x7
 142 0064 E8000000 		.4byte	.LASF7
 143 0068 04       		.uleb128 0x4
 144 0069 04       		.byte	0x4
 145 006a 05       		.byte	0x5
 146 006b 696E7400 		.ascii	"int\000"
 147 006f 02       		.uleb128 0x2
 148 0070 04       		.byte	0x4
 149 0071 07       		.byte	0x7
 150 0072 21000000 		.4byte	.LASF8
 151 0076 03       		.uleb128 0x3
 152 0077 CC010000 		.4byte	.LASF10
 153 007b 03       		.byte	0x3
 154 007c 2C       		.byte	0x2c
 155 007d 41000000 		.4byte	0x41
 156 0081 02       		.uleb128 0x2
 157 0082 04       		.byte	0x4
 158 0083 04       		.byte	0x4
 159 0084 81010000 		.4byte	.LASF11
 160 0088 02       		.uleb128 0x2
 161 0089 08       		.byte	0x8
 162 008a 04       		.byte	0x4
 163 008b 32010000 		.4byte	.LASF12
 164 008f 02       		.uleb128 0x2
 165 0090 01       		.byte	0x1
 166 0091 08       		.byte	0x8
 167 0092 0D010000 		.4byte	.LASF13
 168 0096 02       		.uleb128 0x2
 169 0097 08       		.byte	0x8
 170 0098 04       		.byte	0x4
 171 0099 6B010000 		.4byte	.LASF14
 172 009d 02       		.uleb128 0x2
 173 009e 04       		.byte	0x4
 174 009f 07       		.byte	0x7
 175 00a0 D4010000 		.4byte	.LASF15
 176 00a4 05       		.uleb128 0x5
 177 00a5 39010000 		.4byte	.LASF22
 178 00a9 01       		.byte	0x1
 179 00aa 20       		.byte	0x20
 180 00ab 00000000 		.4byte	.LFB64
 181 00af 0C000000 		.4byte	.LFE64-.LFB64
 182 00b3 01       		.uleb128 0x1
 183 00b4 9C       		.byte	0x9c
 184 00b5 CF000000 		.4byte	0xcf
 185 00b9 06       		.uleb128 0x6
 186 00ba 0A000000 		.4byte	.LVL0
 187 00be 16010000 		.4byte	0x116
 188 00c2 07       		.uleb128 0x7
 189 00c3 01       		.uleb128 0x1
 190 00c4 50       		.byte	0x50
 191 00c5 02       		.uleb128 0x2
ARM GAS  C:\Users\dryos\AppData\Local\Temp\ccWx79fc.s 			page 5


 192 00c6 08       		.byte	0x8
 193 00c7 32       		.byte	0x32
 194 00c8 07       		.uleb128 0x7
 195 00c9 01       		.uleb128 0x1
 196 00ca 51       		.byte	0x51
 197 00cb 01       		.uleb128 0x1
 198 00cc 39       		.byte	0x39
 199 00cd 00       		.byte	0
 200 00ce 00       		.byte	0
 201 00cf 08       		.uleb128 0x8
 202 00d0 43000000 		.4byte	.LASF23
 203 00d4 01       		.byte	0x1
 204 00d5 11       		.byte	0x11
 205 00d6 68000000 		.4byte	0x68
 206 00da 00000000 		.4byte	.LFB63
 207 00de 14000000 		.4byte	.LFE63-.LFB63
 208 00e2 01       		.uleb128 0x1
 209 00e3 9C       		.byte	0x9c
 210 00e4 05010000 		.4byte	0x105
 211 00e8 09       		.uleb128 0x9
 212 00e9 08000000 		.4byte	.LVL1
 213 00ed 21010000 		.4byte	0x121
 214 00f1 06       		.uleb128 0x6
 215 00f2 0E000000 		.4byte	.LVL2
 216 00f6 2C010000 		.4byte	0x12c
 217 00fa 07       		.uleb128 0x7
 218 00fb 01       		.uleb128 0x1
 219 00fc 50       		.byte	0x50
 220 00fd 05       		.uleb128 0x5
 221 00fe 03       		.byte	0x3
 222 00ff 00000000 		.4byte	SPItester
 223 0103 00       		.byte	0
 224 0104 00       		.byte	0
 225 0105 0A       		.uleb128 0xa
 226 0106 52010000 		.4byte	.LASF24
 227 010a 06       		.byte	0x6
 228 010b 1207     		.2byte	0x712
 229 010d 11010000 		.4byte	0x111
 230 0111 0B       		.uleb128 0xb
 231 0112 76000000 		.4byte	0x76
 232 0116 0C       		.uleb128 0xc
 233 0117 2E000000 		.4byte	.LASF16
 234 011b 2E000000 		.4byte	.LASF16
 235 011f 04       		.byte	0x4
 236 0120 13       		.byte	0x13
 237 0121 0C       		.uleb128 0xc
 238 0122 1B010000 		.4byte	.LASF17
 239 0126 1B010000 		.4byte	.LASF17
 240 012a 04       		.byte	0x4
 241 012b 12       		.byte	0x12
 242 012c 0C       		.uleb128 0xc
 243 012d 43010000 		.4byte	.LASF18
 244 0131 43010000 		.4byte	.LASF18
 245 0135 05       		.byte	0x5
 246 0136 18       		.byte	0x18
 247 0137 00       		.byte	0
 248              		.section	.debug_abbrev,"",%progbits
ARM GAS  C:\Users\dryos\AppData\Local\Temp\ccWx79fc.s 			page 6


 249              	.Ldebug_abbrev0:
 250 0000 01       		.uleb128 0x1
 251 0001 11       		.uleb128 0x11
 252 0002 01       		.byte	0x1
 253 0003 25       		.uleb128 0x25
 254 0004 0E       		.uleb128 0xe
 255 0005 13       		.uleb128 0x13
 256 0006 0B       		.uleb128 0xb
 257 0007 03       		.uleb128 0x3
 258 0008 0E       		.uleb128 0xe
 259 0009 1B       		.uleb128 0x1b
 260 000a 0E       		.uleb128 0xe
 261 000b 55       		.uleb128 0x55
 262 000c 17       		.uleb128 0x17
 263 000d 11       		.uleb128 0x11
 264 000e 01       		.uleb128 0x1
 265 000f 10       		.uleb128 0x10
 266 0010 17       		.uleb128 0x17
 267 0011 00       		.byte	0
 268 0012 00       		.byte	0
 269 0013 02       		.uleb128 0x2
 270 0014 24       		.uleb128 0x24
 271 0015 00       		.byte	0
 272 0016 0B       		.uleb128 0xb
 273 0017 0B       		.uleb128 0xb
 274 0018 3E       		.uleb128 0x3e
 275 0019 0B       		.uleb128 0xb
 276 001a 03       		.uleb128 0x3
 277 001b 0E       		.uleb128 0xe
 278 001c 00       		.byte	0
 279 001d 00       		.byte	0
 280 001e 03       		.uleb128 0x3
 281 001f 16       		.uleb128 0x16
 282 0020 00       		.byte	0
 283 0021 03       		.uleb128 0x3
 284 0022 0E       		.uleb128 0xe
 285 0023 3A       		.uleb128 0x3a
 286 0024 0B       		.uleb128 0xb
 287 0025 3B       		.uleb128 0x3b
 288 0026 0B       		.uleb128 0xb
 289 0027 49       		.uleb128 0x49
 290 0028 13       		.uleb128 0x13
 291 0029 00       		.byte	0
 292 002a 00       		.byte	0
 293 002b 04       		.uleb128 0x4
 294 002c 24       		.uleb128 0x24
 295 002d 00       		.byte	0
 296 002e 0B       		.uleb128 0xb
 297 002f 0B       		.uleb128 0xb
 298 0030 3E       		.uleb128 0x3e
 299 0031 0B       		.uleb128 0xb
 300 0032 03       		.uleb128 0x3
 301 0033 08       		.uleb128 0x8
 302 0034 00       		.byte	0
 303 0035 00       		.byte	0
 304 0036 05       		.uleb128 0x5
 305 0037 2E       		.uleb128 0x2e
ARM GAS  C:\Users\dryos\AppData\Local\Temp\ccWx79fc.s 			page 7


 306 0038 01       		.byte	0x1
 307 0039 3F       		.uleb128 0x3f
 308 003a 19       		.uleb128 0x19
 309 003b 03       		.uleb128 0x3
 310 003c 0E       		.uleb128 0xe
 311 003d 3A       		.uleb128 0x3a
 312 003e 0B       		.uleb128 0xb
 313 003f 3B       		.uleb128 0x3b
 314 0040 0B       		.uleb128 0xb
 315 0041 27       		.uleb128 0x27
 316 0042 19       		.uleb128 0x19
 317 0043 11       		.uleb128 0x11
 318 0044 01       		.uleb128 0x1
 319 0045 12       		.uleb128 0x12
 320 0046 06       		.uleb128 0x6
 321 0047 40       		.uleb128 0x40
 322 0048 18       		.uleb128 0x18
 323 0049 9742     		.uleb128 0x2117
 324 004b 19       		.uleb128 0x19
 325 004c 01       		.uleb128 0x1
 326 004d 13       		.uleb128 0x13
 327 004e 00       		.byte	0
 328 004f 00       		.byte	0
 329 0050 06       		.uleb128 0x6
 330 0051 898201   		.uleb128 0x4109
 331 0054 01       		.byte	0x1
 332 0055 11       		.uleb128 0x11
 333 0056 01       		.uleb128 0x1
 334 0057 31       		.uleb128 0x31
 335 0058 13       		.uleb128 0x13
 336 0059 00       		.byte	0
 337 005a 00       		.byte	0
 338 005b 07       		.uleb128 0x7
 339 005c 8A8201   		.uleb128 0x410a
 340 005f 00       		.byte	0
 341 0060 02       		.uleb128 0x2
 342 0061 18       		.uleb128 0x18
 343 0062 9142     		.uleb128 0x2111
 344 0064 18       		.uleb128 0x18
 345 0065 00       		.byte	0
 346 0066 00       		.byte	0
 347 0067 08       		.uleb128 0x8
 348 0068 2E       		.uleb128 0x2e
 349 0069 01       		.byte	0x1
 350 006a 3F       		.uleb128 0x3f
 351 006b 19       		.uleb128 0x19
 352 006c 03       		.uleb128 0x3
 353 006d 0E       		.uleb128 0xe
 354 006e 3A       		.uleb128 0x3a
 355 006f 0B       		.uleb128 0xb
 356 0070 3B       		.uleb128 0x3b
 357 0071 0B       		.uleb128 0xb
 358 0072 27       		.uleb128 0x27
 359 0073 19       		.uleb128 0x19
 360 0074 49       		.uleb128 0x49
 361 0075 13       		.uleb128 0x13
 362 0076 8701     		.uleb128 0x87
ARM GAS  C:\Users\dryos\AppData\Local\Temp\ccWx79fc.s 			page 8


 363 0078 19       		.uleb128 0x19
 364 0079 11       		.uleb128 0x11
 365 007a 01       		.uleb128 0x1
 366 007b 12       		.uleb128 0x12
 367 007c 06       		.uleb128 0x6
 368 007d 40       		.uleb128 0x40
 369 007e 18       		.uleb128 0x18
 370 007f 9742     		.uleb128 0x2117
 371 0081 19       		.uleb128 0x19
 372 0082 01       		.uleb128 0x1
 373 0083 13       		.uleb128 0x13
 374 0084 00       		.byte	0
 375 0085 00       		.byte	0
 376 0086 09       		.uleb128 0x9
 377 0087 898201   		.uleb128 0x4109
 378 008a 00       		.byte	0
 379 008b 11       		.uleb128 0x11
 380 008c 01       		.uleb128 0x1
 381 008d 31       		.uleb128 0x31
 382 008e 13       		.uleb128 0x13
 383 008f 00       		.byte	0
 384 0090 00       		.byte	0
 385 0091 0A       		.uleb128 0xa
 386 0092 34       		.uleb128 0x34
 387 0093 00       		.byte	0
 388 0094 03       		.uleb128 0x3
 389 0095 0E       		.uleb128 0xe
 390 0096 3A       		.uleb128 0x3a
 391 0097 0B       		.uleb128 0xb
 392 0098 3B       		.uleb128 0x3b
 393 0099 05       		.uleb128 0x5
 394 009a 49       		.uleb128 0x49
 395 009b 13       		.uleb128 0x13
 396 009c 3F       		.uleb128 0x3f
 397 009d 19       		.uleb128 0x19
 398 009e 3C       		.uleb128 0x3c
 399 009f 19       		.uleb128 0x19
 400 00a0 00       		.byte	0
 401 00a1 00       		.byte	0
 402 00a2 0B       		.uleb128 0xb
 403 00a3 35       		.uleb128 0x35
 404 00a4 00       		.byte	0
 405 00a5 49       		.uleb128 0x49
 406 00a6 13       		.uleb128 0x13
 407 00a7 00       		.byte	0
 408 00a8 00       		.byte	0
 409 00a9 0C       		.uleb128 0xc
 410 00aa 2E       		.uleb128 0x2e
 411 00ab 00       		.byte	0
 412 00ac 3F       		.uleb128 0x3f
 413 00ad 19       		.uleb128 0x19
 414 00ae 3C       		.uleb128 0x3c
 415 00af 19       		.uleb128 0x19
 416 00b0 6E       		.uleb128 0x6e
 417 00b1 0E       		.uleb128 0xe
 418 00b2 03       		.uleb128 0x3
 419 00b3 0E       		.uleb128 0xe
ARM GAS  C:\Users\dryos\AppData\Local\Temp\ccWx79fc.s 			page 9


 420 00b4 3A       		.uleb128 0x3a
 421 00b5 0B       		.uleb128 0xb
 422 00b6 3B       		.uleb128 0x3b
 423 00b7 0B       		.uleb128 0xb
 424 00b8 00       		.byte	0
 425 00b9 00       		.byte	0
 426 00ba 00       		.byte	0
 427              		.section	.debug_aranges,"",%progbits
 428 0000 24000000 		.4byte	0x24
 429 0004 0200     		.2byte	0x2
 430 0006 00000000 		.4byte	.Ldebug_info0
 431 000a 04       		.byte	0x4
 432 000b 00       		.byte	0
 433 000c 0000     		.2byte	0
 434 000e 0000     		.2byte	0
 435 0010 00000000 		.4byte	.LFB64
 436 0014 0C000000 		.4byte	.LFE64-.LFB64
 437 0018 00000000 		.4byte	.LFB63
 438 001c 14000000 		.4byte	.LFE63-.LFB63
 439 0020 00000000 		.4byte	0
 440 0024 00000000 		.4byte	0
 441              		.section	.debug_ranges,"",%progbits
 442              	.Ldebug_ranges0:
 443 0000 00000000 		.4byte	.LFB64
 444 0004 0C000000 		.4byte	.LFE64
 445 0008 00000000 		.4byte	.LFB63
 446 000c 14000000 		.4byte	.LFE63
 447 0010 00000000 		.4byte	0
 448 0014 00000000 		.4byte	0
 449              		.section	.debug_line,"",%progbits
 450              	.Ldebug_line0:
 451 0000 83010000 		.section	.debug_str,"MS",%progbits,1
 451      02005B01 
 451      00000201 
 451      FB0E0D00 
 451      01010101 
 452              	.LASF6:
 453 0000 6C6F6E67 		.ascii	"long long int\000"
 453      206C6F6E 
 453      6720696E 
 453      7400
 454              	.LASF3:
 455 000e 73686F72 		.ascii	"short unsigned int\000"
 455      7420756E 
 455      7369676E 
 455      65642069 
 455      6E7400
 456              	.LASF8:
 457 0021 756E7369 		.ascii	"unsigned int\000"
 457      676E6564 
 457      20696E74 
 457      00
 458              	.LASF16:
 459 002e 53504953 		.ascii	"SPIS_sendData\000"
 459      5F73656E 
 459      64446174 
 459      6100
ARM GAS  C:\Users\dryos\AppData\Local\Temp\ccWx79fc.s 			page 10


 460              	.LASF20:
 461 003c 6D61696E 		.ascii	"main.c\000"
 461      2E6300
 462              	.LASF23:
 463 0043 6D61696E 		.ascii	"main\000"
 463      00
 464              	.LASF19:
 465 0048 474E5520 		.ascii	"GNU C11 5.4.1 20160609 (release) [ARM/embedded-5-br"
 465      43313120 
 465      352E342E 
 465      31203230 
 465      31363036 
 466 007b 616E6368 		.ascii	"anch revision 237715] -mcpu=cortex-m3 -mthumb -g -O"
 466      20726576 
 466      6973696F 
 466      6E203233 
 466      37373135 
 467 00ae 67202D66 		.ascii	"g -ffunction-sections -ffat-lto-objects\000"
 467      66756E63 
 467      74696F6E 
 467      2D736563 
 467      74696F6E 
 468              	.LASF5:
 469 00d6 6C6F6E67 		.ascii	"long unsigned int\000"
 469      20756E73 
 469      69676E65 
 469      6420696E 
 469      7400
 470              	.LASF7:
 471 00e8 6C6F6E67 		.ascii	"long long unsigned int\000"
 471      206C6F6E 
 471      6720756E 
 471      7369676E 
 471      65642069 
 472              	.LASF1:
 473 00ff 756E7369 		.ascii	"unsigned char\000"
 473      676E6564 
 473      20636861 
 473      7200
 474              	.LASF13:
 475 010d 63686172 		.ascii	"char\000"
 475      00
 476              	.LASF4:
 477 0112 6C6F6E67 		.ascii	"long int\000"
 477      20696E74 
 477      00
 478              	.LASF17:
 479 011b 53504953 		.ascii	"SPIS_initSPI\000"
 479      5F696E69 
 479      74535049 
 479      00
 480              	.LASF2:
 481 0128 73686F72 		.ascii	"short int\000"
 481      7420696E 
 481      7400
 482              	.LASF12:
 483 0132 646F7562 		.ascii	"double\000"
ARM GAS  C:\Users\dryos\AppData\Local\Temp\ccWx79fc.s 			page 11


 483      6C6500
 484              	.LASF22:
 485 0139 53504974 		.ascii	"SPItester\000"
 485      65737465 
 485      7200
 486              	.LASF18:
 487 0143 74657374 		.ascii	"tester_StartEx\000"
 487      65725F53 
 487      74617274 
 487      457800
 488              	.LASF24:
 489 0152 49544D5F 		.ascii	"ITM_RxBuffer\000"
 489      52784275 
 489      66666572 
 489      00
 490              	.LASF0:
 491 015f 7369676E 		.ascii	"signed char\000"
 491      65642063 
 491      68617200 
 492              	.LASF14:
 493 016b 6C6F6E67 		.ascii	"long double\000"
 493      20646F75 
 493      626C6500 
 494              	.LASF9:
 495 0177 5F5F696E 		.ascii	"__int32_t\000"
 495      7433325F 
 495      7400
 496              	.LASF11:
 497 0181 666C6F61 		.ascii	"float\000"
 497      7400
 498              	.LASF21:
 499 0187 433A5C55 		.ascii	"C:\\Users\\dryos\\Documents\\GitHub\\E5PRJ3\\SPI_Sl"
 499      73657273 
 499      5C647279 
 499      6F735C44 
 499      6F63756D 
 500 01b4 6176655F 		.ascii	"ave_PSoC\\SPI_PSoC.cydsn\000"
 500      50536F43 
 500      5C535049 
 500      5F50536F 
 500      432E6379 
 501              	.LASF10:
 502 01cc 696E7433 		.ascii	"int32_t\000"
 502      325F7400 
 503              	.LASF15:
 504 01d4 73697A65 		.ascii	"sizetype\000"
 504      74797065 
 504      00
 505              		.ident	"GCC: (GNU Tools for ARM Embedded Processors) 5.4.1 20160609 (release) [ARM/embedded-5-bran
