ARM GAS  C:\Users\dryos\AppData\Local\Temp\cci4fwNA.s 			page 1


   1              		.syntax unified
   2              		.cpu cortex-m3
   3              		.fpu softvfp
   4              		.eabi_attribute 20, 1
   5              		.eabi_attribute 21, 1
   6              		.eabi_attribute 23, 3
   7              		.eabi_attribute 24, 1
   8              		.eabi_attribute 25, 1
   9              		.eabi_attribute 26, 1
  10              		.eabi_attribute 30, 1
  11              		.eabi_attribute 34, 1
  12              		.eabi_attribute 18, 4
  13              		.thumb
  14              		.syntax unified
  15              		.file	"SPI_Master.c"
  16              		.text
  17              	.Ltext0:
  18              		.cfi_sections	.debug_frame
  19              		.section	.text.SPIS_initSPI,"ax",%progbits
  20              		.align	2
  21              		.global	SPIS_initSPI
  22              		.thumb
  23              		.thumb_func
  24              		.type	SPIS_initSPI, %function
  25              	SPIS_initSPI:
  26              	.LFB63:
  27              		.file 1 "SPI_Master.c"
   1:SPI_Master.c  **** /* ========================================
   2:SPI_Master.c  ****  *
   3:SPI_Master.c  ****  * Copyright YOUR COMPANY, THE YEAR
   4:SPI_Master.c  ****  * All Rights Reserved
   5:SPI_Master.c  ****  * UNPUBLISHED, LICENSED SOFTWARE.
   6:SPI_Master.c  ****  *
   7:SPI_Master.c  ****  * CONFIDENTIAL AND PROPRIETARY INFORMATION
   8:SPI_Master.c  ****  * WHICH IS THE PROPERTY OF your company.
   9:SPI_Master.c  ****  *
  10:SPI_Master.c  ****  * ========================================
  11:SPI_Master.c  **** */
  12:SPI_Master.c  **** #include "SPI_Master.h"
  13:SPI_Master.c  **** 
  14:SPI_Master.c  **** int rxFlag = 0;
  15:SPI_Master.c  **** int tx[2];
  16:SPI_Master.c  **** 
  17:SPI_Master.c  **** void SPIS_initSPI(){            //initialize SPI
  28              		.loc 1 17 0
  29              		.cfi_startproc
  30              		@ args = 0, pretend = 0, frame = 0
  31              		@ frame_needed = 0, uses_anonymous_args = 0
  32 0000 08B5     		push	{r3, lr}
  33              		.cfi_def_cfa_offset 8
  34              		.cfi_offset 3, -8
  35              		.cfi_offset 14, -4
  18:SPI_Master.c  ****     SPI_int_Write(0);           //drive interrupt pin low.
  36              		.loc 1 18 0
  37 0002 0020     		movs	r0, #0
  38 0004 FFF7FEFF 		bl	SPI_int_Write
  39              	.LVL0:
ARM GAS  C:\Users\dryos\AppData\Local\Temp\cci4fwNA.s 			page 2


  19:SPI_Master.c  ****     SPIS_Start();               
  40              		.loc 1 19 0
  41 0008 FFF7FEFF 		bl	SPIS_Start
  42              	.LVL1:
  20:SPI_Master.c  ****     SPIS_ClearTxBuffer();
  43              		.loc 1 20 0
  44 000c FFF7FEFF 		bl	SPIS_ClearTxBuffer
  45              	.LVL2:
  21:SPI_Master.c  ****     SPIS_ClearFIFO();
  46              		.loc 1 21 0
  47 0010 FFF7FEFF 		bl	SPIS_ClearFIFO
  48              	.LVL3:
  22:SPI_Master.c  ****     rx_isr_StartEx(isr_spi_rx);
  49              		.loc 1 22 0
  50 0014 0148     		ldr	r0, .L3
  51 0016 FFF7FEFF 		bl	rx_isr_StartEx
  52              	.LVL4:
  53 001a 08BD     		pop	{r3, pc}
  54              	.L4:
  55              		.align	2
  56              	.L3:
  57 001c 00000000 		.word	isr_spi_rx
  58              		.cfi_endproc
  59              	.LFE63:
  60              		.size	SPIS_initSPI, .-SPIS_initSPI
  61              		.section	.text.SPIS_sendData,"ax",%progbits
  62              		.align	2
  63              		.global	SPIS_sendData
  64              		.thumb
  65              		.thumb_func
  66              		.type	SPIS_sendData, %function
  67              	SPIS_sendData:
  68              	.LFB64:
  23:SPI_Master.c  **** }
  24:SPI_Master.c  **** 
  25:SPI_Master.c  **** void SPIS_sendData(int sek, int ms){
  69              		.loc 1 25 0
  70              		.cfi_startproc
  71              		@ args = 0, pretend = 0, frame = 0
  72              		@ frame_needed = 0, uses_anonymous_args = 0
  73              	.LVL5:
  74 0000 08B5     		push	{r3, lr}
  75              		.cfi_def_cfa_offset 8
  76              		.cfi_offset 3, -8
  77              		.cfi_offset 14, -4
  26:SPI_Master.c  ****     tx[0] = sek;
  78              		.loc 1 26 0
  79 0002 0A4B     		ldr	r3, .L10
  80 0004 1860     		str	r0, [r3]
  27:SPI_Master.c  ****     tx[1] = (sek%2) == 0 ? (ms<<2) : ((ms<<2) | 0b10);        //sek parity
  81              		.loc 1 27 0
  82 0006 10F0010F 		tst	r0, #1
  83 000a 01D1     		bne	.L6
  84              		.loc 1 27 0 is_stmt 0 discriminator 1
  85 000c 8B00     		lsls	r3, r1, #2
  86 000e 02E0     		b	.L7
  87              	.L6:
ARM GAS  C:\Users\dryos\AppData\Local\Temp\cci4fwNA.s 			page 3


  88              		.loc 1 27 0 discriminator 2
  89 0010 8B00     		lsls	r3, r1, #2
  90 0012 43F00203 		orr	r3, r3, #2
  91              	.L7:
  28:SPI_Master.c  ****     tx[1] = (ms%2) == 0 ? tx[1] : (tx[1] | 0b01);             //ms parity
  92              		.loc 1 28 0 is_stmt 1 discriminator 4
  93 0016 11F0010F 		tst	r1, #1
  94 001a 01D0     		beq	.L8
  95              		.loc 1 28 0 is_stmt 0 discriminator 2
  96 001c 43F00103 		orr	r3, r3, #1
  97              	.L8:
  98              		.loc 1 28 0 discriminator 4
  99 0020 024A     		ldr	r2, .L10
 100 0022 5360     		str	r3, [r2, #4]
  29:SPI_Master.c  ****     //send interrupt to SPIM
  30:SPI_Master.c  ****     SPI_int_Write(255);
 101              		.loc 1 30 0 is_stmt 1 discriminator 4
 102 0024 FF20     		movs	r0, #255
 103              	.LVL6:
 104 0026 FFF7FEFF 		bl	SPI_int_Write
 105              	.LVL7:
 106 002a 08BD     		pop	{r3, pc}
 107              	.L11:
 108              		.align	2
 109              	.L10:
 110 002c 00000000 		.word	tx
 111              		.cfi_endproc
 112              	.LFE64:
 113              		.size	SPIS_sendData, .-SPIS_sendData
 114              		.section	.text.SPIS_checkData,"ax",%progbits
 115              		.align	2
 116              		.global	SPIS_checkData
 117              		.thumb
 118              		.thumb_func
 119              		.type	SPIS_checkData, %function
 120              	SPIS_checkData:
 121              	.LFB65:
  31:SPI_Master.c  **** }
  32:SPI_Master.c  **** 
  33:SPI_Master.c  **** void SPIS_checkData(int rxData){
 122              		.loc 1 33 0
 123              		.cfi_startproc
 124              		@ args = 0, pretend = 0, frame = 0
 125              		@ frame_needed = 0, uses_anonymous_args = 0
 126              	.LVL8:
 127 0000 08B5     		push	{r3, lr}
 128              		.cfi_def_cfa_offset 8
 129              		.cfi_offset 3, -8
 130              		.cfi_offset 14, -4
  34:SPI_Master.c  ****     switch(rxData){
 131              		.loc 1 34 0
 132 0002 1028     		cmp	r0, #16
 133 0004 06D0     		beq	.L14
 134 0006 2028     		cmp	r0, #32
 135 0008 09D1     		bne	.L17
  35:SPI_Master.c  ****         case 0x20 :
  36:SPI_Master.c  ****         {
ARM GAS  C:\Users\dryos\AppData\Local\Temp\cci4fwNA.s 			page 4


  37:SPI_Master.c  ****             SPIS_WriteTxData(tx[0]);    //sek
 136              		.loc 1 37 0
 137 000a 074B     		ldr	r3, .L19
 138 000c 1878     		ldrb	r0, [r3]	@ zero_extendqisi2
 139              	.LVL9:
 140 000e FFF7FEFF 		bl	SPIS_WriteTxData
 141              	.LVL10:
  38:SPI_Master.c  ****         }
  39:SPI_Master.c  ****         break;
 142              		.loc 1 39 0
 143 0012 08BD     		pop	{r3, pc}
 144              	.LVL11:
 145              	.L14:
  40:SPI_Master.c  ****         case 0x10 :
  41:SPI_Master.c  ****         {
  42:SPI_Master.c  ****             SPIS_WriteTxData(tx[1]);    //ms
 146              		.loc 1 42 0
 147 0014 044B     		ldr	r3, .L19
 148 0016 1879     		ldrb	r0, [r3, #4]	@ zero_extendqisi2
 149              	.LVL12:
 150 0018 FFF7FEFF 		bl	SPIS_WriteTxData
 151              	.LVL13:
  43:SPI_Master.c  ****         }
  44:SPI_Master.c  ****         break;
 152              		.loc 1 44 0
 153 001c 08BD     		pop	{r3, pc}
 154              	.LVL14:
 155              	.L17:
  45:SPI_Master.c  ****         default :
  46:SPI_Master.c  ****         {
  47:SPI_Master.c  ****             SPIS_WriteTxData(rxData);     //echo
 156              		.loc 1 47 0
 157 001e C0B2     		uxtb	r0, r0
 158              	.LVL15:
 159 0020 FFF7FEFF 		bl	SPIS_WriteTxData
 160              	.LVL16:
 161 0024 08BD     		pop	{r3, pc}
 162              	.L20:
 163 0026 00BF     		.align	2
 164              	.L19:
 165 0028 00000000 		.word	tx
 166              		.cfi_endproc
 167              	.LFE65:
 168              		.size	SPIS_checkData, .-SPIS_checkData
 169              		.section	.text.isr_spi_rx,"ax",%progbits
 170              		.align	2
 171              		.global	isr_spi_rx
 172              		.thumb
 173              		.thumb_func
 174              		.type	isr_spi_rx, %function
 175              	isr_spi_rx:
 176              	.LFB66:
  48:SPI_Master.c  ****         }
  49:SPI_Master.c  ****     }
  50:SPI_Master.c  **** }
  51:SPI_Master.c  **** 
  52:SPI_Master.c  **** CY_ISR(isr_spi_rx){
ARM GAS  C:\Users\dryos\AppData\Local\Temp\cci4fwNA.s 			page 5


 177              		.loc 1 52 0
 178              		.cfi_startproc
 179              		@ args = 0, pretend = 0, frame = 0
 180              		@ frame_needed = 0, uses_anonymous_args = 0
 181 0000 08B5     		push	{r3, lr}
 182              		.cfi_def_cfa_offset 8
 183              		.cfi_offset 3, -8
 184              		.cfi_offset 14, -4
  53:SPI_Master.c  ****     SPI_int_Write(0);
 185              		.loc 1 53 0
 186 0002 0020     		movs	r0, #0
 187 0004 FFF7FEFF 		bl	SPI_int_Write
 188              	.LVL17:
  54:SPI_Master.c  ****     uint8 SPIDATA = SPIS_ReadRxData();
 189              		.loc 1 54 0
 190 0008 FFF7FEFF 		bl	SPIS_ReadRxData
 191              	.LVL18:
  55:SPI_Master.c  ****     SPIS_checkData(SPIDATA);
 192              		.loc 1 55 0
 193 000c FFF7FEFF 		bl	SPIS_checkData
 194              	.LVL19:
 195 0010 08BD     		pop	{r3, pc}
 196              		.cfi_endproc
 197              	.LFE66:
 198              		.size	isr_spi_rx, .-isr_spi_rx
 199              		.comm	tx,8,4
 200              		.global	rxFlag
 201 0012 00BF     		.bss
 202              		.align	2
 203              		.type	rxFlag, %object
 204              		.size	rxFlag, 4
 205              	rxFlag:
 206 0000 00000000 		.space	4
 207              		.text
 208              	.Letext0:
 209              		.file 2 "c:\\program files (x86)\\cypress\\psoc creator\\4.2\\psoc creator\\import\\gnu\\arm\\5.4.
 210              		.file 3 "c:\\program files (x86)\\cypress\\psoc creator\\4.2\\psoc creator\\import\\gnu\\arm\\5.4.
 211              		.file 4 "Generated_Source\\PSoC5/cytypes.h"
 212              		.file 5 "Generated_Source\\PSoC5/core_cm3.h"
 213              		.file 6 "Generated_Source\\PSoC5/SPI_int.h"
 214              		.file 7 "Generated_Source\\PSoC5/SPIS.h"
 215              		.file 8 "Generated_Source\\PSoC5/rx_isr.h"
 216              		.section	.debug_info,"",%progbits
 217              	.Ldebug_info0:
 218 0000 60020000 		.4byte	0x260
 219 0004 0400     		.2byte	0x4
 220 0006 00000000 		.4byte	.Ldebug_abbrev0
 221 000a 04       		.byte	0x4
 222 000b 01       		.uleb128 0x1
 223 000c 61010000 		.4byte	.LASF30
 224 0010 0C       		.byte	0xc
 225 0011 4D010000 		.4byte	.LASF31
 226 0015 71000000 		.4byte	.LASF32
 227 0019 00000000 		.4byte	.Ldebug_ranges0+0
 228 001d 00000000 		.4byte	0
 229 0021 00000000 		.4byte	.Ldebug_line0
 230 0025 02       		.uleb128 0x2
ARM GAS  C:\Users\dryos\AppData\Local\Temp\cci4fwNA.s 			page 6


 231 0026 01       		.byte	0x1
 232 0027 06       		.byte	0x6
 233 0028 5A020000 		.4byte	.LASF0
 234 002c 02       		.uleb128 0x2
 235 002d 01       		.byte	0x1
 236 002e 08       		.byte	0x8
 237 002f 63000000 		.4byte	.LASF1
 238 0033 02       		.uleb128 0x2
 239 0034 02       		.byte	0x2
 240 0035 05       		.byte	0x5
 241 0036 13020000 		.4byte	.LASF2
 242 003a 02       		.uleb128 0x2
 243 003b 02       		.byte	0x2
 244 003c 07       		.byte	0x7
 245 003d C8000000 		.4byte	.LASF3
 246 0041 03       		.uleb128 0x3
 247 0042 0B000000 		.4byte	.LASF9
 248 0046 02       		.byte	0x2
 249 0047 3F       		.byte	0x3f
 250 0048 4C000000 		.4byte	0x4c
 251 004c 02       		.uleb128 0x2
 252 004d 04       		.byte	0x4
 253 004e 05       		.byte	0x5
 254 004f 32020000 		.4byte	.LASF4
 255 0053 02       		.uleb128 0x2
 256 0054 04       		.byte	0x4
 257 0055 07       		.byte	0x7
 258 0056 B6000000 		.4byte	.LASF5
 259 005a 02       		.uleb128 0x2
 260 005b 08       		.byte	0x8
 261 005c 05       		.byte	0x5
 262 005d 00020000 		.4byte	.LASF6
 263 0061 02       		.uleb128 0x2
 264 0062 08       		.byte	0x8
 265 0063 07       		.byte	0x7
 266 0064 36010000 		.4byte	.LASF7
 267 0068 04       		.uleb128 0x4
 268 0069 04       		.byte	0x4
 269 006a 05       		.byte	0x5
 270 006b 696E7400 		.ascii	"int\000"
 271 006f 02       		.uleb128 0x2
 272 0070 04       		.byte	0x4
 273 0071 07       		.byte	0x7
 274 0072 29010000 		.4byte	.LASF8
 275 0076 03       		.uleb128 0x3
 276 0077 EF010000 		.4byte	.LASF10
 277 007b 03       		.byte	0x3
 278 007c 2C       		.byte	0x2c
 279 007d 41000000 		.4byte	0x41
 280 0081 05       		.uleb128 0x5
 281 0082 1D020000 		.4byte	.LASF11
 282 0086 04       		.byte	0x4
 283 0087 E401     		.2byte	0x1e4
 284 0089 2C000000 		.4byte	0x2c
 285 008d 02       		.uleb128 0x2
 286 008e 04       		.byte	0x4
 287 008f 04       		.byte	0x4
ARM GAS  C:\Users\dryos\AppData\Local\Temp\cci4fwNA.s 			page 7


 288 0090 5D000000 		.4byte	.LASF12
 289 0094 02       		.uleb128 0x2
 290 0095 08       		.byte	0x8
 291 0096 04       		.byte	0x4
 292 0097 FF000000 		.4byte	.LASF13
 293 009b 02       		.uleb128 0x2
 294 009c 01       		.byte	0x1
 295 009d 08       		.byte	0x8
 296 009e 0E020000 		.4byte	.LASF14
 297 00a2 02       		.uleb128 0x2
 298 00a3 08       		.byte	0x8
 299 00a4 04       		.byte	0x4
 300 00a5 4E020000 		.4byte	.LASF15
 301 00a9 02       		.uleb128 0x2
 302 00aa 04       		.byte	0x4
 303 00ab 07       		.byte	0x7
 304 00ac F7010000 		.4byte	.LASF16
 305 00b0 06       		.uleb128 0x6
 306 00b1 41000000 		.4byte	.LASF33
 307 00b5 01       		.byte	0x1
 308 00b6 11       		.byte	0x11
 309 00b7 00000000 		.4byte	.LFB63
 310 00bb 20000000 		.4byte	.LFE63-.LFB63
 311 00bf 01       		.uleb128 0x1
 312 00c0 9C       		.byte	0x9c
 313 00c1 07010000 		.4byte	0x107
 314 00c5 07       		.uleb128 0x7
 315 00c6 08000000 		.4byte	.LVL0
 316 00ca 16020000 		.4byte	0x216
 317 00ce D8000000 		.4byte	0xd8
 318 00d2 08       		.uleb128 0x8
 319 00d3 01       		.uleb128 0x1
 320 00d4 50       		.byte	0x50
 321 00d5 01       		.uleb128 0x1
 322 00d6 30       		.byte	0x30
 323 00d7 00       		.byte	0
 324 00d8 09       		.uleb128 0x9
 325 00d9 0C000000 		.4byte	.LVL1
 326 00dd 21020000 		.4byte	0x221
 327 00e1 09       		.uleb128 0x9
 328 00e2 10000000 		.4byte	.LVL2
 329 00e6 2C020000 		.4byte	0x22c
 330 00ea 09       		.uleb128 0x9
 331 00eb 14000000 		.4byte	.LVL3
 332 00ef 37020000 		.4byte	0x237
 333 00f3 0A       		.uleb128 0xa
 334 00f4 1A000000 		.4byte	.LVL4
 335 00f8 42020000 		.4byte	0x242
 336 00fc 08       		.uleb128 0x8
 337 00fd 01       		.uleb128 0x1
 338 00fe 50       		.byte	0x50
 339 00ff 05       		.uleb128 0x5
 340 0100 03       		.byte	0x3
 341 0101 00000000 		.4byte	isr_spi_rx
 342 0105 00       		.byte	0
 343 0106 00       		.byte	0
 344 0107 0B       		.uleb128 0xb
ARM GAS  C:\Users\dryos\AppData\Local\Temp\cci4fwNA.s 			page 8


 345 0108 DB000000 		.4byte	.LASF17
 346 010c 01       		.byte	0x1
 347 010d 19       		.byte	0x19
 348 010e 00000000 		.4byte	.LFB64
 349 0112 30000000 		.4byte	.LFE64-.LFB64
 350 0116 01       		.uleb128 0x1
 351 0117 9C       		.byte	0x9c
 352 0118 4A010000 		.4byte	0x14a
 353 011c 0C       		.uleb128 0xc
 354 011d 73656B00 		.ascii	"sek\000"
 355 0121 01       		.byte	0x1
 356 0122 19       		.byte	0x19
 357 0123 68000000 		.4byte	0x68
 358 0127 00000000 		.4byte	.LLST0
 359 012b 0C       		.uleb128 0xc
 360 012c 6D7300   		.ascii	"ms\000"
 361 012f 01       		.byte	0x1
 362 0130 19       		.byte	0x19
 363 0131 68000000 		.4byte	0x68
 364 0135 30000000 		.4byte	.LLST1
 365 0139 0A       		.uleb128 0xa
 366 013a 2A000000 		.4byte	.LVL7
 367 013e 16020000 		.4byte	0x216
 368 0142 08       		.uleb128 0x8
 369 0143 01       		.uleb128 0x1
 370 0144 50       		.byte	0x50
 371 0145 02       		.uleb128 0x2
 372 0146 09       		.byte	0x9
 373 0147 FF       		.byte	0xff
 374 0148 00       		.byte	0
 375 0149 00       		.byte	0
 376 014a 0B       		.uleb128 0xb
 377 014b 4E000000 		.4byte	.LASF18
 378 014f 01       		.byte	0x1
 379 0150 21       		.byte	0x21
 380 0151 00000000 		.4byte	.LFB65
 381 0155 2C000000 		.4byte	.LFE65-.LFB65
 382 0159 01       		.uleb128 0x1
 383 015a 9C       		.byte	0x9c
 384 015b 8A010000 		.4byte	0x18a
 385 015f 0D       		.uleb128 0xd
 386 0160 F8000000 		.4byte	.LASF19
 387 0164 01       		.byte	0x1
 388 0165 21       		.byte	0x21
 389 0166 68000000 		.4byte	0x68
 390 016a 51000000 		.4byte	.LLST2
 391 016e 09       		.uleb128 0x9
 392 016f 12000000 		.4byte	.LVL10
 393 0173 4D020000 		.4byte	0x24d
 394 0177 09       		.uleb128 0x9
 395 0178 1C000000 		.4byte	.LVL13
 396 017c 4D020000 		.4byte	0x24d
 397 0180 09       		.uleb128 0x9
 398 0181 24000000 		.4byte	.LVL16
 399 0185 4D020000 		.4byte	0x24d
 400 0189 00       		.byte	0
 401 018a 0B       		.uleb128 0xb
ARM GAS  C:\Users\dryos\AppData\Local\Temp\cci4fwNA.s 			page 9


 402 018b 36000000 		.4byte	.LASF20
 403 018f 01       		.byte	0x1
 404 0190 34       		.byte	0x34
 405 0191 00000000 		.4byte	.LFB66
 406 0195 12000000 		.4byte	.LFE66-.LFB66
 407 0199 01       		.uleb128 0x1
 408 019a 9C       		.byte	0x9c
 409 019b D4010000 		.4byte	0x1d4
 410 019f 0E       		.uleb128 0xe
 411 01a0 14010000 		.4byte	.LASF34
 412 01a4 01       		.byte	0x1
 413 01a5 36       		.byte	0x36
 414 01a6 81000000 		.4byte	0x81
 415 01aa A4000000 		.4byte	.LLST3
 416 01ae 07       		.uleb128 0x7
 417 01af 08000000 		.4byte	.LVL17
 418 01b3 16020000 		.4byte	0x216
 419 01b7 C1010000 		.4byte	0x1c1
 420 01bb 08       		.uleb128 0x8
 421 01bc 01       		.uleb128 0x1
 422 01bd 50       		.byte	0x50
 423 01be 01       		.uleb128 0x1
 424 01bf 30       		.byte	0x30
 425 01c0 00       		.byte	0
 426 01c1 09       		.uleb128 0x9
 427 01c2 0C000000 		.4byte	.LVL18
 428 01c6 58020000 		.4byte	0x258
 429 01ca 09       		.uleb128 0x9
 430 01cb 10000000 		.4byte	.LVL19
 431 01cf 4A010000 		.4byte	0x14a
 432 01d3 00       		.byte	0
 433 01d4 0F       		.uleb128 0xf
 434 01d5 1C010000 		.4byte	.LASF21
 435 01d9 05       		.byte	0x5
 436 01da 1207     		.2byte	0x712
 437 01dc E0010000 		.4byte	0x1e0
 438 01e0 10       		.uleb128 0x10
 439 01e1 76000000 		.4byte	0x76
 440 01e5 11       		.uleb128 0x11
 441 01e6 5A010000 		.4byte	.LASF22
 442 01ea 01       		.byte	0x1
 443 01eb 0E       		.byte	0xe
 444 01ec 68000000 		.4byte	0x68
 445 01f0 05       		.uleb128 0x5
 446 01f1 03       		.byte	0x3
 447 01f2 00000000 		.4byte	rxFlag
 448 01f6 12       		.uleb128 0x12
 449 01f7 68000000 		.4byte	0x68
 450 01fb 06020000 		.4byte	0x206
 451 01ff 13       		.uleb128 0x13
 452 0200 A9000000 		.4byte	0xa9
 453 0204 01       		.byte	0x1
 454 0205 00       		.byte	0
 455 0206 14       		.uleb128 0x14
 456 0207 747800   		.ascii	"tx\000"
 457 020a 01       		.byte	0x1
 458 020b 0F       		.byte	0xf
ARM GAS  C:\Users\dryos\AppData\Local\Temp\cci4fwNA.s 			page 10


 459 020c F6010000 		.4byte	0x1f6
 460 0210 05       		.uleb128 0x5
 461 0211 03       		.byte	0x3
 462 0212 00000000 		.4byte	tx
 463 0216 15       		.uleb128 0x15
 464 0217 06010000 		.4byte	.LASF23
 465 021b 06010000 		.4byte	.LASF23
 466 021f 06       		.byte	0x6
 467 0220 26       		.byte	0x26
 468 0221 15       		.uleb128 0x15
 469 0222 00000000 		.4byte	.LASF24
 470 0226 00000000 		.4byte	.LASF24
 471 022a 07       		.byte	0x7
 472 022b 46       		.byte	0x46
 473 022c 15       		.uleb128 0x15
 474 022d 3B020000 		.4byte	.LASF25
 475 0231 3B020000 		.4byte	.LASF25
 476 0235 07       		.byte	0x7
 477 0236 5B       		.byte	0x5b
 478 0237 15       		.uleb128 0x15
 479 0238 E9000000 		.4byte	.LASF26
 480 023c E9000000 		.4byte	.LASF26
 481 0240 07       		.byte	0x7
 482 0241 63       		.byte	0x63
 483 0242 15       		.uleb128 0x15
 484 0243 23020000 		.4byte	.LASF27
 485 0247 23020000 		.4byte	.LASF27
 486 024b 08       		.byte	0x8
 487 024c 18       		.byte	0x18
 488 024d 15       		.uleb128 0x15
 489 024e 15000000 		.4byte	.LASF28
 490 0252 15000000 		.4byte	.LASF28
 491 0256 07       		.byte	0x7
 492 0257 50       		.byte	0x50
 493 0258 15       		.uleb128 0x15
 494 0259 26000000 		.4byte	.LASF29
 495 025d 26000000 		.4byte	.LASF29
 496 0261 07       		.byte	0x7
 497 0262 57       		.byte	0x57
 498 0263 00       		.byte	0
 499              		.section	.debug_abbrev,"",%progbits
 500              	.Ldebug_abbrev0:
 501 0000 01       		.uleb128 0x1
 502 0001 11       		.uleb128 0x11
 503 0002 01       		.byte	0x1
 504 0003 25       		.uleb128 0x25
 505 0004 0E       		.uleb128 0xe
 506 0005 13       		.uleb128 0x13
 507 0006 0B       		.uleb128 0xb
 508 0007 03       		.uleb128 0x3
 509 0008 0E       		.uleb128 0xe
 510 0009 1B       		.uleb128 0x1b
 511 000a 0E       		.uleb128 0xe
 512 000b 55       		.uleb128 0x55
 513 000c 17       		.uleb128 0x17
 514 000d 11       		.uleb128 0x11
 515 000e 01       		.uleb128 0x1
ARM GAS  C:\Users\dryos\AppData\Local\Temp\cci4fwNA.s 			page 11


 516 000f 10       		.uleb128 0x10
 517 0010 17       		.uleb128 0x17
 518 0011 00       		.byte	0
 519 0012 00       		.byte	0
 520 0013 02       		.uleb128 0x2
 521 0014 24       		.uleb128 0x24
 522 0015 00       		.byte	0
 523 0016 0B       		.uleb128 0xb
 524 0017 0B       		.uleb128 0xb
 525 0018 3E       		.uleb128 0x3e
 526 0019 0B       		.uleb128 0xb
 527 001a 03       		.uleb128 0x3
 528 001b 0E       		.uleb128 0xe
 529 001c 00       		.byte	0
 530 001d 00       		.byte	0
 531 001e 03       		.uleb128 0x3
 532 001f 16       		.uleb128 0x16
 533 0020 00       		.byte	0
 534 0021 03       		.uleb128 0x3
 535 0022 0E       		.uleb128 0xe
 536 0023 3A       		.uleb128 0x3a
 537 0024 0B       		.uleb128 0xb
 538 0025 3B       		.uleb128 0x3b
 539 0026 0B       		.uleb128 0xb
 540 0027 49       		.uleb128 0x49
 541 0028 13       		.uleb128 0x13
 542 0029 00       		.byte	0
 543 002a 00       		.byte	0
 544 002b 04       		.uleb128 0x4
 545 002c 24       		.uleb128 0x24
 546 002d 00       		.byte	0
 547 002e 0B       		.uleb128 0xb
 548 002f 0B       		.uleb128 0xb
 549 0030 3E       		.uleb128 0x3e
 550 0031 0B       		.uleb128 0xb
 551 0032 03       		.uleb128 0x3
 552 0033 08       		.uleb128 0x8
 553 0034 00       		.byte	0
 554 0035 00       		.byte	0
 555 0036 05       		.uleb128 0x5
 556 0037 16       		.uleb128 0x16
 557 0038 00       		.byte	0
 558 0039 03       		.uleb128 0x3
 559 003a 0E       		.uleb128 0xe
 560 003b 3A       		.uleb128 0x3a
 561 003c 0B       		.uleb128 0xb
 562 003d 3B       		.uleb128 0x3b
 563 003e 05       		.uleb128 0x5
 564 003f 49       		.uleb128 0x49
 565 0040 13       		.uleb128 0x13
 566 0041 00       		.byte	0
 567 0042 00       		.byte	0
 568 0043 06       		.uleb128 0x6
 569 0044 2E       		.uleb128 0x2e
 570 0045 01       		.byte	0x1
 571 0046 3F       		.uleb128 0x3f
 572 0047 19       		.uleb128 0x19
ARM GAS  C:\Users\dryos\AppData\Local\Temp\cci4fwNA.s 			page 12


 573 0048 03       		.uleb128 0x3
 574 0049 0E       		.uleb128 0xe
 575 004a 3A       		.uleb128 0x3a
 576 004b 0B       		.uleb128 0xb
 577 004c 3B       		.uleb128 0x3b
 578 004d 0B       		.uleb128 0xb
 579 004e 11       		.uleb128 0x11
 580 004f 01       		.uleb128 0x1
 581 0050 12       		.uleb128 0x12
 582 0051 06       		.uleb128 0x6
 583 0052 40       		.uleb128 0x40
 584 0053 18       		.uleb128 0x18
 585 0054 9742     		.uleb128 0x2117
 586 0056 19       		.uleb128 0x19
 587 0057 01       		.uleb128 0x1
 588 0058 13       		.uleb128 0x13
 589 0059 00       		.byte	0
 590 005a 00       		.byte	0
 591 005b 07       		.uleb128 0x7
 592 005c 898201   		.uleb128 0x4109
 593 005f 01       		.byte	0x1
 594 0060 11       		.uleb128 0x11
 595 0061 01       		.uleb128 0x1
 596 0062 31       		.uleb128 0x31
 597 0063 13       		.uleb128 0x13
 598 0064 01       		.uleb128 0x1
 599 0065 13       		.uleb128 0x13
 600 0066 00       		.byte	0
 601 0067 00       		.byte	0
 602 0068 08       		.uleb128 0x8
 603 0069 8A8201   		.uleb128 0x410a
 604 006c 00       		.byte	0
 605 006d 02       		.uleb128 0x2
 606 006e 18       		.uleb128 0x18
 607 006f 9142     		.uleb128 0x2111
 608 0071 18       		.uleb128 0x18
 609 0072 00       		.byte	0
 610 0073 00       		.byte	0
 611 0074 09       		.uleb128 0x9
 612 0075 898201   		.uleb128 0x4109
 613 0078 00       		.byte	0
 614 0079 11       		.uleb128 0x11
 615 007a 01       		.uleb128 0x1
 616 007b 31       		.uleb128 0x31
 617 007c 13       		.uleb128 0x13
 618 007d 00       		.byte	0
 619 007e 00       		.byte	0
 620 007f 0A       		.uleb128 0xa
 621 0080 898201   		.uleb128 0x4109
 622 0083 01       		.byte	0x1
 623 0084 11       		.uleb128 0x11
 624 0085 01       		.uleb128 0x1
 625 0086 31       		.uleb128 0x31
 626 0087 13       		.uleb128 0x13
 627 0088 00       		.byte	0
 628 0089 00       		.byte	0
 629 008a 0B       		.uleb128 0xb
ARM GAS  C:\Users\dryos\AppData\Local\Temp\cci4fwNA.s 			page 13


 630 008b 2E       		.uleb128 0x2e
 631 008c 01       		.byte	0x1
 632 008d 3F       		.uleb128 0x3f
 633 008e 19       		.uleb128 0x19
 634 008f 03       		.uleb128 0x3
 635 0090 0E       		.uleb128 0xe
 636 0091 3A       		.uleb128 0x3a
 637 0092 0B       		.uleb128 0xb
 638 0093 3B       		.uleb128 0x3b
 639 0094 0B       		.uleb128 0xb
 640 0095 27       		.uleb128 0x27
 641 0096 19       		.uleb128 0x19
 642 0097 11       		.uleb128 0x11
 643 0098 01       		.uleb128 0x1
 644 0099 12       		.uleb128 0x12
 645 009a 06       		.uleb128 0x6
 646 009b 40       		.uleb128 0x40
 647 009c 18       		.uleb128 0x18
 648 009d 9742     		.uleb128 0x2117
 649 009f 19       		.uleb128 0x19
 650 00a0 01       		.uleb128 0x1
 651 00a1 13       		.uleb128 0x13
 652 00a2 00       		.byte	0
 653 00a3 00       		.byte	0
 654 00a4 0C       		.uleb128 0xc
 655 00a5 05       		.uleb128 0x5
 656 00a6 00       		.byte	0
 657 00a7 03       		.uleb128 0x3
 658 00a8 08       		.uleb128 0x8
 659 00a9 3A       		.uleb128 0x3a
 660 00aa 0B       		.uleb128 0xb
 661 00ab 3B       		.uleb128 0x3b
 662 00ac 0B       		.uleb128 0xb
 663 00ad 49       		.uleb128 0x49
 664 00ae 13       		.uleb128 0x13
 665 00af 02       		.uleb128 0x2
 666 00b0 17       		.uleb128 0x17
 667 00b1 00       		.byte	0
 668 00b2 00       		.byte	0
 669 00b3 0D       		.uleb128 0xd
 670 00b4 05       		.uleb128 0x5
 671 00b5 00       		.byte	0
 672 00b6 03       		.uleb128 0x3
 673 00b7 0E       		.uleb128 0xe
 674 00b8 3A       		.uleb128 0x3a
 675 00b9 0B       		.uleb128 0xb
 676 00ba 3B       		.uleb128 0x3b
 677 00bb 0B       		.uleb128 0xb
 678 00bc 49       		.uleb128 0x49
 679 00bd 13       		.uleb128 0x13
 680 00be 02       		.uleb128 0x2
 681 00bf 17       		.uleb128 0x17
 682 00c0 00       		.byte	0
 683 00c1 00       		.byte	0
 684 00c2 0E       		.uleb128 0xe
 685 00c3 34       		.uleb128 0x34
 686 00c4 00       		.byte	0
ARM GAS  C:\Users\dryos\AppData\Local\Temp\cci4fwNA.s 			page 14


 687 00c5 03       		.uleb128 0x3
 688 00c6 0E       		.uleb128 0xe
 689 00c7 3A       		.uleb128 0x3a
 690 00c8 0B       		.uleb128 0xb
 691 00c9 3B       		.uleb128 0x3b
 692 00ca 0B       		.uleb128 0xb
 693 00cb 49       		.uleb128 0x49
 694 00cc 13       		.uleb128 0x13
 695 00cd 02       		.uleb128 0x2
 696 00ce 17       		.uleb128 0x17
 697 00cf 00       		.byte	0
 698 00d0 00       		.byte	0
 699 00d1 0F       		.uleb128 0xf
 700 00d2 34       		.uleb128 0x34
 701 00d3 00       		.byte	0
 702 00d4 03       		.uleb128 0x3
 703 00d5 0E       		.uleb128 0xe
 704 00d6 3A       		.uleb128 0x3a
 705 00d7 0B       		.uleb128 0xb
 706 00d8 3B       		.uleb128 0x3b
 707 00d9 05       		.uleb128 0x5
 708 00da 49       		.uleb128 0x49
 709 00db 13       		.uleb128 0x13
 710 00dc 3F       		.uleb128 0x3f
 711 00dd 19       		.uleb128 0x19
 712 00de 3C       		.uleb128 0x3c
 713 00df 19       		.uleb128 0x19
 714 00e0 00       		.byte	0
 715 00e1 00       		.byte	0
 716 00e2 10       		.uleb128 0x10
 717 00e3 35       		.uleb128 0x35
 718 00e4 00       		.byte	0
 719 00e5 49       		.uleb128 0x49
 720 00e6 13       		.uleb128 0x13
 721 00e7 00       		.byte	0
 722 00e8 00       		.byte	0
 723 00e9 11       		.uleb128 0x11
 724 00ea 34       		.uleb128 0x34
 725 00eb 00       		.byte	0
 726 00ec 03       		.uleb128 0x3
 727 00ed 0E       		.uleb128 0xe
 728 00ee 3A       		.uleb128 0x3a
 729 00ef 0B       		.uleb128 0xb
 730 00f0 3B       		.uleb128 0x3b
 731 00f1 0B       		.uleb128 0xb
 732 00f2 49       		.uleb128 0x49
 733 00f3 13       		.uleb128 0x13
 734 00f4 3F       		.uleb128 0x3f
 735 00f5 19       		.uleb128 0x19
 736 00f6 02       		.uleb128 0x2
 737 00f7 18       		.uleb128 0x18
 738 00f8 00       		.byte	0
 739 00f9 00       		.byte	0
 740 00fa 12       		.uleb128 0x12
 741 00fb 01       		.uleb128 0x1
 742 00fc 01       		.byte	0x1
 743 00fd 49       		.uleb128 0x49
ARM GAS  C:\Users\dryos\AppData\Local\Temp\cci4fwNA.s 			page 15


 744 00fe 13       		.uleb128 0x13
 745 00ff 01       		.uleb128 0x1
 746 0100 13       		.uleb128 0x13
 747 0101 00       		.byte	0
 748 0102 00       		.byte	0
 749 0103 13       		.uleb128 0x13
 750 0104 21       		.uleb128 0x21
 751 0105 00       		.byte	0
 752 0106 49       		.uleb128 0x49
 753 0107 13       		.uleb128 0x13
 754 0108 2F       		.uleb128 0x2f
 755 0109 0B       		.uleb128 0xb
 756 010a 00       		.byte	0
 757 010b 00       		.byte	0
 758 010c 14       		.uleb128 0x14
 759 010d 34       		.uleb128 0x34
 760 010e 00       		.byte	0
 761 010f 03       		.uleb128 0x3
 762 0110 08       		.uleb128 0x8
 763 0111 3A       		.uleb128 0x3a
 764 0112 0B       		.uleb128 0xb
 765 0113 3B       		.uleb128 0x3b
 766 0114 0B       		.uleb128 0xb
 767 0115 49       		.uleb128 0x49
 768 0116 13       		.uleb128 0x13
 769 0117 3F       		.uleb128 0x3f
 770 0118 19       		.uleb128 0x19
 771 0119 02       		.uleb128 0x2
 772 011a 18       		.uleb128 0x18
 773 011b 00       		.byte	0
 774 011c 00       		.byte	0
 775 011d 15       		.uleb128 0x15
 776 011e 2E       		.uleb128 0x2e
 777 011f 00       		.byte	0
 778 0120 3F       		.uleb128 0x3f
 779 0121 19       		.uleb128 0x19
 780 0122 3C       		.uleb128 0x3c
 781 0123 19       		.uleb128 0x19
 782 0124 6E       		.uleb128 0x6e
 783 0125 0E       		.uleb128 0xe
 784 0126 03       		.uleb128 0x3
 785 0127 0E       		.uleb128 0xe
 786 0128 3A       		.uleb128 0x3a
 787 0129 0B       		.uleb128 0xb
 788 012a 3B       		.uleb128 0x3b
 789 012b 0B       		.uleb128 0xb
 790 012c 00       		.byte	0
 791 012d 00       		.byte	0
 792 012e 00       		.byte	0
 793              		.section	.debug_loc,"",%progbits
 794              	.Ldebug_loc0:
 795              	.LLST0:
 796 0000 00000000 		.4byte	.LVL5
 797 0004 26000000 		.4byte	.LVL6
 798 0008 0100     		.2byte	0x1
 799 000a 50       		.byte	0x50
 800 000b 26000000 		.4byte	.LVL6
ARM GAS  C:\Users\dryos\AppData\Local\Temp\cci4fwNA.s 			page 16


 801 000f 29000000 		.4byte	.LVL7-1
 802 0013 0500     		.2byte	0x5
 803 0015 03       		.byte	0x3
 804 0016 00000000 		.4byte	tx
 805 001a 29000000 		.4byte	.LVL7-1
 806 001e 30000000 		.4byte	.LFE64
 807 0022 0400     		.2byte	0x4
 808 0024 F3       		.byte	0xf3
 809 0025 01       		.uleb128 0x1
 810 0026 50       		.byte	0x50
 811 0027 9F       		.byte	0x9f
 812 0028 00000000 		.4byte	0
 813 002c 00000000 		.4byte	0
 814              	.LLST1:
 815 0030 00000000 		.4byte	.LVL5
 816 0034 29000000 		.4byte	.LVL7-1
 817 0038 0100     		.2byte	0x1
 818 003a 51       		.byte	0x51
 819 003b 29000000 		.4byte	.LVL7-1
 820 003f 30000000 		.4byte	.LFE64
 821 0043 0400     		.2byte	0x4
 822 0045 F3       		.byte	0xf3
 823 0046 01       		.uleb128 0x1
 824 0047 51       		.byte	0x51
 825 0048 9F       		.byte	0x9f
 826 0049 00000000 		.4byte	0
 827 004d 00000000 		.4byte	0
 828              	.LLST2:
 829 0051 00000000 		.4byte	.LVL8
 830 0055 0E000000 		.4byte	.LVL9
 831 0059 0100     		.2byte	0x1
 832 005b 50       		.byte	0x50
 833 005c 0E000000 		.4byte	.LVL9
 834 0060 14000000 		.4byte	.LVL11
 835 0064 0400     		.2byte	0x4
 836 0066 F3       		.byte	0xf3
 837 0067 01       		.uleb128 0x1
 838 0068 50       		.byte	0x50
 839 0069 9F       		.byte	0x9f
 840 006a 14000000 		.4byte	.LVL11
 841 006e 18000000 		.4byte	.LVL12
 842 0072 0100     		.2byte	0x1
 843 0074 50       		.byte	0x50
 844 0075 18000000 		.4byte	.LVL12
 845 0079 1E000000 		.4byte	.LVL14
 846 007d 0400     		.2byte	0x4
 847 007f F3       		.byte	0xf3
 848 0080 01       		.uleb128 0x1
 849 0081 50       		.byte	0x50
 850 0082 9F       		.byte	0x9f
 851 0083 1E000000 		.4byte	.LVL14
 852 0087 20000000 		.4byte	.LVL15
 853 008b 0100     		.2byte	0x1
 854 008d 50       		.byte	0x50
 855 008e 20000000 		.4byte	.LVL15
 856 0092 2C000000 		.4byte	.LFE65
 857 0096 0400     		.2byte	0x4
ARM GAS  C:\Users\dryos\AppData\Local\Temp\cci4fwNA.s 			page 17


 858 0098 F3       		.byte	0xf3
 859 0099 01       		.uleb128 0x1
 860 009a 50       		.byte	0x50
 861 009b 9F       		.byte	0x9f
 862 009c 00000000 		.4byte	0
 863 00a0 00000000 		.4byte	0
 864              	.LLST3:
 865 00a4 0C000000 		.4byte	.LVL18
 866 00a8 0F000000 		.4byte	.LVL19-1
 867 00ac 0100     		.2byte	0x1
 868 00ae 50       		.byte	0x50
 869 00af 00000000 		.4byte	0
 870 00b3 00000000 		.4byte	0
 871              		.section	.debug_aranges,"",%progbits
 872 0000 34000000 		.4byte	0x34
 873 0004 0200     		.2byte	0x2
 874 0006 00000000 		.4byte	.Ldebug_info0
 875 000a 04       		.byte	0x4
 876 000b 00       		.byte	0
 877 000c 0000     		.2byte	0
 878 000e 0000     		.2byte	0
 879 0010 00000000 		.4byte	.LFB63
 880 0014 20000000 		.4byte	.LFE63-.LFB63
 881 0018 00000000 		.4byte	.LFB64
 882 001c 30000000 		.4byte	.LFE64-.LFB64
 883 0020 00000000 		.4byte	.LFB65
 884 0024 2C000000 		.4byte	.LFE65-.LFB65
 885 0028 00000000 		.4byte	.LFB66
 886 002c 12000000 		.4byte	.LFE66-.LFB66
 887 0030 00000000 		.4byte	0
 888 0034 00000000 		.4byte	0
 889              		.section	.debug_ranges,"",%progbits
 890              	.Ldebug_ranges0:
 891 0000 00000000 		.4byte	.LFB63
 892 0004 20000000 		.4byte	.LFE63
 893 0008 00000000 		.4byte	.LFB64
 894 000c 30000000 		.4byte	.LFE64
 895 0010 00000000 		.4byte	.LFB65
 896 0014 2C000000 		.4byte	.LFE65
 897 0018 00000000 		.4byte	.LFB66
 898 001c 12000000 		.4byte	.LFE66
 899 0020 00000000 		.4byte	0
 900 0024 00000000 		.4byte	0
 901              		.section	.debug_line,"",%progbits
 902              	.Ldebug_line0:
 903 0000 E9010000 		.section	.debug_str,"MS",%progbits,1
 903      02007501 
 903      00000201 
 903      FB0E0D00 
 903      01010101 
 904              	.LASF24:
 905 0000 53504953 		.ascii	"SPIS_Start\000"
 905      5F537461 
 905      727400
 906              	.LASF9:
 907 000b 5F5F696E 		.ascii	"__int32_t\000"
 907      7433325F 
ARM GAS  C:\Users\dryos\AppData\Local\Temp\cci4fwNA.s 			page 18


 907      7400
 908              	.LASF28:
 909 0015 53504953 		.ascii	"SPIS_WriteTxData\000"
 909      5F577269 
 909      74655478 
 909      44617461 
 909      00
 910              	.LASF29:
 911 0026 53504953 		.ascii	"SPIS_ReadRxData\000"
 911      5F526561 
 911      64527844 
 911      61746100 
 912              	.LASF20:
 913 0036 6973725F 		.ascii	"isr_spi_rx\000"
 913      7370695F 
 913      727800
 914              	.LASF33:
 915 0041 53504953 		.ascii	"SPIS_initSPI\000"
 915      5F696E69 
 915      74535049 
 915      00
 916              	.LASF18:
 917 004e 53504953 		.ascii	"SPIS_checkData\000"
 917      5F636865 
 917      636B4461 
 917      746100
 918              	.LASF12:
 919 005d 666C6F61 		.ascii	"float\000"
 919      7400
 920              	.LASF1:
 921 0063 756E7369 		.ascii	"unsigned char\000"
 921      676E6564 
 921      20636861 
 921      7200
 922              	.LASF32:
 923 0071 433A5C55 		.ascii	"C:\\Users\\dryos\\Documents\\GitHub\\E5PRJ3\\SPI_Sl"
 923      73657273 
 923      5C647279 
 923      6F735C44 
 923      6F63756D 
 924 009e 6176655F 		.ascii	"ave_PSoC\\SPI_PSoC.cydsn\000"
 924      50536F43 
 924      5C535049 
 924      5F50536F 
 924      432E6379 
 925              	.LASF5:
 926 00b6 6C6F6E67 		.ascii	"long unsigned int\000"
 926      20756E73 
 926      69676E65 
 926      6420696E 
 926      7400
 927              	.LASF3:
 928 00c8 73686F72 		.ascii	"short unsigned int\000"
 928      7420756E 
 928      7369676E 
 928      65642069 
 928      6E7400
ARM GAS  C:\Users\dryos\AppData\Local\Temp\cci4fwNA.s 			page 19


 929              	.LASF17:
 930 00db 53504953 		.ascii	"SPIS_sendData\000"
 930      5F73656E 
 930      64446174 
 930      6100
 931              	.LASF26:
 932 00e9 53504953 		.ascii	"SPIS_ClearFIFO\000"
 932      5F436C65 
 932      61724649 
 932      464F00
 933              	.LASF19:
 934 00f8 72784461 		.ascii	"rxData\000"
 934      746100
 935              	.LASF13:
 936 00ff 646F7562 		.ascii	"double\000"
 936      6C6500
 937              	.LASF23:
 938 0106 5350495F 		.ascii	"SPI_int_Write\000"
 938      696E745F 
 938      57726974 
 938      6500
 939              	.LASF34:
 940 0114 53504944 		.ascii	"SPIDATA\000"
 940      41544100 
 941              	.LASF21:
 942 011c 49544D5F 		.ascii	"ITM_RxBuffer\000"
 942      52784275 
 942      66666572 
 942      00
 943              	.LASF8:
 944 0129 756E7369 		.ascii	"unsigned int\000"
 944      676E6564 
 944      20696E74 
 944      00
 945              	.LASF7:
 946 0136 6C6F6E67 		.ascii	"long long unsigned int\000"
 946      206C6F6E 
 946      6720756E 
 946      7369676E 
 946      65642069 
 947              	.LASF31:
 948 014d 5350495F 		.ascii	"SPI_Master.c\000"
 948      4D617374 
 948      65722E63 
 948      00
 949              	.LASF22:
 950 015a 7278466C 		.ascii	"rxFlag\000"
 950      616700
 951              	.LASF30:
 952 0161 474E5520 		.ascii	"GNU C11 5.4.1 20160609 (release) [ARM/embedded-5-br"
 952      43313120 
 952      352E342E 
 952      31203230 
 952      31363036 
 953 0194 616E6368 		.ascii	"anch revision 237715] -mcpu=cortex-m3 -mthumb -g -O"
 953      20726576 
 953      6973696F 
ARM GAS  C:\Users\dryos\AppData\Local\Temp\cci4fwNA.s 			page 20


 953      6E203233 
 953      37373135 
 954 01c7 67202D66 		.ascii	"g -ffunction-sections -ffat-lto-objects\000"
 954      66756E63 
 954      74696F6E 
 954      2D736563 
 954      74696F6E 
 955              	.LASF10:
 956 01ef 696E7433 		.ascii	"int32_t\000"
 956      325F7400 
 957              	.LASF16:
 958 01f7 73697A65 		.ascii	"sizetype\000"
 958      74797065 
 958      00
 959              	.LASF6:
 960 0200 6C6F6E67 		.ascii	"long long int\000"
 960      206C6F6E 
 960      6720696E 
 960      7400
 961              	.LASF14:
 962 020e 63686172 		.ascii	"char\000"
 962      00
 963              	.LASF2:
 964 0213 73686F72 		.ascii	"short int\000"
 964      7420696E 
 964      7400
 965              	.LASF11:
 966 021d 75696E74 		.ascii	"uint8\000"
 966      3800
 967              	.LASF27:
 968 0223 72785F69 		.ascii	"rx_isr_StartEx\000"
 968      73725F53 
 968      74617274 
 968      457800
 969              	.LASF4:
 970 0232 6C6F6E67 		.ascii	"long int\000"
 970      20696E74 
 970      00
 971              	.LASF25:
 972 023b 53504953 		.ascii	"SPIS_ClearTxBuffer\000"
 972      5F436C65 
 972      61725478 
 972      42756666 
 972      657200
 973              	.LASF15:
 974 024e 6C6F6E67 		.ascii	"long double\000"
 974      20646F75 
 974      626C6500 
 975              	.LASF0:
 976 025a 7369676E 		.ascii	"signed char\000"
 976      65642063 
 976      68617200 
 977              		.ident	"GCC: (GNU Tools for ARM Embedded Processors) 5.4.1 20160609 (release) [ARM/embedded-5-bran
