ARM GAS  C:\Users\cring\AppData\Local\Temp\cch6TCJ2.s 			page 1


   1              		.syntax unified
   2              		.cpu cortex-m3
   3              		.fpu softvfp
   4              		.eabi_attribute 20, 1
   5              		.eabi_attribute 21, 1
   6              		.eabi_attribute 23, 3
   7              		.eabi_attribute 24, 1
   8              		.eabi_attribute 25, 1
   9              		.eabi_attribute 26, 1
  10              		.eabi_attribute 30, 1
  11              		.eabi_attribute 34, 1
  12              		.eabi_attribute 18, 4
  13              		.thumb
  14              		.syntax unified
  15              		.file	"Display.c"
  16              		.text
  17              	.Ltext0:
  18              		.cfi_sections	.debug_frame
  19              		.section	.text.StartDisp,"ax",%progbits
  20              		.align	2
  21              		.global	StartDisp
  22              		.thumb
  23              		.thumb_func
  24              		.type	StartDisp, %function
  25              	StartDisp:
  26              	.LFB66:
  27              		.file 1 "Display.c"
   1:Display.c     **** 
   2:Display.c     **** #include "Display.h"
   3:Display.c     **** #include "Stopur.h"
   4:Display.c     **** 
   5:Display.c     **** #define Display1 0x26                                  // Definere adressen på display 1
   6:Display.c     **** #define Display2 0x27                                  // Definere adressen på display 2
   7:Display.c     **** 
   8:Display.c     **** int display1On = 0;                                    //Bestemmer om display1 opdateres i interrup
   9:Display.c     **** int display2On = 0;                                    //Bestemmer om display2 opdateres i interrup
  10:Display.c     **** 
  11:Display.c     **** CY_ISR(isr_refreshrate_LCD)
  12:Display.c     **** {
  13:Display.c     ****     int x = getTime()/100;                                  // vores count værdi bliver lagt i var
  14:Display.c     ****     if (display1On == 1) dispTime(1,x);                 // Kalder dispTime funktion for begge displ
  15:Display.c     ****     if (display2On == 1) dispTime(2,x);
  16:Display.c     **** }
  17:Display.c     **** 
  18:Display.c     **** 
  19:Display.c     **** 
  20:Display.c     **** void initDisp(int Hz)                                   // Initiere display
  21:Display.c     **** {
  22:Display.c     ****     I2C_1_Start();                                      // Initiere og klargør I2C komponenten
  23:Display.c     ****     isr_refreshrate_LCD_StartEx(isr_refreshrate_LCD);   // Initiere interrupt for refreshrate på d
  24:Display.c     ****     Timer_LCD_WritePeriod((1/Hz)*10000);                // Omskriver Hz til ms og opdaterer refresh
  25:Display.c     ****     
  26:Display.c     ****     LiquidCrystal_I2C_init(Display1,16,2,0);            // Initiere vores LCD library med: adressen
  27:Display.c     ****     begin();                                            // positionere vores display til begin stat
  28:Display.c     ****     
  29:Display.c     ****     LiquidCrystal_I2C_init(Display2,16,2,0);
  30:Display.c     ****     begin();                                            // positionere vores display til begin stat
ARM GAS  C:\Users\cring\AppData\Local\Temp\cch6TCJ2.s 			page 2


  31:Display.c     ****     StartDisp();                           
  32:Display.c     **** }
  33:Display.c     **** void StartDisp()
  34:Display.c     **** {
  28              		.loc 1 34 0
  29              		.cfi_startproc
  30              		@ args = 0, pretend = 0, frame = 0
  31              		@ frame_needed = 0, uses_anonymous_args = 0
  32 0000 10B5     		push	{r4, lr}
  33              		.cfi_def_cfa_offset 8
  34              		.cfi_offset 4, -8
  35              		.cfi_offset 14, -4
  35:Display.c     ****     Timer_LCD_Stop();
  36              		.loc 1 35 0
  37 0002 FFF7FEFF 		bl	Timer_LCD_Stop
  38              	.LVL0:
  36:Display.c     ****     setaddress(Display1);
  39              		.loc 1 36 0
  40 0006 2620     		movs	r0, #38
  41 0008 FFF7FEFF 		bl	setaddress
  42              	.LVL1:
  37:Display.c     ****     clearDisp();
  43              		.loc 1 37 0
  44 000c FFF7FEFF 		bl	clearDisp
  45              	.LVL2:
  38:Display.c     ****     
  39:Display.c     ****     LCD_print("Spiller 1");
  46              		.loc 1 39 0
  47 0010 1048     		ldr	r0, .L3
  48 0012 FFF7FEFF 		bl	LCD_print
  49              	.LVL3:
  40:Display.c     ****     setCursor(0,1);                                     // vælger kollene og række
  50              		.loc 1 40 0
  51 0016 0121     		movs	r1, #1
  52 0018 0020     		movs	r0, #0
  53 001a FFF7FEFF 		bl	setCursor
  54              	.LVL4:
  41:Display.c     ****     LCD_print("Tid: ");
  55              		.loc 1 41 0
  56 001e 0E4C     		ldr	r4, .L3+4
  57 0020 2046     		mov	r0, r4
  58 0022 FFF7FEFF 		bl	LCD_print
  59              	.LVL5:
  42:Display.c     ****     
  43:Display.c     ****     setaddress(Display2);
  60              		.loc 1 43 0
  61 0026 2720     		movs	r0, #39
  62 0028 FFF7FEFF 		bl	setaddress
  63              	.LVL6:
  44:Display.c     ****     clearDisp();
  64              		.loc 1 44 0
  65 002c FFF7FEFF 		bl	clearDisp
  66              	.LVL7:
  45:Display.c     ****     
  46:Display.c     ****     LCD_print("Spiller 2");
  67              		.loc 1 46 0
  68 0030 0A48     		ldr	r0, .L3+8
ARM GAS  C:\Users\cring\AppData\Local\Temp\cch6TCJ2.s 			page 3


  69 0032 FFF7FEFF 		bl	LCD_print
  70              	.LVL8:
  47:Display.c     ****     setCursor(0,1);                                     // vælger kollenne og række
  71              		.loc 1 47 0
  72 0036 0121     		movs	r1, #1
  73 0038 0020     		movs	r0, #0
  74 003a FFF7FEFF 		bl	setCursor
  75              	.LVL9:
  48:Display.c     ****     LCD_print("Tid: ");
  76              		.loc 1 48 0
  77 003e 2046     		mov	r0, r4
  78 0040 FFF7FEFF 		bl	LCD_print
  79              	.LVL10:
  49:Display.c     ****     
  50:Display.c     ****     display1On = 1;
  80              		.loc 1 50 0
  81 0044 064B     		ldr	r3, .L3+12
  82 0046 0122     		movs	r2, #1
  83 0048 1A60     		str	r2, [r3]
  51:Display.c     ****     display2On = 1;
  84              		.loc 1 51 0
  85 004a 5A60     		str	r2, [r3, #4]
  52:Display.c     ****     
  53:Display.c     ****     Timer_LCD_Start();                                   // starter timeren for display
  86              		.loc 1 53 0
  87 004c FFF7FEFF 		bl	Timer_LCD_Start
  88              	.LVL11:
  89 0050 10BD     		pop	{r4, pc}
  90              	.L4:
  91 0052 00BF     		.align	2
  92              	.L3:
  93 0054 00000000 		.word	.LC0
  94 0058 0C000000 		.word	.LC1
  95 005c 14000000 		.word	.LC2
  96 0060 00000000 		.word	.LANCHOR0
  97              		.cfi_endproc
  98              	.LFE66:
  99              		.size	StartDisp, .-StartDisp
 100              		.section	.text.initDisp,"ax",%progbits
 101              		.align	2
 102              		.global	initDisp
 103              		.thumb
 104              		.thumb_func
 105              		.type	initDisp, %function
 106              	initDisp:
 107              	.LFB65:
  21:Display.c     ****     I2C_1_Start();                                      // Initiere og klargør I2C komponenten
 108              		.loc 1 21 0
 109              		.cfi_startproc
 110              		@ args = 0, pretend = 0, frame = 0
 111              		@ frame_needed = 0, uses_anonymous_args = 0
 112              	.LVL12:
 113 0000 10B5     		push	{r4, lr}
 114              		.cfi_def_cfa_offset 8
 115              		.cfi_offset 4, -8
 116              		.cfi_offset 14, -4
 117 0002 0446     		mov	r4, r0
ARM GAS  C:\Users\cring\AppData\Local\Temp\cch6TCJ2.s 			page 4


  22:Display.c     ****     isr_refreshrate_LCD_StartEx(isr_refreshrate_LCD);   // Initiere interrupt for refreshrate på d
 118              		.loc 1 22 0
 119 0004 FFF7FEFF 		bl	I2C_1_Start
 120              	.LVL13:
  23:Display.c     ****     Timer_LCD_WritePeriod((1/Hz)*10000);                // Omskriver Hz til ms og opdaterer refresh
 121              		.loc 1 23 0
 122 0008 1148     		ldr	r0, .L7
 123 000a FFF7FEFF 		bl	isr_refreshrate_LCD_StartEx
 124              	.LVL14:
  24:Display.c     ****     
 125              		.loc 1 24 0
 126 000e 0120     		movs	r0, #1
 127 0010 90FBF4F0 		sdiv	r0, r0, r4
 128 0014 C0EB4013 		rsb	r3, r0, r0, lsl #5
 129 0018 00EB8300 		add	r0, r0, r3, lsl #2
 130 001c 00EB8000 		add	r0, r0, r0, lsl #2
 131 0020 0301     		lsls	r3, r0, #4
 132 0022 98B2     		uxth	r0, r3
 133 0024 FFF7FEFF 		bl	Timer_LCD_WritePeriod
 134              	.LVL15:
  26:Display.c     ****     begin();                                            // positionere vores display til begin stat
 135              		.loc 1 26 0
 136 0028 0023     		movs	r3, #0
 137 002a 0222     		movs	r2, #2
 138 002c 1021     		movs	r1, #16
 139 002e 2620     		movs	r0, #38
 140 0030 FFF7FEFF 		bl	LiquidCrystal_I2C_init
 141              	.LVL16:
  27:Display.c     ****     
 142              		.loc 1 27 0
 143 0034 FFF7FEFF 		bl	begin
 144              	.LVL17:
  29:Display.c     ****     begin();                                            // positionere vores display til begin stat
 145              		.loc 1 29 0
 146 0038 0023     		movs	r3, #0
 147 003a 0222     		movs	r2, #2
 148 003c 1021     		movs	r1, #16
 149 003e 2720     		movs	r0, #39
 150 0040 FFF7FEFF 		bl	LiquidCrystal_I2C_init
 151              	.LVL18:
  30:Display.c     ****     StartDisp();                           
 152              		.loc 1 30 0
 153 0044 FFF7FEFF 		bl	begin
 154              	.LVL19:
  31:Display.c     **** }
 155              		.loc 1 31 0
 156 0048 FFF7FEFF 		bl	StartDisp
 157              	.LVL20:
 158 004c 10BD     		pop	{r4, pc}
 159              	.LVL21:
 160              	.L8:
 161 004e 00BF     		.align	2
 162              	.L7:
 163 0050 00000000 		.word	isr_refreshrate_LCD
 164              		.cfi_endproc
 165              	.LFE65:
 166              		.size	initDisp, .-initDisp
ARM GAS  C:\Users\cring\AppData\Local\Temp\cch6TCJ2.s 			page 5


 167              		.section	.text.printDisp,"ax",%progbits
 168              		.align	2
 169              		.global	printDisp
 170              		.thumb
 171              		.thumb_func
 172              		.type	printDisp, %function
 173              	printDisp:
 174              	.LFB67:
  54:Display.c     **** }
  55:Display.c     **** 
  56:Display.c     **** void printDisp(int line, char *string, int disp)
  57:Display.c     **** {
 175              		.loc 1 57 0
 176              		.cfi_startproc
 177              		@ args = 0, pretend = 0, frame = 0
 178              		@ frame_needed = 0, uses_anonymous_args = 0
 179              	.LVL22:
 180 0000 38B5     		push	{r3, r4, r5, lr}
 181              		.cfi_def_cfa_offset 16
 182              		.cfi_offset 3, -16
 183              		.cfi_offset 4, -12
 184              		.cfi_offset 5, -8
 185              		.cfi_offset 14, -4
 186 0002 0546     		mov	r5, r0
 187 0004 0C46     		mov	r4, r1
  58:Display.c     ****     disp = disp == 1 ? 0x26 : 0x27;
 188              		.loc 1 58 0
 189 0006 012A     		cmp	r2, #1
 190 0008 01D1     		bne	.L11
 191 000a 2620     		movs	r0, #38
 192              	.LVL23:
 193 000c 00E0     		b	.L10
 194              	.LVL24:
 195              	.L11:
 196 000e 2720     		movs	r0, #39
 197              	.LVL25:
 198              	.L10:
  59:Display.c     ****     setaddress(disp);
 199              		.loc 1 59 0 discriminator 4
 200 0010 FFF7FEFF 		bl	setaddress
 201              	.LVL26:
  60:Display.c     ****     
  61:Display.c     ****     setCursor(0, line);
 202              		.loc 1 61 0 discriminator 4
 203 0014 E9B2     		uxtb	r1, r5
 204 0016 0020     		movs	r0, #0
 205 0018 FFF7FEFF 		bl	setCursor
 206              	.LVL27:
  62:Display.c     ****     LCD_print(string);
 207              		.loc 1 62 0 discriminator 4
 208 001c 2046     		mov	r0, r4
 209 001e FFF7FEFF 		bl	LCD_print
 210              	.LVL28:
 211 0022 38BD     		pop	{r3, r4, r5, pc}
 212              		.cfi_endproc
 213              	.LFE67:
 214              		.size	printDisp, .-printDisp
ARM GAS  C:\Users\cring\AppData\Local\Temp\cch6TCJ2.s 			page 6


 215              		.section	.text.dispTime,"ax",%progbits
 216              		.align	2
 217              		.global	dispTime
 218              		.thumb
 219              		.thumb_func
 220              		.type	dispTime, %function
 221              	dispTime:
 222              	.LFB68:
  63:Display.c     **** }
  64:Display.c     **** 
  65:Display.c     **** 
  66:Display.c     **** void dispTime(int disp, int ms)                           // positionerer og udskriver på displays
  67:Display.c     **** {
 223              		.loc 1 67 0
 224              		.cfi_startproc
 225              		@ args = 0, pretend = 0, frame = 24
 226              		@ frame_needed = 0, uses_anonymous_args = 0
 227              	.LVL29:
 228 0000 30B5     		push	{r4, r5, lr}
 229              		.cfi_def_cfa_offset 12
 230              		.cfi_offset 4, -12
 231              		.cfi_offset 5, -8
 232              		.cfi_offset 14, -4
 233 0002 87B0     		sub	sp, sp, #28
 234              		.cfi_def_cfa_offset 40
 235 0004 0446     		mov	r4, r0
 236 0006 0D46     		mov	r5, r1
  68:Display.c     ****     Timer_LCD_Stop();                                     // stopper opdateringen af display
 237              		.loc 1 68 0
 238 0008 FFF7FEFF 		bl	Timer_LCD_Stop
 239              	.LVL30:
  69:Display.c     ****     int seconds = 0;
  70:Display.c     ****     char buf[20];
  71:Display.c     ****     disp = disp == 1 ? 0x26 : 0x27;
 240              		.loc 1 71 0
 241 000c 012C     		cmp	r4, #1
 242 000e 01D1     		bne	.L15
 243 0010 2620     		movs	r0, #38
 244 0012 00E0     		b	.L14
 245              	.L15:
 246 0014 2720     		movs	r0, #39
 247              	.L14:
 248              	.LVL31:
  72:Display.c     ****    
  73:Display.c     ****     seconds = ms / 10;                                  // værdien kommer som ms derfor /10 for at
 249              		.loc 1 73 0 discriminator 4
 250 0016 0E4C     		ldr	r4, .L17
 251 0018 84FB0534 		smull	r3, r4, r4, r5
 252 001c EA17     		asrs	r2, r5, #31
 253 001e C2EBA404 		rsb	r4, r2, r4, asr #2
 254              	.LVL32:
  74:Display.c     ****     ms = (ms - seconds*10);                             // sørger for at vi får vores decimal tal
 255              		.loc 1 74 0 discriminator 4
 256 0022 6FF00903 		mvn	r3, #9
 257 0026 03FB0455 		mla	r5, r3, r4, r5
 258              	.LVL33:
  75:Display.c     ****     
ARM GAS  C:\Users\cring\AppData\Local\Temp\cch6TCJ2.s 			page 7


  76:Display.c     ****     setaddress(disp);
 259              		.loc 1 76 0 discriminator 4
 260 002a FFF7FEFF 		bl	setaddress
 261              	.LVL34:
  77:Display.c     ****     sprintf(buf,"%d,%ds   ", seconds, ms);              // udskriver vores sekunder og ms
 262              		.loc 1 77 0 discriminator 4
 263 002e 2B46     		mov	r3, r5
 264 0030 2246     		mov	r2, r4
 265 0032 0849     		ldr	r1, .L17+4
 266 0034 01A8     		add	r0, sp, #4
 267 0036 FFF7FEFF 		bl	sprintf
 268              	.LVL35:
  78:Display.c     ****     setCursor(5,1);
 269              		.loc 1 78 0 discriminator 4
 270 003a 0121     		movs	r1, #1
 271 003c 0520     		movs	r0, #5
 272 003e FFF7FEFF 		bl	setCursor
 273              	.LVL36:
  79:Display.c     ****     LCD_print(buf);
 274              		.loc 1 79 0 discriminator 4
 275 0042 01A8     		add	r0, sp, #4
 276 0044 FFF7FEFF 		bl	LCD_print
 277              	.LVL37:
  80:Display.c     ****     
  81:Display.c     ****     Timer_LCD_Start();                                    // starter timeren for displays 
 278              		.loc 1 81 0 discriminator 4
 279 0048 FFF7FEFF 		bl	Timer_LCD_Start
 280              	.LVL38:
  82:Display.c     **** }
 281              		.loc 1 82 0 discriminator 4
 282 004c 07B0     		add	sp, sp, #28
 283              		.cfi_def_cfa_offset 12
 284              		@ sp needed
 285 004e 30BD     		pop	{r4, r5, pc}
 286              	.LVL39:
 287              	.L18:
 288              		.align	2
 289              	.L17:
 290 0050 67666666 		.word	1717986919
 291 0054 20000000 		.word	.LC3
 292              		.cfi_endproc
 293              	.LFE68:
 294              		.size	dispTime, .-dispTime
 295              		.section	.text.isr_refreshrate_LCD,"ax",%progbits
 296              		.align	2
 297              		.global	isr_refreshrate_LCD
 298              		.thumb
 299              		.thumb_func
 300              		.type	isr_refreshrate_LCD, %function
 301              	isr_refreshrate_LCD:
 302              	.LFB64:
  12:Display.c     ****     int x = getTime()/100;                                  // vores count værdi bliver lagt i var
 303              		.loc 1 12 0
 304              		.cfi_startproc
 305              		@ args = 0, pretend = 0, frame = 0
 306              		@ frame_needed = 0, uses_anonymous_args = 0
 307 0000 10B5     		push	{r4, lr}
ARM GAS  C:\Users\cring\AppData\Local\Temp\cch6TCJ2.s 			page 8


 308              		.cfi_def_cfa_offset 8
 309              		.cfi_offset 4, -8
 310              		.cfi_offset 14, -4
  13:Display.c     ****     if (display1On == 1) dispTime(1,x);                 // Kalder dispTime funktion for begge displ
 311              		.loc 1 13 0
 312 0002 FFF7FEFF 		bl	getTime
 313              	.LVL40:
 314 0006 0B4C     		ldr	r4, .L23
 315 0008 84FB0034 		smull	r3, r4, r4, r0
 316 000c C017     		asrs	r0, r0, #31
 317 000e C0EB6414 		rsb	r4, r0, r4, asr #5
 318              	.LVL41:
  14:Display.c     ****     if (display2On == 1) dispTime(2,x);
 319              		.loc 1 14 0
 320 0012 094B     		ldr	r3, .L23+4
 321 0014 1B68     		ldr	r3, [r3]
 322 0016 012B     		cmp	r3, #1
 323 0018 03D1     		bne	.L20
  14:Display.c     ****     if (display2On == 1) dispTime(2,x);
 324              		.loc 1 14 0 is_stmt 0 discriminator 1
 325 001a 2146     		mov	r1, r4
 326 001c 0120     		movs	r0, #1
 327 001e FFF7FEFF 		bl	dispTime
 328              	.LVL42:
 329              	.L20:
  15:Display.c     **** }
 330              		.loc 1 15 0 is_stmt 1
 331 0022 054B     		ldr	r3, .L23+4
 332 0024 5B68     		ldr	r3, [r3, #4]
 333 0026 012B     		cmp	r3, #1
 334 0028 03D1     		bne	.L19
  15:Display.c     **** }
 335              		.loc 1 15 0 is_stmt 0 discriminator 1
 336 002a 2146     		mov	r1, r4
 337 002c 0220     		movs	r0, #2
 338 002e FFF7FEFF 		bl	dispTime
 339              	.LVL43:
 340              	.L19:
 341 0032 10BD     		pop	{r4, pc}
 342              	.LVL44:
 343              	.L24:
 344              		.align	2
 345              	.L23:
 346 0034 1F85EB51 		.word	1374389535
 347 0038 00000000 		.word	.LANCHOR0
 348              		.cfi_endproc
 349              	.LFE64:
 350              		.size	isr_refreshrate_LCD, .-isr_refreshrate_LCD
 351              		.section	.text.stopLCD,"ax",%progbits
 352              		.align	2
 353              		.global	stopLCD
 354              		.thumb
 355              		.thumb_func
 356              		.type	stopLCD, %function
 357              	stopLCD:
 358              	.LFB69:
  83:Display.c     **** 
ARM GAS  C:\Users\cring\AppData\Local\Temp\cch6TCJ2.s 			page 9


  84:Display.c     **** void stopLCD(int disp)                                    // stopper displays enkeltvis 
  85:Display.c     **** {
 359              		.loc 1 85 0 is_stmt 1
 360              		.cfi_startproc
 361              		@ args = 0, pretend = 0, frame = 0
 362              		@ frame_needed = 0, uses_anonymous_args = 0
 363              		@ link register save eliminated.
 364              	.LVL45:
  86:Display.c     ****     if (disp == 1)
 365              		.loc 1 86 0
 366 0000 0128     		cmp	r0, #1
 367 0002 03D1     		bne	.L26
  87:Display.c     ****     {
  88:Display.c     ****     display1On = 0;
 368              		.loc 1 88 0
 369 0004 0022     		movs	r2, #0
 370 0006 044B     		ldr	r3, .L28
 371 0008 1A60     		str	r2, [r3]
 372 000a 7047     		bx	lr
 373              	.L26:
  89:Display.c     ****     }
  90:Display.c     ****     else if (disp == 2)
 374              		.loc 1 90 0
 375 000c 0228     		cmp	r0, #2
 376 000e 02D1     		bne	.L25
  91:Display.c     ****     {
  92:Display.c     ****     display2On = 0;
 377              		.loc 1 92 0
 378 0010 0022     		movs	r2, #0
 379 0012 014B     		ldr	r3, .L28
 380 0014 5A60     		str	r2, [r3, #4]
 381              	.L25:
 382 0016 7047     		bx	lr
 383              	.L29:
 384              		.align	2
 385              	.L28:
 386 0018 00000000 		.word	.LANCHOR0
 387              		.cfi_endproc
 388              	.LFE69:
 389              		.size	stopLCD, .-stopLCD
 390              		.section	.text.startLCD,"ax",%progbits
 391              		.align	2
 392              		.global	startLCD
 393              		.thumb
 394              		.thumb_func
 395              		.type	startLCD, %function
 396              	startLCD:
 397              	.LFB70:
  93:Display.c     ****     }
  94:Display.c     **** }
  95:Display.c     **** 
  96:Display.c     **** void startLCD(int disp)
  97:Display.c     **** {
 398              		.loc 1 97 0
 399              		.cfi_startproc
 400              		@ args = 0, pretend = 0, frame = 0
 401              		@ frame_needed = 0, uses_anonymous_args = 0
ARM GAS  C:\Users\cring\AppData\Local\Temp\cch6TCJ2.s 			page 10


 402              		@ link register save eliminated.
 403              	.LVL46:
  98:Display.c     ****     if (disp == 1)
 404              		.loc 1 98 0
 405 0000 0128     		cmp	r0, #1
 406 0002 03D1     		bne	.L31
  99:Display.c     ****     {
 100:Display.c     ****     display1On = 1;
 407              		.loc 1 100 0
 408 0004 0122     		movs	r2, #1
 409 0006 044B     		ldr	r3, .L33
 410 0008 1A60     		str	r2, [r3]
 411 000a 7047     		bx	lr
 412              	.L31:
 101:Display.c     ****     }
 102:Display.c     ****     else if (disp == 2)
 413              		.loc 1 102 0
 414 000c 0228     		cmp	r0, #2
 415 000e 02D1     		bne	.L30
 103:Display.c     ****     {
 104:Display.c     ****     display2On = 1;
 416              		.loc 1 104 0
 417 0010 0122     		movs	r2, #1
 418 0012 014B     		ldr	r3, .L33
 419 0014 5A60     		str	r2, [r3, #4]
 420              	.L30:
 421 0016 7047     		bx	lr
 422              	.L34:
 423              		.align	2
 424              	.L33:
 425 0018 00000000 		.word	.LANCHOR0
 426              		.cfi_endproc
 427              	.LFE70:
 428              		.size	startLCD, .-startLCD
 429              		.global	display2On
 430              		.global	display1On
 431              		.section	.rodata.str1.4,"aMS",%progbits,1
 432              		.align	2
 433              	.LC0:
 434 0000 5370696C 		.ascii	"Spiller 1\000"
 434      6C657220 
 434      3100
 435 000a 0000     		.space	2
 436              	.LC1:
 437 000c 5469643A 		.ascii	"Tid: \000"
 437      2000
 438 0012 0000     		.space	2
 439              	.LC2:
 440 0014 5370696C 		.ascii	"Spiller 2\000"
 440      6C657220 
 440      3200
 441 001e 0000     		.space	2
 442              	.LC3:
 443 0020 25642C25 		.ascii	"%d,%ds   \000"
 443      64732020 
 443      2000
 444              		.bss
ARM GAS  C:\Users\cring\AppData\Local\Temp\cch6TCJ2.s 			page 11


 445              		.align	2
 446              		.set	.LANCHOR0,. + 0
 447              		.type	display1On, %object
 448              		.size	display1On, 4
 449              	display1On:
 450 0000 00000000 		.space	4
 451              		.type	display2On, %object
 452              		.size	display2On, 4
 453              	display2On:
 454 0004 00000000 		.space	4
 455              		.text
 456              	.Letext0:
 457              		.file 2 "c:\\program files (x86)\\cypress\\psoc creator\\4.3\\psoc creator\\import\\gnu\\arm\\5.4.
 458              		.file 3 "c:\\program files (x86)\\cypress\\psoc creator\\4.3\\psoc creator\\import\\gnu\\arm\\5.4.
 459              		.file 4 "Generated_Source\\PSoC5/core_cm3.h"
 460              		.file 5 "Generated_Source\\PSoC5/Timer_LCD.h"
 461              		.file 6 "LiquidCrystal_I2C.h"
 462              		.file 7 "Generated_Source\\PSoC5/I2C_1.h"
 463              		.file 8 "Generated_Source\\PSoC5/isr_refreshrate_LCD.h"
 464              		.file 9 "c:\\program files (x86)\\cypress\\psoc creator\\4.3\\psoc creator\\import\\gnu\\arm\\5.4.
 465              		.file 10 "Stopur.h"
 466              		.section	.debug_info,"",%progbits
 467              	.Ldebug_info0:
 468 0000 FE040000 		.4byte	0x4fe
 469 0004 0400     		.2byte	0x4
 470 0006 00000000 		.4byte	.Ldebug_abbrev0
 471 000a 04       		.byte	0x4
 472 000b 01       		.uleb128 0x1
 473 000c 95010000 		.4byte	.LASF42
 474 0010 0C       		.byte	0xc
 475 0011 8B020000 		.4byte	.LASF43
 476 0015 21010000 		.4byte	.LASF44
 477 0019 00000000 		.4byte	.Ldebug_ranges0+0
 478 001d 00000000 		.4byte	0
 479 0021 00000000 		.4byte	.Ldebug_line0
 480 0025 02       		.uleb128 0x2
 481 0026 08       		.byte	0x8
 482 0027 07       		.byte	0x7
 483 0028 74010000 		.4byte	.LASF0
 484 002c 02       		.uleb128 0x2
 485 002d 04       		.byte	0x4
 486 002e 07       		.byte	0x7
 487 002f 67010000 		.4byte	.LASF1
 488 0033 03       		.uleb128 0x3
 489 0034 04       		.byte	0x4
 490 0035 05       		.byte	0x5
 491 0036 696E7400 		.ascii	"int\000"
 492 003a 02       		.uleb128 0x2
 493 003b 01       		.byte	0x1
 494 003c 06       		.byte	0x6
 495 003d B9020000 		.4byte	.LASF2
 496 0041 02       		.uleb128 0x2
 497 0042 01       		.byte	0x1
 498 0043 08       		.byte	0x8
 499 0044 78000000 		.4byte	.LASF3
 500 0048 02       		.uleb128 0x2
 501 0049 02       		.byte	0x2
ARM GAS  C:\Users\cring\AppData\Local\Temp\cch6TCJ2.s 			page 12


 502 004a 05       		.byte	0x5
 503 004b 0D010000 		.4byte	.LASF4
 504 004f 02       		.uleb128 0x2
 505 0050 02       		.byte	0x2
 506 0051 07       		.byte	0x7
 507 0052 AB000000 		.4byte	.LASF5
 508 0056 04       		.uleb128 0x4
 509 0057 2A000000 		.4byte	.LASF9
 510 005b 02       		.byte	0x2
 511 005c 3F       		.byte	0x3f
 512 005d 61000000 		.4byte	0x61
 513 0061 02       		.uleb128 0x2
 514 0062 04       		.byte	0x4
 515 0063 05       		.byte	0x5
 516 0064 95020000 		.4byte	.LASF6
 517 0068 02       		.uleb128 0x2
 518 0069 04       		.byte	0x4
 519 006a 07       		.byte	0x7
 520 006b 99000000 		.4byte	.LASF7
 521 006f 02       		.uleb128 0x2
 522 0070 08       		.byte	0x8
 523 0071 05       		.byte	0x5
 524 0072 00000000 		.4byte	.LASF8
 525 0076 04       		.uleb128 0x4
 526 0077 23020000 		.4byte	.LASF10
 527 007b 03       		.byte	0x3
 528 007c 2C       		.byte	0x2c
 529 007d 56000000 		.4byte	0x56
 530 0081 02       		.uleb128 0x2
 531 0082 04       		.byte	0x4
 532 0083 04       		.byte	0x4
 533 0084 69000000 		.4byte	.LASF11
 534 0088 02       		.uleb128 0x2
 535 0089 08       		.byte	0x8
 536 008a 04       		.byte	0x4
 537 008b E6000000 		.4byte	.LASF12
 538 008f 02       		.uleb128 0x2
 539 0090 01       		.byte	0x1
 540 0091 08       		.byte	0x8
 541 0092 6F020000 		.4byte	.LASF13
 542 0096 02       		.uleb128 0x2
 543 0097 08       		.byte	0x8
 544 0098 04       		.byte	0x4
 545 0099 9E020000 		.4byte	.LASF14
 546 009d 02       		.uleb128 0x2
 547 009e 04       		.byte	0x4
 548 009f 07       		.byte	0x7
 549 00a0 2B020000 		.4byte	.LASF15
 550 00a4 05       		.uleb128 0x5
 551 00a5 04       		.byte	0x4
 552 00a6 8F000000 		.4byte	0x8f
 553 00aa 06       		.uleb128 0x6
 554 00ab 86000000 		.4byte	.LASF45
 555 00af 01       		.byte	0x1
 556 00b0 21       		.byte	0x21
 557 00b1 00000000 		.4byte	.LFB66
 558 00b5 64000000 		.4byte	.LFE66-.LFB66
ARM GAS  C:\Users\cring\AppData\Local\Temp\cch6TCJ2.s 			page 13


 559 00b9 01       		.uleb128 0x1
 560 00ba 9C       		.byte	0x9c
 561 00bb 92010000 		.4byte	0x192
 562 00bf 07       		.uleb128 0x7
 563 00c0 06000000 		.4byte	.LVL0
 564 00c4 72040000 		.4byte	0x472
 565 00c8 08       		.uleb128 0x8
 566 00c9 0C000000 		.4byte	.LVL1
 567 00cd 7D040000 		.4byte	0x47d
 568 00d1 DC000000 		.4byte	0xdc
 569 00d5 09       		.uleb128 0x9
 570 00d6 01       		.uleb128 0x1
 571 00d7 50       		.byte	0x50
 572 00d8 02       		.uleb128 0x2
 573 00d9 08       		.byte	0x8
 574 00da 26       		.byte	0x26
 575 00db 00       		.byte	0
 576 00dc 07       		.uleb128 0x7
 577 00dd 10000000 		.4byte	.LVL2
 578 00e1 88040000 		.4byte	0x488
 579 00e5 08       		.uleb128 0x8
 580 00e6 16000000 		.4byte	.LVL3
 581 00ea 93040000 		.4byte	0x493
 582 00ee FC000000 		.4byte	0xfc
 583 00f2 09       		.uleb128 0x9
 584 00f3 01       		.uleb128 0x1
 585 00f4 50       		.byte	0x50
 586 00f5 05       		.uleb128 0x5
 587 00f6 03       		.byte	0x3
 588 00f7 00000000 		.4byte	.LC0
 589 00fb 00       		.byte	0
 590 00fc 08       		.uleb128 0x8
 591 00fd 1E000000 		.4byte	.LVL4
 592 0101 9E040000 		.4byte	0x49e
 593 0105 14010000 		.4byte	0x114
 594 0109 09       		.uleb128 0x9
 595 010a 01       		.uleb128 0x1
 596 010b 50       		.byte	0x50
 597 010c 01       		.uleb128 0x1
 598 010d 30       		.byte	0x30
 599 010e 09       		.uleb128 0x9
 600 010f 01       		.uleb128 0x1
 601 0110 51       		.byte	0x51
 602 0111 01       		.uleb128 0x1
 603 0112 31       		.byte	0x31
 604 0113 00       		.byte	0
 605 0114 08       		.uleb128 0x8
 606 0115 26000000 		.4byte	.LVL5
 607 0119 93040000 		.4byte	0x493
 608 011d 28010000 		.4byte	0x128
 609 0121 09       		.uleb128 0x9
 610 0122 01       		.uleb128 0x1
 611 0123 50       		.byte	0x50
 612 0124 02       		.uleb128 0x2
 613 0125 74       		.byte	0x74
 614 0126 00       		.sleb128 0
 615 0127 00       		.byte	0
ARM GAS  C:\Users\cring\AppData\Local\Temp\cch6TCJ2.s 			page 14


 616 0128 08       		.uleb128 0x8
 617 0129 2C000000 		.4byte	.LVL6
 618 012d 7D040000 		.4byte	0x47d
 619 0131 3C010000 		.4byte	0x13c
 620 0135 09       		.uleb128 0x9
 621 0136 01       		.uleb128 0x1
 622 0137 50       		.byte	0x50
 623 0138 02       		.uleb128 0x2
 624 0139 08       		.byte	0x8
 625 013a 27       		.byte	0x27
 626 013b 00       		.byte	0
 627 013c 07       		.uleb128 0x7
 628 013d 30000000 		.4byte	.LVL7
 629 0141 88040000 		.4byte	0x488
 630 0145 08       		.uleb128 0x8
 631 0146 36000000 		.4byte	.LVL8
 632 014a 93040000 		.4byte	0x493
 633 014e 5C010000 		.4byte	0x15c
 634 0152 09       		.uleb128 0x9
 635 0153 01       		.uleb128 0x1
 636 0154 50       		.byte	0x50
 637 0155 05       		.uleb128 0x5
 638 0156 03       		.byte	0x3
 639 0157 14000000 		.4byte	.LC2
 640 015b 00       		.byte	0
 641 015c 08       		.uleb128 0x8
 642 015d 3E000000 		.4byte	.LVL9
 643 0161 9E040000 		.4byte	0x49e
 644 0165 74010000 		.4byte	0x174
 645 0169 09       		.uleb128 0x9
 646 016a 01       		.uleb128 0x1
 647 016b 50       		.byte	0x50
 648 016c 01       		.uleb128 0x1
 649 016d 30       		.byte	0x30
 650 016e 09       		.uleb128 0x9
 651 016f 01       		.uleb128 0x1
 652 0170 51       		.byte	0x51
 653 0171 01       		.uleb128 0x1
 654 0172 31       		.byte	0x31
 655 0173 00       		.byte	0
 656 0174 08       		.uleb128 0x8
 657 0175 44000000 		.4byte	.LVL10
 658 0179 93040000 		.4byte	0x493
 659 017d 88010000 		.4byte	0x188
 660 0181 09       		.uleb128 0x9
 661 0182 01       		.uleb128 0x1
 662 0183 50       		.byte	0x50
 663 0184 02       		.uleb128 0x2
 664 0185 74       		.byte	0x74
 665 0186 00       		.sleb128 0
 666 0187 00       		.byte	0
 667 0188 07       		.uleb128 0x7
 668 0189 50000000 		.4byte	.LVL11
 669 018d A9040000 		.4byte	0x4a9
 670 0191 00       		.byte	0
 671 0192 0A       		.uleb128 0xa
 672 0193 6F000000 		.4byte	.LASF16
ARM GAS  C:\Users\cring\AppData\Local\Temp\cch6TCJ2.s 			page 15


 673 0197 01       		.byte	0x1
 674 0198 14       		.byte	0x14
 675 0199 00000000 		.4byte	.LFB65
 676 019d 54000000 		.4byte	.LFE65-.LFB65
 677 01a1 01       		.uleb128 0x1
 678 01a2 9C       		.byte	0x9c
 679 01a3 5A020000 		.4byte	0x25a
 680 01a7 0B       		.uleb128 0xb
 681 01a8 487A00   		.ascii	"Hz\000"
 682 01ab 01       		.byte	0x1
 683 01ac 14       		.byte	0x14
 684 01ad 33000000 		.4byte	0x33
 685 01b1 00000000 		.4byte	.LLST0
 686 01b5 07       		.uleb128 0x7
 687 01b6 08000000 		.4byte	.LVL13
 688 01ba B4040000 		.4byte	0x4b4
 689 01be 08       		.uleb128 0x8
 690 01bf 0E000000 		.4byte	.LVL14
 691 01c3 BF040000 		.4byte	0x4bf
 692 01c7 D5010000 		.4byte	0x1d5
 693 01cb 09       		.uleb128 0x9
 694 01cc 01       		.uleb128 0x1
 695 01cd 50       		.byte	0x50
 696 01ce 05       		.uleb128 0x5
 697 01cf 03       		.byte	0x3
 698 01d0 00000000 		.4byte	isr_refreshrate_LCD
 699 01d4 00       		.byte	0
 700 01d5 08       		.uleb128 0x8
 701 01d6 28000000 		.4byte	.LVL15
 702 01da CA040000 		.4byte	0x4ca
 703 01de F8010000 		.4byte	0x1f8
 704 01e2 09       		.uleb128 0x9
 705 01e3 01       		.uleb128 0x1
 706 01e4 50       		.byte	0x50
 707 01e5 11       		.uleb128 0x11
 708 01e6 31       		.byte	0x31
 709 01e7 74       		.byte	0x74
 710 01e8 00       		.sleb128 0
 711 01e9 1B       		.byte	0x1b
 712 01ea 4F       		.byte	0x4f
 713 01eb 1E       		.byte	0x1e
 714 01ec 32       		.byte	0x32
 715 01ed 24       		.byte	0x24
 716 01ee 31       		.byte	0x31
 717 01ef 74       		.byte	0x74
 718 01f0 00       		.sleb128 0
 719 01f1 1B       		.byte	0x1b
 720 01f2 22       		.byte	0x22
 721 01f3 35       		.byte	0x35
 722 01f4 1E       		.byte	0x1e
 723 01f5 34       		.byte	0x34
 724 01f6 24       		.byte	0x24
 725 01f7 00       		.byte	0
 726 01f8 08       		.uleb128 0x8
 727 01f9 34000000 		.4byte	.LVL16
 728 01fd D5040000 		.4byte	0x4d5
 729 0201 1B020000 		.4byte	0x21b
ARM GAS  C:\Users\cring\AppData\Local\Temp\cch6TCJ2.s 			page 16


 730 0205 09       		.uleb128 0x9
 731 0206 01       		.uleb128 0x1
 732 0207 50       		.byte	0x50
 733 0208 02       		.uleb128 0x2
 734 0209 08       		.byte	0x8
 735 020a 26       		.byte	0x26
 736 020b 09       		.uleb128 0x9
 737 020c 01       		.uleb128 0x1
 738 020d 51       		.byte	0x51
 739 020e 01       		.uleb128 0x1
 740 020f 40       		.byte	0x40
 741 0210 09       		.uleb128 0x9
 742 0211 01       		.uleb128 0x1
 743 0212 52       		.byte	0x52
 744 0213 01       		.uleb128 0x1
 745 0214 32       		.byte	0x32
 746 0215 09       		.uleb128 0x9
 747 0216 01       		.uleb128 0x1
 748 0217 53       		.byte	0x53
 749 0218 01       		.uleb128 0x1
 750 0219 30       		.byte	0x30
 751 021a 00       		.byte	0
 752 021b 07       		.uleb128 0x7
 753 021c 38000000 		.4byte	.LVL17
 754 0220 E0040000 		.4byte	0x4e0
 755 0224 08       		.uleb128 0x8
 756 0225 44000000 		.4byte	.LVL18
 757 0229 D5040000 		.4byte	0x4d5
 758 022d 47020000 		.4byte	0x247
 759 0231 09       		.uleb128 0x9
 760 0232 01       		.uleb128 0x1
 761 0233 50       		.byte	0x50
 762 0234 02       		.uleb128 0x2
 763 0235 08       		.byte	0x8
 764 0236 27       		.byte	0x27
 765 0237 09       		.uleb128 0x9
 766 0238 01       		.uleb128 0x1
 767 0239 51       		.byte	0x51
 768 023a 01       		.uleb128 0x1
 769 023b 40       		.byte	0x40
 770 023c 09       		.uleb128 0x9
 771 023d 01       		.uleb128 0x1
 772 023e 52       		.byte	0x52
 773 023f 01       		.uleb128 0x1
 774 0240 32       		.byte	0x32
 775 0241 09       		.uleb128 0x9
 776 0242 01       		.uleb128 0x1
 777 0243 53       		.byte	0x53
 778 0244 01       		.uleb128 0x1
 779 0245 30       		.byte	0x30
 780 0246 00       		.byte	0
 781 0247 07       		.uleb128 0x7
 782 0248 48000000 		.4byte	.LVL19
 783 024c E0040000 		.4byte	0x4e0
 784 0250 07       		.uleb128 0x7
 785 0251 4C000000 		.4byte	.LVL20
 786 0255 AA000000 		.4byte	0xaa
ARM GAS  C:\Users\cring\AppData\Local\Temp\cch6TCJ2.s 			page 17


 787 0259 00       		.byte	0
 788 025a 0A       		.uleb128 0xa
 789 025b 5F000000 		.4byte	.LASF17
 790 025f 01       		.byte	0x1
 791 0260 38       		.byte	0x38
 792 0261 00000000 		.4byte	.LFB67
 793 0265 24000000 		.4byte	.LFE67-.LFB67
 794 0269 01       		.uleb128 0x1
 795 026a 9C       		.byte	0x9c
 796 026b CF020000 		.4byte	0x2cf
 797 026f 0C       		.uleb128 0xc
 798 0270 8B010000 		.4byte	.LASF18
 799 0274 01       		.byte	0x1
 800 0275 38       		.byte	0x38
 801 0276 33000000 		.4byte	0x33
 802 027a 2C000000 		.4byte	.LLST1
 803 027e 0C       		.uleb128 0xc
 804 027f 58000000 		.4byte	.LASF19
 805 0283 01       		.byte	0x1
 806 0284 38       		.byte	0x38
 807 0285 A4000000 		.4byte	0xa4
 808 0289 60000000 		.4byte	.LLST2
 809 028d 0C       		.uleb128 0xc
 810 028e 90010000 		.4byte	.LASF20
 811 0292 01       		.byte	0x1
 812 0293 38       		.byte	0x38
 813 0294 33000000 		.4byte	0x33
 814 0298 7E000000 		.4byte	.LLST3
 815 029c 07       		.uleb128 0x7
 816 029d 14000000 		.4byte	.LVL26
 817 02a1 7D040000 		.4byte	0x47d
 818 02a5 08       		.uleb128 0x8
 819 02a6 1C000000 		.4byte	.LVL27
 820 02aa 9E040000 		.4byte	0x49e
 821 02ae BE020000 		.4byte	0x2be
 822 02b2 09       		.uleb128 0x9
 823 02b3 01       		.uleb128 0x1
 824 02b4 50       		.byte	0x50
 825 02b5 01       		.uleb128 0x1
 826 02b6 30       		.byte	0x30
 827 02b7 09       		.uleb128 0x9
 828 02b8 01       		.uleb128 0x1
 829 02b9 51       		.byte	0x51
 830 02ba 02       		.uleb128 0x2
 831 02bb 75       		.byte	0x75
 832 02bc 00       		.sleb128 0
 833 02bd 00       		.byte	0
 834 02be 0D       		.uleb128 0xd
 835 02bf 22000000 		.4byte	.LVL28
 836 02c3 93040000 		.4byte	0x493
 837 02c7 09       		.uleb128 0x9
 838 02c8 01       		.uleb128 0x1
 839 02c9 50       		.byte	0x50
 840 02ca 02       		.uleb128 0x2
 841 02cb 74       		.byte	0x74
 842 02cc 00       		.sleb128 0
 843 02cd 00       		.byte	0
ARM GAS  C:\Users\cring\AppData\Local\Temp\cch6TCJ2.s 			page 18


 844 02ce 00       		.byte	0
 845 02cf 0A       		.uleb128 0xa
 846 02d0 21000000 		.4byte	.LASF21
 847 02d4 01       		.byte	0x1
 848 02d5 42       		.byte	0x42
 849 02d6 00000000 		.4byte	.LFB68
 850 02da 58000000 		.4byte	.LFE68-.LFB68
 851 02de 01       		.uleb128 0x1
 852 02df 9C       		.byte	0x9c
 853 02e0 8F030000 		.4byte	0x38f
 854 02e4 0C       		.uleb128 0xc
 855 02e5 90010000 		.4byte	.LASF20
 856 02e9 01       		.byte	0x1
 857 02ea 42       		.byte	0x42
 858 02eb 33000000 		.4byte	0x33
 859 02ef 9C000000 		.4byte	.LLST4
 860 02f3 0B       		.uleb128 0xb
 861 02f4 6D7300   		.ascii	"ms\000"
 862 02f7 01       		.byte	0x1
 863 02f8 42       		.byte	0x42
 864 02f9 33000000 		.4byte	0x33
 865 02fd C5000000 		.4byte	.LLST5
 866 0301 0E       		.uleb128 0xe
 867 0302 67020000 		.4byte	.LASF22
 868 0306 01       		.byte	0x1
 869 0307 45       		.byte	0x45
 870 0308 33000000 		.4byte	0x33
 871 030c 13010000 		.4byte	.LLST6
 872 0310 0F       		.uleb128 0xf
 873 0311 62756600 		.ascii	"buf\000"
 874 0315 01       		.byte	0x1
 875 0316 46       		.byte	0x46
 876 0317 8F030000 		.4byte	0x38f
 877 031b 02       		.uleb128 0x2
 878 031c 91       		.byte	0x91
 879 031d 5C       		.sleb128 -36
 880 031e 07       		.uleb128 0x7
 881 031f 0C000000 		.4byte	.LVL30
 882 0323 72040000 		.4byte	0x472
 883 0327 07       		.uleb128 0x7
 884 0328 2E000000 		.4byte	.LVL34
 885 032c 7D040000 		.4byte	0x47d
 886 0330 08       		.uleb128 0x8
 887 0331 3A000000 		.4byte	.LVL35
 888 0335 EB040000 		.4byte	0x4eb
 889 0339 59030000 		.4byte	0x359
 890 033d 09       		.uleb128 0x9
 891 033e 01       		.uleb128 0x1
 892 033f 50       		.byte	0x50
 893 0340 02       		.uleb128 0x2
 894 0341 91       		.byte	0x91
 895 0342 5C       		.sleb128 -36
 896 0343 09       		.uleb128 0x9
 897 0344 01       		.uleb128 0x1
 898 0345 51       		.byte	0x51
 899 0346 05       		.uleb128 0x5
 900 0347 03       		.byte	0x3
ARM GAS  C:\Users\cring\AppData\Local\Temp\cch6TCJ2.s 			page 19


 901 0348 20000000 		.4byte	.LC3
 902 034c 09       		.uleb128 0x9
 903 034d 01       		.uleb128 0x1
 904 034e 52       		.byte	0x52
 905 034f 02       		.uleb128 0x2
 906 0350 74       		.byte	0x74
 907 0351 00       		.sleb128 0
 908 0352 09       		.uleb128 0x9
 909 0353 01       		.uleb128 0x1
 910 0354 53       		.byte	0x53
 911 0355 02       		.uleb128 0x2
 912 0356 75       		.byte	0x75
 913 0357 00       		.sleb128 0
 914 0358 00       		.byte	0
 915 0359 08       		.uleb128 0x8
 916 035a 42000000 		.4byte	.LVL36
 917 035e 9E040000 		.4byte	0x49e
 918 0362 71030000 		.4byte	0x371
 919 0366 09       		.uleb128 0x9
 920 0367 01       		.uleb128 0x1
 921 0368 50       		.byte	0x50
 922 0369 01       		.uleb128 0x1
 923 036a 35       		.byte	0x35
 924 036b 09       		.uleb128 0x9
 925 036c 01       		.uleb128 0x1
 926 036d 51       		.byte	0x51
 927 036e 01       		.uleb128 0x1
 928 036f 31       		.byte	0x31
 929 0370 00       		.byte	0
 930 0371 08       		.uleb128 0x8
 931 0372 48000000 		.4byte	.LVL37
 932 0376 93040000 		.4byte	0x493
 933 037a 85030000 		.4byte	0x385
 934 037e 09       		.uleb128 0x9
 935 037f 01       		.uleb128 0x1
 936 0380 50       		.byte	0x50
 937 0381 02       		.uleb128 0x2
 938 0382 91       		.byte	0x91
 939 0383 5C       		.sleb128 -36
 940 0384 00       		.byte	0
 941 0385 07       		.uleb128 0x7
 942 0386 4C000000 		.4byte	.LVL38
 943 038a A9040000 		.4byte	0x4a9
 944 038e 00       		.byte	0
 945 038f 10       		.uleb128 0x10
 946 0390 8F000000 		.4byte	0x8f
 947 0394 9F030000 		.4byte	0x39f
 948 0398 11       		.uleb128 0x11
 949 0399 9D000000 		.4byte	0x9d
 950 039d 13       		.byte	0x13
 951 039e 00       		.byte	0
 952 039f 0A       		.uleb128 0xa
 953 03a0 44000000 		.4byte	.LASF23
 954 03a4 01       		.byte	0x1
 955 03a5 0B       		.byte	0xb
 956 03a6 00000000 		.4byte	.LFB64
 957 03aa 3C000000 		.4byte	.LFE64-.LFB64
ARM GAS  C:\Users\cring\AppData\Local\Temp\cch6TCJ2.s 			page 20


 958 03ae 01       		.uleb128 0x1
 959 03af 9C       		.byte	0x9c
 960 03b0 F9030000 		.4byte	0x3f9
 961 03b4 12       		.uleb128 0x12
 962 03b5 7800     		.ascii	"x\000"
 963 03b7 01       		.byte	0x1
 964 03b8 0D       		.byte	0xd
 965 03b9 33000000 		.4byte	0x33
 966 03bd 5B010000 		.4byte	.LLST7
 967 03c1 07       		.uleb128 0x7
 968 03c2 06000000 		.4byte	.LVL40
 969 03c6 F6040000 		.4byte	0x4f6
 970 03ca 08       		.uleb128 0x8
 971 03cb 22000000 		.4byte	.LVL42
 972 03cf CF020000 		.4byte	0x2cf
 973 03d3 E3030000 		.4byte	0x3e3
 974 03d7 09       		.uleb128 0x9
 975 03d8 01       		.uleb128 0x1
 976 03d9 50       		.byte	0x50
 977 03da 01       		.uleb128 0x1
 978 03db 31       		.byte	0x31
 979 03dc 09       		.uleb128 0x9
 980 03dd 01       		.uleb128 0x1
 981 03de 51       		.byte	0x51
 982 03df 02       		.uleb128 0x2
 983 03e0 74       		.byte	0x74
 984 03e1 00       		.sleb128 0
 985 03e2 00       		.byte	0
 986 03e3 0D       		.uleb128 0xd
 987 03e4 32000000 		.4byte	.LVL43
 988 03e8 CF020000 		.4byte	0x2cf
 989 03ec 09       		.uleb128 0x9
 990 03ed 01       		.uleb128 0x1
 991 03ee 50       		.byte	0x50
 992 03ef 01       		.uleb128 0x1
 993 03f0 32       		.byte	0x32
 994 03f1 09       		.uleb128 0x9
 995 03f2 01       		.uleb128 0x1
 996 03f3 51       		.byte	0x51
 997 03f4 02       		.uleb128 0x2
 998 03f5 74       		.byte	0x74
 999 03f6 00       		.sleb128 0
 1000 03f7 00       		.byte	0
 1001 03f8 00       		.byte	0
 1002 03f9 0A       		.uleb128 0xa
 1003 03fa CD020000 		.4byte	.LASF24
 1004 03fe 01       		.byte	0x1
 1005 03ff 54       		.byte	0x54
 1006 0400 00000000 		.4byte	.LFB69
 1007 0404 1C000000 		.4byte	.LFE69-.LFB69
 1008 0408 01       		.uleb128 0x1
 1009 0409 9C       		.byte	0x9c
 1010 040a 1C040000 		.4byte	0x41c
 1011 040e 13       		.uleb128 0x13
 1012 040f 90010000 		.4byte	.LASF20
 1013 0413 01       		.byte	0x1
 1014 0414 54       		.byte	0x54
ARM GAS  C:\Users\cring\AppData\Local\Temp\cch6TCJ2.s 			page 21


 1015 0415 33000000 		.4byte	0x33
 1016 0419 01       		.uleb128 0x1
 1017 041a 50       		.byte	0x50
 1018 041b 00       		.byte	0
 1019 041c 0A       		.uleb128 0xa
 1020 041d 90000000 		.4byte	.LASF25
 1021 0421 01       		.byte	0x1
 1022 0422 60       		.byte	0x60
 1023 0423 00000000 		.4byte	.LFB70
 1024 0427 1C000000 		.4byte	.LFE70-.LFB70
 1025 042b 01       		.uleb128 0x1
 1026 042c 9C       		.byte	0x9c
 1027 042d 3F040000 		.4byte	0x43f
 1028 0431 13       		.uleb128 0x13
 1029 0432 90010000 		.4byte	.LASF20
 1030 0436 01       		.byte	0x1
 1031 0437 60       		.byte	0x60
 1032 0438 33000000 		.4byte	0x33
 1033 043c 01       		.uleb128 0x1
 1034 043d 50       		.byte	0x50
 1035 043e 00       		.byte	0
 1036 043f 14       		.uleb128 0x14
 1037 0440 CE000000 		.4byte	.LASF26
 1038 0444 04       		.byte	0x4
 1039 0445 1207     		.2byte	0x712
 1040 0447 4B040000 		.4byte	0x44b
 1041 044b 15       		.uleb128 0x15
 1042 044c 76000000 		.4byte	0x76
 1043 0450 16       		.uleb128 0x16
 1044 0451 DB000000 		.4byte	.LASF27
 1045 0455 01       		.byte	0x1
 1046 0456 08       		.byte	0x8
 1047 0457 33000000 		.4byte	0x33
 1048 045b 05       		.uleb128 0x5
 1049 045c 03       		.byte	0x3
 1050 045d 00000000 		.4byte	display1On
 1051 0461 16       		.uleb128 0x16
 1052 0462 74020000 		.4byte	.LASF28
 1053 0466 01       		.byte	0x1
 1054 0467 09       		.byte	0x9
 1055 0468 33000000 		.4byte	0x33
 1056 046c 05       		.uleb128 0x5
 1057 046d 03       		.byte	0x3
 1058 046e 00000000 		.4byte	display2On
 1059 0472 17       		.uleb128 0x17
 1060 0473 AA020000 		.4byte	.LASF29
 1061 0477 AA020000 		.4byte	.LASF29
 1062 047b 05       		.byte	0x5
 1063 047c 5B       		.byte	0x5b
 1064 047d 17       		.uleb128 0x17
 1065 047e 0E000000 		.4byte	.LASF30
 1066 0482 0E000000 		.4byte	.LASF30
 1067 0486 06       		.byte	0x6
 1068 0487 8C       		.byte	0x8c
 1069 0488 17       		.uleb128 0x17
 1070 0489 17010000 		.4byte	.LASF31
 1071 048d 17010000 		.4byte	.LASF31
ARM GAS  C:\Users\cring\AppData\Local\Temp\cch6TCJ2.s 			page 22


 1072 0491 06       		.byte	0x6
 1073 0492 54       		.byte	0x54
 1074 0493 17       		.uleb128 0x17
 1075 0494 ED000000 		.4byte	.LASF32
 1076 0498 ED000000 		.4byte	.LASF32
 1077 049c 06       		.byte	0x6
 1078 049d 8B       		.byte	0x8b
 1079 049e 17       		.uleb128 0x17
 1080 049f 34000000 		.4byte	.LASF33
 1081 04a3 34000000 		.4byte	.LASF33
 1082 04a7 06       		.byte	0x6
 1083 04a8 88       		.byte	0x88
 1084 04a9 17       		.uleb128 0x17
 1085 04aa BE000000 		.4byte	.LASF34
 1086 04ae BE000000 		.4byte	.LASF34
 1087 04b2 05       		.byte	0x5
 1088 04b3 5A       		.byte	0x5a
 1089 04b4 17       		.uleb128 0x17
 1090 04b5 7F020000 		.4byte	.LASF35
 1091 04b9 7F020000 		.4byte	.LASF35
 1092 04bd 07       		.byte	0x7
 1093 04be 93       		.byte	0x93
 1094 04bf 17       		.uleb128 0x17
 1095 04c0 34020000 		.4byte	.LASF36
 1096 04c4 34020000 		.4byte	.LASF36
 1097 04c8 08       		.byte	0x8
 1098 04c9 18       		.byte	0x18
 1099 04ca 17       		.uleb128 0x17
 1100 04cb F7000000 		.4byte	.LASF37
 1101 04cf F7000000 		.4byte	.LASF37
 1102 04d3 05       		.byte	0x5
 1103 04d4 68       		.byte	0x68
 1104 04d5 17       		.uleb128 0x17
 1105 04d6 50020000 		.4byte	.LASF38
 1106 04da 50020000 		.4byte	.LASF38
 1107 04de 06       		.byte	0x6
 1108 04df 47       		.byte	0x47
 1109 04e0 17       		.uleb128 0x17
 1110 04e1 3E000000 		.4byte	.LASF39
 1111 04e5 3E000000 		.4byte	.LASF39
 1112 04e9 06       		.byte	0x6
 1113 04ea 4E       		.byte	0x4e
 1114 04eb 17       		.uleb128 0x17
 1115 04ec C5020000 		.4byte	.LASF40
 1116 04f0 C5020000 		.4byte	.LASF40
 1117 04f4 09       		.byte	0x9
 1118 04f5 E7       		.byte	0xe7
 1119 04f6 17       		.uleb128 0x17
 1120 04f7 19000000 		.4byte	.LASF41
 1121 04fb 19000000 		.4byte	.LASF41
 1122 04ff 0A       		.byte	0xa
 1123 0500 0C       		.byte	0xc
 1124 0501 00       		.byte	0
 1125              		.section	.debug_abbrev,"",%progbits
 1126              	.Ldebug_abbrev0:
 1127 0000 01       		.uleb128 0x1
 1128 0001 11       		.uleb128 0x11
ARM GAS  C:\Users\cring\AppData\Local\Temp\cch6TCJ2.s 			page 23


 1129 0002 01       		.byte	0x1
 1130 0003 25       		.uleb128 0x25
 1131 0004 0E       		.uleb128 0xe
 1132 0005 13       		.uleb128 0x13
 1133 0006 0B       		.uleb128 0xb
 1134 0007 03       		.uleb128 0x3
 1135 0008 0E       		.uleb128 0xe
 1136 0009 1B       		.uleb128 0x1b
 1137 000a 0E       		.uleb128 0xe
 1138 000b 55       		.uleb128 0x55
 1139 000c 17       		.uleb128 0x17
 1140 000d 11       		.uleb128 0x11
 1141 000e 01       		.uleb128 0x1
 1142 000f 10       		.uleb128 0x10
 1143 0010 17       		.uleb128 0x17
 1144 0011 00       		.byte	0
 1145 0012 00       		.byte	0
 1146 0013 02       		.uleb128 0x2
 1147 0014 24       		.uleb128 0x24
 1148 0015 00       		.byte	0
 1149 0016 0B       		.uleb128 0xb
 1150 0017 0B       		.uleb128 0xb
 1151 0018 3E       		.uleb128 0x3e
 1152 0019 0B       		.uleb128 0xb
 1153 001a 03       		.uleb128 0x3
 1154 001b 0E       		.uleb128 0xe
 1155 001c 00       		.byte	0
 1156 001d 00       		.byte	0
 1157 001e 03       		.uleb128 0x3
 1158 001f 24       		.uleb128 0x24
 1159 0020 00       		.byte	0
 1160 0021 0B       		.uleb128 0xb
 1161 0022 0B       		.uleb128 0xb
 1162 0023 3E       		.uleb128 0x3e
 1163 0024 0B       		.uleb128 0xb
 1164 0025 03       		.uleb128 0x3
 1165 0026 08       		.uleb128 0x8
 1166 0027 00       		.byte	0
 1167 0028 00       		.byte	0
 1168 0029 04       		.uleb128 0x4
 1169 002a 16       		.uleb128 0x16
 1170 002b 00       		.byte	0
 1171 002c 03       		.uleb128 0x3
 1172 002d 0E       		.uleb128 0xe
 1173 002e 3A       		.uleb128 0x3a
 1174 002f 0B       		.uleb128 0xb
 1175 0030 3B       		.uleb128 0x3b
 1176 0031 0B       		.uleb128 0xb
 1177 0032 49       		.uleb128 0x49
 1178 0033 13       		.uleb128 0x13
 1179 0034 00       		.byte	0
 1180 0035 00       		.byte	0
 1181 0036 05       		.uleb128 0x5
 1182 0037 0F       		.uleb128 0xf
 1183 0038 00       		.byte	0
 1184 0039 0B       		.uleb128 0xb
 1185 003a 0B       		.uleb128 0xb
ARM GAS  C:\Users\cring\AppData\Local\Temp\cch6TCJ2.s 			page 24


 1186 003b 49       		.uleb128 0x49
 1187 003c 13       		.uleb128 0x13
 1188 003d 00       		.byte	0
 1189 003e 00       		.byte	0
 1190 003f 06       		.uleb128 0x6
 1191 0040 2E       		.uleb128 0x2e
 1192 0041 01       		.byte	0x1
 1193 0042 3F       		.uleb128 0x3f
 1194 0043 19       		.uleb128 0x19
 1195 0044 03       		.uleb128 0x3
 1196 0045 0E       		.uleb128 0xe
 1197 0046 3A       		.uleb128 0x3a
 1198 0047 0B       		.uleb128 0xb
 1199 0048 3B       		.uleb128 0x3b
 1200 0049 0B       		.uleb128 0xb
 1201 004a 11       		.uleb128 0x11
 1202 004b 01       		.uleb128 0x1
 1203 004c 12       		.uleb128 0x12
 1204 004d 06       		.uleb128 0x6
 1205 004e 40       		.uleb128 0x40
 1206 004f 18       		.uleb128 0x18
 1207 0050 9742     		.uleb128 0x2117
 1208 0052 19       		.uleb128 0x19
 1209 0053 01       		.uleb128 0x1
 1210 0054 13       		.uleb128 0x13
 1211 0055 00       		.byte	0
 1212 0056 00       		.byte	0
 1213 0057 07       		.uleb128 0x7
 1214 0058 898201   		.uleb128 0x4109
 1215 005b 00       		.byte	0
 1216 005c 11       		.uleb128 0x11
 1217 005d 01       		.uleb128 0x1
 1218 005e 31       		.uleb128 0x31
 1219 005f 13       		.uleb128 0x13
 1220 0060 00       		.byte	0
 1221 0061 00       		.byte	0
 1222 0062 08       		.uleb128 0x8
 1223 0063 898201   		.uleb128 0x4109
 1224 0066 01       		.byte	0x1
 1225 0067 11       		.uleb128 0x11
 1226 0068 01       		.uleb128 0x1
 1227 0069 31       		.uleb128 0x31
 1228 006a 13       		.uleb128 0x13
 1229 006b 01       		.uleb128 0x1
 1230 006c 13       		.uleb128 0x13
 1231 006d 00       		.byte	0
 1232 006e 00       		.byte	0
 1233 006f 09       		.uleb128 0x9
 1234 0070 8A8201   		.uleb128 0x410a
 1235 0073 00       		.byte	0
 1236 0074 02       		.uleb128 0x2
 1237 0075 18       		.uleb128 0x18
 1238 0076 9142     		.uleb128 0x2111
 1239 0078 18       		.uleb128 0x18
 1240 0079 00       		.byte	0
 1241 007a 00       		.byte	0
 1242 007b 0A       		.uleb128 0xa
ARM GAS  C:\Users\cring\AppData\Local\Temp\cch6TCJ2.s 			page 25


 1243 007c 2E       		.uleb128 0x2e
 1244 007d 01       		.byte	0x1
 1245 007e 3F       		.uleb128 0x3f
 1246 007f 19       		.uleb128 0x19
 1247 0080 03       		.uleb128 0x3
 1248 0081 0E       		.uleb128 0xe
 1249 0082 3A       		.uleb128 0x3a
 1250 0083 0B       		.uleb128 0xb
 1251 0084 3B       		.uleb128 0x3b
 1252 0085 0B       		.uleb128 0xb
 1253 0086 27       		.uleb128 0x27
 1254 0087 19       		.uleb128 0x19
 1255 0088 11       		.uleb128 0x11
 1256 0089 01       		.uleb128 0x1
 1257 008a 12       		.uleb128 0x12
 1258 008b 06       		.uleb128 0x6
 1259 008c 40       		.uleb128 0x40
 1260 008d 18       		.uleb128 0x18
 1261 008e 9742     		.uleb128 0x2117
 1262 0090 19       		.uleb128 0x19
 1263 0091 01       		.uleb128 0x1
 1264 0092 13       		.uleb128 0x13
 1265 0093 00       		.byte	0
 1266 0094 00       		.byte	0
 1267 0095 0B       		.uleb128 0xb
 1268 0096 05       		.uleb128 0x5
 1269 0097 00       		.byte	0
 1270 0098 03       		.uleb128 0x3
 1271 0099 08       		.uleb128 0x8
 1272 009a 3A       		.uleb128 0x3a
 1273 009b 0B       		.uleb128 0xb
 1274 009c 3B       		.uleb128 0x3b
 1275 009d 0B       		.uleb128 0xb
 1276 009e 49       		.uleb128 0x49
 1277 009f 13       		.uleb128 0x13
 1278 00a0 02       		.uleb128 0x2
 1279 00a1 17       		.uleb128 0x17
 1280 00a2 00       		.byte	0
 1281 00a3 00       		.byte	0
 1282 00a4 0C       		.uleb128 0xc
 1283 00a5 05       		.uleb128 0x5
 1284 00a6 00       		.byte	0
 1285 00a7 03       		.uleb128 0x3
 1286 00a8 0E       		.uleb128 0xe
 1287 00a9 3A       		.uleb128 0x3a
 1288 00aa 0B       		.uleb128 0xb
 1289 00ab 3B       		.uleb128 0x3b
 1290 00ac 0B       		.uleb128 0xb
 1291 00ad 49       		.uleb128 0x49
 1292 00ae 13       		.uleb128 0x13
 1293 00af 02       		.uleb128 0x2
 1294 00b0 17       		.uleb128 0x17
 1295 00b1 00       		.byte	0
 1296 00b2 00       		.byte	0
 1297 00b3 0D       		.uleb128 0xd
 1298 00b4 898201   		.uleb128 0x4109
 1299 00b7 01       		.byte	0x1
ARM GAS  C:\Users\cring\AppData\Local\Temp\cch6TCJ2.s 			page 26


 1300 00b8 11       		.uleb128 0x11
 1301 00b9 01       		.uleb128 0x1
 1302 00ba 31       		.uleb128 0x31
 1303 00bb 13       		.uleb128 0x13
 1304 00bc 00       		.byte	0
 1305 00bd 00       		.byte	0
 1306 00be 0E       		.uleb128 0xe
 1307 00bf 34       		.uleb128 0x34
 1308 00c0 00       		.byte	0
 1309 00c1 03       		.uleb128 0x3
 1310 00c2 0E       		.uleb128 0xe
 1311 00c3 3A       		.uleb128 0x3a
 1312 00c4 0B       		.uleb128 0xb
 1313 00c5 3B       		.uleb128 0x3b
 1314 00c6 0B       		.uleb128 0xb
 1315 00c7 49       		.uleb128 0x49
 1316 00c8 13       		.uleb128 0x13
 1317 00c9 02       		.uleb128 0x2
 1318 00ca 17       		.uleb128 0x17
 1319 00cb 00       		.byte	0
 1320 00cc 00       		.byte	0
 1321 00cd 0F       		.uleb128 0xf
 1322 00ce 34       		.uleb128 0x34
 1323 00cf 00       		.byte	0
 1324 00d0 03       		.uleb128 0x3
 1325 00d1 08       		.uleb128 0x8
 1326 00d2 3A       		.uleb128 0x3a
 1327 00d3 0B       		.uleb128 0xb
 1328 00d4 3B       		.uleb128 0x3b
 1329 00d5 0B       		.uleb128 0xb
 1330 00d6 49       		.uleb128 0x49
 1331 00d7 13       		.uleb128 0x13
 1332 00d8 02       		.uleb128 0x2
 1333 00d9 18       		.uleb128 0x18
 1334 00da 00       		.byte	0
 1335 00db 00       		.byte	0
 1336 00dc 10       		.uleb128 0x10
 1337 00dd 01       		.uleb128 0x1
 1338 00de 01       		.byte	0x1
 1339 00df 49       		.uleb128 0x49
 1340 00e0 13       		.uleb128 0x13
 1341 00e1 01       		.uleb128 0x1
 1342 00e2 13       		.uleb128 0x13
 1343 00e3 00       		.byte	0
 1344 00e4 00       		.byte	0
 1345 00e5 11       		.uleb128 0x11
 1346 00e6 21       		.uleb128 0x21
 1347 00e7 00       		.byte	0
 1348 00e8 49       		.uleb128 0x49
 1349 00e9 13       		.uleb128 0x13
 1350 00ea 2F       		.uleb128 0x2f
 1351 00eb 0B       		.uleb128 0xb
 1352 00ec 00       		.byte	0
 1353 00ed 00       		.byte	0
 1354 00ee 12       		.uleb128 0x12
 1355 00ef 34       		.uleb128 0x34
 1356 00f0 00       		.byte	0
ARM GAS  C:\Users\cring\AppData\Local\Temp\cch6TCJ2.s 			page 27


 1357 00f1 03       		.uleb128 0x3
 1358 00f2 08       		.uleb128 0x8
 1359 00f3 3A       		.uleb128 0x3a
 1360 00f4 0B       		.uleb128 0xb
 1361 00f5 3B       		.uleb128 0x3b
 1362 00f6 0B       		.uleb128 0xb
 1363 00f7 49       		.uleb128 0x49
 1364 00f8 13       		.uleb128 0x13
 1365 00f9 02       		.uleb128 0x2
 1366 00fa 17       		.uleb128 0x17
 1367 00fb 00       		.byte	0
 1368 00fc 00       		.byte	0
 1369 00fd 13       		.uleb128 0x13
 1370 00fe 05       		.uleb128 0x5
 1371 00ff 00       		.byte	0
 1372 0100 03       		.uleb128 0x3
 1373 0101 0E       		.uleb128 0xe
 1374 0102 3A       		.uleb128 0x3a
 1375 0103 0B       		.uleb128 0xb
 1376 0104 3B       		.uleb128 0x3b
 1377 0105 0B       		.uleb128 0xb
 1378 0106 49       		.uleb128 0x49
 1379 0107 13       		.uleb128 0x13
 1380 0108 02       		.uleb128 0x2
 1381 0109 18       		.uleb128 0x18
 1382 010a 00       		.byte	0
 1383 010b 00       		.byte	0
 1384 010c 14       		.uleb128 0x14
 1385 010d 34       		.uleb128 0x34
 1386 010e 00       		.byte	0
 1387 010f 03       		.uleb128 0x3
 1388 0110 0E       		.uleb128 0xe
 1389 0111 3A       		.uleb128 0x3a
 1390 0112 0B       		.uleb128 0xb
 1391 0113 3B       		.uleb128 0x3b
 1392 0114 05       		.uleb128 0x5
 1393 0115 49       		.uleb128 0x49
 1394 0116 13       		.uleb128 0x13
 1395 0117 3F       		.uleb128 0x3f
 1396 0118 19       		.uleb128 0x19
 1397 0119 3C       		.uleb128 0x3c
 1398 011a 19       		.uleb128 0x19
 1399 011b 00       		.byte	0
 1400 011c 00       		.byte	0
 1401 011d 15       		.uleb128 0x15
 1402 011e 35       		.uleb128 0x35
 1403 011f 00       		.byte	0
 1404 0120 49       		.uleb128 0x49
 1405 0121 13       		.uleb128 0x13
 1406 0122 00       		.byte	0
 1407 0123 00       		.byte	0
 1408 0124 16       		.uleb128 0x16
 1409 0125 34       		.uleb128 0x34
 1410 0126 00       		.byte	0
 1411 0127 03       		.uleb128 0x3
 1412 0128 0E       		.uleb128 0xe
 1413 0129 3A       		.uleb128 0x3a
ARM GAS  C:\Users\cring\AppData\Local\Temp\cch6TCJ2.s 			page 28


 1414 012a 0B       		.uleb128 0xb
 1415 012b 3B       		.uleb128 0x3b
 1416 012c 0B       		.uleb128 0xb
 1417 012d 49       		.uleb128 0x49
 1418 012e 13       		.uleb128 0x13
 1419 012f 3F       		.uleb128 0x3f
 1420 0130 19       		.uleb128 0x19
 1421 0131 02       		.uleb128 0x2
 1422 0132 18       		.uleb128 0x18
 1423 0133 00       		.byte	0
 1424 0134 00       		.byte	0
 1425 0135 17       		.uleb128 0x17
 1426 0136 2E       		.uleb128 0x2e
 1427 0137 00       		.byte	0
 1428 0138 3F       		.uleb128 0x3f
 1429 0139 19       		.uleb128 0x19
 1430 013a 3C       		.uleb128 0x3c
 1431 013b 19       		.uleb128 0x19
 1432 013c 6E       		.uleb128 0x6e
 1433 013d 0E       		.uleb128 0xe
 1434 013e 03       		.uleb128 0x3
 1435 013f 0E       		.uleb128 0xe
 1436 0140 3A       		.uleb128 0x3a
 1437 0141 0B       		.uleb128 0xb
 1438 0142 3B       		.uleb128 0x3b
 1439 0143 0B       		.uleb128 0xb
 1440 0144 00       		.byte	0
 1441 0145 00       		.byte	0
 1442 0146 00       		.byte	0
 1443              		.section	.debug_loc,"",%progbits
 1444              	.Ldebug_loc0:
 1445              	.LLST0:
 1446 0000 00000000 		.4byte	.LVL12
 1447 0004 07000000 		.4byte	.LVL13-1
 1448 0008 0100     		.2byte	0x1
 1449 000a 50       		.byte	0x50
 1450 000b 07000000 		.4byte	.LVL13-1
 1451 000f 4E000000 		.4byte	.LVL21
 1452 0013 0100     		.2byte	0x1
 1453 0015 54       		.byte	0x54
 1454 0016 4E000000 		.4byte	.LVL21
 1455 001a 54000000 		.4byte	.LFE65
 1456 001e 0400     		.2byte	0x4
 1457 0020 F3       		.byte	0xf3
 1458 0021 01       		.uleb128 0x1
 1459 0022 50       		.byte	0x50
 1460 0023 9F       		.byte	0x9f
 1461 0024 00000000 		.4byte	0
 1462 0028 00000000 		.4byte	0
 1463              	.LLST1:
 1464 002c 00000000 		.4byte	.LVL22
 1465 0030 0C000000 		.4byte	.LVL23
 1466 0034 0100     		.2byte	0x1
 1467 0036 50       		.byte	0x50
 1468 0037 0C000000 		.4byte	.LVL23
 1469 003b 0E000000 		.4byte	.LVL24
 1470 003f 0100     		.2byte	0x1
ARM GAS  C:\Users\cring\AppData\Local\Temp\cch6TCJ2.s 			page 29


 1471 0041 55       		.byte	0x55
 1472 0042 0E000000 		.4byte	.LVL24
 1473 0046 10000000 		.4byte	.LVL25
 1474 004a 0100     		.2byte	0x1
 1475 004c 50       		.byte	0x50
 1476 004d 10000000 		.4byte	.LVL25
 1477 0051 24000000 		.4byte	.LFE67
 1478 0055 0100     		.2byte	0x1
 1479 0057 55       		.byte	0x55
 1480 0058 00000000 		.4byte	0
 1481 005c 00000000 		.4byte	0
 1482              	.LLST2:
 1483 0060 00000000 		.4byte	.LVL22
 1484 0064 13000000 		.4byte	.LVL26-1
 1485 0068 0100     		.2byte	0x1
 1486 006a 51       		.byte	0x51
 1487 006b 13000000 		.4byte	.LVL26-1
 1488 006f 24000000 		.4byte	.LFE67
 1489 0073 0100     		.2byte	0x1
 1490 0075 54       		.byte	0x54
 1491 0076 00000000 		.4byte	0
 1492 007a 00000000 		.4byte	0
 1493              	.LLST3:
 1494 007e 00000000 		.4byte	.LVL22
 1495 0082 10000000 		.4byte	.LVL25
 1496 0086 0100     		.2byte	0x1
 1497 0088 52       		.byte	0x52
 1498 0089 10000000 		.4byte	.LVL25
 1499 008d 13000000 		.4byte	.LVL26-1
 1500 0091 0100     		.2byte	0x1
 1501 0093 50       		.byte	0x50
 1502 0094 00000000 		.4byte	0
 1503 0098 00000000 		.4byte	0
 1504              	.LLST4:
 1505 009c 00000000 		.4byte	.LVL29
 1506 00a0 0B000000 		.4byte	.LVL30-1
 1507 00a4 0100     		.2byte	0x1
 1508 00a6 50       		.byte	0x50
 1509 00a7 0B000000 		.4byte	.LVL30-1
 1510 00ab 16000000 		.4byte	.LVL31
 1511 00af 0100     		.2byte	0x1
 1512 00b1 54       		.byte	0x54
 1513 00b2 16000000 		.4byte	.LVL31
 1514 00b6 2D000000 		.4byte	.LVL34-1
 1515 00ba 0100     		.2byte	0x1
 1516 00bc 50       		.byte	0x50
 1517 00bd 00000000 		.4byte	0
 1518 00c1 00000000 		.4byte	0
 1519              	.LLST5:
 1520 00c5 00000000 		.4byte	.LVL29
 1521 00c9 0B000000 		.4byte	.LVL30-1
 1522 00cd 0100     		.2byte	0x1
 1523 00cf 51       		.byte	0x51
 1524 00d0 0B000000 		.4byte	.LVL30-1
 1525 00d4 50000000 		.4byte	.LVL39
 1526 00d8 0100     		.2byte	0x1
 1527 00da 55       		.byte	0x55
ARM GAS  C:\Users\cring\AppData\Local\Temp\cch6TCJ2.s 			page 30


 1528 00db 50000000 		.4byte	.LVL39
 1529 00df 58000000 		.4byte	.LFE68
 1530 00e3 2600     		.2byte	0x26
 1531 00e5 F3       		.byte	0xf3
 1532 00e6 01       		.uleb128 0x1
 1533 00e7 51       		.byte	0x51
 1534 00e8 F7       		.byte	0xf7
 1535 00e9 33       		.uleb128 0x33
 1536 00ea F7       		.byte	0xf7
 1537 00eb 25       		.uleb128 0x25
 1538 00ec 0C       		.byte	0xc
 1539 00ed 67666666 		.4byte	0x66666667
 1540 00f1 F7       		.byte	0xf7
 1541 00f2 25       		.uleb128 0x25
 1542 00f3 1E       		.byte	0x1e
 1543 00f4 08       		.byte	0x8
 1544 00f5 20       		.byte	0x20
 1545 00f6 F7       		.byte	0xf7
 1546 00f7 25       		.uleb128 0x25
 1547 00f8 25       		.byte	0x25
 1548 00f9 F7       		.byte	0xf7
 1549 00fa 2C       		.uleb128 0x2c
 1550 00fb 32       		.byte	0x32
 1551 00fc 26       		.byte	0x26
 1552 00fd F3       		.byte	0xf3
 1553 00fe 01       		.uleb128 0x1
 1554 00ff 51       		.byte	0x51
 1555 0100 4F       		.byte	0x4f
 1556 0101 26       		.byte	0x26
 1557 0102 1C       		.byte	0x1c
 1558 0103 09       		.byte	0x9
 1559 0104 F6       		.byte	0xf6
 1560 0105 1E       		.byte	0x1e
 1561 0106 F3       		.byte	0xf3
 1562 0107 01       		.uleb128 0x1
 1563 0108 51       		.byte	0x51
 1564 0109 22       		.byte	0x22
 1565 010a 9F       		.byte	0x9f
 1566 010b 00000000 		.4byte	0
 1567 010f 00000000 		.4byte	0
 1568              	.LLST6:
 1569 0113 0C000000 		.4byte	.LVL30
 1570 0117 22000000 		.4byte	.LVL32
 1571 011b 0200     		.2byte	0x2
 1572 011d 30       		.byte	0x30
 1573 011e 9F       		.byte	0x9f
 1574 011f 22000000 		.4byte	.LVL32
 1575 0123 50000000 		.4byte	.LVL39
 1576 0127 0100     		.2byte	0x1
 1577 0129 54       		.byte	0x54
 1578 012a 50000000 		.4byte	.LVL39
 1579 012e 58000000 		.4byte	.LFE68
 1580 0132 1F00     		.2byte	0x1f
 1581 0134 F3       		.byte	0xf3
 1582 0135 01       		.uleb128 0x1
 1583 0136 51       		.byte	0x51
 1584 0137 F7       		.byte	0xf7
ARM GAS  C:\Users\cring\AppData\Local\Temp\cch6TCJ2.s 			page 31


 1585 0138 33       		.uleb128 0x33
 1586 0139 F7       		.byte	0xf7
 1587 013a 25       		.uleb128 0x25
 1588 013b 0C       		.byte	0xc
 1589 013c 67666666 		.4byte	0x66666667
 1590 0140 F7       		.byte	0xf7
 1591 0141 25       		.uleb128 0x25
 1592 0142 1E       		.byte	0x1e
 1593 0143 08       		.byte	0x8
 1594 0144 20       		.byte	0x20
 1595 0145 F7       		.byte	0xf7
 1596 0146 25       		.uleb128 0x25
 1597 0147 25       		.byte	0x25
 1598 0148 F7       		.byte	0xf7
 1599 0149 2C       		.uleb128 0x2c
 1600 014a 32       		.byte	0x32
 1601 014b 26       		.byte	0x26
 1602 014c F3       		.byte	0xf3
 1603 014d 01       		.uleb128 0x1
 1604 014e 51       		.byte	0x51
 1605 014f 4F       		.byte	0x4f
 1606 0150 26       		.byte	0x26
 1607 0151 1C       		.byte	0x1c
 1608 0152 9F       		.byte	0x9f
 1609 0153 00000000 		.4byte	0
 1610 0157 00000000 		.4byte	0
 1611              	.LLST7:
 1612 015b 12000000 		.4byte	.LVL41
 1613 015f 34000000 		.4byte	.LVL44
 1614 0163 0100     		.2byte	0x1
 1615 0165 54       		.byte	0x54
 1616 0166 00000000 		.4byte	0
 1617 016a 00000000 		.4byte	0
 1618              		.section	.debug_aranges,"",%progbits
 1619 0000 4C000000 		.4byte	0x4c
 1620 0004 0200     		.2byte	0x2
 1621 0006 00000000 		.4byte	.Ldebug_info0
 1622 000a 04       		.byte	0x4
 1623 000b 00       		.byte	0
 1624 000c 0000     		.2byte	0
 1625 000e 0000     		.2byte	0
 1626 0010 00000000 		.4byte	.LFB66
 1627 0014 64000000 		.4byte	.LFE66-.LFB66
 1628 0018 00000000 		.4byte	.LFB65
 1629 001c 54000000 		.4byte	.LFE65-.LFB65
 1630 0020 00000000 		.4byte	.LFB67
 1631 0024 24000000 		.4byte	.LFE67-.LFB67
 1632 0028 00000000 		.4byte	.LFB68
 1633 002c 58000000 		.4byte	.LFE68-.LFB68
 1634 0030 00000000 		.4byte	.LFB64
 1635 0034 3C000000 		.4byte	.LFE64-.LFB64
 1636 0038 00000000 		.4byte	.LFB69
 1637 003c 1C000000 		.4byte	.LFE69-.LFB69
 1638 0040 00000000 		.4byte	.LFB70
 1639 0044 1C000000 		.4byte	.LFE70-.LFB70
 1640 0048 00000000 		.4byte	0
 1641 004c 00000000 		.4byte	0
ARM GAS  C:\Users\cring\AppData\Local\Temp\cch6TCJ2.s 			page 32


 1642              		.section	.debug_ranges,"",%progbits
 1643              	.Ldebug_ranges0:
 1644 0000 00000000 		.4byte	.LFB66
 1645 0004 64000000 		.4byte	.LFE66
 1646 0008 00000000 		.4byte	.LFB65
 1647 000c 54000000 		.4byte	.LFE65
 1648 0010 00000000 		.4byte	.LFB67
 1649 0014 24000000 		.4byte	.LFE67
 1650 0018 00000000 		.4byte	.LFB68
 1651 001c 58000000 		.4byte	.LFE68
 1652 0020 00000000 		.4byte	.LFB64
 1653 0024 3C000000 		.4byte	.LFE64
 1654 0028 00000000 		.4byte	.LFB69
 1655 002c 1C000000 		.4byte	.LFE69
 1656 0030 00000000 		.4byte	.LFB70
 1657 0034 1C000000 		.4byte	.LFE70
 1658 0038 00000000 		.4byte	0
 1659 003c 00000000 		.4byte	0
 1660              		.section	.debug_line,"",%progbits
 1661              	.Ldebug_line0:
 1662 0000 E5020000 		.section	.debug_str,"MS",%progbits,1
 1662      02000B02 
 1662      00000201 
 1662      FB0E0D00 
 1662      01010101 
 1663              	.LASF8:
 1664 0000 6C6F6E67 		.ascii	"long long int\000"
 1664      206C6F6E 
 1664      6720696E 
 1664      7400
 1665              	.LASF30:
 1666 000e 73657461 		.ascii	"setaddress\000"
 1666      64647265 
 1666      737300
 1667              	.LASF41:
 1668 0019 67657454 		.ascii	"getTime\000"
 1668      696D6500 
 1669              	.LASF21:
 1670 0021 64697370 		.ascii	"dispTime\000"
 1670      54696D65 
 1670      00
 1671              	.LASF9:
 1672 002a 5F5F696E 		.ascii	"__int32_t\000"
 1672      7433325F 
 1672      7400
 1673              	.LASF33:
 1674 0034 73657443 		.ascii	"setCursor\000"
 1674      7572736F 
 1674      7200
 1675              	.LASF39:
 1676 003e 62656769 		.ascii	"begin\000"
 1676      6E00
 1677              	.LASF23:
 1678 0044 6973725F 		.ascii	"isr_refreshrate_LCD\000"
 1678      72656672 
 1678      65736872 
 1678      6174655F 
ARM GAS  C:\Users\cring\AppData\Local\Temp\cch6TCJ2.s 			page 33


 1678      4C434400 
 1679              	.LASF19:
 1680 0058 73747269 		.ascii	"string\000"
 1680      6E6700
 1681              	.LASF17:
 1682 005f 7072696E 		.ascii	"printDisp\000"
 1682      74446973 
 1682      7000
 1683              	.LASF11:
 1684 0069 666C6F61 		.ascii	"float\000"
 1684      7400
 1685              	.LASF16:
 1686 006f 696E6974 		.ascii	"initDisp\000"
 1686      44697370 
 1686      00
 1687              	.LASF3:
 1688 0078 756E7369 		.ascii	"unsigned char\000"
 1688      676E6564 
 1688      20636861 
 1688      7200
 1689              	.LASF45:
 1690 0086 53746172 		.ascii	"StartDisp\000"
 1690      74446973 
 1690      7000
 1691              	.LASF25:
 1692 0090 73746172 		.ascii	"startLCD\000"
 1692      744C4344 
 1692      00
 1693              	.LASF7:
 1694 0099 6C6F6E67 		.ascii	"long unsigned int\000"
 1694      20756E73 
 1694      69676E65 
 1694      6420696E 
 1694      7400
 1695              	.LASF5:
 1696 00ab 73686F72 		.ascii	"short unsigned int\000"
 1696      7420756E 
 1696      7369676E 
 1696      65642069 
 1696      6E7400
 1697              	.LASF34:
 1698 00be 54696D65 		.ascii	"Timer_LCD_Start\000"
 1698      725F4C43 
 1698      445F5374 
 1698      61727400 
 1699              	.LASF26:
 1700 00ce 49544D5F 		.ascii	"ITM_RxBuffer\000"
 1700      52784275 
 1700      66666572 
 1700      00
 1701              	.LASF27:
 1702 00db 64697370 		.ascii	"display1On\000"
 1702      6C617931 
 1702      4F6E00
 1703              	.LASF12:
 1704 00e6 646F7562 		.ascii	"double\000"
 1704      6C6500
ARM GAS  C:\Users\cring\AppData\Local\Temp\cch6TCJ2.s 			page 34


 1705              	.LASF32:
 1706 00ed 4C43445F 		.ascii	"LCD_print\000"
 1706      7072696E 
 1706      7400
 1707              	.LASF37:
 1708 00f7 54696D65 		.ascii	"Timer_LCD_WritePeriod\000"
 1708      725F4C43 
 1708      445F5772 
 1708      69746550 
 1708      6572696F 
 1709              	.LASF4:
 1710 010d 73686F72 		.ascii	"short int\000"
 1710      7420696E 
 1710      7400
 1711              	.LASF31:
 1712 0117 636C6561 		.ascii	"clearDisp\000"
 1712      72446973 
 1712      7000
 1713              	.LASF44:
 1714 0121 433A5C55 		.ascii	"C:\\Users\\cring\\Documents\\GitHub\\E5PRJ3\\Projek"
 1714      73657273 
 1714      5C637269 
 1714      6E675C44 
 1714      6F63756D 
 1715 014e 744D6169 		.ascii	"tMain\\Hovedprogram.cydsn\000"
 1715      6E5C486F 
 1715      76656470 
 1715      726F6772 
 1715      616D2E63 
 1716              	.LASF1:
 1717 0167 756E7369 		.ascii	"unsigned int\000"
 1717      676E6564 
 1717      20696E74 
 1717      00
 1718              	.LASF0:
 1719 0174 6C6F6E67 		.ascii	"long long unsigned int\000"
 1719      206C6F6E 
 1719      6720756E 
 1719      7369676E 
 1719      65642069 
 1720              	.LASF18:
 1721 018b 6C696E65 		.ascii	"line\000"
 1721      00
 1722              	.LASF20:
 1723 0190 64697370 		.ascii	"disp\000"
 1723      00
 1724              	.LASF42:
 1725 0195 474E5520 		.ascii	"GNU C11 5.4.1 20160609 (release) [ARM/embedded-5-br"
 1725      43313120 
 1725      352E342E 
 1725      31203230 
 1725      31363036 
 1726 01c8 616E6368 		.ascii	"anch revision 237715] -mcpu=cortex-m3 -mthumb -g -O"
 1726      20726576 
 1726      6973696F 
 1726      6E203233 
 1726      37373135 
ARM GAS  C:\Users\cring\AppData\Local\Temp\cch6TCJ2.s 			page 35


 1727 01fb 67202D66 		.ascii	"g -ffunction-sections -ffat-lto-objects\000"
 1727      66756E63 
 1727      74696F6E 
 1727      2D736563 
 1727      74696F6E 
 1728              	.LASF10:
 1729 0223 696E7433 		.ascii	"int32_t\000"
 1729      325F7400 
 1730              	.LASF15:
 1731 022b 73697A65 		.ascii	"sizetype\000"
 1731      74797065 
 1731      00
 1732              	.LASF36:
 1733 0234 6973725F 		.ascii	"isr_refreshrate_LCD_StartEx\000"
 1733      72656672 
 1733      65736872 
 1733      6174655F 
 1733      4C43445F 
 1734              	.LASF38:
 1735 0250 4C697175 		.ascii	"LiquidCrystal_I2C_init\000"
 1735      69644372 
 1735      79737461 
 1735      6C5F4932 
 1735      435F696E 
 1736              	.LASF22:
 1737 0267 7365636F 		.ascii	"seconds\000"
 1737      6E647300 
 1738              	.LASF13:
 1739 026f 63686172 		.ascii	"char\000"
 1739      00
 1740              	.LASF28:
 1741 0274 64697370 		.ascii	"display2On\000"
 1741      6C617932 
 1741      4F6E00
 1742              	.LASF35:
 1743 027f 4932435F 		.ascii	"I2C_1_Start\000"
 1743      315F5374 
 1743      61727400 
 1744              	.LASF43:
 1745 028b 44697370 		.ascii	"Display.c\000"
 1745      6C61792E 
 1745      6300
 1746              	.LASF6:
 1747 0295 6C6F6E67 		.ascii	"long int\000"
 1747      20696E74 
 1747      00
 1748              	.LASF14:
 1749 029e 6C6F6E67 		.ascii	"long double\000"
 1749      20646F75 
 1749      626C6500 
 1750              	.LASF29:
 1751 02aa 54696D65 		.ascii	"Timer_LCD_Stop\000"
 1751      725F4C43 
 1751      445F5374 
 1751      6F7000
 1752              	.LASF2:
 1753 02b9 7369676E 		.ascii	"signed char\000"
ARM GAS  C:\Users\cring\AppData\Local\Temp\cch6TCJ2.s 			page 36


 1753      65642063 
 1753      68617200 
 1754              	.LASF40:
 1755 02c5 73707269 		.ascii	"sprintf\000"
 1755      6E746600 
 1756              	.LASF24:
 1757 02cd 73746F70 		.ascii	"stopLCD\000"
 1757      4C434400 
 1758              		.ident	"GCC: (GNU Tools for ARM Embedded Processors) 5.4.1 20160609 (release) [ARM/embedded-5-bran
