ARM GAS  C:\Users\cring\AppData\Local\Temp\cc1b2s5e.s 			page 1


   1              		.syntax unified
   2              		.cpu cortex-m3
   3              		.fpu softvfp
   4              		.eabi_attribute 20, 1
   5              		.eabi_attribute 21, 1
   6              		.eabi_attribute 23, 3
   7              		.eabi_attribute 24, 1
   8              		.eabi_attribute 25, 1
   9              		.eabi_attribute 26, 1
  10              		.eabi_attribute 30, 1
  11              		.eabi_attribute 34, 1
  12              		.eabi_attribute 18, 4
  13              		.thumb
  14              		.syntax unified
  15              		.file	"main.c"
  16              		.text
  17              	.Ltext0:
  18              		.cfi_sections	.debug_frame
  19              		.section	.text.main,"ax",%progbits
  20              		.align	2
  21              		.global	main
  22              		.thumb
  23              		.thumb_func
  24              		.type	main, %function
  25              	main:
  26              	.LFB64:
  27              		.file 1 "main.c"
   1:main.c        **** /* ========================================
   2:main.c        ****  *
   3:main.c        ****  * Copyright YOUR COMPANY, THE YEAR
   4:main.c        ****  * All Rights Reserved
   5:main.c        ****  * UNPUBLISHED, LICENSED SOFTWARE.
   6:main.c        ****  *
   7:main.c        ****  * CONFIDENTIAL AND PROPRIETARY INFORMATION
   8:main.c        ****  * WHICH IS THE PROPERTY OF your company.
   9:main.c        ****  *
  10:main.c        ****  * ========================================
  11:main.c        **** */
  12:main.c        **** //#include "project.h"
  13:main.c        **** #include "WeightSensors_.h"
  14:main.c        **** #include "UART.h"
  15:main.c        **** #include "Display.h"
  16:main.c        **** #include "Startknap.h"
  17:main.c        **** #include "States.h"
  18:main.c        **** 
  19:main.c        **** 
  20:main.c        **** #define LEDlength 21
  21:main.c        **** 
  22:main.c        **** 
  23:main.c        **** //WeightSensors  _WSptr = {.p1 = 0, .p2 = 0}; //WeightSensor Pointer
  24:main.c        **** 
  25:main.c        **** int main(void)
  26:main.c        **** {
  28              		.loc 1 26 0
  29              		.cfi_startproc
  30              		@ Volatile: function does not return.
  31              		@ args = 0, pretend = 0, frame = 0
ARM GAS  C:\Users\cring\AppData\Local\Temp\cc1b2s5e.s 			page 2


  32              		@ frame_needed = 0, uses_anonymous_args = 0
  33 0000 08B5     		push	{r3, lr}
  34              		.cfi_def_cfa_offset 8
  35              		.cfi_offset 3, -8
  36              		.cfi_offset 14, -4
  27:main.c        ****     CyGlobalIntEnable; /* Enable global interrupts. */
  37              		.loc 1 27 0
  38              		.syntax unified
  39              	@ 27 "main.c" 1
  40 0002 62B6     		CPSIE   i
  41              	@ 0 "" 2
  28:main.c        ****     // SPIM_1_Start();
  29:main.c        ****     isr_button_StartEx(isr_button_handler);
  42              		.loc 1 29 0
  43              		.thumb
  44              		.syntax unified
  45 0004 0748     		ldr	r0, .L4
  46 0006 FFF7FEFF 		bl	isr_button_StartEx
  47              	.LVL0:
  30:main.c        ****     isr_uart_rx_StartEx(ISR_UART_rx_handler);
  48              		.loc 1 30 0
  49 000a 0748     		ldr	r0, .L4+4
  50 000c FFF7FEFF 		bl	isr_uart_rx_StartEx
  51              	.LVL1:
  31:main.c        ****     UART_1_Start();
  52              		.loc 1 31 0
  53 0010 FFF7FEFF 		bl	UART_1_Start
  54              	.LVL2:
  32:main.c        ****     
  33:main.c        ****     WeightSensorsInit();
  55              		.loc 1 33 0
  56 0014 FFF7FEFF 		bl	WeightSensorsInit
  57              	.LVL3:
  58              	.L2:
  34:main.c        ****     //LEDctrl rgbstrip1[LEDlength], rgbstrip2[LEDlength];
  35:main.c        ****     //addLEDstrip(LEDlength, rgbstrip1, 1);
  36:main.c        ****     //addLEDstrip(LEDlength, rgbstrip2, 2);
  37:main.c        ****     //initLED(60);
  38:main.c        ****     
  39:main.c        ****     //ringLED(100,4,87,1.0,0.7);
  40:main.c        ****     //pulseLED(20,100,1,1);
  41:main.c        ****     
  42:main.c        ****     //states state = IDLE;
  43:main.c        ****     
  44:main.c        ****     for(;;)
  45:main.c        ****     {
  46:main.c        ****         
  47:main.c        ****         Next_state_Logic();
  59              		.loc 1 47 0 discriminator 1
  60 0018 FFF7FEFF 		bl	Next_state_Logic
  61              	.LVL4:
  48:main.c        ****         Output_logic();
  62              		.loc 1 48 0 discriminator 1
  63 001c FFF7FEFF 		bl	Output_logic
  64              	.LVL5:
  65 0020 FAE7     		b	.L2
  66              	.L5:
ARM GAS  C:\Users\cring\AppData\Local\Temp\cc1b2s5e.s 			page 3


  67 0022 00BF     		.align	2
  68              	.L4:
  69 0024 00000000 		.word	isr_button_handler
  70 0028 00000000 		.word	ISR_UART_rx_handler
  71              		.cfi_endproc
  72              	.LFE64:
  73              		.size	main, .-main
  74              		.comm	BPptr,4,4
  75              		.text
  76              	.Letext0:
  77              		.file 2 "d:\\psoc\\psoc creator\\4.3\\psoc creator\\import\\gnu\\arm\\5.4.1\\arm-none-eabi\\includ
  78              		.file 3 "d:\\psoc\\psoc creator\\4.3\\psoc creator\\import\\gnu\\arm\\5.4.1\\arm-none-eabi\\includ
  79              		.file 4 "Startknap.h"
  80              		.file 5 "Generated_Source\\PSoC5/core_cm3.h"
  81              		.file 6 "Generated_Source\\PSoC5/isr_button.h"
  82              		.file 7 "Generated_Source\\PSoC5/isr_uart_rx.h"
  83              		.file 8 "Generated_Source\\PSoC5/UART_1.h"
  84              		.file 9 "WeightSensors_.h"
  85              		.file 10 "States.h"
  86              		.section	.debug_info,"",%progbits
  87              	.Ldebug_info0:
  88 0000 79010000 		.4byte	0x179
  89 0004 0400     		.2byte	0x4
  90 0006 00000000 		.4byte	.Ldebug_abbrev0
  91 000a 04       		.byte	0x4
  92 000b 01       		.uleb128 0x1
  93 000c 64000000 		.4byte	.LASF25
  94 0010 0C       		.byte	0xc
  95 0011 E0010000 		.4byte	.LASF26
  96 0015 11010000 		.4byte	.LASF27
  97 0019 00000000 		.4byte	.Ldebug_ranges0+0
  98 001d 00000000 		.4byte	0
  99 0021 00000000 		.4byte	.Ldebug_line0
 100 0025 02       		.uleb128 0x2
 101 0026 01       		.byte	0x1
 102 0027 06       		.byte	0x6
 103 0028 2B020000 		.4byte	.LASF0
 104 002c 02       		.uleb128 0x2
 105 002d 01       		.byte	0x1
 106 002e 08       		.byte	0x8
 107 002f 56000000 		.4byte	.LASF1
 108 0033 02       		.uleb128 0x2
 109 0034 02       		.byte	0x2
 110 0035 05       		.byte	0x5
 111 0036 EC010000 		.4byte	.LASF2
 112 003a 02       		.uleb128 0x2
 113 003b 02       		.byte	0x2
 114 003c 07       		.byte	0x7
 115 003d 3D000000 		.4byte	.LASF3
 116 0041 03       		.uleb128 0x3
 117 0042 33000000 		.4byte	.LASF12
 118 0046 02       		.byte	0x2
 119 0047 3F       		.byte	0x3f
 120 0048 4C000000 		.4byte	0x4c
 121 004c 02       		.uleb128 0x2
 122 004d 04       		.byte	0x4
 123 004e 05       		.byte	0x5
ARM GAS  C:\Users\cring\AppData\Local\Temp\cc1b2s5e.s 			page 4


 124 004f 10020000 		.4byte	.LASF4
 125 0053 02       		.uleb128 0x2
 126 0054 04       		.byte	0x4
 127 0055 07       		.byte	0x7
 128 0056 F2000000 		.4byte	.LASF5
 129 005a 02       		.uleb128 0x2
 130 005b 08       		.byte	0x8
 131 005c 05       		.byte	0x5
 132 005d D2010000 		.4byte	.LASF6
 133 0061 02       		.uleb128 0x2
 134 0062 08       		.byte	0x8
 135 0063 07       		.byte	0x7
 136 0064 AA010000 		.4byte	.LASF7
 137 0068 04       		.uleb128 0x4
 138 0069 04       		.byte	0x4
 139 006a 05       		.byte	0x5
 140 006b 696E7400 		.ascii	"int\000"
 141 006f 02       		.uleb128 0x2
 142 0070 04       		.byte	0x4
 143 0071 07       		.byte	0x7
 144 0072 9D010000 		.4byte	.LASF8
 145 0076 02       		.uleb128 0x2
 146 0077 08       		.byte	0x8
 147 0078 04       		.byte	0x4
 148 0079 1F020000 		.4byte	.LASF9
 149 007d 02       		.uleb128 0x2
 150 007e 04       		.byte	0x4
 151 007f 07       		.byte	0x7
 152 0080 C9010000 		.4byte	.LASF10
 153 0084 02       		.uleb128 0x2
 154 0085 01       		.byte	0x1
 155 0086 08       		.byte	0x8
 156 0087 E7010000 		.4byte	.LASF11
 157 008b 03       		.uleb128 0x3
 158 008c C1010000 		.4byte	.LASF13
 159 0090 03       		.byte	0x3
 160 0091 2C       		.byte	0x2c
 161 0092 41000000 		.4byte	0x41
 162 0096 02       		.uleb128 0x2
 163 0097 04       		.byte	0x4
 164 0098 04       		.byte	0x4
 165 0099 50000000 		.4byte	.LASF14
 166 009d 02       		.uleb128 0x2
 167 009e 08       		.byte	0x8
 168 009f 04       		.byte	0x4
 169 00a0 91010000 		.4byte	.LASF15
 170 00a4 05       		.uleb128 0x5
 171 00a5 04010000 		.4byte	.LASF28
 172 00a9 04       		.byte	0x4
 173 00aa 04       		.byte	0x4
 174 00ab 12       		.byte	0x12
 175 00ac BD000000 		.4byte	0xbd
 176 00b0 06       		.uleb128 0x6
 177 00b1 04010000 		.4byte	.LASF28
 178 00b5 04       		.byte	0x4
 179 00b6 13       		.byte	0x13
 180 00b7 68000000 		.4byte	0x68
ARM GAS  C:\Users\cring\AppData\Local\Temp\cc1b2s5e.s 			page 5


 181 00bb 00       		.byte	0
 182 00bc 00       		.byte	0
 183 00bd 03       		.uleb128 0x3
 184 00be F6010000 		.4byte	.LASF16
 185 00c2 04       		.byte	0x4
 186 00c3 14       		.byte	0x14
 187 00c4 A4000000 		.4byte	0xa4
 188 00c8 07       		.uleb128 0x7
 189 00c9 98010000 		.4byte	.LASF29
 190 00cd 01       		.byte	0x1
 191 00ce 19       		.byte	0x19
 192 00cf 68000000 		.4byte	0x68
 193 00d3 00000000 		.4byte	.LFB64
 194 00d7 2C000000 		.4byte	.LFE64-.LFB64
 195 00db 01       		.uleb128 0x1
 196 00dc 9C       		.byte	0x9c
 197 00dd 18010000 		.4byte	0x118
 198 00e1 08       		.uleb128 0x8
 199 00e2 0A000000 		.4byte	.LVL0
 200 00e6 3A010000 		.4byte	0x13a
 201 00ea 08       		.uleb128 0x8
 202 00eb 10000000 		.4byte	.LVL1
 203 00ef 45010000 		.4byte	0x145
 204 00f3 08       		.uleb128 0x8
 205 00f4 14000000 		.4byte	.LVL2
 206 00f8 50010000 		.4byte	0x150
 207 00fc 08       		.uleb128 0x8
 208 00fd 18000000 		.4byte	.LVL3
 209 0101 5B010000 		.4byte	0x15b
 210 0105 08       		.uleb128 0x8
 211 0106 1C000000 		.4byte	.LVL4
 212 010a 66010000 		.4byte	0x166
 213 010e 08       		.uleb128 0x8
 214 010f 20000000 		.4byte	.LVL5
 215 0113 71010000 		.4byte	0x171
 216 0117 00       		.byte	0
 217 0118 09       		.uleb128 0x9
 218 0119 77010000 		.4byte	.LASF17
 219 011d 05       		.byte	0x5
 220 011e 1207     		.2byte	0x712
 221 0120 24010000 		.4byte	0x124
 222 0124 0A       		.uleb128 0xa
 223 0125 8B000000 		.4byte	0x8b
 224 0129 0B       		.uleb128 0xb
 225 012a 19020000 		.4byte	.LASF18
 226 012e 04       		.byte	0x4
 227 012f 16       		.byte	0x16
 228 0130 BD000000 		.4byte	0xbd
 229 0134 05       		.uleb128 0x5
 230 0135 03       		.byte	0x3
 231 0136 00000000 		.4byte	BPptr
 232 013a 0C       		.uleb128 0xc
 233 013b FD010000 		.4byte	.LASF19
 234 013f FD010000 		.4byte	.LASF19
 235 0143 06       		.byte	0x6
 236 0144 18       		.byte	0x18
 237 0145 0C       		.uleb128 0xc
ARM GAS  C:\Users\cring\AppData\Local\Temp\cc1b2s5e.s 			page 6


 238 0146 00000000 		.4byte	.LASF20
 239 014a 00000000 		.4byte	.LASF20
 240 014e 07       		.byte	0x7
 241 014f 18       		.byte	0x18
 242 0150 0C       		.uleb128 0xc
 243 0151 14000000 		.4byte	.LASF21
 244 0155 14000000 		.4byte	.LASF21
 245 0159 08       		.byte	0x8
 246 015a 54       		.byte	0x54
 247 015b 0C       		.uleb128 0xc
 248 015c 21000000 		.4byte	.LASF22
 249 0160 21000000 		.4byte	.LASF22
 250 0164 09       		.byte	0x9
 251 0165 29       		.byte	0x29
 252 0166 0C       		.uleb128 0xc
 253 0167 37020000 		.4byte	.LASF23
 254 016b 37020000 		.4byte	.LASF23
 255 016f 0A       		.byte	0xa
 256 0170 2E       		.byte	0x2e
 257 0171 0C       		.uleb128 0xc
 258 0172 84010000 		.4byte	.LASF24
 259 0176 84010000 		.4byte	.LASF24
 260 017a 0A       		.byte	0xa
 261 017b 2F       		.byte	0x2f
 262 017c 00       		.byte	0
 263              		.section	.debug_abbrev,"",%progbits
 264              	.Ldebug_abbrev0:
 265 0000 01       		.uleb128 0x1
 266 0001 11       		.uleb128 0x11
 267 0002 01       		.byte	0x1
 268 0003 25       		.uleb128 0x25
 269 0004 0E       		.uleb128 0xe
 270 0005 13       		.uleb128 0x13
 271 0006 0B       		.uleb128 0xb
 272 0007 03       		.uleb128 0x3
 273 0008 0E       		.uleb128 0xe
 274 0009 1B       		.uleb128 0x1b
 275 000a 0E       		.uleb128 0xe
 276 000b 55       		.uleb128 0x55
 277 000c 17       		.uleb128 0x17
 278 000d 11       		.uleb128 0x11
 279 000e 01       		.uleb128 0x1
 280 000f 10       		.uleb128 0x10
 281 0010 17       		.uleb128 0x17
 282 0011 00       		.byte	0
 283 0012 00       		.byte	0
 284 0013 02       		.uleb128 0x2
 285 0014 24       		.uleb128 0x24
 286 0015 00       		.byte	0
 287 0016 0B       		.uleb128 0xb
 288 0017 0B       		.uleb128 0xb
 289 0018 3E       		.uleb128 0x3e
 290 0019 0B       		.uleb128 0xb
 291 001a 03       		.uleb128 0x3
 292 001b 0E       		.uleb128 0xe
 293 001c 00       		.byte	0
 294 001d 00       		.byte	0
ARM GAS  C:\Users\cring\AppData\Local\Temp\cc1b2s5e.s 			page 7


 295 001e 03       		.uleb128 0x3
 296 001f 16       		.uleb128 0x16
 297 0020 00       		.byte	0
 298 0021 03       		.uleb128 0x3
 299 0022 0E       		.uleb128 0xe
 300 0023 3A       		.uleb128 0x3a
 301 0024 0B       		.uleb128 0xb
 302 0025 3B       		.uleb128 0x3b
 303 0026 0B       		.uleb128 0xb
 304 0027 49       		.uleb128 0x49
 305 0028 13       		.uleb128 0x13
 306 0029 00       		.byte	0
 307 002a 00       		.byte	0
 308 002b 04       		.uleb128 0x4
 309 002c 24       		.uleb128 0x24
 310 002d 00       		.byte	0
 311 002e 0B       		.uleb128 0xb
 312 002f 0B       		.uleb128 0xb
 313 0030 3E       		.uleb128 0x3e
 314 0031 0B       		.uleb128 0xb
 315 0032 03       		.uleb128 0x3
 316 0033 08       		.uleb128 0x8
 317 0034 00       		.byte	0
 318 0035 00       		.byte	0
 319 0036 05       		.uleb128 0x5
 320 0037 13       		.uleb128 0x13
 321 0038 01       		.byte	0x1
 322 0039 03       		.uleb128 0x3
 323 003a 0E       		.uleb128 0xe
 324 003b 0B       		.uleb128 0xb
 325 003c 0B       		.uleb128 0xb
 326 003d 3A       		.uleb128 0x3a
 327 003e 0B       		.uleb128 0xb
 328 003f 3B       		.uleb128 0x3b
 329 0040 0B       		.uleb128 0xb
 330 0041 01       		.uleb128 0x1
 331 0042 13       		.uleb128 0x13
 332 0043 00       		.byte	0
 333 0044 00       		.byte	0
 334 0045 06       		.uleb128 0x6
 335 0046 0D       		.uleb128 0xd
 336 0047 00       		.byte	0
 337 0048 03       		.uleb128 0x3
 338 0049 0E       		.uleb128 0xe
 339 004a 3A       		.uleb128 0x3a
 340 004b 0B       		.uleb128 0xb
 341 004c 3B       		.uleb128 0x3b
 342 004d 0B       		.uleb128 0xb
 343 004e 49       		.uleb128 0x49
 344 004f 13       		.uleb128 0x13
 345 0050 38       		.uleb128 0x38
 346 0051 0B       		.uleb128 0xb
 347 0052 00       		.byte	0
 348 0053 00       		.byte	0
 349 0054 07       		.uleb128 0x7
 350 0055 2E       		.uleb128 0x2e
 351 0056 01       		.byte	0x1
ARM GAS  C:\Users\cring\AppData\Local\Temp\cc1b2s5e.s 			page 8


 352 0057 3F       		.uleb128 0x3f
 353 0058 19       		.uleb128 0x19
 354 0059 03       		.uleb128 0x3
 355 005a 0E       		.uleb128 0xe
 356 005b 3A       		.uleb128 0x3a
 357 005c 0B       		.uleb128 0xb
 358 005d 3B       		.uleb128 0x3b
 359 005e 0B       		.uleb128 0xb
 360 005f 27       		.uleb128 0x27
 361 0060 19       		.uleb128 0x19
 362 0061 49       		.uleb128 0x49
 363 0062 13       		.uleb128 0x13
 364 0063 8701     		.uleb128 0x87
 365 0065 19       		.uleb128 0x19
 366 0066 11       		.uleb128 0x11
 367 0067 01       		.uleb128 0x1
 368 0068 12       		.uleb128 0x12
 369 0069 06       		.uleb128 0x6
 370 006a 40       		.uleb128 0x40
 371 006b 18       		.uleb128 0x18
 372 006c 9742     		.uleb128 0x2117
 373 006e 19       		.uleb128 0x19
 374 006f 01       		.uleb128 0x1
 375 0070 13       		.uleb128 0x13
 376 0071 00       		.byte	0
 377 0072 00       		.byte	0
 378 0073 08       		.uleb128 0x8
 379 0074 898201   		.uleb128 0x4109
 380 0077 00       		.byte	0
 381 0078 11       		.uleb128 0x11
 382 0079 01       		.uleb128 0x1
 383 007a 31       		.uleb128 0x31
 384 007b 13       		.uleb128 0x13
 385 007c 00       		.byte	0
 386 007d 00       		.byte	0
 387 007e 09       		.uleb128 0x9
 388 007f 34       		.uleb128 0x34
 389 0080 00       		.byte	0
 390 0081 03       		.uleb128 0x3
 391 0082 0E       		.uleb128 0xe
 392 0083 3A       		.uleb128 0x3a
 393 0084 0B       		.uleb128 0xb
 394 0085 3B       		.uleb128 0x3b
 395 0086 05       		.uleb128 0x5
 396 0087 49       		.uleb128 0x49
 397 0088 13       		.uleb128 0x13
 398 0089 3F       		.uleb128 0x3f
 399 008a 19       		.uleb128 0x19
 400 008b 3C       		.uleb128 0x3c
 401 008c 19       		.uleb128 0x19
 402 008d 00       		.byte	0
 403 008e 00       		.byte	0
 404 008f 0A       		.uleb128 0xa
 405 0090 35       		.uleb128 0x35
 406 0091 00       		.byte	0
 407 0092 49       		.uleb128 0x49
 408 0093 13       		.uleb128 0x13
ARM GAS  C:\Users\cring\AppData\Local\Temp\cc1b2s5e.s 			page 9


 409 0094 00       		.byte	0
 410 0095 00       		.byte	0
 411 0096 0B       		.uleb128 0xb
 412 0097 34       		.uleb128 0x34
 413 0098 00       		.byte	0
 414 0099 03       		.uleb128 0x3
 415 009a 0E       		.uleb128 0xe
 416 009b 3A       		.uleb128 0x3a
 417 009c 0B       		.uleb128 0xb
 418 009d 3B       		.uleb128 0x3b
 419 009e 0B       		.uleb128 0xb
 420 009f 49       		.uleb128 0x49
 421 00a0 13       		.uleb128 0x13
 422 00a1 3F       		.uleb128 0x3f
 423 00a2 19       		.uleb128 0x19
 424 00a3 02       		.uleb128 0x2
 425 00a4 18       		.uleb128 0x18
 426 00a5 00       		.byte	0
 427 00a6 00       		.byte	0
 428 00a7 0C       		.uleb128 0xc
 429 00a8 2E       		.uleb128 0x2e
 430 00a9 00       		.byte	0
 431 00aa 3F       		.uleb128 0x3f
 432 00ab 19       		.uleb128 0x19
 433 00ac 3C       		.uleb128 0x3c
 434 00ad 19       		.uleb128 0x19
 435 00ae 6E       		.uleb128 0x6e
 436 00af 0E       		.uleb128 0xe
 437 00b0 03       		.uleb128 0x3
 438 00b1 0E       		.uleb128 0xe
 439 00b2 3A       		.uleb128 0x3a
 440 00b3 0B       		.uleb128 0xb
 441 00b4 3B       		.uleb128 0x3b
 442 00b5 0B       		.uleb128 0xb
 443 00b6 00       		.byte	0
 444 00b7 00       		.byte	0
 445 00b8 00       		.byte	0
 446              		.section	.debug_aranges,"",%progbits
 447 0000 1C000000 		.4byte	0x1c
 448 0004 0200     		.2byte	0x2
 449 0006 00000000 		.4byte	.Ldebug_info0
 450 000a 04       		.byte	0x4
 451 000b 00       		.byte	0
 452 000c 0000     		.2byte	0
 453 000e 0000     		.2byte	0
 454 0010 00000000 		.4byte	.LFB64
 455 0014 2C000000 		.4byte	.LFE64-.LFB64
 456 0018 00000000 		.4byte	0
 457 001c 00000000 		.4byte	0
 458              		.section	.debug_ranges,"",%progbits
 459              	.Ldebug_ranges0:
 460 0000 00000000 		.4byte	.LFB64
 461 0004 2C000000 		.4byte	.LFE64
 462 0008 00000000 		.4byte	0
 463 000c 00000000 		.4byte	0
 464              		.section	.debug_line,"",%progbits
 465              	.Ldebug_line0:
ARM GAS  C:\Users\cring\AppData\Local\Temp\cc1b2s5e.s 			page 10


 466 0000 93010000 		.section	.debug_str,"MS",%progbits,1
 466      02006D01 
 466      00000201 
 466      FB0E0D00 
 466      01010101 
 467              	.LASF20:
 468 0000 6973725F 		.ascii	"isr_uart_rx_StartEx\000"
 468      75617274 
 468      5F72785F 
 468      53746172 
 468      74457800 
 469              	.LASF21:
 470 0014 55415254 		.ascii	"UART_1_Start\000"
 470      5F315F53 
 470      74617274 
 470      00
 471              	.LASF22:
 472 0021 57656967 		.ascii	"WeightSensorsInit\000"
 472      68745365 
 472      6E736F72 
 472      73496E69 
 472      7400
 473              	.LASF12:
 474 0033 5F5F696E 		.ascii	"__int32_t\000"
 474      7433325F 
 474      7400
 475              	.LASF3:
 476 003d 73686F72 		.ascii	"short unsigned int\000"
 476      7420756E 
 476      7369676E 
 476      65642069 
 476      6E7400
 477              	.LASF14:
 478 0050 666C6F61 		.ascii	"float\000"
 478      7400
 479              	.LASF1:
 480 0056 756E7369 		.ascii	"unsigned char\000"
 480      676E6564 
 480      20636861 
 480      7200
 481              	.LASF25:
 482 0064 474E5520 		.ascii	"GNU C11 5.4.1 20160609 (release) [ARM/embedded-5-br"
 482      43313120 
 482      352E342E 
 482      31203230 
 482      31363036 
 483 0097 616E6368 		.ascii	"anch revision 237715] -mcpu=cortex-m3 -mthumb -g -O"
 483      20726576 
 483      6973696F 
 483      6E203233 
 483      37373135 
 484 00ca 67202D66 		.ascii	"g -ffunction-sections -ffat-lto-objects\000"
 484      66756E63 
 484      74696F6E 
 484      2D736563 
 484      74696F6E 
 485              	.LASF5:
ARM GAS  C:\Users\cring\AppData\Local\Temp\cc1b2s5e.s 			page 11


 486 00f2 6C6F6E67 		.ascii	"long unsigned int\000"
 486      20756E73 
 486      69676E65 
 486      6420696E 
 486      7400
 487              	.LASF28:
 488 0104 42757474 		.ascii	"ButtonPushed\000"
 488      6F6E5075 
 488      73686564 
 488      00
 489              	.LASF27:
 490 0111 433A5C55 		.ascii	"C:\\Users\\cring\\OneDrive - Aarhus universitet\\Un"
 490      73657273 
 490      5C637269 
 490      6E675C4F 
 490      6E654472 
 491 0140 695C332E 		.ascii	"i\\3. Semester\\PRJ3\\KODE\\ProjektMain\\Hovedprogr"
 491      2053656D 
 491      65737465 
 491      725C5052 
 491      4A335C4B 
 492 016e 616D2E63 		.ascii	"am.cydsn\000"
 492      7964736E 
 492      00
 493              	.LASF17:
 494 0177 49544D5F 		.ascii	"ITM_RxBuffer\000"
 494      52784275 
 494      66666572 
 494      00
 495              	.LASF24:
 496 0184 4F757470 		.ascii	"Output_logic\000"
 496      75745F6C 
 496      6F676963 
 496      00
 497              	.LASF15:
 498 0191 646F7562 		.ascii	"double\000"
 498      6C6500
 499              	.LASF29:
 500 0198 6D61696E 		.ascii	"main\000"
 500      00
 501              	.LASF8:
 502 019d 756E7369 		.ascii	"unsigned int\000"
 502      676E6564 
 502      20696E74 
 502      00
 503              	.LASF7:
 504 01aa 6C6F6E67 		.ascii	"long long unsigned int\000"
 504      206C6F6E 
 504      6720756E 
 504      7369676E 
 504      65642069 
 505              	.LASF13:
 506 01c1 696E7433 		.ascii	"int32_t\000"
 506      325F7400 
 507              	.LASF10:
 508 01c9 73697A65 		.ascii	"sizetype\000"
 508      74797065 
ARM GAS  C:\Users\cring\AppData\Local\Temp\cc1b2s5e.s 			page 12


 508      00
 509              	.LASF6:
 510 01d2 6C6F6E67 		.ascii	"long long int\000"
 510      206C6F6E 
 510      6720696E 
 510      7400
 511              	.LASF26:
 512 01e0 6D61696E 		.ascii	"main.c\000"
 512      2E6300
 513              	.LASF11:
 514 01e7 63686172 		.ascii	"char\000"
 514      00
 515              	.LASF2:
 516 01ec 73686F72 		.ascii	"short int\000"
 516      7420696E 
 516      7400
 517              	.LASF16:
 518 01f6 42757474 		.ascii	"Button\000"
 518      6F6E00
 519              	.LASF19:
 520 01fd 6973725F 		.ascii	"isr_button_StartEx\000"
 520      62757474 
 520      6F6E5F53 
 520      74617274 
 520      457800
 521              	.LASF4:
 522 0210 6C6F6E67 		.ascii	"long int\000"
 522      20696E74 
 522      00
 523              	.LASF18:
 524 0219 42507074 		.ascii	"BPptr\000"
 524      7200
 525              	.LASF9:
 526 021f 6C6F6E67 		.ascii	"long double\000"
 526      20646F75 
 526      626C6500 
 527              	.LASF0:
 528 022b 7369676E 		.ascii	"signed char\000"
 528      65642063 
 528      68617200 
 529              	.LASF23:
 530 0237 4E657874 		.ascii	"Next_state_Logic\000"
 530      5F737461 
 530      74655F4C 
 530      6F676963 
 530      00
 531              		.ident	"GCC: (GNU Tools for ARM Embedded Processors) 5.4.1 20160609 (release) [ARM/embedded-5-bran
