ARM GAS  C:\Users\cring\AppData\Local\Temp\ccf9vm8K.s 			page 1


   1              		.syntax unified
   2              		.cpu cortex-m3
   3              		.fpu softvfp
   4              		.eabi_attribute 20, 1
   5              		.eabi_attribute 21, 1
   6              		.eabi_attribute 23, 3
   7              		.eabi_attribute 24, 1
   8              		.eabi_attribute 25, 1
   9              		.eabi_attribute 26, 1
  10              		.eabi_attribute 30, 1
  11              		.eabi_attribute 34, 1
  12              		.eabi_attribute 18, 4
  13              		.thumb
  14              		.syntax unified
  15              		.file	"SPI_Master.c"
  16              		.text
  17              	.Ltext0:
  18              		.cfi_sections	.debug_frame
  19              		.section	.text.isr_spi_rx,"ax",%progbits
  20              		.align	2
  21              		.global	isr_spi_rx
  22              		.thumb
  23              		.thumb_func
  24              		.type	isr_spi_rx, %function
  25              	isr_spi_rx:
  26              	.LFB65:
  27              		.file 1 "SPI_Master.c"
   1:SPI_Master.c  **** /* ========================================
   2:SPI_Master.c  ****  *
   3:SPI_Master.c  ****  * Copyright YOUR COMPANY, THE YEAR
   4:SPI_Master.c  ****  * All Rights Reserved
   5:SPI_Master.c  ****  * UNPUBLISHED, LICENSED SOFTWARE.
   6:SPI_Master.c  ****  *
   7:SPI_Master.c  ****  * CONFIDENTIAL AND PROPRIETARY INFORMATION
   8:SPI_Master.c  ****  * WHICH IS THE PROPERTY OF your company.
   9:SPI_Master.c  ****  *
  10:SPI_Master.c  ****  * ========================================
  11:SPI_Master.c  **** */
  12:SPI_Master.c  **** #include "SPI_Master.h"
  13:SPI_Master.c  **** 
  14:SPI_Master.c  **** int rxFlag = 0;
  15:SPI_Master.c  **** int tx[2];
  16:SPI_Master.c  **** 
  17:SPI_Master.c  **** void SPIS_initSPI(){         //make spi ready to work...
  18:SPI_Master.c  ****     SPI_int_Write(0);
  19:SPI_Master.c  ****     SPIS_Start();
  20:SPI_Master.c  **** //    SPIS_ClearTxBuffer();
  21:SPI_Master.c  **** //    SPIS_ClearFIFO();
  22:SPI_Master.c  ****     rx_isr_StartEx(isr_spi_rx);
  23:SPI_Master.c  **** }
  24:SPI_Master.c  **** 
  25:SPI_Master.c  **** void SPIS_sendData(int sek, int ms){
  26:SPI_Master.c  ****     tx[0] = sek;
  27:SPI_Master.c  ****     tx[1] = (sek%2) == 0 ? (ms<<2) : ((ms<<2) | 0b10);        //sek parity
  28:SPI_Master.c  ****     tx[1] = (ms%2) == 0 ? tx[1] : (tx[1] | 0b01);             //ms parity
  29:SPI_Master.c  ****     
  30:SPI_Master.c  ****     //send interrupt to SPIM
ARM GAS  C:\Users\cring\AppData\Local\Temp\ccf9vm8K.s 			page 2


  31:SPI_Master.c  ****     SPI_int_Write(255);
  32:SPI_Master.c  ****     //send chugtime(data) to tx ready to send
  33:SPI_Master.c  ****     //LED_tester_Write(0);
  34:SPI_Master.c  **** //    rx_isr_Enable();
  35:SPI_Master.c  **** }
  36:SPI_Master.c  **** 
  37:SPI_Master.c  **** CY_ISR(isr_spi_rx){
  28              		.loc 1 37 0
  29              		.cfi_startproc
  30              		@ args = 0, pretend = 0, frame = 0
  31              		@ frame_needed = 0, uses_anonymous_args = 0
  32 0000 08B5     		push	{r3, lr}
  33              		.cfi_def_cfa_offset 8
  34              		.cfi_offset 3, -8
  35              		.cfi_offset 14, -4
  38:SPI_Master.c  ****     SPI_int_Write(0);
  36              		.loc 1 38 0
  37 0002 0020     		movs	r0, #0
  38 0004 FFF7FEFF 		bl	SPI_int_Write
  39              	.LVL0:
  39:SPI_Master.c  ****     uint8 SPIDATA = SPIS_ReadRxData();
  40              		.loc 1 39 0
  41 0008 FFF7FEFF 		bl	SPIS_ReadRxData
  42              	.LVL1:
  40:SPI_Master.c  ****     
  41:SPI_Master.c  ****     switch(SPIDATA){
  43              		.loc 1 41 0
  44 000c 1028     		cmp	r0, #16
  45 000e 06D0     		beq	.L3
  46 0010 2028     		cmp	r0, #32
  47 0012 09D1     		bne	.L6
  42:SPI_Master.c  ****         case 0x20 :
  43:SPI_Master.c  ****         {
  44:SPI_Master.c  ****             SPIS_WriteTxData(tx[0]);    //sek
  48              		.loc 1 44 0
  49 0014 064B     		ldr	r3, .L8
  50 0016 1878     		ldrb	r0, [r3]	@ zero_extendqisi2
  51              	.LVL2:
  52 0018 FFF7FEFF 		bl	SPIS_WriteTxData
  53              	.LVL3:
  45:SPI_Master.c  ****         }
  46:SPI_Master.c  ****         break;
  54              		.loc 1 46 0
  55 001c 08BD     		pop	{r3, pc}
  56              	.LVL4:
  57              	.L3:
  47:SPI_Master.c  ****         case 0x10 :
  48:SPI_Master.c  ****         {
  49:SPI_Master.c  ****             SPIS_WriteTxData(tx[1]);    //ms
  58              		.loc 1 49 0
  59 001e 044B     		ldr	r3, .L8
  60 0020 1879     		ldrb	r0, [r3, #4]	@ zero_extendqisi2
  61              	.LVL5:
  62 0022 FFF7FEFF 		bl	SPIS_WriteTxData
  63              	.LVL6:
  50:SPI_Master.c  ****         }
  51:SPI_Master.c  ****         break;
ARM GAS  C:\Users\cring\AppData\Local\Temp\ccf9vm8K.s 			page 3


  64              		.loc 1 51 0
  65 0026 08BD     		pop	{r3, pc}
  66              	.LVL7:
  67              	.L6:
  52:SPI_Master.c  ****         default :
  53:SPI_Master.c  ****         {
  54:SPI_Master.c  ****             SPIS_WriteTxData(SPIDATA);     //echo
  68              		.loc 1 54 0
  69 0028 FFF7FEFF 		bl	SPIS_WriteTxData
  70              	.LVL8:
  71 002c 08BD     		pop	{r3, pc}
  72              	.L9:
  73 002e 00BF     		.align	2
  74              	.L8:
  75 0030 00000000 		.word	tx
  76              		.cfi_endproc
  77              	.LFE65:
  78              		.size	isr_spi_rx, .-isr_spi_rx
  79              		.section	.text.SPIS_initSPI,"ax",%progbits
  80              		.align	2
  81              		.global	SPIS_initSPI
  82              		.thumb
  83              		.thumb_func
  84              		.type	SPIS_initSPI, %function
  85              	SPIS_initSPI:
  86              	.LFB63:
  17:SPI_Master.c  ****     SPI_int_Write(0);
  87              		.loc 1 17 0
  88              		.cfi_startproc
  89              		@ args = 0, pretend = 0, frame = 0
  90              		@ frame_needed = 0, uses_anonymous_args = 0
  91 0000 08B5     		push	{r3, lr}
  92              		.cfi_def_cfa_offset 8
  93              		.cfi_offset 3, -8
  94              		.cfi_offset 14, -4
  18:SPI_Master.c  ****     SPIS_Start();
  95              		.loc 1 18 0
  96 0002 0020     		movs	r0, #0
  97 0004 FFF7FEFF 		bl	SPI_int_Write
  98              	.LVL9:
  19:SPI_Master.c  **** //    SPIS_ClearTxBuffer();
  99              		.loc 1 19 0
 100 0008 FFF7FEFF 		bl	SPIS_Start
 101              	.LVL10:
  22:SPI_Master.c  **** }
 102              		.loc 1 22 0
 103 000c 0148     		ldr	r0, .L12
 104 000e FFF7FEFF 		bl	rx_isr_StartEx
 105              	.LVL11:
 106 0012 08BD     		pop	{r3, pc}
 107              	.L13:
 108              		.align	2
 109              	.L12:
 110 0014 00000000 		.word	isr_spi_rx
 111              		.cfi_endproc
 112              	.LFE63:
 113              		.size	SPIS_initSPI, .-SPIS_initSPI
ARM GAS  C:\Users\cring\AppData\Local\Temp\ccf9vm8K.s 			page 4


 114              		.section	.text.SPIS_sendData,"ax",%progbits
 115              		.align	2
 116              		.global	SPIS_sendData
 117              		.thumb
 118              		.thumb_func
 119              		.type	SPIS_sendData, %function
 120              	SPIS_sendData:
 121              	.LFB64:
  25:SPI_Master.c  ****     tx[0] = sek;
 122              		.loc 1 25 0
 123              		.cfi_startproc
 124              		@ args = 0, pretend = 0, frame = 0
 125              		@ frame_needed = 0, uses_anonymous_args = 0
 126              	.LVL12:
 127 0000 08B5     		push	{r3, lr}
 128              		.cfi_def_cfa_offset 8
 129              		.cfi_offset 3, -8
 130              		.cfi_offset 14, -4
  26:SPI_Master.c  ****     tx[1] = (sek%2) == 0 ? (ms<<2) : ((ms<<2) | 0b10);        //sek parity
 131              		.loc 1 26 0
 132 0002 0A4B     		ldr	r3, .L19
 133 0004 1860     		str	r0, [r3]
  27:SPI_Master.c  ****     tx[1] = (ms%2) == 0 ? tx[1] : (tx[1] | 0b01);             //ms parity
 134              		.loc 1 27 0
 135 0006 10F0010F 		tst	r0, #1
 136 000a 01D1     		bne	.L15
  27:SPI_Master.c  ****     tx[1] = (ms%2) == 0 ? tx[1] : (tx[1] | 0b01);             //ms parity
 137              		.loc 1 27 0 is_stmt 0 discriminator 1
 138 000c 8B00     		lsls	r3, r1, #2
 139 000e 02E0     		b	.L16
 140              	.L15:
  27:SPI_Master.c  ****     tx[1] = (ms%2) == 0 ? tx[1] : (tx[1] | 0b01);             //ms parity
 141              		.loc 1 27 0 discriminator 2
 142 0010 8B00     		lsls	r3, r1, #2
 143 0012 43F00203 		orr	r3, r3, #2
 144              	.L16:
  28:SPI_Master.c  ****     
 145              		.loc 1 28 0 is_stmt 1 discriminator 4
 146 0016 11F0010F 		tst	r1, #1
 147 001a 01D0     		beq	.L17
  28:SPI_Master.c  ****     
 148              		.loc 1 28 0 is_stmt 0 discriminator 2
 149 001c 43F00103 		orr	r3, r3, #1
 150              	.L17:
  28:SPI_Master.c  ****     
 151              		.loc 1 28 0 discriminator 4
 152 0020 024A     		ldr	r2, .L19
 153 0022 5360     		str	r3, [r2, #4]
  31:SPI_Master.c  ****     //send chugtime(data) to tx ready to send
 154              		.loc 1 31 0 is_stmt 1 discriminator 4
 155 0024 FF20     		movs	r0, #255
 156              	.LVL13:
 157 0026 FFF7FEFF 		bl	SPI_int_Write
 158              	.LVL14:
 159 002a 08BD     		pop	{r3, pc}
 160              	.L20:
 161              		.align	2
ARM GAS  C:\Users\cring\AppData\Local\Temp\ccf9vm8K.s 			page 5


 162              	.L19:
 163 002c 00000000 		.word	tx
 164              		.cfi_endproc
 165              	.LFE64:
 166              		.size	SPIS_sendData, .-SPIS_sendData
 167              		.comm	tx,8,4
 168              		.global	rxFlag
 169              		.bss
 170              		.align	2
 171              		.type	rxFlag, %object
 172              		.size	rxFlag, 4
 173              	rxFlag:
 174 0000 00000000 		.space	4
 175              		.text
 176              	.Letext0:
 177              		.file 2 "c:\\program files (x86)\\cypress\\psoc creator\\4.3\\psoc creator\\import\\gnu\\arm\\5.4.
 178              		.file 3 "c:\\program files (x86)\\cypress\\psoc creator\\4.3\\psoc creator\\import\\gnu\\arm\\5.4.
 179              		.file 4 "Generated_Source\\PSoC5/cytypes.h"
 180              		.file 5 "Generated_Source\\PSoC5/core_cm3.h"
 181              		.file 6 "Generated_Source\\PSoC5/SPI_int.h"
 182              		.file 7 "Generated_Source\\PSoC5/SPIS.h"
 183              		.file 8 "Generated_Source\\PSoC5/rx_isr.h"
 184              		.section	.debug_info,"",%progbits
 185              	.Ldebug_info0:
 186 0000 0A020000 		.4byte	0x20a
 187 0004 0400     		.2byte	0x4
 188 0006 00000000 		.4byte	.Ldebug_abbrev0
 189 000a 04       		.byte	0x4
 190 000b 01       		.uleb128 0x1
 191 000c 3D010000 		.4byte	.LASF26
 192 0010 0C       		.byte	0xc
 193 0011 29010000 		.4byte	.LASF27
 194 0015 BF000000 		.4byte	.LASF28
 195 0019 00000000 		.4byte	.Ldebug_ranges0+0
 196 001d 00000000 		.4byte	0
 197 0021 00000000 		.4byte	.Ldebug_line0
 198 0025 02       		.uleb128 0x2
 199 0026 01       		.byte	0x1
 200 0027 06       		.byte	0x6
 201 0028 23020000 		.4byte	.LASF0
 202 002c 02       		.uleb128 0x2
 203 002d 01       		.byte	0x1
 204 002e 08       		.byte	0x8
 205 002f 54000000 		.4byte	.LASF1
 206 0033 02       		.uleb128 0x2
 207 0034 02       		.byte	0x2
 208 0035 05       		.byte	0x5
 209 0036 EF010000 		.4byte	.LASF2
 210 003a 02       		.uleb128 0x2
 211 003b 02       		.byte	0x2
 212 003c 07       		.byte	0x7
 213 003d 74000000 		.4byte	.LASF3
 214 0041 03       		.uleb128 0x3
 215 0042 0B000000 		.4byte	.LASF9
 216 0046 02       		.byte	0x2
 217 0047 3F       		.byte	0x3f
 218 0048 4C000000 		.4byte	0x4c
ARM GAS  C:\Users\cring\AppData\Local\Temp\ccf9vm8K.s 			page 6


 219 004c 02       		.uleb128 0x2
 220 004d 04       		.byte	0x4
 221 004e 05       		.byte	0x5
 222 004f 0E020000 		.4byte	.LASF4
 223 0053 02       		.uleb128 0x2
 224 0054 04       		.byte	0x4
 225 0055 07       		.byte	0x7
 226 0056 62000000 		.4byte	.LASF5
 227 005a 02       		.uleb128 0x2
 228 005b 08       		.byte	0x8
 229 005c 05       		.byte	0x5
 230 005d DC010000 		.4byte	.LASF6
 231 0061 02       		.uleb128 0x2
 232 0062 08       		.byte	0x8
 233 0063 07       		.byte	0x7
 234 0064 12010000 		.4byte	.LASF7
 235 0068 04       		.uleb128 0x4
 236 0069 04       		.byte	0x4
 237 006a 05       		.byte	0x5
 238 006b 696E7400 		.ascii	"int\000"
 239 006f 02       		.uleb128 0x2
 240 0070 04       		.byte	0x4
 241 0071 07       		.byte	0x7
 242 0072 05010000 		.4byte	.LASF8
 243 0076 03       		.uleb128 0x3
 244 0077 CB010000 		.4byte	.LASF10
 245 007b 03       		.byte	0x3
 246 007c 2C       		.byte	0x2c
 247 007d 41000000 		.4byte	0x41
 248 0081 05       		.uleb128 0x5
 249 0082 F9010000 		.4byte	.LASF11
 250 0086 04       		.byte	0x4
 251 0087 E401     		.2byte	0x1e4
 252 0089 2C000000 		.4byte	0x2c
 253 008d 02       		.uleb128 0x2
 254 008e 04       		.byte	0x4
 255 008f 04       		.byte	0x4
 256 0090 4E000000 		.4byte	.LASF12
 257 0094 02       		.uleb128 0x2
 258 0095 08       		.byte	0x8
 259 0096 04       		.byte	0x4
 260 0097 A2000000 		.4byte	.LASF13
 261 009b 02       		.uleb128 0x2
 262 009c 01       		.byte	0x1
 263 009d 08       		.byte	0x8
 264 009e EA010000 		.4byte	.LASF14
 265 00a2 02       		.uleb128 0x2
 266 00a3 08       		.byte	0x8
 267 00a4 04       		.byte	0x4
 268 00a5 17020000 		.4byte	.LASF15
 269 00a9 02       		.uleb128 0x2
 270 00aa 04       		.byte	0x4
 271 00ab 07       		.byte	0x7
 272 00ac D3010000 		.4byte	.LASF16
 273 00b0 06       		.uleb128 0x6
 274 00b1 36000000 		.4byte	.LASF17
 275 00b5 01       		.byte	0x1
ARM GAS  C:\Users\cring\AppData\Local\Temp\ccf9vm8K.s 			page 7


 276 00b6 25       		.byte	0x25
 277 00b7 00000000 		.4byte	.LFB65
 278 00bb 34000000 		.4byte	.LFE65-.LFB65
 279 00bf 01       		.uleb128 0x1
 280 00c0 9C       		.byte	0x9c
 281 00c1 0C010000 		.4byte	0x10c
 282 00c5 07       		.uleb128 0x7
 283 00c6 B7000000 		.4byte	.LASF29
 284 00ca 01       		.byte	0x1
 285 00cb 27       		.byte	0x27
 286 00cc 81000000 		.4byte	0x81
 287 00d0 00000000 		.4byte	.LLST0
 288 00d4 08       		.uleb128 0x8
 289 00d5 08000000 		.4byte	.LVL0
 290 00d9 D6010000 		.4byte	0x1d6
 291 00dd E7000000 		.4byte	0xe7
 292 00e1 09       		.uleb128 0x9
 293 00e2 01       		.uleb128 0x1
 294 00e3 50       		.byte	0x50
 295 00e4 01       		.uleb128 0x1
 296 00e5 30       		.byte	0x30
 297 00e6 00       		.byte	0
 298 00e7 0A       		.uleb128 0xa
 299 00e8 0C000000 		.4byte	.LVL1
 300 00ec E1010000 		.4byte	0x1e1
 301 00f0 0A       		.uleb128 0xa
 302 00f1 1C000000 		.4byte	.LVL3
 303 00f5 EC010000 		.4byte	0x1ec
 304 00f9 0A       		.uleb128 0xa
 305 00fa 26000000 		.4byte	.LVL6
 306 00fe EC010000 		.4byte	0x1ec
 307 0102 0A       		.uleb128 0xa
 308 0103 2C000000 		.4byte	.LVL8
 309 0107 EC010000 		.4byte	0x1ec
 310 010b 00       		.byte	0
 311 010c 0B       		.uleb128 0xb
 312 010d 41000000 		.4byte	.LASF30
 313 0111 01       		.byte	0x1
 314 0112 11       		.byte	0x11
 315 0113 00000000 		.4byte	.LFB63
 316 0117 18000000 		.4byte	.LFE63-.LFB63
 317 011b 01       		.uleb128 0x1
 318 011c 9C       		.byte	0x9c
 319 011d 51010000 		.4byte	0x151
 320 0121 08       		.uleb128 0x8
 321 0122 08000000 		.4byte	.LVL9
 322 0126 D6010000 		.4byte	0x1d6
 323 012a 34010000 		.4byte	0x134
 324 012e 09       		.uleb128 0x9
 325 012f 01       		.uleb128 0x1
 326 0130 50       		.byte	0x50
 327 0131 01       		.uleb128 0x1
 328 0132 30       		.byte	0x30
 329 0133 00       		.byte	0
 330 0134 0A       		.uleb128 0xa
 331 0135 0C000000 		.4byte	.LVL10
 332 0139 F7010000 		.4byte	0x1f7
ARM GAS  C:\Users\cring\AppData\Local\Temp\ccf9vm8K.s 			page 8


 333 013d 0C       		.uleb128 0xc
 334 013e 12000000 		.4byte	.LVL11
 335 0142 02020000 		.4byte	0x202
 336 0146 09       		.uleb128 0x9
 337 0147 01       		.uleb128 0x1
 338 0148 50       		.byte	0x50
 339 0149 05       		.uleb128 0x5
 340 014a 03       		.byte	0x3
 341 014b 00000000 		.4byte	isr_spi_rx
 342 014f 00       		.byte	0
 343 0150 00       		.byte	0
 344 0151 06       		.uleb128 0x6
 345 0152 87000000 		.4byte	.LASF18
 346 0156 01       		.byte	0x1
 347 0157 19       		.byte	0x19
 348 0158 00000000 		.4byte	.LFB64
 349 015c 30000000 		.4byte	.LFE64-.LFB64
 350 0160 01       		.uleb128 0x1
 351 0161 9C       		.byte	0x9c
 352 0162 94010000 		.4byte	0x194
 353 0166 0D       		.uleb128 0xd
 354 0167 73656B00 		.ascii	"sek\000"
 355 016b 01       		.byte	0x1
 356 016c 19       		.byte	0x19
 357 016d 68000000 		.4byte	0x68
 358 0171 29000000 		.4byte	.LLST1
 359 0175 0D       		.uleb128 0xd
 360 0176 6D7300   		.ascii	"ms\000"
 361 0179 01       		.byte	0x1
 362 017a 19       		.byte	0x19
 363 017b 68000000 		.4byte	0x68
 364 017f 59000000 		.4byte	.LLST2
 365 0183 0C       		.uleb128 0xc
 366 0184 2A000000 		.4byte	.LVL14
 367 0188 D6010000 		.4byte	0x1d6
 368 018c 09       		.uleb128 0x9
 369 018d 01       		.uleb128 0x1
 370 018e 50       		.byte	0x50
 371 018f 02       		.uleb128 0x2
 372 0190 09       		.byte	0x9
 373 0191 FF       		.byte	0xff
 374 0192 00       		.byte	0
 375 0193 00       		.byte	0
 376 0194 0E       		.uleb128 0xe
 377 0195 95000000 		.4byte	.LASF19
 378 0199 05       		.byte	0x5
 379 019a 1207     		.2byte	0x712
 380 019c A0010000 		.4byte	0x1a0
 381 01a0 0F       		.uleb128 0xf
 382 01a1 76000000 		.4byte	0x76
 383 01a5 10       		.uleb128 0x10
 384 01a6 36010000 		.4byte	.LASF20
 385 01aa 01       		.byte	0x1
 386 01ab 0E       		.byte	0xe
 387 01ac 68000000 		.4byte	0x68
 388 01b0 05       		.uleb128 0x5
 389 01b1 03       		.byte	0x3
ARM GAS  C:\Users\cring\AppData\Local\Temp\ccf9vm8K.s 			page 9


 390 01b2 00000000 		.4byte	rxFlag
 391 01b6 11       		.uleb128 0x11
 392 01b7 68000000 		.4byte	0x68
 393 01bb C6010000 		.4byte	0x1c6
 394 01bf 12       		.uleb128 0x12
 395 01c0 A9000000 		.4byte	0xa9
 396 01c4 01       		.byte	0x1
 397 01c5 00       		.byte	0
 398 01c6 13       		.uleb128 0x13
 399 01c7 747800   		.ascii	"tx\000"
 400 01ca 01       		.byte	0x1
 401 01cb 0F       		.byte	0xf
 402 01cc B6010000 		.4byte	0x1b6
 403 01d0 05       		.uleb128 0x5
 404 01d1 03       		.byte	0x3
 405 01d2 00000000 		.4byte	tx
 406 01d6 14       		.uleb128 0x14
 407 01d7 A9000000 		.4byte	.LASF21
 408 01db A9000000 		.4byte	.LASF21
 409 01df 06       		.byte	0x6
 410 01e0 26       		.byte	0x26
 411 01e1 14       		.uleb128 0x14
 412 01e2 26000000 		.4byte	.LASF22
 413 01e6 26000000 		.4byte	.LASF22
 414 01ea 07       		.byte	0x7
 415 01eb 57       		.byte	0x57
 416 01ec 14       		.uleb128 0x14
 417 01ed 15000000 		.4byte	.LASF23
 418 01f1 15000000 		.4byte	.LASF23
 419 01f5 07       		.byte	0x7
 420 01f6 50       		.byte	0x50
 421 01f7 14       		.uleb128 0x14
 422 01f8 00000000 		.4byte	.LASF24
 423 01fc 00000000 		.4byte	.LASF24
 424 0200 07       		.byte	0x7
 425 0201 46       		.byte	0x46
 426 0202 14       		.uleb128 0x14
 427 0203 FF010000 		.4byte	.LASF25
 428 0207 FF010000 		.4byte	.LASF25
 429 020b 08       		.byte	0x8
 430 020c 18       		.byte	0x18
 431 020d 00       		.byte	0
 432              		.section	.debug_abbrev,"",%progbits
 433              	.Ldebug_abbrev0:
 434 0000 01       		.uleb128 0x1
 435 0001 11       		.uleb128 0x11
 436 0002 01       		.byte	0x1
 437 0003 25       		.uleb128 0x25
 438 0004 0E       		.uleb128 0xe
 439 0005 13       		.uleb128 0x13
 440 0006 0B       		.uleb128 0xb
 441 0007 03       		.uleb128 0x3
 442 0008 0E       		.uleb128 0xe
 443 0009 1B       		.uleb128 0x1b
 444 000a 0E       		.uleb128 0xe
 445 000b 55       		.uleb128 0x55
 446 000c 17       		.uleb128 0x17
ARM GAS  C:\Users\cring\AppData\Local\Temp\ccf9vm8K.s 			page 10


 447 000d 11       		.uleb128 0x11
 448 000e 01       		.uleb128 0x1
 449 000f 10       		.uleb128 0x10
 450 0010 17       		.uleb128 0x17
 451 0011 00       		.byte	0
 452 0012 00       		.byte	0
 453 0013 02       		.uleb128 0x2
 454 0014 24       		.uleb128 0x24
 455 0015 00       		.byte	0
 456 0016 0B       		.uleb128 0xb
 457 0017 0B       		.uleb128 0xb
 458 0018 3E       		.uleb128 0x3e
 459 0019 0B       		.uleb128 0xb
 460 001a 03       		.uleb128 0x3
 461 001b 0E       		.uleb128 0xe
 462 001c 00       		.byte	0
 463 001d 00       		.byte	0
 464 001e 03       		.uleb128 0x3
 465 001f 16       		.uleb128 0x16
 466 0020 00       		.byte	0
 467 0021 03       		.uleb128 0x3
 468 0022 0E       		.uleb128 0xe
 469 0023 3A       		.uleb128 0x3a
 470 0024 0B       		.uleb128 0xb
 471 0025 3B       		.uleb128 0x3b
 472 0026 0B       		.uleb128 0xb
 473 0027 49       		.uleb128 0x49
 474 0028 13       		.uleb128 0x13
 475 0029 00       		.byte	0
 476 002a 00       		.byte	0
 477 002b 04       		.uleb128 0x4
 478 002c 24       		.uleb128 0x24
 479 002d 00       		.byte	0
 480 002e 0B       		.uleb128 0xb
 481 002f 0B       		.uleb128 0xb
 482 0030 3E       		.uleb128 0x3e
 483 0031 0B       		.uleb128 0xb
 484 0032 03       		.uleb128 0x3
 485 0033 08       		.uleb128 0x8
 486 0034 00       		.byte	0
 487 0035 00       		.byte	0
 488 0036 05       		.uleb128 0x5
 489 0037 16       		.uleb128 0x16
 490 0038 00       		.byte	0
 491 0039 03       		.uleb128 0x3
 492 003a 0E       		.uleb128 0xe
 493 003b 3A       		.uleb128 0x3a
 494 003c 0B       		.uleb128 0xb
 495 003d 3B       		.uleb128 0x3b
 496 003e 05       		.uleb128 0x5
 497 003f 49       		.uleb128 0x49
 498 0040 13       		.uleb128 0x13
 499 0041 00       		.byte	0
 500 0042 00       		.byte	0
 501 0043 06       		.uleb128 0x6
 502 0044 2E       		.uleb128 0x2e
 503 0045 01       		.byte	0x1
ARM GAS  C:\Users\cring\AppData\Local\Temp\ccf9vm8K.s 			page 11


 504 0046 3F       		.uleb128 0x3f
 505 0047 19       		.uleb128 0x19
 506 0048 03       		.uleb128 0x3
 507 0049 0E       		.uleb128 0xe
 508 004a 3A       		.uleb128 0x3a
 509 004b 0B       		.uleb128 0xb
 510 004c 3B       		.uleb128 0x3b
 511 004d 0B       		.uleb128 0xb
 512 004e 27       		.uleb128 0x27
 513 004f 19       		.uleb128 0x19
 514 0050 11       		.uleb128 0x11
 515 0051 01       		.uleb128 0x1
 516 0052 12       		.uleb128 0x12
 517 0053 06       		.uleb128 0x6
 518 0054 40       		.uleb128 0x40
 519 0055 18       		.uleb128 0x18
 520 0056 9742     		.uleb128 0x2117
 521 0058 19       		.uleb128 0x19
 522 0059 01       		.uleb128 0x1
 523 005a 13       		.uleb128 0x13
 524 005b 00       		.byte	0
 525 005c 00       		.byte	0
 526 005d 07       		.uleb128 0x7
 527 005e 34       		.uleb128 0x34
 528 005f 00       		.byte	0
 529 0060 03       		.uleb128 0x3
 530 0061 0E       		.uleb128 0xe
 531 0062 3A       		.uleb128 0x3a
 532 0063 0B       		.uleb128 0xb
 533 0064 3B       		.uleb128 0x3b
 534 0065 0B       		.uleb128 0xb
 535 0066 49       		.uleb128 0x49
 536 0067 13       		.uleb128 0x13
 537 0068 02       		.uleb128 0x2
 538 0069 17       		.uleb128 0x17
 539 006a 00       		.byte	0
 540 006b 00       		.byte	0
 541 006c 08       		.uleb128 0x8
 542 006d 898201   		.uleb128 0x4109
 543 0070 01       		.byte	0x1
 544 0071 11       		.uleb128 0x11
 545 0072 01       		.uleb128 0x1
 546 0073 31       		.uleb128 0x31
 547 0074 13       		.uleb128 0x13
 548 0075 01       		.uleb128 0x1
 549 0076 13       		.uleb128 0x13
 550 0077 00       		.byte	0
 551 0078 00       		.byte	0
 552 0079 09       		.uleb128 0x9
 553 007a 8A8201   		.uleb128 0x410a
 554 007d 00       		.byte	0
 555 007e 02       		.uleb128 0x2
 556 007f 18       		.uleb128 0x18
 557 0080 9142     		.uleb128 0x2111
 558 0082 18       		.uleb128 0x18
 559 0083 00       		.byte	0
 560 0084 00       		.byte	0
ARM GAS  C:\Users\cring\AppData\Local\Temp\ccf9vm8K.s 			page 12


 561 0085 0A       		.uleb128 0xa
 562 0086 898201   		.uleb128 0x4109
 563 0089 00       		.byte	0
 564 008a 11       		.uleb128 0x11
 565 008b 01       		.uleb128 0x1
 566 008c 31       		.uleb128 0x31
 567 008d 13       		.uleb128 0x13
 568 008e 00       		.byte	0
 569 008f 00       		.byte	0
 570 0090 0B       		.uleb128 0xb
 571 0091 2E       		.uleb128 0x2e
 572 0092 01       		.byte	0x1
 573 0093 3F       		.uleb128 0x3f
 574 0094 19       		.uleb128 0x19
 575 0095 03       		.uleb128 0x3
 576 0096 0E       		.uleb128 0xe
 577 0097 3A       		.uleb128 0x3a
 578 0098 0B       		.uleb128 0xb
 579 0099 3B       		.uleb128 0x3b
 580 009a 0B       		.uleb128 0xb
 581 009b 11       		.uleb128 0x11
 582 009c 01       		.uleb128 0x1
 583 009d 12       		.uleb128 0x12
 584 009e 06       		.uleb128 0x6
 585 009f 40       		.uleb128 0x40
 586 00a0 18       		.uleb128 0x18
 587 00a1 9742     		.uleb128 0x2117
 588 00a3 19       		.uleb128 0x19
 589 00a4 01       		.uleb128 0x1
 590 00a5 13       		.uleb128 0x13
 591 00a6 00       		.byte	0
 592 00a7 00       		.byte	0
 593 00a8 0C       		.uleb128 0xc
 594 00a9 898201   		.uleb128 0x4109
 595 00ac 01       		.byte	0x1
 596 00ad 11       		.uleb128 0x11
 597 00ae 01       		.uleb128 0x1
 598 00af 31       		.uleb128 0x31
 599 00b0 13       		.uleb128 0x13
 600 00b1 00       		.byte	0
 601 00b2 00       		.byte	0
 602 00b3 0D       		.uleb128 0xd
 603 00b4 05       		.uleb128 0x5
 604 00b5 00       		.byte	0
 605 00b6 03       		.uleb128 0x3
 606 00b7 08       		.uleb128 0x8
 607 00b8 3A       		.uleb128 0x3a
 608 00b9 0B       		.uleb128 0xb
 609 00ba 3B       		.uleb128 0x3b
 610 00bb 0B       		.uleb128 0xb
 611 00bc 49       		.uleb128 0x49
 612 00bd 13       		.uleb128 0x13
 613 00be 02       		.uleb128 0x2
 614 00bf 17       		.uleb128 0x17
 615 00c0 00       		.byte	0
 616 00c1 00       		.byte	0
 617 00c2 0E       		.uleb128 0xe
ARM GAS  C:\Users\cring\AppData\Local\Temp\ccf9vm8K.s 			page 13


 618 00c3 34       		.uleb128 0x34
 619 00c4 00       		.byte	0
 620 00c5 03       		.uleb128 0x3
 621 00c6 0E       		.uleb128 0xe
 622 00c7 3A       		.uleb128 0x3a
 623 00c8 0B       		.uleb128 0xb
 624 00c9 3B       		.uleb128 0x3b
 625 00ca 05       		.uleb128 0x5
 626 00cb 49       		.uleb128 0x49
 627 00cc 13       		.uleb128 0x13
 628 00cd 3F       		.uleb128 0x3f
 629 00ce 19       		.uleb128 0x19
 630 00cf 3C       		.uleb128 0x3c
 631 00d0 19       		.uleb128 0x19
 632 00d1 00       		.byte	0
 633 00d2 00       		.byte	0
 634 00d3 0F       		.uleb128 0xf
 635 00d4 35       		.uleb128 0x35
 636 00d5 00       		.byte	0
 637 00d6 49       		.uleb128 0x49
 638 00d7 13       		.uleb128 0x13
 639 00d8 00       		.byte	0
 640 00d9 00       		.byte	0
 641 00da 10       		.uleb128 0x10
 642 00db 34       		.uleb128 0x34
 643 00dc 00       		.byte	0
 644 00dd 03       		.uleb128 0x3
 645 00de 0E       		.uleb128 0xe
 646 00df 3A       		.uleb128 0x3a
 647 00e0 0B       		.uleb128 0xb
 648 00e1 3B       		.uleb128 0x3b
 649 00e2 0B       		.uleb128 0xb
 650 00e3 49       		.uleb128 0x49
 651 00e4 13       		.uleb128 0x13
 652 00e5 3F       		.uleb128 0x3f
 653 00e6 19       		.uleb128 0x19
 654 00e7 02       		.uleb128 0x2
 655 00e8 18       		.uleb128 0x18
 656 00e9 00       		.byte	0
 657 00ea 00       		.byte	0
 658 00eb 11       		.uleb128 0x11
 659 00ec 01       		.uleb128 0x1
 660 00ed 01       		.byte	0x1
 661 00ee 49       		.uleb128 0x49
 662 00ef 13       		.uleb128 0x13
 663 00f0 01       		.uleb128 0x1
 664 00f1 13       		.uleb128 0x13
 665 00f2 00       		.byte	0
 666 00f3 00       		.byte	0
 667 00f4 12       		.uleb128 0x12
 668 00f5 21       		.uleb128 0x21
 669 00f6 00       		.byte	0
 670 00f7 49       		.uleb128 0x49
 671 00f8 13       		.uleb128 0x13
 672 00f9 2F       		.uleb128 0x2f
 673 00fa 0B       		.uleb128 0xb
 674 00fb 00       		.byte	0
ARM GAS  C:\Users\cring\AppData\Local\Temp\ccf9vm8K.s 			page 14


 675 00fc 00       		.byte	0
 676 00fd 13       		.uleb128 0x13
 677 00fe 34       		.uleb128 0x34
 678 00ff 00       		.byte	0
 679 0100 03       		.uleb128 0x3
 680 0101 08       		.uleb128 0x8
 681 0102 3A       		.uleb128 0x3a
 682 0103 0B       		.uleb128 0xb
 683 0104 3B       		.uleb128 0x3b
 684 0105 0B       		.uleb128 0xb
 685 0106 49       		.uleb128 0x49
 686 0107 13       		.uleb128 0x13
 687 0108 3F       		.uleb128 0x3f
 688 0109 19       		.uleb128 0x19
 689 010a 02       		.uleb128 0x2
 690 010b 18       		.uleb128 0x18
 691 010c 00       		.byte	0
 692 010d 00       		.byte	0
 693 010e 14       		.uleb128 0x14
 694 010f 2E       		.uleb128 0x2e
 695 0110 00       		.byte	0
 696 0111 3F       		.uleb128 0x3f
 697 0112 19       		.uleb128 0x19
 698 0113 3C       		.uleb128 0x3c
 699 0114 19       		.uleb128 0x19
 700 0115 6E       		.uleb128 0x6e
 701 0116 0E       		.uleb128 0xe
 702 0117 03       		.uleb128 0x3
 703 0118 0E       		.uleb128 0xe
 704 0119 3A       		.uleb128 0x3a
 705 011a 0B       		.uleb128 0xb
 706 011b 3B       		.uleb128 0x3b
 707 011c 0B       		.uleb128 0xb
 708 011d 00       		.byte	0
 709 011e 00       		.byte	0
 710 011f 00       		.byte	0
 711              		.section	.debug_loc,"",%progbits
 712              	.Ldebug_loc0:
 713              	.LLST0:
 714 0000 0C000000 		.4byte	.LVL1
 715 0004 18000000 		.4byte	.LVL2
 716 0008 0100     		.2byte	0x1
 717 000a 50       		.byte	0x50
 718 000b 1E000000 		.4byte	.LVL4
 719 000f 22000000 		.4byte	.LVL5
 720 0013 0100     		.2byte	0x1
 721 0015 50       		.byte	0x50
 722 0016 28000000 		.4byte	.LVL7
 723 001a 2B000000 		.4byte	.LVL8-1
 724 001e 0100     		.2byte	0x1
 725 0020 50       		.byte	0x50
 726 0021 00000000 		.4byte	0
 727 0025 00000000 		.4byte	0
 728              	.LLST1:
 729 0029 00000000 		.4byte	.LVL12
 730 002d 26000000 		.4byte	.LVL13
 731 0031 0100     		.2byte	0x1
ARM GAS  C:\Users\cring\AppData\Local\Temp\ccf9vm8K.s 			page 15


 732 0033 50       		.byte	0x50
 733 0034 26000000 		.4byte	.LVL13
 734 0038 29000000 		.4byte	.LVL14-1
 735 003c 0500     		.2byte	0x5
 736 003e 03       		.byte	0x3
 737 003f 00000000 		.4byte	tx
 738 0043 29000000 		.4byte	.LVL14-1
 739 0047 30000000 		.4byte	.LFE64
 740 004b 0400     		.2byte	0x4
 741 004d F3       		.byte	0xf3
 742 004e 01       		.uleb128 0x1
 743 004f 50       		.byte	0x50
 744 0050 9F       		.byte	0x9f
 745 0051 00000000 		.4byte	0
 746 0055 00000000 		.4byte	0
 747              	.LLST2:
 748 0059 00000000 		.4byte	.LVL12
 749 005d 29000000 		.4byte	.LVL14-1
 750 0061 0100     		.2byte	0x1
 751 0063 51       		.byte	0x51
 752 0064 29000000 		.4byte	.LVL14-1
 753 0068 30000000 		.4byte	.LFE64
 754 006c 0400     		.2byte	0x4
 755 006e F3       		.byte	0xf3
 756 006f 01       		.uleb128 0x1
 757 0070 51       		.byte	0x51
 758 0071 9F       		.byte	0x9f
 759 0072 00000000 		.4byte	0
 760 0076 00000000 		.4byte	0
 761              		.section	.debug_aranges,"",%progbits
 762 0000 2C000000 		.4byte	0x2c
 763 0004 0200     		.2byte	0x2
 764 0006 00000000 		.4byte	.Ldebug_info0
 765 000a 04       		.byte	0x4
 766 000b 00       		.byte	0
 767 000c 0000     		.2byte	0
 768 000e 0000     		.2byte	0
 769 0010 00000000 		.4byte	.LFB65
 770 0014 34000000 		.4byte	.LFE65-.LFB65
 771 0018 00000000 		.4byte	.LFB63
 772 001c 18000000 		.4byte	.LFE63-.LFB63
 773 0020 00000000 		.4byte	.LFB64
 774 0024 30000000 		.4byte	.LFE64-.LFB64
 775 0028 00000000 		.4byte	0
 776 002c 00000000 		.4byte	0
 777              		.section	.debug_ranges,"",%progbits
 778              	.Ldebug_ranges0:
 779 0000 00000000 		.4byte	.LFB65
 780 0004 34000000 		.4byte	.LFE65
 781 0008 00000000 		.4byte	.LFB63
 782 000c 18000000 		.4byte	.LFE63
 783 0010 00000000 		.4byte	.LFB64
 784 0014 30000000 		.4byte	.LFE64
 785 0018 00000000 		.4byte	0
 786 001c 00000000 		.4byte	0
 787              		.section	.debug_line,"",%progbits
 788              	.Ldebug_line0:
ARM GAS  C:\Users\cring\AppData\Local\Temp\ccf9vm8K.s 			page 16


 789 0000 D7010000 		.section	.debug_str,"MS",%progbits,1
 789      02007501 
 789      00000201 
 789      FB0E0D00 
 789      01010101 
 790              	.LASF24:
 791 0000 53504953 		.ascii	"SPIS_Start\000"
 791      5F537461 
 791      727400
 792              	.LASF9:
 793 000b 5F5F696E 		.ascii	"__int32_t\000"
 793      7433325F 
 793      7400
 794              	.LASF23:
 795 0015 53504953 		.ascii	"SPIS_WriteTxData\000"
 795      5F577269 
 795      74655478 
 795      44617461 
 795      00
 796              	.LASF22:
 797 0026 53504953 		.ascii	"SPIS_ReadRxData\000"
 797      5F526561 
 797      64527844 
 797      61746100 
 798              	.LASF17:
 799 0036 6973725F 		.ascii	"isr_spi_rx\000"
 799      7370695F 
 799      727800
 800              	.LASF30:
 801 0041 53504953 		.ascii	"SPIS_initSPI\000"
 801      5F696E69 
 801      74535049 
 801      00
 802              	.LASF12:
 803 004e 666C6F61 		.ascii	"float\000"
 803      7400
 804              	.LASF1:
 805 0054 756E7369 		.ascii	"unsigned char\000"
 805      676E6564 
 805      20636861 
 805      7200
 806              	.LASF5:
 807 0062 6C6F6E67 		.ascii	"long unsigned int\000"
 807      20756E73 
 807      69676E65 
 807      6420696E 
 807      7400
 808              	.LASF3:
 809 0074 73686F72 		.ascii	"short unsigned int\000"
 809      7420756E 
 809      7369676E 
 809      65642069 
 809      6E7400
 810              	.LASF18:
 811 0087 53504953 		.ascii	"SPIS_sendData\000"
 811      5F73656E 
 811      64446174 
ARM GAS  C:\Users\cring\AppData\Local\Temp\ccf9vm8K.s 			page 17


 811      6100
 812              	.LASF19:
 813 0095 49544D5F 		.ascii	"ITM_RxBuffer\000"
 813      52784275 
 813      66666572 
 813      00
 814              	.LASF13:
 815 00a2 646F7562 		.ascii	"double\000"
 815      6C6500
 816              	.LASF21:
 817 00a9 5350495F 		.ascii	"SPI_int_Write\000"
 817      696E745F 
 817      57726974 
 817      6500
 818              	.LASF29:
 819 00b7 53504944 		.ascii	"SPIDATA\000"
 819      41544100 
 820              	.LASF28:
 821 00bf 433A5C55 		.ascii	"C:\\Users\\cring\\Documents\\GitHub\\E5PRJ3\\Projek"
 821      73657273 
 821      5C637269 
 821      6E675C44 
 821      6F63756D 
 822 00ec 744D6169 		.ascii	"tMain\\Hovedprogram.cydsn\000"
 822      6E5C486F 
 822      76656470 
 822      726F6772 
 822      616D2E63 
 823              	.LASF8:
 824 0105 756E7369 		.ascii	"unsigned int\000"
 824      676E6564 
 824      20696E74 
 824      00
 825              	.LASF7:
 826 0112 6C6F6E67 		.ascii	"long long unsigned int\000"
 826      206C6F6E 
 826      6720756E 
 826      7369676E 
 826      65642069 
 827              	.LASF27:
 828 0129 5350495F 		.ascii	"SPI_Master.c\000"
 828      4D617374 
 828      65722E63 
 828      00
 829              	.LASF20:
 830 0136 7278466C 		.ascii	"rxFlag\000"
 830      616700
 831              	.LASF26:
 832 013d 474E5520 		.ascii	"GNU C11 5.4.1 20160609 (release) [ARM/embedded-5-br"
 832      43313120 
 832      352E342E 
 832      31203230 
 832      31363036 
 833 0170 616E6368 		.ascii	"anch revision 237715] -mcpu=cortex-m3 -mthumb -g -O"
 833      20726576 
 833      6973696F 
 833      6E203233 
ARM GAS  C:\Users\cring\AppData\Local\Temp\ccf9vm8K.s 			page 18


 833      37373135 
 834 01a3 67202D66 		.ascii	"g -ffunction-sections -ffat-lto-objects\000"
 834      66756E63 
 834      74696F6E 
 834      2D736563 
 834      74696F6E 
 835              	.LASF10:
 836 01cb 696E7433 		.ascii	"int32_t\000"
 836      325F7400 
 837              	.LASF16:
 838 01d3 73697A65 		.ascii	"sizetype\000"
 838      74797065 
 838      00
 839              	.LASF6:
 840 01dc 6C6F6E67 		.ascii	"long long int\000"
 840      206C6F6E 
 840      6720696E 
 840      7400
 841              	.LASF14:
 842 01ea 63686172 		.ascii	"char\000"
 842      00
 843              	.LASF2:
 844 01ef 73686F72 		.ascii	"short int\000"
 844      7420696E 
 844      7400
 845              	.LASF11:
 846 01f9 75696E74 		.ascii	"uint8\000"
 846      3800
 847              	.LASF25:
 848 01ff 72785F69 		.ascii	"rx_isr_StartEx\000"
 848      73725F53 
 848      74617274 
 848      457800
 849              	.LASF4:
 850 020e 6C6F6E67 		.ascii	"long int\000"
 850      20696E74 
 850      00
 851              	.LASF15:
 852 0217 6C6F6E67 		.ascii	"long double\000"
 852      20646F75 
 852      626C6500 
 853              	.LASF0:
 854 0223 7369676E 		.ascii	"signed char\000"
 854      65642063 
 854      68617200 
 855              		.ident	"GCC: (GNU Tools for ARM Embedded Processors) 5.4.1 20160609 (release) [ARM/embedded-5-bran
