ARM GAS  C:\Users\cring\AppData\Local\Temp\ccfNXSfJ.s 			page 1


   1              		.syntax unified
   2              		.cpu cortex-m3
   3              		.fpu softvfp
   4              		.eabi_attribute 20, 1
   5              		.eabi_attribute 21, 1
   6              		.eabi_attribute 23, 3
   7              		.eabi_attribute 24, 1
   8              		.eabi_attribute 25, 1
   9              		.eabi_attribute 26, 1
  10              		.eabi_attribute 30, 1
  11              		.eabi_attribute 34, 1
  12              		.eabi_attribute 18, 4
  13              		.thumb
  14              		.syntax unified
  15              		.file	"Startknap.c"
  16              		.text
  17              	.Ltext0:
  18              		.cfi_sections	.debug_frame
  19              		.section	.text.isr_button_handler,"ax",%progbits
  20              		.align	2
  21              		.global	isr_button_handler
  22              		.thumb
  23              		.thumb_func
  24              		.type	isr_button_handler, %function
  25              	isr_button_handler:
  26              	.LFB64:
  27              		.file 1 "Startknap.c"
   1:Startknap.c   **** #include "Startknap.h"
   2:Startknap.c   **** #include "States.h"
   3:Startknap.c   **** 
   4:Startknap.c   **** 
   5:Startknap.c   **** CY_ISR(isr_button_handler){
  28              		.loc 1 5 0
  29              		.cfi_startproc
  30              		@ args = 0, pretend = 0, frame = 0
  31              		@ frame_needed = 0, uses_anonymous_args = 0
  32              		@ link register save eliminated.
   6:Startknap.c   ****     BPptr.ButtonPushed = 1;
   7:Startknap.c   ****        
   8:Startknap.c   ****     BPptr.ButtonPushed = 0;
  33              		.loc 1 8 0
  34 0000 0022     		movs	r2, #0
  35 0002 014B     		ldr	r3, .L2
  36 0004 1A60     		str	r2, [r3]
  37 0006 7047     		bx	lr
  38              	.L3:
  39              		.align	2
  40              	.L2:
  41 0008 00000000 		.word	BPptr
  42              		.cfi_endproc
  43              	.LFE64:
  44              		.size	isr_button_handler, .-isr_button_handler
  45              		.comm	BPptr,4,4
  46              		.text
  47              	.Letext0:
  48              		.file 2 "d:\\psoc\\psoc creator\\4.3\\psoc creator\\import\\gnu\\arm\\5.4.1\\arm-none-eabi\\includ
  49              		.file 3 "d:\\psoc\\psoc creator\\4.3\\psoc creator\\import\\gnu\\arm\\5.4.1\\arm-none-eabi\\includ
ARM GAS  C:\Users\cring\AppData\Local\Temp\ccfNXSfJ.s 			page 2


  50              		.file 4 "Startknap.h"
  51              		.file 5 "Generated_Source\\PSoC5/core_cm3.h"
  52              		.section	.debug_info,"",%progbits
  53              	.Ldebug_info0:
  54 0000 F8000000 		.4byte	0xf8
  55 0004 0400     		.2byte	0x4
  56 0006 00000000 		.4byte	.Ldebug_abbrev0
  57 000a 04       		.byte	0x4
  58 000b 01       		.uleb128 0x1
  59 000c 41000000 		.4byte	.LASF19
  60 0010 0C       		.byte	0xc
  61 0011 6A010000 		.4byte	.LASF20
  62 0015 88010000 		.4byte	.LASF21
  63 0019 00000000 		.4byte	.Ldebug_ranges0+0
  64 001d 00000000 		.4byte	0
  65 0021 00000000 		.4byte	.Ldebug_line0
  66 0025 02       		.uleb128 0x2
  67 0026 01       		.byte	0x1
  68 0027 06       		.byte	0x6
  69 0028 3B010000 		.4byte	.LASF0
  70 002c 02       		.uleb128 0x2
  71 002d 01       		.byte	0x1
  72 002e 08       		.byte	0x8
  73 002f 0B010000 		.4byte	.LASF1
  74 0033 02       		.uleb128 0x2
  75 0034 02       		.byte	0x2
  76 0035 05       		.byte	0x5
  77 0036 76010000 		.4byte	.LASF2
  78 003a 02       		.uleb128 0x2
  79 003b 02       		.byte	0x2
  80 003c 07       		.byte	0x7
  81 003d 0E000000 		.4byte	.LASF3
  82 0041 03       		.uleb128 0x3
  83 0042 53010000 		.4byte	.LASF9
  84 0046 02       		.byte	0x2
  85 0047 3F       		.byte	0x3f
  86 0048 4C000000 		.4byte	0x4c
  87 004c 02       		.uleb128 0x2
  88 004d 04       		.byte	0x4
  89 004e 05       		.byte	0x5
  90 004f 1E010000 		.4byte	.LASF4
  91 0053 02       		.uleb128 0x2
  92 0054 04       		.byte	0x4
  93 0055 07       		.byte	0x7
  94 0056 D5000000 		.4byte	.LASF5
  95 005a 02       		.uleb128 0x2
  96 005b 08       		.byte	0x8
  97 005c 05       		.byte	0x5
  98 005d 00000000 		.4byte	.LASF6
  99 0061 02       		.uleb128 0x2
 100 0062 08       		.byte	0x8
 101 0063 07       		.byte	0x7
 102 0064 E7000000 		.4byte	.LASF7
 103 0068 04       		.uleb128 0x4
 104 0069 04       		.byte	0x4
 105 006a 05       		.byte	0x5
 106 006b 696E7400 		.ascii	"int\000"
ARM GAS  C:\Users\cring\AppData\Local\Temp\ccfNXSfJ.s 			page 3


 107 006f 02       		.uleb128 0x2
 108 0070 04       		.byte	0x4
 109 0071 07       		.byte	0x7
 110 0072 21000000 		.4byte	.LASF8
 111 0076 03       		.uleb128 0x3
 112 0077 80010000 		.4byte	.LASF10
 113 007b 03       		.byte	0x3
 114 007c 2C       		.byte	0x2c
 115 007d 41000000 		.4byte	0x41
 116 0081 02       		.uleb128 0x2
 117 0082 04       		.byte	0x4
 118 0083 04       		.byte	0x4
 119 0084 64010000 		.4byte	.LASF11
 120 0088 02       		.uleb128 0x2
 121 0089 08       		.byte	0x8
 122 008a 04       		.byte	0x4
 123 008b 27010000 		.4byte	.LASF12
 124 008f 02       		.uleb128 0x2
 125 0090 01       		.byte	0x1
 126 0091 08       		.byte	0x8
 127 0092 19010000 		.4byte	.LASF13
 128 0096 02       		.uleb128 0x2
 129 0097 08       		.byte	0x8
 130 0098 04       		.byte	0x4
 131 0099 47010000 		.4byte	.LASF14
 132 009d 02       		.uleb128 0x2
 133 009e 04       		.byte	0x4
 134 009f 07       		.byte	0x7
 135 00a0 EE010000 		.4byte	.LASF15
 136 00a4 05       		.uleb128 0x5
 137 00a5 FE000000 		.4byte	.LASF22
 138 00a9 04       		.byte	0x4
 139 00aa 04       		.byte	0x4
 140 00ab 12       		.byte	0x12
 141 00ac BD000000 		.4byte	0xbd
 142 00b0 06       		.uleb128 0x6
 143 00b1 FE000000 		.4byte	.LASF22
 144 00b5 04       		.byte	0x4
 145 00b6 13       		.byte	0x13
 146 00b7 68000000 		.4byte	0x68
 147 00bb 00       		.byte	0
 148 00bc 00       		.byte	0
 149 00bd 03       		.uleb128 0x3
 150 00be 5D010000 		.4byte	.LASF16
 151 00c2 04       		.byte	0x4
 152 00c3 14       		.byte	0x14
 153 00c4 A4000000 		.4byte	0xa4
 154 00c8 07       		.uleb128 0x7
 155 00c9 2E000000 		.4byte	.LASF23
 156 00cd 01       		.byte	0x1
 157 00ce 05       		.byte	0x5
 158 00cf 00000000 		.4byte	.LFB64
 159 00d3 0C000000 		.4byte	.LFE64-.LFB64
 160 00d7 01       		.uleb128 0x1
 161 00d8 9C       		.byte	0x9c
 162 00d9 08       		.uleb128 0x8
 163 00da 2E010000 		.4byte	.LASF17
ARM GAS  C:\Users\cring\AppData\Local\Temp\ccfNXSfJ.s 			page 4


 164 00de 05       		.byte	0x5
 165 00df 1207     		.2byte	0x712
 166 00e1 E5000000 		.4byte	0xe5
 167 00e5 09       		.uleb128 0x9
 168 00e6 76000000 		.4byte	0x76
 169 00ea 0A       		.uleb128 0xa
 170 00eb CF000000 		.4byte	.LASF18
 171 00ef 04       		.byte	0x4
 172 00f0 16       		.byte	0x16
 173 00f1 BD000000 		.4byte	0xbd
 174 00f5 05       		.uleb128 0x5
 175 00f6 03       		.byte	0x3
 176 00f7 00000000 		.4byte	BPptr
 177 00fb 00       		.byte	0
 178              		.section	.debug_abbrev,"",%progbits
 179              	.Ldebug_abbrev0:
 180 0000 01       		.uleb128 0x1
 181 0001 11       		.uleb128 0x11
 182 0002 01       		.byte	0x1
 183 0003 25       		.uleb128 0x25
 184 0004 0E       		.uleb128 0xe
 185 0005 13       		.uleb128 0x13
 186 0006 0B       		.uleb128 0xb
 187 0007 03       		.uleb128 0x3
 188 0008 0E       		.uleb128 0xe
 189 0009 1B       		.uleb128 0x1b
 190 000a 0E       		.uleb128 0xe
 191 000b 55       		.uleb128 0x55
 192 000c 17       		.uleb128 0x17
 193 000d 11       		.uleb128 0x11
 194 000e 01       		.uleb128 0x1
 195 000f 10       		.uleb128 0x10
 196 0010 17       		.uleb128 0x17
 197 0011 00       		.byte	0
 198 0012 00       		.byte	0
 199 0013 02       		.uleb128 0x2
 200 0014 24       		.uleb128 0x24
 201 0015 00       		.byte	0
 202 0016 0B       		.uleb128 0xb
 203 0017 0B       		.uleb128 0xb
 204 0018 3E       		.uleb128 0x3e
 205 0019 0B       		.uleb128 0xb
 206 001a 03       		.uleb128 0x3
 207 001b 0E       		.uleb128 0xe
 208 001c 00       		.byte	0
 209 001d 00       		.byte	0
 210 001e 03       		.uleb128 0x3
 211 001f 16       		.uleb128 0x16
 212 0020 00       		.byte	0
 213 0021 03       		.uleb128 0x3
 214 0022 0E       		.uleb128 0xe
 215 0023 3A       		.uleb128 0x3a
 216 0024 0B       		.uleb128 0xb
 217 0025 3B       		.uleb128 0x3b
 218 0026 0B       		.uleb128 0xb
 219 0027 49       		.uleb128 0x49
 220 0028 13       		.uleb128 0x13
ARM GAS  C:\Users\cring\AppData\Local\Temp\ccfNXSfJ.s 			page 5


 221 0029 00       		.byte	0
 222 002a 00       		.byte	0
 223 002b 04       		.uleb128 0x4
 224 002c 24       		.uleb128 0x24
 225 002d 00       		.byte	0
 226 002e 0B       		.uleb128 0xb
 227 002f 0B       		.uleb128 0xb
 228 0030 3E       		.uleb128 0x3e
 229 0031 0B       		.uleb128 0xb
 230 0032 03       		.uleb128 0x3
 231 0033 08       		.uleb128 0x8
 232 0034 00       		.byte	0
 233 0035 00       		.byte	0
 234 0036 05       		.uleb128 0x5
 235 0037 13       		.uleb128 0x13
 236 0038 01       		.byte	0x1
 237 0039 03       		.uleb128 0x3
 238 003a 0E       		.uleb128 0xe
 239 003b 0B       		.uleb128 0xb
 240 003c 0B       		.uleb128 0xb
 241 003d 3A       		.uleb128 0x3a
 242 003e 0B       		.uleb128 0xb
 243 003f 3B       		.uleb128 0x3b
 244 0040 0B       		.uleb128 0xb
 245 0041 01       		.uleb128 0x1
 246 0042 13       		.uleb128 0x13
 247 0043 00       		.byte	0
 248 0044 00       		.byte	0
 249 0045 06       		.uleb128 0x6
 250 0046 0D       		.uleb128 0xd
 251 0047 00       		.byte	0
 252 0048 03       		.uleb128 0x3
 253 0049 0E       		.uleb128 0xe
 254 004a 3A       		.uleb128 0x3a
 255 004b 0B       		.uleb128 0xb
 256 004c 3B       		.uleb128 0x3b
 257 004d 0B       		.uleb128 0xb
 258 004e 49       		.uleb128 0x49
 259 004f 13       		.uleb128 0x13
 260 0050 38       		.uleb128 0x38
 261 0051 0B       		.uleb128 0xb
 262 0052 00       		.byte	0
 263 0053 00       		.byte	0
 264 0054 07       		.uleb128 0x7
 265 0055 2E       		.uleb128 0x2e
 266 0056 00       		.byte	0
 267 0057 3F       		.uleb128 0x3f
 268 0058 19       		.uleb128 0x19
 269 0059 03       		.uleb128 0x3
 270 005a 0E       		.uleb128 0xe
 271 005b 3A       		.uleb128 0x3a
 272 005c 0B       		.uleb128 0xb
 273 005d 3B       		.uleb128 0x3b
 274 005e 0B       		.uleb128 0xb
 275 005f 27       		.uleb128 0x27
 276 0060 19       		.uleb128 0x19
 277 0061 11       		.uleb128 0x11
ARM GAS  C:\Users\cring\AppData\Local\Temp\ccfNXSfJ.s 			page 6


 278 0062 01       		.uleb128 0x1
 279 0063 12       		.uleb128 0x12
 280 0064 06       		.uleb128 0x6
 281 0065 40       		.uleb128 0x40
 282 0066 18       		.uleb128 0x18
 283 0067 9742     		.uleb128 0x2117
 284 0069 19       		.uleb128 0x19
 285 006a 00       		.byte	0
 286 006b 00       		.byte	0
 287 006c 08       		.uleb128 0x8
 288 006d 34       		.uleb128 0x34
 289 006e 00       		.byte	0
 290 006f 03       		.uleb128 0x3
 291 0070 0E       		.uleb128 0xe
 292 0071 3A       		.uleb128 0x3a
 293 0072 0B       		.uleb128 0xb
 294 0073 3B       		.uleb128 0x3b
 295 0074 05       		.uleb128 0x5
 296 0075 49       		.uleb128 0x49
 297 0076 13       		.uleb128 0x13
 298 0077 3F       		.uleb128 0x3f
 299 0078 19       		.uleb128 0x19
 300 0079 3C       		.uleb128 0x3c
 301 007a 19       		.uleb128 0x19
 302 007b 00       		.byte	0
 303 007c 00       		.byte	0
 304 007d 09       		.uleb128 0x9
 305 007e 35       		.uleb128 0x35
 306 007f 00       		.byte	0
 307 0080 49       		.uleb128 0x49
 308 0081 13       		.uleb128 0x13
 309 0082 00       		.byte	0
 310 0083 00       		.byte	0
 311 0084 0A       		.uleb128 0xa
 312 0085 34       		.uleb128 0x34
 313 0086 00       		.byte	0
 314 0087 03       		.uleb128 0x3
 315 0088 0E       		.uleb128 0xe
 316 0089 3A       		.uleb128 0x3a
 317 008a 0B       		.uleb128 0xb
 318 008b 3B       		.uleb128 0x3b
 319 008c 0B       		.uleb128 0xb
 320 008d 49       		.uleb128 0x49
 321 008e 13       		.uleb128 0x13
 322 008f 3F       		.uleb128 0x3f
 323 0090 19       		.uleb128 0x19
 324 0091 02       		.uleb128 0x2
 325 0092 18       		.uleb128 0x18
 326 0093 00       		.byte	0
 327 0094 00       		.byte	0
 328 0095 00       		.byte	0
 329              		.section	.debug_aranges,"",%progbits
 330 0000 1C000000 		.4byte	0x1c
 331 0004 0200     		.2byte	0x2
 332 0006 00000000 		.4byte	.Ldebug_info0
 333 000a 04       		.byte	0x4
 334 000b 00       		.byte	0
ARM GAS  C:\Users\cring\AppData\Local\Temp\ccfNXSfJ.s 			page 7


 335 000c 0000     		.2byte	0
 336 000e 0000     		.2byte	0
 337 0010 00000000 		.4byte	.LFB64
 338 0014 0C000000 		.4byte	.LFE64-.LFB64
 339 0018 00000000 		.4byte	0
 340 001c 00000000 		.4byte	0
 341              		.section	.debug_ranges,"",%progbits
 342              	.Ldebug_ranges0:
 343 0000 00000000 		.4byte	.LFB64
 344 0004 0C000000 		.4byte	.LFE64
 345 0008 00000000 		.4byte	0
 346 000c 00000000 		.4byte	0
 347              		.section	.debug_line,"",%progbits
 348              	.Ldebug_line0:
 349 0000 39010000 		.section	.debug_str,"MS",%progbits,1
 349      02002501 
 349      00000201 
 349      FB0E0D00 
 349      01010101 
 350              	.LASF6:
 351 0000 6C6F6E67 		.ascii	"long long int\000"
 351      206C6F6E 
 351      6720696E 
 351      7400
 352              	.LASF3:
 353 000e 73686F72 		.ascii	"short unsigned int\000"
 353      7420756E 
 353      7369676E 
 353      65642069 
 353      6E7400
 354              	.LASF8:
 355 0021 756E7369 		.ascii	"unsigned int\000"
 355      676E6564 
 355      20696E74 
 355      00
 356              	.LASF23:
 357 002e 6973725F 		.ascii	"isr_button_handler\000"
 357      62757474 
 357      6F6E5F68 
 357      616E646C 
 357      657200
 358              	.LASF19:
 359 0041 474E5520 		.ascii	"GNU C11 5.4.1 20160609 (release) [ARM/embedded-5-br"
 359      43313120 
 359      352E342E 
 359      31203230 
 359      31363036 
 360 0074 616E6368 		.ascii	"anch revision 237715] -mcpu=cortex-m3 -mthumb -g -O"
 360      20726576 
 360      6973696F 
 360      6E203233 
 360      37373135 
 361 00a7 67202D66 		.ascii	"g -ffunction-sections -ffat-lto-objects\000"
 361      66756E63 
 361      74696F6E 
 361      2D736563 
 361      74696F6E 
ARM GAS  C:\Users\cring\AppData\Local\Temp\ccfNXSfJ.s 			page 8


 362              	.LASF18:
 363 00cf 42507074 		.ascii	"BPptr\000"
 363      7200
 364              	.LASF5:
 365 00d5 6C6F6E67 		.ascii	"long unsigned int\000"
 365      20756E73 
 365      69676E65 
 365      6420696E 
 365      7400
 366              	.LASF7:
 367 00e7 6C6F6E67 		.ascii	"long long unsigned int\000"
 367      206C6F6E 
 367      6720756E 
 367      7369676E 
 367      65642069 
 368              	.LASF22:
 369 00fe 42757474 		.ascii	"ButtonPushed\000"
 369      6F6E5075 
 369      73686564 
 369      00
 370              	.LASF1:
 371 010b 756E7369 		.ascii	"unsigned char\000"
 371      676E6564 
 371      20636861 
 371      7200
 372              	.LASF13:
 373 0119 63686172 		.ascii	"char\000"
 373      00
 374              	.LASF4:
 375 011e 6C6F6E67 		.ascii	"long int\000"
 375      20696E74 
 375      00
 376              	.LASF12:
 377 0127 646F7562 		.ascii	"double\000"
 377      6C6500
 378              	.LASF17:
 379 012e 49544D5F 		.ascii	"ITM_RxBuffer\000"
 379      52784275 
 379      66666572 
 379      00
 380              	.LASF0:
 381 013b 7369676E 		.ascii	"signed char\000"
 381      65642063 
 381      68617200 
 382              	.LASF14:
 383 0147 6C6F6E67 		.ascii	"long double\000"
 383      20646F75 
 383      626C6500 
 384              	.LASF9:
 385 0153 5F5F696E 		.ascii	"__int32_t\000"
 385      7433325F 
 385      7400
 386              	.LASF16:
 387 015d 42757474 		.ascii	"Button\000"
 387      6F6E00
 388              	.LASF11:
 389 0164 666C6F61 		.ascii	"float\000"
ARM GAS  C:\Users\cring\AppData\Local\Temp\ccfNXSfJ.s 			page 9


 389      7400
 390              	.LASF20:
 391 016a 53746172 		.ascii	"Startknap.c\000"
 391      746B6E61 
 391      702E6300 
 392              	.LASF2:
 393 0176 73686F72 		.ascii	"short int\000"
 393      7420696E 
 393      7400
 394              	.LASF10:
 395 0180 696E7433 		.ascii	"int32_t\000"
 395      325F7400 
 396              	.LASF21:
 397 0188 433A5C55 		.ascii	"C:\\Users\\cring\\OneDrive - Aarhus universitet\\Un"
 397      73657273 
 397      5C637269 
 397      6E675C4F 
 397      6E654472 
 398 01b7 695C332E 		.ascii	"i\\3. Semester\\PRJ3\\KODE\\ProjektMain\\Hovedprogr"
 398      2053656D 
 398      65737465 
 398      725C5052 
 398      4A335C4B 
 399 01e5 616D2E63 		.ascii	"am.cydsn\000"
 399      7964736E 
 399      00
 400              	.LASF15:
 401 01ee 73697A65 		.ascii	"sizetype\000"
 401      74797065 
 401      00
 402              		.ident	"GCC: (GNU Tools for ARM Embedded Processors) 5.4.1 20160609 (release) [ARM/embedded-5-bran
