ARM GAS  C:\Users\cring\AppData\Local\Temp\ccY2rjKi.s 			page 1


   1              		.syntax unified
   2              		.cpu cortex-m3
   3              		.fpu softvfp
   4              		.eabi_attribute 20, 1
   5              		.eabi_attribute 21, 1
   6              		.eabi_attribute 23, 3
   7              		.eabi_attribute 24, 1
   8              		.eabi_attribute 25, 1
   9              		.eabi_attribute 26, 1
  10              		.eabi_attribute 30, 1
  11              		.eabi_attribute 34, 1
  12              		.eabi_attribute 18, 4
  13              		.thumb
  14              		.syntax unified
  15              		.file	"Stopur.c"
  16              		.text
  17              	.Ltext0:
  18              		.cfi_sections	.debug_frame
  19              		.section	.text.initTimer,"ax",%progbits
  20              		.align	2
  21              		.global	initTimer
  22              		.thumb
  23              		.thumb_func
  24              		.type	initTimer, %function
  25              	initTimer:
  26              	.LFB65:
  27              		.file 1 "Stopur.c"
   1:Stopur.c      **** 
   2:Stopur.c      **** #include "Stopur.h"
   3:Stopur.c      **** #include "Display.h"
   4:Stopur.c      **** 
   5:Stopur.c      **** int count = 0;
   6:Stopur.c      **** 
   7:Stopur.c      **** CY_ISR(isr_timer)                // interrupter hvert 100 ms
   8:Stopur.c      **** {
   9:Stopur.c      ****     if (count < 1200)            // incrementeres ved hvert interrupt
  10:Stopur.c      ****     {
  11:Stopur.c      ****         count++;
  12:Stopur.c      ****        
  13:Stopur.c      ****     }else{
  14:Stopur.c      ****         stopTimer();             // stopper vores interrupt rutine hvis count overstiger 1200 hvilk
  15:Stopur.c      ****     }
  16:Stopur.c      **** }
  17:Stopur.c      **** 
  18:Stopur.c      **** void initTimer()                 // initiere timer_stopur
  19:Stopur.c      **** {
  28              		.loc 1 19 0
  29              		.cfi_startproc
  30              		@ args = 0, pretend = 0, frame = 0
  31              		@ frame_needed = 0, uses_anonymous_args = 0
  32 0000 08B5     		push	{r3, lr}
  33              		.cfi_def_cfa_offset 8
  34              		.cfi_offset 3, -8
  35              		.cfi_offset 14, -4
  20:Stopur.c      ****     isr_timer_StartEx(isr_timer);
  36              		.loc 1 20 0
  37 0002 0248     		ldr	r0, .L3
ARM GAS  C:\Users\cring\AppData\Local\Temp\ccY2rjKi.s 			page 2


  38 0004 FFF7FEFF 		bl	isr_timer_StartEx
  39              	.LVL0:
  40 0008 08BD     		pop	{r3, pc}
  41              	.L4:
  42 000a 00BF     		.align	2
  43              	.L3:
  44 000c 00000000 		.word	isr_timer
  45              		.cfi_endproc
  46              	.LFE65:
  47              		.size	initTimer, .-initTimer
  48              		.section	.text.startTimer,"ax",%progbits
  49              		.align	2
  50              		.global	startTimer
  51              		.thumb
  52              		.thumb_func
  53              		.type	startTimer, %function
  54              	startTimer:
  55              	.LFB66:
  21:Stopur.c      **** }
  22:Stopur.c      **** 
  23:Stopur.c      **** void startTimer()                // starter timer_stopur 
  24:Stopur.c      **** {
  56              		.loc 1 24 0
  57              		.cfi_startproc
  58              		@ args = 0, pretend = 0, frame = 0
  59              		@ frame_needed = 0, uses_anonymous_args = 0
  60 0000 08B5     		push	{r3, lr}
  61              		.cfi_def_cfa_offset 8
  62              		.cfi_offset 3, -8
  63              		.cfi_offset 14, -4
  25:Stopur.c      ****    Timer_Stopur_Start();
  64              		.loc 1 25 0
  65 0002 FFF7FEFF 		bl	Timer_Stopur_Start
  66              	.LVL1:
  67 0006 08BD     		pop	{r3, pc}
  68              		.cfi_endproc
  69              	.LFE66:
  70              		.size	startTimer, .-startTimer
  71              		.section	.text.stopTimer,"ax",%progbits
  72              		.align	2
  73              		.global	stopTimer
  74              		.thumb
  75              		.thumb_func
  76              		.type	stopTimer, %function
  77              	stopTimer:
  78              	.LFB67:
  26:Stopur.c      **** }
  27:Stopur.c      **** 
  28:Stopur.c      **** void stopTimer()                 // Stopper timer_stopur
  29:Stopur.c      **** {
  79              		.loc 1 29 0
  80              		.cfi_startproc
  81              		@ args = 0, pretend = 0, frame = 0
  82              		@ frame_needed = 0, uses_anonymous_args = 0
  83 0000 08B5     		push	{r3, lr}
  84              		.cfi_def_cfa_offset 8
  85              		.cfi_offset 3, -8
ARM GAS  C:\Users\cring\AppData\Local\Temp\ccY2rjKi.s 			page 3


  86              		.cfi_offset 14, -4
  30:Stopur.c      ****    Timer_Stopur_Stop();
  87              		.loc 1 30 0
  88 0002 FFF7FEFF 		bl	Timer_Stopur_Stop
  89              	.LVL2:
  90 0006 08BD     		pop	{r3, pc}
  91              		.cfi_endproc
  92              	.LFE67:
  93              		.size	stopTimer, .-stopTimer
  94              		.section	.text.isr_timer,"ax",%progbits
  95              		.align	2
  96              		.global	isr_timer
  97              		.thumb
  98              		.thumb_func
  99              		.type	isr_timer, %function
 100              	isr_timer:
 101              	.LFB64:
   8:Stopur.c      ****     if (count < 1200)            // incrementeres ved hvert interrupt
 102              		.loc 1 8 0
 103              		.cfi_startproc
 104              		@ args = 0, pretend = 0, frame = 0
 105              		@ frame_needed = 0, uses_anonymous_args = 0
 106 0000 08B5     		push	{r3, lr}
 107              		.cfi_def_cfa_offset 8
 108              		.cfi_offset 3, -8
 109              		.cfi_offset 14, -4
   9:Stopur.c      ****     {
 110              		.loc 1 9 0
 111 0002 064B     		ldr	r3, .L13
 112 0004 1B68     		ldr	r3, [r3]
 113 0006 B3F5966F 		cmp	r3, #1200
 114 000a 03DA     		bge	.L10
  11:Stopur.c      ****        
 115              		.loc 1 11 0
 116 000c 0133     		adds	r3, r3, #1
 117 000e 034A     		ldr	r2, .L13
 118 0010 1360     		str	r3, [r2]
 119 0012 08BD     		pop	{r3, pc}
 120              	.L10:
  14:Stopur.c      ****     }
 121              		.loc 1 14 0
 122 0014 FFF7FEFF 		bl	stopTimer
 123              	.LVL3:
 124 0018 08BD     		pop	{r3, pc}
 125              	.L14:
 126 001a 00BF     		.align	2
 127              	.L13:
 128 001c 00000000 		.word	.LANCHOR0
 129              		.cfi_endproc
 130              	.LFE64:
 131              		.size	isr_timer, .-isr_timer
 132              		.section	.text.getTime,"ax",%progbits
 133              		.align	2
 134              		.global	getTime
 135              		.thumb
 136              		.thumb_func
 137              		.type	getTime, %function
ARM GAS  C:\Users\cring\AppData\Local\Temp\ccY2rjKi.s 			page 4


 138              	getTime:
 139              	.LFB68:
  31:Stopur.c      **** }
  32:Stopur.c      **** 
  33:Stopur.c      **** int getTime()                    // Returnerer vores count værdi som ms
  34:Stopur.c      **** {   
 140              		.loc 1 34 0
 141              		.cfi_startproc
 142              		@ args = 0, pretend = 0, frame = 0
 143              		@ frame_needed = 0, uses_anonymous_args = 0
 144              		@ link register save eliminated.
  35:Stopur.c      ****     return count * 100;
 145              		.loc 1 35 0
 146 0000 024B     		ldr	r3, .L16
 147 0002 1B68     		ldr	r3, [r3]
  36:Stopur.c      **** }
 148              		.loc 1 36 0
 149 0004 6420     		movs	r0, #100
 150 0006 00FB03F0 		mul	r0, r0, r3
 151 000a 7047     		bx	lr
 152              	.L17:
 153              		.align	2
 154              	.L16:
 155 000c 00000000 		.word	.LANCHOR0
 156              		.cfi_endproc
 157              	.LFE68:
 158              		.size	getTime, .-getTime
 159              		.section	.text.clearTimer,"ax",%progbits
 160              		.align	2
 161              		.global	clearTimer
 162              		.thumb
 163              		.thumb_func
 164              		.type	clearTimer, %function
 165              	clearTimer:
 166              	.LFB69:
  37:Stopur.c      **** 
  38:Stopur.c      **** void clearTimer()                // nulstiller vores timer ved at sætte count til 0
  39:Stopur.c      **** {
 167              		.loc 1 39 0
 168              		.cfi_startproc
 169              		@ args = 0, pretend = 0, frame = 0
 170              		@ frame_needed = 0, uses_anonymous_args = 0
 171              		@ link register save eliminated.
  40:Stopur.c      ****     count = 0;
 172              		.loc 1 40 0
 173 0000 0022     		movs	r2, #0
 174 0002 014B     		ldr	r3, .L19
 175 0004 1A60     		str	r2, [r3]
 176 0006 7047     		bx	lr
 177              	.L20:
 178              		.align	2
 179              	.L19:
 180 0008 00000000 		.word	.LANCHOR0
 181              		.cfi_endproc
 182              	.LFE69:
 183              		.size	clearTimer, .-clearTimer
 184              		.section	.text.timeout,"ax",%progbits
ARM GAS  C:\Users\cring\AppData\Local\Temp\ccY2rjKi.s 			page 5


 185              		.align	2
 186              		.global	timeout
 187              		.thumb
 188              		.thumb_func
 189              		.type	timeout, %function
 190              	timeout:
 191              	.LFB70:
  41:Stopur.c      **** }
  42:Stopur.c      **** 
  43:Stopur.c      **** bool timeout()
  44:Stopur.c      **** {
 192              		.loc 1 44 0
 193              		.cfi_startproc
 194              		@ args = 0, pretend = 0, frame = 0
 195              		@ frame_needed = 0, uses_anonymous_args = 0
 196              		@ link register save eliminated.
  45:Stopur.c      ****    if (count >= 1200)             // incrementeres ved hvert interrupt
 197              		.loc 1 45 0
 198 0000 044B     		ldr	r3, .L24
 199 0002 1B68     		ldr	r3, [r3]
 200 0004 B3F5966F 		cmp	r3, #1200
 201 0008 01DB     		blt	.L23
  46:Stopur.c      ****     {
  47:Stopur.c      ****         return 1;                 // stopper vores interrupt rutine hvis count overstiger 1200 hvil
 202              		.loc 1 47 0
 203 000a 0120     		movs	r0, #1
 204 000c 7047     		bx	lr
 205              	.L23:
  48:Stopur.c      ****     }
  49:Stopur.c      ****     else
  50:Stopur.c      ****     {
  51:Stopur.c      ****         return 0;                
 206              		.loc 1 51 0
 207 000e 0020     		movs	r0, #0
  52:Stopur.c      ****     } 
  53:Stopur.c      **** }
 208              		.loc 1 53 0
 209 0010 7047     		bx	lr
 210              	.L25:
 211 0012 00BF     		.align	2
 212              	.L24:
 213 0014 00000000 		.word	.LANCHOR0
 214              		.cfi_endproc
 215              	.LFE70:
 216              		.size	timeout, .-timeout
 217              		.global	count
 218              		.bss
 219              		.align	2
 220              		.set	.LANCHOR0,. + 0
 221              		.type	count, %object
 222              		.size	count, 4
 223              	count:
 224 0000 00000000 		.space	4
 225              		.text
 226              	.Letext0:
 227              		.file 2 "c:\\program files (x86)\\cypress\\psoc creator\\4.3\\psoc creator\\import\\gnu\\arm\\5.4.
 228              		.file 3 "c:\\program files (x86)\\cypress\\psoc creator\\4.3\\psoc creator\\import\\gnu\\arm\\5.4.
ARM GAS  C:\Users\cring\AppData\Local\Temp\ccY2rjKi.s 			page 6


 229              		.file 4 "Generated_Source\\PSoC5/core_cm3.h"
 230              		.file 5 "Generated_Source\\PSoC5/isr_timer.h"
 231              		.file 6 "Generated_Source\\PSoC5/Timer_Stopur.h"
 232              		.section	.debug_info,"",%progbits
 233              	.Ldebug_info0:
 234 0000 AC010000 		.4byte	0x1ac
 235 0004 0400     		.2byte	0x4
 236 0006 00000000 		.4byte	.Ldebug_abbrev0
 237 000a 04       		.byte	0x4
 238 000b 01       		.uleb128 0x1
 239 000c 5B000000 		.4byte	.LASF27
 240 0010 0C       		.byte	0xc
 241 0011 33020000 		.4byte	.LASF28
 242 0015 8D010000 		.4byte	.LASF29
 243 0019 00000000 		.4byte	.Ldebug_ranges0+0
 244 001d 00000000 		.4byte	0
 245 0021 00000000 		.4byte	.Ldebug_line0
 246 0025 02       		.uleb128 0x2
 247 0026 01       		.byte	0x1
 248 0027 06       		.byte	0x6
 249 0028 3C020000 		.4byte	.LASF0
 250 002c 02       		.uleb128 0x2
 251 002d 01       		.byte	0x1
 252 002e 08       		.byte	0x8
 253 002f 4D000000 		.4byte	.LASF1
 254 0033 02       		.uleb128 0x2
 255 0034 02       		.byte	0x2
 256 0035 05       		.byte	0x5
 257 0036 15020000 		.4byte	.LASF2
 258 003a 02       		.uleb128 0x2
 259 003b 02       		.byte	0x2
 260 003c 07       		.byte	0x7
 261 003d 0F010000 		.4byte	.LASF3
 262 0041 03       		.uleb128 0x3
 263 0042 10000000 		.4byte	.LASF9
 264 0046 02       		.byte	0x2
 265 0047 3F       		.byte	0x3f
 266 0048 4C000000 		.4byte	0x4c
 267 004c 02       		.uleb128 0x2
 268 004d 04       		.byte	0x4
 269 004e 05       		.byte	0x5
 270 004f 2A020000 		.4byte	.LASF4
 271 0053 02       		.uleb128 0x2
 272 0054 04       		.byte	0x4
 273 0055 07       		.byte	0x7
 274 0056 F3000000 		.4byte	.LASF5
 275 005a 02       		.uleb128 0x2
 276 005b 08       		.byte	0x8
 277 005c 05       		.byte	0x5
 278 005d FC010000 		.4byte	.LASF6
 279 0061 02       		.uleb128 0x2
 280 0062 08       		.byte	0x8
 281 0063 07       		.byte	0x7
 282 0064 6A010000 		.4byte	.LASF7
 283 0068 04       		.uleb128 0x4
 284 0069 04       		.byte	0x4
 285 006a 05       		.byte	0x5
ARM GAS  C:\Users\cring\AppData\Local\Temp\ccY2rjKi.s 			page 7


 286 006b 696E7400 		.ascii	"int\000"
 287 006f 02       		.uleb128 0x2
 288 0070 04       		.byte	0x4
 289 0071 07       		.byte	0x7
 290 0072 4B010000 		.4byte	.LASF8
 291 0076 03       		.uleb128 0x3
 292 0077 2D000000 		.4byte	.LASF10
 293 007b 03       		.byte	0x3
 294 007c 2C       		.byte	0x2c
 295 007d 41000000 		.4byte	0x41
 296 0081 02       		.uleb128 0x2
 297 0082 04       		.byte	0x4
 298 0083 04       		.byte	0x4
 299 0084 47000000 		.4byte	.LASF11
 300 0088 02       		.uleb128 0x2
 301 0089 08       		.byte	0x8
 302 008a 04       		.byte	0x4
 303 008b 39010000 		.4byte	.LASF12
 304 008f 02       		.uleb128 0x2
 305 0090 01       		.byte	0x1
 306 0091 08       		.byte	0x8
 307 0092 0A020000 		.4byte	.LASF13
 308 0096 02       		.uleb128 0x2
 309 0097 08       		.byte	0x8
 310 0098 04       		.byte	0x4
 311 0099 81010000 		.4byte	.LASF14
 312 009d 02       		.uleb128 0x2
 313 009e 04       		.byte	0x4
 314 009f 07       		.byte	0x7
 315 00a0 F3010000 		.4byte	.LASF15
 316 00a4 05       		.uleb128 0x5
 317 00a5 22010000 		.4byte	.LASF16
 318 00a9 01       		.byte	0x1
 319 00aa 12       		.byte	0x12
 320 00ab 00000000 		.4byte	.LFB65
 321 00af 10000000 		.4byte	.LFE65-.LFB65
 322 00b3 01       		.uleb128 0x1
 323 00b4 9C       		.byte	0x9c
 324 00b5 CD000000 		.4byte	0xcd
 325 00b9 06       		.uleb128 0x6
 326 00ba 08000000 		.4byte	.LVL0
 327 00be 8E010000 		.4byte	0x18e
 328 00c2 07       		.uleb128 0x7
 329 00c3 01       		.uleb128 0x1
 330 00c4 50       		.byte	0x50
 331 00c5 05       		.uleb128 0x5
 332 00c6 03       		.byte	0x3
 333 00c7 00000000 		.4byte	isr_timer
 334 00cb 00       		.byte	0
 335 00cc 00       		.byte	0
 336 00cd 05       		.uleb128 0x5
 337 00ce 40010000 		.4byte	.LASF17
 338 00d2 01       		.byte	0x1
 339 00d3 17       		.byte	0x17
 340 00d4 00000000 		.4byte	.LFB66
 341 00d8 08000000 		.4byte	.LFE66-.LFB66
 342 00dc 01       		.uleb128 0x1
ARM GAS  C:\Users\cring\AppData\Local\Temp\ccY2rjKi.s 			page 8


 343 00dd 9C       		.byte	0x9c
 344 00de EC000000 		.4byte	0xec
 345 00e2 08       		.uleb128 0x8
 346 00e3 06000000 		.4byte	.LVL1
 347 00e7 99010000 		.4byte	0x199
 348 00eb 00       		.byte	0
 349 00ec 05       		.uleb128 0x5
 350 00ed E9000000 		.4byte	.LASF18
 351 00f1 01       		.byte	0x1
 352 00f2 1C       		.byte	0x1c
 353 00f3 00000000 		.4byte	.LFB67
 354 00f7 08000000 		.4byte	.LFE67-.LFB67
 355 00fb 01       		.uleb128 0x1
 356 00fc 9C       		.byte	0x9c
 357 00fd 0B010000 		.4byte	0x10b
 358 0101 08       		.uleb128 0x8
 359 0102 06000000 		.4byte	.LVL2
 360 0106 A4010000 		.4byte	0x1a4
 361 010a 00       		.byte	0
 362 010b 09       		.uleb128 0x9
 363 010c 05010000 		.4byte	.LASF30
 364 0110 01       		.byte	0x1
 365 0111 07       		.byte	0x7
 366 0112 00000000 		.4byte	.LFB64
 367 0116 20000000 		.4byte	.LFE64-.LFB64
 368 011a 01       		.uleb128 0x1
 369 011b 9C       		.byte	0x9c
 370 011c 2A010000 		.4byte	0x12a
 371 0120 08       		.uleb128 0x8
 372 0121 18000000 		.4byte	.LVL3
 373 0125 EC000000 		.4byte	0xec
 374 0129 00       		.byte	0
 375 012a 0A       		.uleb128 0xa
 376 012b 00000000 		.4byte	.LASF19
 377 012f 01       		.byte	0x1
 378 0130 21       		.byte	0x21
 379 0131 68000000 		.4byte	0x68
 380 0135 00000000 		.4byte	.LFB68
 381 0139 10000000 		.4byte	.LFE68-.LFB68
 382 013d 01       		.uleb128 0x1
 383 013e 9C       		.byte	0x9c
 384 013f 0B       		.uleb128 0xb
 385 0140 1F020000 		.4byte	.LASF31
 386 0144 01       		.byte	0x1
 387 0145 26       		.byte	0x26
 388 0146 00000000 		.4byte	.LFB69
 389 014a 0C000000 		.4byte	.LFE69-.LFB69
 390 014e 01       		.uleb128 0x1
 391 014f 9C       		.byte	0x9c
 392 0150 0A       		.uleb128 0xa
 393 0151 08000000 		.4byte	.LASF20
 394 0155 01       		.byte	0x1
 395 0156 2B       		.byte	0x2b
 396 0157 65010000 		.4byte	0x165
 397 015b 00000000 		.4byte	.LFB70
 398 015f 18000000 		.4byte	.LFE70-.LFB70
 399 0163 01       		.uleb128 0x1
ARM GAS  C:\Users\cring\AppData\Local\Temp\ccY2rjKi.s 			page 9


 400 0164 9C       		.byte	0x9c
 401 0165 02       		.uleb128 0x2
 402 0166 01       		.byte	0x1
 403 0167 02       		.byte	0x2
 404 0168 48020000 		.4byte	.LASF21
 405 016c 0C       		.uleb128 0xc
 406 016d 2C010000 		.4byte	.LASF22
 407 0171 04       		.byte	0x4
 408 0172 1207     		.2byte	0x712
 409 0174 78010000 		.4byte	0x178
 410 0178 0D       		.uleb128 0xd
 411 0179 76000000 		.4byte	0x76
 412 017d 0E       		.uleb128 0xe
 413 017e 0F020000 		.4byte	.LASF23
 414 0182 01       		.byte	0x1
 415 0183 05       		.byte	0x5
 416 0184 68000000 		.4byte	0x68
 417 0188 05       		.uleb128 0x5
 418 0189 03       		.byte	0x3
 419 018a 00000000 		.4byte	count
 420 018e 0F       		.uleb128 0xf
 421 018f 35000000 		.4byte	.LASF24
 422 0193 35000000 		.4byte	.LASF24
 423 0197 05       		.byte	0x5
 424 0198 18       		.byte	0x18
 425 0199 0F       		.uleb128 0xf
 426 019a 1A000000 		.4byte	.LASF25
 427 019e 1A000000 		.4byte	.LASF25
 428 01a2 06       		.byte	0x6
 429 01a3 5A       		.byte	0x5a
 430 01a4 0F       		.uleb128 0xf
 431 01a5 58010000 		.4byte	.LASF26
 432 01a9 58010000 		.4byte	.LASF26
 433 01ad 06       		.byte	0x6
 434 01ae 5B       		.byte	0x5b
 435 01af 00       		.byte	0
 436              		.section	.debug_abbrev,"",%progbits
 437              	.Ldebug_abbrev0:
 438 0000 01       		.uleb128 0x1
 439 0001 11       		.uleb128 0x11
 440 0002 01       		.byte	0x1
 441 0003 25       		.uleb128 0x25
 442 0004 0E       		.uleb128 0xe
 443 0005 13       		.uleb128 0x13
 444 0006 0B       		.uleb128 0xb
 445 0007 03       		.uleb128 0x3
 446 0008 0E       		.uleb128 0xe
 447 0009 1B       		.uleb128 0x1b
 448 000a 0E       		.uleb128 0xe
 449 000b 55       		.uleb128 0x55
 450 000c 17       		.uleb128 0x17
 451 000d 11       		.uleb128 0x11
 452 000e 01       		.uleb128 0x1
 453 000f 10       		.uleb128 0x10
 454 0010 17       		.uleb128 0x17
 455 0011 00       		.byte	0
 456 0012 00       		.byte	0
ARM GAS  C:\Users\cring\AppData\Local\Temp\ccY2rjKi.s 			page 10


 457 0013 02       		.uleb128 0x2
 458 0014 24       		.uleb128 0x24
 459 0015 00       		.byte	0
 460 0016 0B       		.uleb128 0xb
 461 0017 0B       		.uleb128 0xb
 462 0018 3E       		.uleb128 0x3e
 463 0019 0B       		.uleb128 0xb
 464 001a 03       		.uleb128 0x3
 465 001b 0E       		.uleb128 0xe
 466 001c 00       		.byte	0
 467 001d 00       		.byte	0
 468 001e 03       		.uleb128 0x3
 469 001f 16       		.uleb128 0x16
 470 0020 00       		.byte	0
 471 0021 03       		.uleb128 0x3
 472 0022 0E       		.uleb128 0xe
 473 0023 3A       		.uleb128 0x3a
 474 0024 0B       		.uleb128 0xb
 475 0025 3B       		.uleb128 0x3b
 476 0026 0B       		.uleb128 0xb
 477 0027 49       		.uleb128 0x49
 478 0028 13       		.uleb128 0x13
 479 0029 00       		.byte	0
 480 002a 00       		.byte	0
 481 002b 04       		.uleb128 0x4
 482 002c 24       		.uleb128 0x24
 483 002d 00       		.byte	0
 484 002e 0B       		.uleb128 0xb
 485 002f 0B       		.uleb128 0xb
 486 0030 3E       		.uleb128 0x3e
 487 0031 0B       		.uleb128 0xb
 488 0032 03       		.uleb128 0x3
 489 0033 08       		.uleb128 0x8
 490 0034 00       		.byte	0
 491 0035 00       		.byte	0
 492 0036 05       		.uleb128 0x5
 493 0037 2E       		.uleb128 0x2e
 494 0038 01       		.byte	0x1
 495 0039 3F       		.uleb128 0x3f
 496 003a 19       		.uleb128 0x19
 497 003b 03       		.uleb128 0x3
 498 003c 0E       		.uleb128 0xe
 499 003d 3A       		.uleb128 0x3a
 500 003e 0B       		.uleb128 0xb
 501 003f 3B       		.uleb128 0x3b
 502 0040 0B       		.uleb128 0xb
 503 0041 11       		.uleb128 0x11
 504 0042 01       		.uleb128 0x1
 505 0043 12       		.uleb128 0x12
 506 0044 06       		.uleb128 0x6
 507 0045 40       		.uleb128 0x40
 508 0046 18       		.uleb128 0x18
 509 0047 9742     		.uleb128 0x2117
 510 0049 19       		.uleb128 0x19
 511 004a 01       		.uleb128 0x1
 512 004b 13       		.uleb128 0x13
 513 004c 00       		.byte	0
ARM GAS  C:\Users\cring\AppData\Local\Temp\ccY2rjKi.s 			page 11


 514 004d 00       		.byte	0
 515 004e 06       		.uleb128 0x6
 516 004f 898201   		.uleb128 0x4109
 517 0052 01       		.byte	0x1
 518 0053 11       		.uleb128 0x11
 519 0054 01       		.uleb128 0x1
 520 0055 31       		.uleb128 0x31
 521 0056 13       		.uleb128 0x13
 522 0057 00       		.byte	0
 523 0058 00       		.byte	0
 524 0059 07       		.uleb128 0x7
 525 005a 8A8201   		.uleb128 0x410a
 526 005d 00       		.byte	0
 527 005e 02       		.uleb128 0x2
 528 005f 18       		.uleb128 0x18
 529 0060 9142     		.uleb128 0x2111
 530 0062 18       		.uleb128 0x18
 531 0063 00       		.byte	0
 532 0064 00       		.byte	0
 533 0065 08       		.uleb128 0x8
 534 0066 898201   		.uleb128 0x4109
 535 0069 00       		.byte	0
 536 006a 11       		.uleb128 0x11
 537 006b 01       		.uleb128 0x1
 538 006c 31       		.uleb128 0x31
 539 006d 13       		.uleb128 0x13
 540 006e 00       		.byte	0
 541 006f 00       		.byte	0
 542 0070 09       		.uleb128 0x9
 543 0071 2E       		.uleb128 0x2e
 544 0072 01       		.byte	0x1
 545 0073 3F       		.uleb128 0x3f
 546 0074 19       		.uleb128 0x19
 547 0075 03       		.uleb128 0x3
 548 0076 0E       		.uleb128 0xe
 549 0077 3A       		.uleb128 0x3a
 550 0078 0B       		.uleb128 0xb
 551 0079 3B       		.uleb128 0x3b
 552 007a 0B       		.uleb128 0xb
 553 007b 27       		.uleb128 0x27
 554 007c 19       		.uleb128 0x19
 555 007d 11       		.uleb128 0x11
 556 007e 01       		.uleb128 0x1
 557 007f 12       		.uleb128 0x12
 558 0080 06       		.uleb128 0x6
 559 0081 40       		.uleb128 0x40
 560 0082 18       		.uleb128 0x18
 561 0083 9742     		.uleb128 0x2117
 562 0085 19       		.uleb128 0x19
 563 0086 01       		.uleb128 0x1
 564 0087 13       		.uleb128 0x13
 565 0088 00       		.byte	0
 566 0089 00       		.byte	0
 567 008a 0A       		.uleb128 0xa
 568 008b 2E       		.uleb128 0x2e
 569 008c 00       		.byte	0
 570 008d 3F       		.uleb128 0x3f
ARM GAS  C:\Users\cring\AppData\Local\Temp\ccY2rjKi.s 			page 12


 571 008e 19       		.uleb128 0x19
 572 008f 03       		.uleb128 0x3
 573 0090 0E       		.uleb128 0xe
 574 0091 3A       		.uleb128 0x3a
 575 0092 0B       		.uleb128 0xb
 576 0093 3B       		.uleb128 0x3b
 577 0094 0B       		.uleb128 0xb
 578 0095 49       		.uleb128 0x49
 579 0096 13       		.uleb128 0x13
 580 0097 11       		.uleb128 0x11
 581 0098 01       		.uleb128 0x1
 582 0099 12       		.uleb128 0x12
 583 009a 06       		.uleb128 0x6
 584 009b 40       		.uleb128 0x40
 585 009c 18       		.uleb128 0x18
 586 009d 9742     		.uleb128 0x2117
 587 009f 19       		.uleb128 0x19
 588 00a0 00       		.byte	0
 589 00a1 00       		.byte	0
 590 00a2 0B       		.uleb128 0xb
 591 00a3 2E       		.uleb128 0x2e
 592 00a4 00       		.byte	0
 593 00a5 3F       		.uleb128 0x3f
 594 00a6 19       		.uleb128 0x19
 595 00a7 03       		.uleb128 0x3
 596 00a8 0E       		.uleb128 0xe
 597 00a9 3A       		.uleb128 0x3a
 598 00aa 0B       		.uleb128 0xb
 599 00ab 3B       		.uleb128 0x3b
 600 00ac 0B       		.uleb128 0xb
 601 00ad 11       		.uleb128 0x11
 602 00ae 01       		.uleb128 0x1
 603 00af 12       		.uleb128 0x12
 604 00b0 06       		.uleb128 0x6
 605 00b1 40       		.uleb128 0x40
 606 00b2 18       		.uleb128 0x18
 607 00b3 9742     		.uleb128 0x2117
 608 00b5 19       		.uleb128 0x19
 609 00b6 00       		.byte	0
 610 00b7 00       		.byte	0
 611 00b8 0C       		.uleb128 0xc
 612 00b9 34       		.uleb128 0x34
 613 00ba 00       		.byte	0
 614 00bb 03       		.uleb128 0x3
 615 00bc 0E       		.uleb128 0xe
 616 00bd 3A       		.uleb128 0x3a
 617 00be 0B       		.uleb128 0xb
 618 00bf 3B       		.uleb128 0x3b
 619 00c0 05       		.uleb128 0x5
 620 00c1 49       		.uleb128 0x49
 621 00c2 13       		.uleb128 0x13
 622 00c3 3F       		.uleb128 0x3f
 623 00c4 19       		.uleb128 0x19
 624 00c5 3C       		.uleb128 0x3c
 625 00c6 19       		.uleb128 0x19
 626 00c7 00       		.byte	0
 627 00c8 00       		.byte	0
ARM GAS  C:\Users\cring\AppData\Local\Temp\ccY2rjKi.s 			page 13


 628 00c9 0D       		.uleb128 0xd
 629 00ca 35       		.uleb128 0x35
 630 00cb 00       		.byte	0
 631 00cc 49       		.uleb128 0x49
 632 00cd 13       		.uleb128 0x13
 633 00ce 00       		.byte	0
 634 00cf 00       		.byte	0
 635 00d0 0E       		.uleb128 0xe
 636 00d1 34       		.uleb128 0x34
 637 00d2 00       		.byte	0
 638 00d3 03       		.uleb128 0x3
 639 00d4 0E       		.uleb128 0xe
 640 00d5 3A       		.uleb128 0x3a
 641 00d6 0B       		.uleb128 0xb
 642 00d7 3B       		.uleb128 0x3b
 643 00d8 0B       		.uleb128 0xb
 644 00d9 49       		.uleb128 0x49
 645 00da 13       		.uleb128 0x13
 646 00db 3F       		.uleb128 0x3f
 647 00dc 19       		.uleb128 0x19
 648 00dd 02       		.uleb128 0x2
 649 00de 18       		.uleb128 0x18
 650 00df 00       		.byte	0
 651 00e0 00       		.byte	0
 652 00e1 0F       		.uleb128 0xf
 653 00e2 2E       		.uleb128 0x2e
 654 00e3 00       		.byte	0
 655 00e4 3F       		.uleb128 0x3f
 656 00e5 19       		.uleb128 0x19
 657 00e6 3C       		.uleb128 0x3c
 658 00e7 19       		.uleb128 0x19
 659 00e8 6E       		.uleb128 0x6e
 660 00e9 0E       		.uleb128 0xe
 661 00ea 03       		.uleb128 0x3
 662 00eb 0E       		.uleb128 0xe
 663 00ec 3A       		.uleb128 0x3a
 664 00ed 0B       		.uleb128 0xb
 665 00ee 3B       		.uleb128 0x3b
 666 00ef 0B       		.uleb128 0xb
 667 00f0 00       		.byte	0
 668 00f1 00       		.byte	0
 669 00f2 00       		.byte	0
 670              		.section	.debug_aranges,"",%progbits
 671 0000 4C000000 		.4byte	0x4c
 672 0004 0200     		.2byte	0x2
 673 0006 00000000 		.4byte	.Ldebug_info0
 674 000a 04       		.byte	0x4
 675 000b 00       		.byte	0
 676 000c 0000     		.2byte	0
 677 000e 0000     		.2byte	0
 678 0010 00000000 		.4byte	.LFB65
 679 0014 10000000 		.4byte	.LFE65-.LFB65
 680 0018 00000000 		.4byte	.LFB66
 681 001c 08000000 		.4byte	.LFE66-.LFB66
 682 0020 00000000 		.4byte	.LFB67
 683 0024 08000000 		.4byte	.LFE67-.LFB67
 684 0028 00000000 		.4byte	.LFB64
ARM GAS  C:\Users\cring\AppData\Local\Temp\ccY2rjKi.s 			page 14


 685 002c 20000000 		.4byte	.LFE64-.LFB64
 686 0030 00000000 		.4byte	.LFB68
 687 0034 10000000 		.4byte	.LFE68-.LFB68
 688 0038 00000000 		.4byte	.LFB69
 689 003c 0C000000 		.4byte	.LFE69-.LFB69
 690 0040 00000000 		.4byte	.LFB70
 691 0044 18000000 		.4byte	.LFE70-.LFB70
 692 0048 00000000 		.4byte	0
 693 004c 00000000 		.4byte	0
 694              		.section	.debug_ranges,"",%progbits
 695              	.Ldebug_ranges0:
 696 0000 00000000 		.4byte	.LFB65
 697 0004 10000000 		.4byte	.LFE65
 698 0008 00000000 		.4byte	.LFB66
 699 000c 08000000 		.4byte	.LFE66
 700 0010 00000000 		.4byte	.LFB67
 701 0014 08000000 		.4byte	.LFE67
 702 0018 00000000 		.4byte	.LFB64
 703 001c 20000000 		.4byte	.LFE64
 704 0020 00000000 		.4byte	.LFB68
 705 0024 10000000 		.4byte	.LFE68
 706 0028 00000000 		.4byte	.LFB69
 707 002c 0C000000 		.4byte	.LFE69
 708 0030 00000000 		.4byte	.LFB70
 709 0034 18000000 		.4byte	.LFE70
 710 0038 00000000 		.4byte	0
 711 003c 00000000 		.4byte	0
 712              		.section	.debug_line,"",%progbits
 713              	.Ldebug_line0:
 714 0000 DC010000 		.section	.debug_str,"MS",%progbits,1
 714      02006201 
 714      00000201 
 714      FB0E0D00 
 714      01010101 
 715              	.LASF19:
 716 0000 67657454 		.ascii	"getTime\000"
 716      696D6500 
 717              	.LASF20:
 718 0008 74696D65 		.ascii	"timeout\000"
 718      6F757400 
 719              	.LASF9:
 720 0010 5F5F696E 		.ascii	"__int32_t\000"
 720      7433325F 
 720      7400
 721              	.LASF25:
 722 001a 54696D65 		.ascii	"Timer_Stopur_Start\000"
 722      725F5374 
 722      6F707572 
 722      5F537461 
 722      727400
 723              	.LASF10:
 724 002d 696E7433 		.ascii	"int32_t\000"
 724      325F7400 
 725              	.LASF24:
 726 0035 6973725F 		.ascii	"isr_timer_StartEx\000"
 726      74696D65 
 726      725F5374 
ARM GAS  C:\Users\cring\AppData\Local\Temp\ccY2rjKi.s 			page 15


 726      61727445 
 726      7800
 727              	.LASF11:
 728 0047 666C6F61 		.ascii	"float\000"
 728      7400
 729              	.LASF1:
 730 004d 756E7369 		.ascii	"unsigned char\000"
 730      676E6564 
 730      20636861 
 730      7200
 731              	.LASF27:
 732 005b 474E5520 		.ascii	"GNU C11 5.4.1 20160609 (release) [ARM/embedded-5-br"
 732      43313120 
 732      352E342E 
 732      31203230 
 732      31363036 
 733 008e 616E6368 		.ascii	"anch revision 237715] -mcpu=cortex-m3 -mthumb -g -O"
 733      20726576 
 733      6973696F 
 733      6E203233 
 733      37373135 
 734 00c1 67202D66 		.ascii	"g -ffunction-sections -ffat-lto-objects\000"
 734      66756E63 
 734      74696F6E 
 734      2D736563 
 734      74696F6E 
 735              	.LASF18:
 736 00e9 73746F70 		.ascii	"stopTimer\000"
 736      54696D65 
 736      7200
 737              	.LASF5:
 738 00f3 6C6F6E67 		.ascii	"long unsigned int\000"
 738      20756E73 
 738      69676E65 
 738      6420696E 
 738      7400
 739              	.LASF30:
 740 0105 6973725F 		.ascii	"isr_timer\000"
 740      74696D65 
 740      7200
 741              	.LASF3:
 742 010f 73686F72 		.ascii	"short unsigned int\000"
 742      7420756E 
 742      7369676E 
 742      65642069 
 742      6E7400
 743              	.LASF16:
 744 0122 696E6974 		.ascii	"initTimer\000"
 744      54696D65 
 744      7200
 745              	.LASF22:
 746 012c 49544D5F 		.ascii	"ITM_RxBuffer\000"
 746      52784275 
 746      66666572 
 746      00
 747              	.LASF12:
 748 0139 646F7562 		.ascii	"double\000"
ARM GAS  C:\Users\cring\AppData\Local\Temp\ccY2rjKi.s 			page 16


 748      6C6500
 749              	.LASF17:
 750 0140 73746172 		.ascii	"startTimer\000"
 750      7454696D 
 750      657200
 751              	.LASF8:
 752 014b 756E7369 		.ascii	"unsigned int\000"
 752      676E6564 
 752      20696E74 
 752      00
 753              	.LASF26:
 754 0158 54696D65 		.ascii	"Timer_Stopur_Stop\000"
 754      725F5374 
 754      6F707572 
 754      5F53746F 
 754      7000
 755              	.LASF7:
 756 016a 6C6F6E67 		.ascii	"long long unsigned int\000"
 756      206C6F6E 
 756      6720756E 
 756      7369676E 
 756      65642069 
 757              	.LASF14:
 758 0181 6C6F6E67 		.ascii	"long double\000"
 758      20646F75 
 758      626C6500 
 759              	.LASF29:
 760 018d 433A5C55 		.ascii	"C:\\Users\\cring\\OneDrive - Aarhus Universitet\\Un"
 760      73657273 
 760      5C637269 
 760      6E675C4F 
 760      6E654472 
 761 01bc 695C332E 		.ascii	"i\\3. Semester\\PRJ3\\KODE\\ProjektMain\\Hovedprogr"
 761      2053656D 
 761      65737465 
 761      725C5052 
 761      4A335C4B 
 762 01ea 616D2E63 		.ascii	"am.cydsn\000"
 762      7964736E 
 762      00
 763              	.LASF15:
 764 01f3 73697A65 		.ascii	"sizetype\000"
 764      74797065 
 764      00
 765              	.LASF6:
 766 01fc 6C6F6E67 		.ascii	"long long int\000"
 766      206C6F6E 
 766      6720696E 
 766      7400
 767              	.LASF13:
 768 020a 63686172 		.ascii	"char\000"
 768      00
 769              	.LASF23:
 770 020f 636F756E 		.ascii	"count\000"
 770      7400
 771              	.LASF2:
 772 0215 73686F72 		.ascii	"short int\000"
ARM GAS  C:\Users\cring\AppData\Local\Temp\ccY2rjKi.s 			page 17


 772      7420696E 
 772      7400
 773              	.LASF31:
 774 021f 636C6561 		.ascii	"clearTimer\000"
 774      7254696D 
 774      657200
 775              	.LASF4:
 776 022a 6C6F6E67 		.ascii	"long int\000"
 776      20696E74 
 776      00
 777              	.LASF28:
 778 0233 53746F70 		.ascii	"Stopur.c\000"
 778      75722E63 
 778      00
 779              	.LASF0:
 780 023c 7369676E 		.ascii	"signed char\000"
 780      65642063 
 780      68617200 
 781              	.LASF21:
 782 0248 5F426F6F 		.ascii	"_Bool\000"
 782      6C00
 783              		.ident	"GCC: (GNU Tools for ARM Embedded Processors) 5.4.1 20160609 (release) [ARM/embedded-5-bran
