ARM GAS  C:\Users\Morten\AppData\Local\Temp\ccdSTDKY.s 			page 1


   1              		.syntax unified
   2              		.cpu cortex-m3
   3              		.fpu softvfp
   4              		.eabi_attribute 20, 1
   5              		.eabi_attribute 21, 1
   6              		.eabi_attribute 23, 3
   7              		.eabi_attribute 24, 1
   8              		.eabi_attribute 25, 1
   9              		.eabi_attribute 26, 1
  10              		.eabi_attribute 30, 1
  11              		.eabi_attribute 34, 1
  12              		.eabi_attribute 18, 4
  13              		.thumb
  14              		.syntax unified
  15              		.file	"VT100Terminal.c"
  16              		.text
  17              	.Ltext0:
  18              		.cfi_sections	.debug_frame
  19              		.section	.text.delline,"ax",%progbits
  20              		.align	2
  21              		.global	delline
  22              		.thumb
  23              		.thumb_func
  24              		.type	delline, %function
  25              	delline:
  26              	.LFB63:
  27              		.file 1 "VT100Terminal.c"
   1:VT100Terminal.c **** /* ========================================
   2:VT100Terminal.c ****  *
   3:VT100Terminal.c ****  * Copyright YOUR COMPANY, THE YEAR
   4:VT100Terminal.c ****  * All Rights Reserved
   5:VT100Terminal.c ****  * UNPUBLISHED, LICENSED SOFTWARE.
   6:VT100Terminal.c ****  *
   7:VT100Terminal.c ****  * CONFIDENTIAL AND PROPRIETARY INFORMATION
   8:VT100Terminal.c ****  * WHICH IS THE PROPERTY OF your company.
   9:VT100Terminal.c ****  *
  10:VT100Terminal.c ****  * ========================================
  11:VT100Terminal.c **** */
  12:VT100Terminal.c **** 
  13:VT100Terminal.c **** /* [] END OF FILE */
  14:VT100Terminal.c **** #include "VT100Terminal.h"
  15:VT100Terminal.c **** 
  16:VT100Terminal.c **** void delline(int numberoflines)
  17:VT100Terminal.c **** {
  28              		.loc 1 17 0
  29              		.cfi_startproc
  30              		@ args = 0, pretend = 0, frame = 0
  31              		@ frame_needed = 0, uses_anonymous_args = 0
  32              	.LVL0:
  33 0000 38B5     		push	{r3, r4, r5, lr}
  34              		.cfi_def_cfa_offset 16
  35              		.cfi_offset 3, -16
  36              		.cfi_offset 4, -12
  37              		.cfi_offset 5, -8
  38              		.cfi_offset 14, -4
  39 0002 0546     		mov	r5, r0
  40              	.LVL1:
ARM GAS  C:\Users\Morten\AppData\Local\Temp\ccdSTDKY.s 			page 2


  41              	.LBB2:
  18:VT100Terminal.c ****         for(int i = 0; i < numberoflines; i++) 
  42              		.loc 1 18 0
  43 0004 0024     		movs	r4, #0
  44 0006 03E0     		b	.L2
  45              	.LVL2:
  46              	.L3:
  19:VT100Terminal.c ****     {
  20:VT100Terminal.c ****         UART_1_PutString("\x1b[2K");
  47              		.loc 1 20 0 discriminator 3
  48 0008 0348     		ldr	r0, .L5
  49 000a FFF7FEFF 		bl	UART_1_PutString
  50              	.LVL3:
  18:VT100Terminal.c ****         for(int i = 0; i < numberoflines; i++) 
  51              		.loc 1 18 0 discriminator 3
  52 000e 0134     		adds	r4, r4, #1
  53              	.LVL4:
  54              	.L2:
  18:VT100Terminal.c ****         for(int i = 0; i < numberoflines; i++) 
  55              		.loc 1 18 0 is_stmt 0 discriminator 1
  56 0010 AC42     		cmp	r4, r5
  57 0012 F9DB     		blt	.L3
  58              	.LBE2:
  21:VT100Terminal.c ****     }
  22:VT100Terminal.c **** }
  59              		.loc 1 22 0 is_stmt 1
  60 0014 38BD     		pop	{r3, r4, r5, pc}
  61              	.LVL5:
  62              	.L6:
  63 0016 00BF     		.align	2
  64              	.L5:
  65 0018 00000000 		.word	.LC0
  66              		.cfi_endproc
  67              	.LFE63:
  68              		.size	delline, .-delline
  69              		.section	.text.movecursor,"ax",%progbits
  70              		.align	2
  71              		.global	movecursor
  72              		.thumb
  73              		.thumb_func
  74              		.type	movecursor, %function
  75              	movecursor:
  76              	.LFB64:
  23:VT100Terminal.c **** 
  24:VT100Terminal.c **** void movecursor(char* y, char* x)
  25:VT100Terminal.c **** {
  77              		.loc 1 25 0
  78              		.cfi_startproc
  79              		@ args = 0, pretend = 0, frame = 0
  80              		@ frame_needed = 0, uses_anonymous_args = 0
  81              	.LVL6:
  82 0000 38B5     		push	{r3, r4, r5, lr}
  83              		.cfi_def_cfa_offset 16
  84              		.cfi_offset 3, -16
  85              		.cfi_offset 4, -12
  86              		.cfi_offset 5, -8
  87              		.cfi_offset 14, -4
ARM GAS  C:\Users\Morten\AppData\Local\Temp\ccdSTDKY.s 			page 3


  88 0002 0546     		mov	r5, r0
  89 0004 0C46     		mov	r4, r1
  26:VT100Terminal.c ****     UART_1_PutString("\x1b[");
  90              		.loc 1 26 0
  91 0006 0848     		ldr	r0, .L9
  92              	.LVL7:
  93 0008 FFF7FEFF 		bl	UART_1_PutString
  94              	.LVL8:
  27:VT100Terminal.c ****     UART_1_PutString(y);
  95              		.loc 1 27 0
  96 000c 2846     		mov	r0, r5
  97 000e FFF7FEFF 		bl	UART_1_PutString
  98              	.LVL9:
  28:VT100Terminal.c ****     UART_1_PutString(";");
  99              		.loc 1 28 0
 100 0012 0648     		ldr	r0, .L9+4
 101 0014 FFF7FEFF 		bl	UART_1_PutString
 102              	.LVL10:
  29:VT100Terminal.c ****     UART_1_PutString(x);
 103              		.loc 1 29 0
 104 0018 2046     		mov	r0, r4
 105 001a FFF7FEFF 		bl	UART_1_PutString
 106              	.LVL11:
  30:VT100Terminal.c ****     UART_1_PutString("f");
 107              		.loc 1 30 0
 108 001e 0448     		ldr	r0, .L9+8
 109 0020 FFF7FEFF 		bl	UART_1_PutString
 110              	.LVL12:
 111 0024 38BD     		pop	{r3, r4, r5, pc}
 112              	.LVL13:
 113              	.L10:
 114 0026 00BF     		.align	2
 115              	.L9:
 116 0028 08000000 		.word	.LC1
 117 002c 0C000000 		.word	.LC2
 118 0030 10000000 		.word	.LC3
 119              		.cfi_endproc
 120              	.LFE64:
 121              		.size	movecursor, .-movecursor
 122              		.section	.text.setcolor,"ax",%progbits
 123              		.align	2
 124              		.global	setcolor
 125              		.thumb
 126              		.thumb_func
 127              		.type	setcolor, %function
 128              	setcolor:
 129              	.LFB65:
  31:VT100Terminal.c **** }
  32:VT100Terminal.c **** 
  33:VT100Terminal.c **** void setcolor(char color)
  34:VT100Terminal.c **** {
 130              		.loc 1 34 0
 131              		.cfi_startproc
 132              		@ args = 0, pretend = 0, frame = 0
 133              		@ frame_needed = 0, uses_anonymous_args = 0
 134              	.LVL14:
 135 0000 08B5     		push	{r3, lr}
ARM GAS  C:\Users\Morten\AppData\Local\Temp\ccdSTDKY.s 			page 4


 136              		.cfi_def_cfa_offset 8
 137              		.cfi_offset 3, -8
 138              		.cfi_offset 14, -4
  35:VT100Terminal.c ****     switch(color)
 139              		.loc 1 35 0
 140 0002 6238     		subs	r0, r0, #98
 141              	.LVL15:
 142 0004 1028     		cmp	r0, #16
 143 0006 1AD8     		bhi	.L12
 144 0008 DFE800F0 		tbb	[pc, r0]
 145              	.L14:
 146 000c 11       		.byte	(.L13-.L14)/2
 147 000d 19       		.byte	(.L12-.L14)/2
 148 000e 15       		.byte	(.L15-.L14)/2
 149 000f 19       		.byte	(.L12-.L14)/2
 150 0010 19       		.byte	(.L12-.L14)/2
 151 0011 0D       		.byte	(.L16-.L14)/2
 152 0012 19       		.byte	(.L12-.L14)/2
 153 0013 19       		.byte	(.L12-.L14)/2
 154 0014 19       		.byte	(.L12-.L14)/2
 155 0015 19       		.byte	(.L12-.L14)/2
 156 0016 19       		.byte	(.L12-.L14)/2
 157 0017 19       		.byte	(.L12-.L14)/2
 158 0018 19       		.byte	(.L12-.L14)/2
 159 0019 19       		.byte	(.L12-.L14)/2
 160 001a 19       		.byte	(.L12-.L14)/2
 161 001b 19       		.byte	(.L12-.L14)/2
 162 001c 09       		.byte	(.L17-.L14)/2
 163 001d 00       		.p2align 1
 164              	.L17:
  36:VT100Terminal.c ****     {
  37:VT100Terminal.c ****         case 'r' :
  38:VT100Terminal.c ****         {
  39:VT100Terminal.c ****             UART_1_PutString("\x1b[91m");
 165              		.loc 1 39 0
 166 001e 0A48     		ldr	r0, .L20
 167 0020 FFF7FEFF 		bl	UART_1_PutString
 168              	.LVL16:
  40:VT100Terminal.c ****         }
  41:VT100Terminal.c ****         break;
 169              		.loc 1 41 0
 170 0024 08BD     		pop	{r3, pc}
 171              	.L16:
  42:VT100Terminal.c ****         case 'g' :
  43:VT100Terminal.c ****         {
  44:VT100Terminal.c ****             UART_1_PutString("\x1b[92m");
 172              		.loc 1 44 0
 173 0026 0948     		ldr	r0, .L20+4
 174 0028 FFF7FEFF 		bl	UART_1_PutString
 175              	.LVL17:
  45:VT100Terminal.c ****         }
  46:VT100Terminal.c ****         break;
 176              		.loc 1 46 0
 177 002c 08BD     		pop	{r3, pc}
 178              	.L13:
  47:VT100Terminal.c ****         case 'b' :
  48:VT100Terminal.c ****         {
ARM GAS  C:\Users\Morten\AppData\Local\Temp\ccdSTDKY.s 			page 5


  49:VT100Terminal.c ****             UART_1_PutString("\x1b[94m");
 179              		.loc 1 49 0
 180 002e 0848     		ldr	r0, .L20+8
 181 0030 FFF7FEFF 		bl	UART_1_PutString
 182              	.LVL18:
  50:VT100Terminal.c ****         }
  51:VT100Terminal.c ****         break;
 183              		.loc 1 51 0
 184 0034 08BD     		pop	{r3, pc}
 185              	.L15:
  52:VT100Terminal.c ****         case 'd' :
  53:VT100Terminal.c ****         {
  54:VT100Terminal.c ****             UART_1_PutString("\x1b[0m");
 186              		.loc 1 54 0
 187 0036 0748     		ldr	r0, .L20+12
 188 0038 FFF7FEFF 		bl	UART_1_PutString
 189              	.LVL19:
  55:VT100Terminal.c ****         }
  56:VT100Terminal.c ****         break;
 190              		.loc 1 56 0
 191 003c 08BD     		pop	{r3, pc}
 192              	.L12:
  57:VT100Terminal.c ****         default :
  58:VT100Terminal.c ****         {
  59:VT100Terminal.c ****             UART_1_PutString("\x1b[0m");
 193              		.loc 1 59 0
 194 003e 0548     		ldr	r0, .L20+12
 195 0040 FFF7FEFF 		bl	UART_1_PutString
 196              	.LVL20:
 197 0044 08BD     		pop	{r3, pc}
 198              	.L21:
 199 0046 00BF     		.align	2
 200              	.L20:
 201 0048 14000000 		.word	.LC4
 202 004c 1C000000 		.word	.LC5
 203 0050 24000000 		.word	.LC6
 204 0054 2C000000 		.word	.LC7
 205              		.cfi_endproc
 206              	.LFE65:
 207              		.size	setcolor, .-setcolor
 208              		.section	.rodata.str1.4,"aMS",%progbits,1
 209              		.align	2
 210              	.LC0:
 211 0000 1B5B324B 		.ascii	"\033[2K\000"
 211      00
 212 0005 000000   		.space	3
 213              	.LC1:
 214 0008 1B5B00   		.ascii	"\033[\000"
 215 000b 00       		.space	1
 216              	.LC2:
 217 000c 3B00     		.ascii	";\000"
 218 000e 0000     		.space	2
 219              	.LC3:
 220 0010 6600     		.ascii	"f\000"
 221 0012 0000     		.space	2
 222              	.LC4:
 223 0014 1B5B3931 		.ascii	"\033[91m\000"
ARM GAS  C:\Users\Morten\AppData\Local\Temp\ccdSTDKY.s 			page 6


 223      6D00
 224 001a 0000     		.space	2
 225              	.LC5:
 226 001c 1B5B3932 		.ascii	"\033[92m\000"
 226      6D00
 227 0022 0000     		.space	2
 228              	.LC6:
 229 0024 1B5B3934 		.ascii	"\033[94m\000"
 229      6D00
 230 002a 0000     		.space	2
 231              	.LC7:
 232 002c 1B5B306D 		.ascii	"\033[0m\000"
 232      00
 233              		.text
 234              	.Letext0:
 235              		.file 2 "c:\\program files (x86)\\cypress\\psoc creator\\4.2\\psoc creator\\import\\gnu\\arm\\5.4.
 236              		.file 3 "c:\\program files (x86)\\cypress\\psoc creator\\4.2\\psoc creator\\import\\gnu\\arm\\5.4.
 237              		.file 4 "Generated_Source\\PSoC5/core_cm3.h"
 238              		.file 5 "Generated_Source\\PSoC5/UART_1.h"
 239              		.section	.debug_info,"",%progbits
 240              	.Ldebug_info0:
 241 0000 3F020000 		.4byte	0x23f
 242 0004 0400     		.2byte	0x4
 243 0006 00000000 		.4byte	.Ldebug_abbrev0
 244 000a 04       		.byte	0x4
 245 000b 01       		.uleb128 0x1
 246 000c 7A000000 		.4byte	.LASF21
 247 0010 0C       		.byte	0xc
 248 0011 48010000 		.4byte	.LASF22
 249 0015 3C000000 		.4byte	.LASF23
 250 0019 00000000 		.4byte	.Ldebug_ranges0+0
 251 001d 00000000 		.4byte	0
 252 0021 00000000 		.4byte	.Ldebug_line0
 253 0025 02       		.uleb128 0x2
 254 0026 01       		.byte	0x1
 255 0027 06       		.byte	0x6
 256 0028 9A010000 		.4byte	.LASF0
 257 002c 02       		.uleb128 0x2
 258 002d 01       		.byte	0x1
 259 002e 08       		.byte	0x8
 260 002f 2E000000 		.4byte	.LASF1
 261 0033 02       		.uleb128 0x2
 262 0034 02       		.byte	0x2
 263 0035 05       		.byte	0x5
 264 0036 CC010000 		.4byte	.LASF2
 265 003a 02       		.uleb128 0x2
 266 003b 02       		.byte	0x2
 267 003c 07       		.byte	0x7
 268 003d 0E000000 		.4byte	.LASF3
 269 0041 03       		.uleb128 0x3
 270 0042 B4010000 		.4byte	.LASF9
 271 0046 02       		.byte	0x2
 272 0047 3F       		.byte	0x3f
 273 0048 4C000000 		.4byte	0x4c
 274 004c 02       		.uleb128 0x2
 275 004d 04       		.byte	0x4
 276 004e 05       		.byte	0x5
ARM GAS  C:\Users\Morten\AppData\Local\Temp\ccdSTDKY.s 			page 7


 277 004f 66010000 		.4byte	.LASF4
 278 0053 02       		.uleb128 0x2
 279 0054 04       		.byte	0x4
 280 0055 07       		.byte	0x7
 281 0056 08010000 		.4byte	.LASF5
 282 005a 02       		.uleb128 0x2
 283 005b 08       		.byte	0x8
 284 005c 05       		.byte	0x5
 285 005d 00000000 		.4byte	.LASF6
 286 0061 02       		.uleb128 0x2
 287 0062 08       		.byte	0x8
 288 0063 07       		.byte	0x7
 289 0064 20010000 		.4byte	.LASF7
 290 0068 04       		.uleb128 0x4
 291 0069 04       		.byte	0x4
 292 006a 05       		.byte	0x5
 293 006b 696E7400 		.ascii	"int\000"
 294 006f 02       		.uleb128 0x2
 295 0070 04       		.byte	0x4
 296 0071 07       		.byte	0x7
 297 0072 21000000 		.4byte	.LASF8
 298 0076 03       		.uleb128 0x3
 299 0077 D6010000 		.4byte	.LASF10
 300 007b 03       		.byte	0x3
 301 007c 2C       		.byte	0x2c
 302 007d 41000000 		.4byte	0x41
 303 0081 02       		.uleb128 0x2
 304 0082 04       		.byte	0x4
 305 0083 04       		.byte	0x4
 306 0084 BE010000 		.4byte	.LASF11
 307 0088 02       		.uleb128 0x2
 308 0089 08       		.byte	0x8
 309 008a 04       		.byte	0x4
 310 008b 7A010000 		.4byte	.LASF12
 311 008f 02       		.uleb128 0x2
 312 0090 01       		.byte	0x1
 313 0091 08       		.byte	0x8
 314 0092 61010000 		.4byte	.LASF13
 315 0096 02       		.uleb128 0x2
 316 0097 08       		.byte	0x8
 317 0098 04       		.byte	0x4
 318 0099 81010000 		.4byte	.LASF14
 319 009d 02       		.uleb128 0x2
 320 009e 04       		.byte	0x4
 321 009f 07       		.byte	0x7
 322 00a0 DE010000 		.4byte	.LASF15
 323 00a4 05       		.uleb128 0x5
 324 00a5 04       		.byte	0x4
 325 00a6 8F000000 		.4byte	0x8f
 326 00aa 06       		.uleb128 0x6
 327 00ab C4010000 		.4byte	.LASF16
 328 00af 01       		.byte	0x1
 329 00b0 10       		.byte	0x10
 330 00b1 00000000 		.4byte	.LFB63
 331 00b5 1C000000 		.4byte	.LFE63-.LFB63
 332 00b9 01       		.uleb128 0x1
 333 00ba 9C       		.byte	0x9c
ARM GAS  C:\Users\Morten\AppData\Local\Temp\ccdSTDKY.s 			page 8


 334 00bb F9000000 		.4byte	0xf9
 335 00bf 07       		.uleb128 0x7
 336 00c0 A6010000 		.4byte	.LASF18
 337 00c4 01       		.byte	0x1
 338 00c5 10       		.byte	0x10
 339 00c6 68000000 		.4byte	0x68
 340 00ca 00000000 		.4byte	.LLST0
 341 00ce 08       		.uleb128 0x8
 342 00cf 04000000 		.4byte	.LBB2
 343 00d3 10000000 		.4byte	.LBE2-.LBB2
 344 00d7 09       		.uleb128 0x9
 345 00d8 6900     		.ascii	"i\000"
 346 00da 01       		.byte	0x1
 347 00db 12       		.byte	0x12
 348 00dc 68000000 		.4byte	0x68
 349 00e0 2C000000 		.4byte	.LLST1
 350 00e4 0A       		.uleb128 0xa
 351 00e5 0E000000 		.4byte	.LVL3
 352 00e9 37020000 		.4byte	0x237
 353 00ed 0B       		.uleb128 0xb
 354 00ee 01       		.uleb128 0x1
 355 00ef 50       		.byte	0x50
 356 00f0 05       		.uleb128 0x5
 357 00f1 03       		.byte	0x3
 358 00f2 00000000 		.4byte	.LC0
 359 00f6 00       		.byte	0
 360 00f7 00       		.byte	0
 361 00f8 00       		.byte	0
 362 00f9 06       		.uleb128 0x6
 363 00fa 6F010000 		.4byte	.LASF17
 364 00fe 01       		.byte	0x1
 365 00ff 18       		.byte	0x18
 366 0100 00000000 		.4byte	.LFB64
 367 0104 34000000 		.4byte	.LFE64-.LFB64
 368 0108 01       		.uleb128 0x1
 369 0109 9C       		.byte	0x9c
 370 010a 92010000 		.4byte	0x192
 371 010e 0C       		.uleb128 0xc
 372 010f 7900     		.ascii	"y\000"
 373 0111 01       		.byte	0x1
 374 0112 18       		.byte	0x18
 375 0113 A4000000 		.4byte	0xa4
 376 0117 4B000000 		.4byte	.LLST2
 377 011b 0C       		.uleb128 0xc
 378 011c 7800     		.ascii	"x\000"
 379 011e 01       		.byte	0x1
 380 011f 18       		.byte	0x18
 381 0120 A4000000 		.4byte	0xa4
 382 0124 77000000 		.4byte	.LLST3
 383 0128 0D       		.uleb128 0xd
 384 0129 0C000000 		.4byte	.LVL8
 385 012d 37020000 		.4byte	0x237
 386 0131 3F010000 		.4byte	0x13f
 387 0135 0B       		.uleb128 0xb
 388 0136 01       		.uleb128 0x1
 389 0137 50       		.byte	0x50
 390 0138 05       		.uleb128 0x5
ARM GAS  C:\Users\Morten\AppData\Local\Temp\ccdSTDKY.s 			page 9


 391 0139 03       		.byte	0x3
 392 013a 08000000 		.4byte	.LC1
 393 013e 00       		.byte	0
 394 013f 0D       		.uleb128 0xd
 395 0140 12000000 		.4byte	.LVL9
 396 0144 37020000 		.4byte	0x237
 397 0148 53010000 		.4byte	0x153
 398 014c 0B       		.uleb128 0xb
 399 014d 01       		.uleb128 0x1
 400 014e 50       		.byte	0x50
 401 014f 02       		.uleb128 0x2
 402 0150 75       		.byte	0x75
 403 0151 00       		.sleb128 0
 404 0152 00       		.byte	0
 405 0153 0D       		.uleb128 0xd
 406 0154 18000000 		.4byte	.LVL10
 407 0158 37020000 		.4byte	0x237
 408 015c 6A010000 		.4byte	0x16a
 409 0160 0B       		.uleb128 0xb
 410 0161 01       		.uleb128 0x1
 411 0162 50       		.byte	0x50
 412 0163 05       		.uleb128 0x5
 413 0164 03       		.byte	0x3
 414 0165 0C000000 		.4byte	.LC2
 415 0169 00       		.byte	0
 416 016a 0D       		.uleb128 0xd
 417 016b 1E000000 		.4byte	.LVL11
 418 016f 37020000 		.4byte	0x237
 419 0173 7E010000 		.4byte	0x17e
 420 0177 0B       		.uleb128 0xb
 421 0178 01       		.uleb128 0x1
 422 0179 50       		.byte	0x50
 423 017a 02       		.uleb128 0x2
 424 017b 74       		.byte	0x74
 425 017c 00       		.sleb128 0
 426 017d 00       		.byte	0
 427 017e 0A       		.uleb128 0xa
 428 017f 24000000 		.4byte	.LVL12
 429 0183 37020000 		.4byte	0x237
 430 0187 0B       		.uleb128 0xb
 431 0188 01       		.uleb128 0x1
 432 0189 50       		.byte	0x50
 433 018a 05       		.uleb128 0x5
 434 018b 03       		.byte	0x3
 435 018c 10000000 		.4byte	.LC3
 436 0190 00       		.byte	0
 437 0191 00       		.byte	0
 438 0192 06       		.uleb128 0x6
 439 0193 58010000 		.4byte	.LASF19
 440 0197 01       		.byte	0x1
 441 0198 21       		.byte	0x21
 442 0199 00000000 		.4byte	.LFB65
 443 019d 58000000 		.4byte	.LFE65-.LFB65
 444 01a1 01       		.uleb128 0x1
 445 01a2 9C       		.byte	0x9c
 446 01a3 26020000 		.4byte	0x226
 447 01a7 07       		.uleb128 0x7
ARM GAS  C:\Users\Morten\AppData\Local\Temp\ccdSTDKY.s 			page 10


 448 01a8 1A010000 		.4byte	.LASF20
 449 01ac 01       		.byte	0x1
 450 01ad 21       		.byte	0x21
 451 01ae 8F000000 		.4byte	0x8f
 452 01b2 A3000000 		.4byte	.LLST4
 453 01b6 0D       		.uleb128 0xd
 454 01b7 24000000 		.4byte	.LVL16
 455 01bb 37020000 		.4byte	0x237
 456 01bf CD010000 		.4byte	0x1cd
 457 01c3 0B       		.uleb128 0xb
 458 01c4 01       		.uleb128 0x1
 459 01c5 50       		.byte	0x50
 460 01c6 05       		.uleb128 0x5
 461 01c7 03       		.byte	0x3
 462 01c8 14000000 		.4byte	.LC4
 463 01cc 00       		.byte	0
 464 01cd 0D       		.uleb128 0xd
 465 01ce 2C000000 		.4byte	.LVL17
 466 01d2 37020000 		.4byte	0x237
 467 01d6 E4010000 		.4byte	0x1e4
 468 01da 0B       		.uleb128 0xb
 469 01db 01       		.uleb128 0x1
 470 01dc 50       		.byte	0x50
 471 01dd 05       		.uleb128 0x5
 472 01de 03       		.byte	0x3
 473 01df 1C000000 		.4byte	.LC5
 474 01e3 00       		.byte	0
 475 01e4 0D       		.uleb128 0xd
 476 01e5 34000000 		.4byte	.LVL18
 477 01e9 37020000 		.4byte	0x237
 478 01ed FB010000 		.4byte	0x1fb
 479 01f1 0B       		.uleb128 0xb
 480 01f2 01       		.uleb128 0x1
 481 01f3 50       		.byte	0x50
 482 01f4 05       		.uleb128 0x5
 483 01f5 03       		.byte	0x3
 484 01f6 24000000 		.4byte	.LC6
 485 01fa 00       		.byte	0
 486 01fb 0D       		.uleb128 0xd
 487 01fc 3C000000 		.4byte	.LVL19
 488 0200 37020000 		.4byte	0x237
 489 0204 12020000 		.4byte	0x212
 490 0208 0B       		.uleb128 0xb
 491 0209 01       		.uleb128 0x1
 492 020a 50       		.byte	0x50
 493 020b 05       		.uleb128 0x5
 494 020c 03       		.byte	0x3
 495 020d 2C000000 		.4byte	.LC7
 496 0211 00       		.byte	0
 497 0212 0A       		.uleb128 0xa
 498 0213 44000000 		.4byte	.LVL20
 499 0217 37020000 		.4byte	0x237
 500 021b 0B       		.uleb128 0xb
 501 021c 01       		.uleb128 0x1
 502 021d 50       		.byte	0x50
 503 021e 05       		.uleb128 0x5
 504 021f 03       		.byte	0x3
ARM GAS  C:\Users\Morten\AppData\Local\Temp\ccdSTDKY.s 			page 11


 505 0220 2C000000 		.4byte	.LC7
 506 0224 00       		.byte	0
 507 0225 00       		.byte	0
 508 0226 0E       		.uleb128 0xe
 509 0227 8D010000 		.4byte	.LASF24
 510 022b 04       		.byte	0x4
 511 022c 1207     		.2byte	0x712
 512 022e 32020000 		.4byte	0x232
 513 0232 0F       		.uleb128 0xf
 514 0233 76000000 		.4byte	0x76
 515 0237 10       		.uleb128 0x10
 516 0238 37010000 		.4byte	.LASF25
 517 023c 37010000 		.4byte	.LASF25
 518 0240 05       		.byte	0x5
 519 0241 8B       		.byte	0x8b
 520 0242 00       		.byte	0
 521              		.section	.debug_abbrev,"",%progbits
 522              	.Ldebug_abbrev0:
 523 0000 01       		.uleb128 0x1
 524 0001 11       		.uleb128 0x11
 525 0002 01       		.byte	0x1
 526 0003 25       		.uleb128 0x25
 527 0004 0E       		.uleb128 0xe
 528 0005 13       		.uleb128 0x13
 529 0006 0B       		.uleb128 0xb
 530 0007 03       		.uleb128 0x3
 531 0008 0E       		.uleb128 0xe
 532 0009 1B       		.uleb128 0x1b
 533 000a 0E       		.uleb128 0xe
 534 000b 55       		.uleb128 0x55
 535 000c 17       		.uleb128 0x17
 536 000d 11       		.uleb128 0x11
 537 000e 01       		.uleb128 0x1
 538 000f 10       		.uleb128 0x10
 539 0010 17       		.uleb128 0x17
 540 0011 00       		.byte	0
 541 0012 00       		.byte	0
 542 0013 02       		.uleb128 0x2
 543 0014 24       		.uleb128 0x24
 544 0015 00       		.byte	0
 545 0016 0B       		.uleb128 0xb
 546 0017 0B       		.uleb128 0xb
 547 0018 3E       		.uleb128 0x3e
 548 0019 0B       		.uleb128 0xb
 549 001a 03       		.uleb128 0x3
 550 001b 0E       		.uleb128 0xe
 551 001c 00       		.byte	0
 552 001d 00       		.byte	0
 553 001e 03       		.uleb128 0x3
 554 001f 16       		.uleb128 0x16
 555 0020 00       		.byte	0
 556 0021 03       		.uleb128 0x3
 557 0022 0E       		.uleb128 0xe
 558 0023 3A       		.uleb128 0x3a
 559 0024 0B       		.uleb128 0xb
 560 0025 3B       		.uleb128 0x3b
 561 0026 0B       		.uleb128 0xb
ARM GAS  C:\Users\Morten\AppData\Local\Temp\ccdSTDKY.s 			page 12


 562 0027 49       		.uleb128 0x49
 563 0028 13       		.uleb128 0x13
 564 0029 00       		.byte	0
 565 002a 00       		.byte	0
 566 002b 04       		.uleb128 0x4
 567 002c 24       		.uleb128 0x24
 568 002d 00       		.byte	0
 569 002e 0B       		.uleb128 0xb
 570 002f 0B       		.uleb128 0xb
 571 0030 3E       		.uleb128 0x3e
 572 0031 0B       		.uleb128 0xb
 573 0032 03       		.uleb128 0x3
 574 0033 08       		.uleb128 0x8
 575 0034 00       		.byte	0
 576 0035 00       		.byte	0
 577 0036 05       		.uleb128 0x5
 578 0037 0F       		.uleb128 0xf
 579 0038 00       		.byte	0
 580 0039 0B       		.uleb128 0xb
 581 003a 0B       		.uleb128 0xb
 582 003b 49       		.uleb128 0x49
 583 003c 13       		.uleb128 0x13
 584 003d 00       		.byte	0
 585 003e 00       		.byte	0
 586 003f 06       		.uleb128 0x6
 587 0040 2E       		.uleb128 0x2e
 588 0041 01       		.byte	0x1
 589 0042 3F       		.uleb128 0x3f
 590 0043 19       		.uleb128 0x19
 591 0044 03       		.uleb128 0x3
 592 0045 0E       		.uleb128 0xe
 593 0046 3A       		.uleb128 0x3a
 594 0047 0B       		.uleb128 0xb
 595 0048 3B       		.uleb128 0x3b
 596 0049 0B       		.uleb128 0xb
 597 004a 27       		.uleb128 0x27
 598 004b 19       		.uleb128 0x19
 599 004c 11       		.uleb128 0x11
 600 004d 01       		.uleb128 0x1
 601 004e 12       		.uleb128 0x12
 602 004f 06       		.uleb128 0x6
 603 0050 40       		.uleb128 0x40
 604 0051 18       		.uleb128 0x18
 605 0052 9742     		.uleb128 0x2117
 606 0054 19       		.uleb128 0x19
 607 0055 01       		.uleb128 0x1
 608 0056 13       		.uleb128 0x13
 609 0057 00       		.byte	0
 610 0058 00       		.byte	0
 611 0059 07       		.uleb128 0x7
 612 005a 05       		.uleb128 0x5
 613 005b 00       		.byte	0
 614 005c 03       		.uleb128 0x3
 615 005d 0E       		.uleb128 0xe
 616 005e 3A       		.uleb128 0x3a
 617 005f 0B       		.uleb128 0xb
 618 0060 3B       		.uleb128 0x3b
ARM GAS  C:\Users\Morten\AppData\Local\Temp\ccdSTDKY.s 			page 13


 619 0061 0B       		.uleb128 0xb
 620 0062 49       		.uleb128 0x49
 621 0063 13       		.uleb128 0x13
 622 0064 02       		.uleb128 0x2
 623 0065 17       		.uleb128 0x17
 624 0066 00       		.byte	0
 625 0067 00       		.byte	0
 626 0068 08       		.uleb128 0x8
 627 0069 0B       		.uleb128 0xb
 628 006a 01       		.byte	0x1
 629 006b 11       		.uleb128 0x11
 630 006c 01       		.uleb128 0x1
 631 006d 12       		.uleb128 0x12
 632 006e 06       		.uleb128 0x6
 633 006f 00       		.byte	0
 634 0070 00       		.byte	0
 635 0071 09       		.uleb128 0x9
 636 0072 34       		.uleb128 0x34
 637 0073 00       		.byte	0
 638 0074 03       		.uleb128 0x3
 639 0075 08       		.uleb128 0x8
 640 0076 3A       		.uleb128 0x3a
 641 0077 0B       		.uleb128 0xb
 642 0078 3B       		.uleb128 0x3b
 643 0079 0B       		.uleb128 0xb
 644 007a 49       		.uleb128 0x49
 645 007b 13       		.uleb128 0x13
 646 007c 02       		.uleb128 0x2
 647 007d 17       		.uleb128 0x17
 648 007e 00       		.byte	0
 649 007f 00       		.byte	0
 650 0080 0A       		.uleb128 0xa
 651 0081 898201   		.uleb128 0x4109
 652 0084 01       		.byte	0x1
 653 0085 11       		.uleb128 0x11
 654 0086 01       		.uleb128 0x1
 655 0087 31       		.uleb128 0x31
 656 0088 13       		.uleb128 0x13
 657 0089 00       		.byte	0
 658 008a 00       		.byte	0
 659 008b 0B       		.uleb128 0xb
 660 008c 8A8201   		.uleb128 0x410a
 661 008f 00       		.byte	0
 662 0090 02       		.uleb128 0x2
 663 0091 18       		.uleb128 0x18
 664 0092 9142     		.uleb128 0x2111
 665 0094 18       		.uleb128 0x18
 666 0095 00       		.byte	0
 667 0096 00       		.byte	0
 668 0097 0C       		.uleb128 0xc
 669 0098 05       		.uleb128 0x5
 670 0099 00       		.byte	0
 671 009a 03       		.uleb128 0x3
 672 009b 08       		.uleb128 0x8
 673 009c 3A       		.uleb128 0x3a
 674 009d 0B       		.uleb128 0xb
 675 009e 3B       		.uleb128 0x3b
ARM GAS  C:\Users\Morten\AppData\Local\Temp\ccdSTDKY.s 			page 14


 676 009f 0B       		.uleb128 0xb
 677 00a0 49       		.uleb128 0x49
 678 00a1 13       		.uleb128 0x13
 679 00a2 02       		.uleb128 0x2
 680 00a3 17       		.uleb128 0x17
 681 00a4 00       		.byte	0
 682 00a5 00       		.byte	0
 683 00a6 0D       		.uleb128 0xd
 684 00a7 898201   		.uleb128 0x4109
 685 00aa 01       		.byte	0x1
 686 00ab 11       		.uleb128 0x11
 687 00ac 01       		.uleb128 0x1
 688 00ad 31       		.uleb128 0x31
 689 00ae 13       		.uleb128 0x13
 690 00af 01       		.uleb128 0x1
 691 00b0 13       		.uleb128 0x13
 692 00b1 00       		.byte	0
 693 00b2 00       		.byte	0
 694 00b3 0E       		.uleb128 0xe
 695 00b4 34       		.uleb128 0x34
 696 00b5 00       		.byte	0
 697 00b6 03       		.uleb128 0x3
 698 00b7 0E       		.uleb128 0xe
 699 00b8 3A       		.uleb128 0x3a
 700 00b9 0B       		.uleb128 0xb
 701 00ba 3B       		.uleb128 0x3b
 702 00bb 05       		.uleb128 0x5
 703 00bc 49       		.uleb128 0x49
 704 00bd 13       		.uleb128 0x13
 705 00be 3F       		.uleb128 0x3f
 706 00bf 19       		.uleb128 0x19
 707 00c0 3C       		.uleb128 0x3c
 708 00c1 19       		.uleb128 0x19
 709 00c2 00       		.byte	0
 710 00c3 00       		.byte	0
 711 00c4 0F       		.uleb128 0xf
 712 00c5 35       		.uleb128 0x35
 713 00c6 00       		.byte	0
 714 00c7 49       		.uleb128 0x49
 715 00c8 13       		.uleb128 0x13
 716 00c9 00       		.byte	0
 717 00ca 00       		.byte	0
 718 00cb 10       		.uleb128 0x10
 719 00cc 2E       		.uleb128 0x2e
 720 00cd 00       		.byte	0
 721 00ce 3F       		.uleb128 0x3f
 722 00cf 19       		.uleb128 0x19
 723 00d0 3C       		.uleb128 0x3c
 724 00d1 19       		.uleb128 0x19
 725 00d2 6E       		.uleb128 0x6e
 726 00d3 0E       		.uleb128 0xe
 727 00d4 03       		.uleb128 0x3
 728 00d5 0E       		.uleb128 0xe
 729 00d6 3A       		.uleb128 0x3a
 730 00d7 0B       		.uleb128 0xb
 731 00d8 3B       		.uleb128 0x3b
 732 00d9 0B       		.uleb128 0xb
ARM GAS  C:\Users\Morten\AppData\Local\Temp\ccdSTDKY.s 			page 15


 733 00da 00       		.byte	0
 734 00db 00       		.byte	0
 735 00dc 00       		.byte	0
 736              		.section	.debug_loc,"",%progbits
 737              	.Ldebug_loc0:
 738              	.LLST0:
 739 0000 00000000 		.4byte	.LVL0
 740 0004 08000000 		.4byte	.LVL2
 741 0008 0100     		.2byte	0x1
 742 000a 50       		.byte	0x50
 743 000b 08000000 		.4byte	.LVL2
 744 000f 16000000 		.4byte	.LVL5
 745 0013 0100     		.2byte	0x1
 746 0015 55       		.byte	0x55
 747 0016 16000000 		.4byte	.LVL5
 748 001a 1C000000 		.4byte	.LFE63
 749 001e 0400     		.2byte	0x4
 750 0020 F3       		.byte	0xf3
 751 0021 01       		.uleb128 0x1
 752 0022 50       		.byte	0x50
 753 0023 9F       		.byte	0x9f
 754 0024 00000000 		.4byte	0
 755 0028 00000000 		.4byte	0
 756              	.LLST1:
 757 002c 04000000 		.4byte	.LVL1
 758 0030 08000000 		.4byte	.LVL2
 759 0034 0200     		.2byte	0x2
 760 0036 30       		.byte	0x30
 761 0037 9F       		.byte	0x9f
 762 0038 08000000 		.4byte	.LVL2
 763 003c 16000000 		.4byte	.LVL5
 764 0040 0100     		.2byte	0x1
 765 0042 54       		.byte	0x54
 766 0043 00000000 		.4byte	0
 767 0047 00000000 		.4byte	0
 768              	.LLST2:
 769 004b 00000000 		.4byte	.LVL6
 770 004f 08000000 		.4byte	.LVL7
 771 0053 0100     		.2byte	0x1
 772 0055 50       		.byte	0x50
 773 0056 08000000 		.4byte	.LVL7
 774 005a 26000000 		.4byte	.LVL13
 775 005e 0100     		.2byte	0x1
 776 0060 55       		.byte	0x55
 777 0061 26000000 		.4byte	.LVL13
 778 0065 34000000 		.4byte	.LFE64
 779 0069 0400     		.2byte	0x4
 780 006b F3       		.byte	0xf3
 781 006c 01       		.uleb128 0x1
 782 006d 50       		.byte	0x50
 783 006e 9F       		.byte	0x9f
 784 006f 00000000 		.4byte	0
 785 0073 00000000 		.4byte	0
 786              	.LLST3:
 787 0077 00000000 		.4byte	.LVL6
 788 007b 0B000000 		.4byte	.LVL8-1
 789 007f 0100     		.2byte	0x1
ARM GAS  C:\Users\Morten\AppData\Local\Temp\ccdSTDKY.s 			page 16


 790 0081 51       		.byte	0x51
 791 0082 0B000000 		.4byte	.LVL8-1
 792 0086 26000000 		.4byte	.LVL13
 793 008a 0100     		.2byte	0x1
 794 008c 54       		.byte	0x54
 795 008d 26000000 		.4byte	.LVL13
 796 0091 34000000 		.4byte	.LFE64
 797 0095 0400     		.2byte	0x4
 798 0097 F3       		.byte	0xf3
 799 0098 01       		.uleb128 0x1
 800 0099 51       		.byte	0x51
 801 009a 9F       		.byte	0x9f
 802 009b 00000000 		.4byte	0
 803 009f 00000000 		.4byte	0
 804              	.LLST4:
 805 00a3 00000000 		.4byte	.LVL14
 806 00a7 04000000 		.4byte	.LVL15
 807 00ab 0100     		.2byte	0x1
 808 00ad 50       		.byte	0x50
 809 00ae 04000000 		.4byte	.LVL15
 810 00b2 58000000 		.4byte	.LFE65
 811 00b6 0400     		.2byte	0x4
 812 00b8 F3       		.byte	0xf3
 813 00b9 01       		.uleb128 0x1
 814 00ba 50       		.byte	0x50
 815 00bb 9F       		.byte	0x9f
 816 00bc 00000000 		.4byte	0
 817 00c0 00000000 		.4byte	0
 818              		.section	.debug_aranges,"",%progbits
 819 0000 2C000000 		.4byte	0x2c
 820 0004 0200     		.2byte	0x2
 821 0006 00000000 		.4byte	.Ldebug_info0
 822 000a 04       		.byte	0x4
 823 000b 00       		.byte	0
 824 000c 0000     		.2byte	0
 825 000e 0000     		.2byte	0
 826 0010 00000000 		.4byte	.LFB63
 827 0014 1C000000 		.4byte	.LFE63-.LFB63
 828 0018 00000000 		.4byte	.LFB64
 829 001c 34000000 		.4byte	.LFE64-.LFB64
 830 0020 00000000 		.4byte	.LFB65
 831 0024 58000000 		.4byte	.LFE65-.LFB65
 832 0028 00000000 		.4byte	0
 833 002c 00000000 		.4byte	0
 834              		.section	.debug_ranges,"",%progbits
 835              	.Ldebug_ranges0:
 836 0000 00000000 		.4byte	.LFB63
 837 0004 1C000000 		.4byte	.LFE63
 838 0008 00000000 		.4byte	.LFB64
 839 000c 34000000 		.4byte	.LFE64
 840 0010 00000000 		.4byte	.LFB65
 841 0014 58000000 		.4byte	.LFE65
 842 0018 00000000 		.4byte	0
 843 001c 00000000 		.4byte	0
 844              		.section	.debug_line,"",%progbits
 845              	.Ldebug_line0:
 846 0000 A9010000 		.section	.debug_str,"MS",%progbits,1
ARM GAS  C:\Users\Morten\AppData\Local\Temp\ccdSTDKY.s 			page 17


 846      02005401 
 846      00000201 
 846      FB0E0D00 
 846      01010101 
 847              	.LASF6:
 848 0000 6C6F6E67 		.ascii	"long long int\000"
 848      206C6F6E 
 848      6720696E 
 848      7400
 849              	.LASF3:
 850 000e 73686F72 		.ascii	"short unsigned int\000"
 850      7420756E 
 850      7369676E 
 850      65642069 
 850      6E7400
 851              	.LASF8:
 852 0021 756E7369 		.ascii	"unsigned int\000"
 852      676E6564 
 852      20696E74 
 852      00
 853              	.LASF1:
 854 002e 756E7369 		.ascii	"unsigned char\000"
 854      676E6564 
 854      20636861 
 854      7200
 855              	.LASF23:
 856 003c 433A5C55 		.ascii	"C:\\Users\\Morten\\Desktop\\E5PRJ3\\ProjektMain\\Ho"
 856      73657273 
 856      5C4D6F72 
 856      74656E5C 
 856      4465736B 
 857 0069 76656470 		.ascii	"vedprogram.cydsn\000"
 857      726F6772 
 857      616D2E63 
 857      7964736E 
 857      00
 858              	.LASF21:
 859 007a 474E5520 		.ascii	"GNU C11 5.4.1 20160609 (release) [ARM/embedded-5-br"
 859      43313120 
 859      352E342E 
 859      31203230 
 859      31363036 
 860 00ad 616E6368 		.ascii	"anch revision 237715] -mcpu=cortex-m3 -mthumb -g -O"
 860      20726576 
 860      6973696F 
 860      6E203233 
 860      37373135 
 861 00e0 67202D66 		.ascii	"g -ffunction-sections -ffat-lto-objects\000"
 861      66756E63 
 861      74696F6E 
 861      2D736563 
 861      74696F6E 
 862              	.LASF5:
 863 0108 6C6F6E67 		.ascii	"long unsigned int\000"
 863      20756E73 
 863      69676E65 
 863      6420696E 
ARM GAS  C:\Users\Morten\AppData\Local\Temp\ccdSTDKY.s 			page 18


 863      7400
 864              	.LASF20:
 865 011a 636F6C6F 		.ascii	"color\000"
 865      7200
 866              	.LASF7:
 867 0120 6C6F6E67 		.ascii	"long long unsigned int\000"
 867      206C6F6E 
 867      6720756E 
 867      7369676E 
 867      65642069 
 868              	.LASF25:
 869 0137 55415254 		.ascii	"UART_1_PutString\000"
 869      5F315F50 
 869      75745374 
 869      72696E67 
 869      00
 870              	.LASF22:
 871 0148 56543130 		.ascii	"VT100Terminal.c\000"
 871      30546572 
 871      6D696E61 
 871      6C2E6300 
 872              	.LASF19:
 873 0158 73657463 		.ascii	"setcolor\000"
 873      6F6C6F72 
 873      00
 874              	.LASF13:
 875 0161 63686172 		.ascii	"char\000"
 875      00
 876              	.LASF4:
 877 0166 6C6F6E67 		.ascii	"long int\000"
 877      20696E74 
 877      00
 878              	.LASF17:
 879 016f 6D6F7665 		.ascii	"movecursor\000"
 879      63757273 
 879      6F7200
 880              	.LASF12:
 881 017a 646F7562 		.ascii	"double\000"
 881      6C6500
 882              	.LASF14:
 883 0181 6C6F6E67 		.ascii	"long double\000"
 883      20646F75 
 883      626C6500 
 884              	.LASF24:
 885 018d 49544D5F 		.ascii	"ITM_RxBuffer\000"
 885      52784275 
 885      66666572 
 885      00
 886              	.LASF0:
 887 019a 7369676E 		.ascii	"signed char\000"
 887      65642063 
 887      68617200 
 888              	.LASF18:
 889 01a6 6E756D62 		.ascii	"numberoflines\000"
 889      65726F66 
 889      6C696E65 
 889      7300
ARM GAS  C:\Users\Morten\AppData\Local\Temp\ccdSTDKY.s 			page 19


 890              	.LASF9:
 891 01b4 5F5F696E 		.ascii	"__int32_t\000"
 891      7433325F 
 891      7400
 892              	.LASF11:
 893 01be 666C6F61 		.ascii	"float\000"
 893      7400
 894              	.LASF16:
 895 01c4 64656C6C 		.ascii	"delline\000"
 895      696E6500 
 896              	.LASF2:
 897 01cc 73686F72 		.ascii	"short int\000"
 897      7420696E 
 897      7400
 898              	.LASF10:
 899 01d6 696E7433 		.ascii	"int32_t\000"
 899      325F7400 
 900              	.LASF15:
 901 01de 73697A65 		.ascii	"sizetype\000"
 901      74797065 
 901      00
 902              		.ident	"GCC: (GNU Tools for ARM Embedded Processors) 5.4.1 20160609 (release) [ARM/embedded-5-bran
