ARM GAS  C:\Users\cring\AppData\Local\Temp\cck2SAgP.s 			page 1


   1              		.syntax unified
   2              		.cpu cortex-m3
   3              		.fpu softvfp
   4              		.eabi_attribute 20, 1
   5              		.eabi_attribute 21, 1
   6              		.eabi_attribute 23, 3
   7              		.eabi_attribute 24, 1
   8              		.eabi_attribute 25, 1
   9              		.eabi_attribute 26, 1
  10              		.eabi_attribute 30, 1
  11              		.eabi_attribute 34, 1
  12              		.eabi_attribute 18, 4
  13              		.thumb
  14              		.syntax unified
  15              		.file	"cymetadata.c"
  16              		.text
  17              	.Ltext0:
  18              		.cfi_sections	.debug_frame
  19              		.global	cy_metadata
  20              		.global	cy_meta_flashprotect
  21              		.global	cy_meta_wonvl
  22              		.global	cy_meta_custnvl
  23              		.global	cy_meta_configecc
  24              		.section	.cyconfigecc,"a",%progbits
  25              		.align	2
  26              		.type	cy_meta_configecc, %object
  27              		.size	cy_meta_configecc, 1692
  28              	cy_meta_configecc:
  29 0000 01       		.byte	1
  30 0001 52       		.byte	82
  31 0002 00       		.byte	0
  32 0003 40       		.byte	64
  33 0004 03       		.byte	3
  34 0005 64       		.byte	100
  35 0006 00       		.byte	0
  36 0007 40       		.byte	64
  37 0008 03       		.byte	3
  38 0009 65       		.byte	101
  39 000a 00       		.byte	0
  40 000b 40       		.byte	64
  41 000c 37       		.byte	55
  42 000d 00       		.byte	0
  43 000e 01       		.byte	1
  44 000f 40       		.byte	64
  45 0010 17       		.byte	23
  46 0011 01       		.byte	1
  47 0012 01       		.byte	1
  48 0013 40       		.byte	64
  49 0014 52       		.byte	82
  50 0015 02       		.byte	2
  51 0016 01       		.byte	1
  52 0017 40       		.byte	64
  53 0018 2B       		.byte	43
  54 0019 03       		.byte	3
  55 001a 01       		.byte	1
  56 001b 40       		.byte	64
  57 001c 07       		.byte	7
ARM GAS  C:\Users\cring\AppData\Local\Temp\cck2SAgP.s 			page 2


  58 001d 05       		.byte	5
  59 001e 01       		.byte	1
  60 001f 40       		.byte	64
  61 0020 1D       		.byte	29
  62 0021 06       		.byte	6
  63 0022 01       		.byte	1
  64 0023 40       		.byte	64
  65 0024 35       		.byte	53
  66 0025 07       		.byte	7
  67 0026 01       		.byte	1
  68 0027 40       		.byte	64
  69 0028 21       		.byte	33
  70 0029 14       		.byte	20
  71 002a 01       		.byte	1
  72 002b 40       		.byte	64
  73 002c 3F       		.byte	63
  74 002d 15       		.byte	21
  75 002e 01       		.byte	1
  76 002f 40       		.byte	64
  77 0030 59       		.byte	89
  78 0031 16       		.byte	22
  79 0032 01       		.byte	1
  80 0033 40       		.byte	64
  81 0034 38       		.byte	56
  82 0035 17       		.byte	23
  83 0036 01       		.byte	1
  84 0037 40       		.byte	64
  85 0038 36       		.byte	54
  86 0039 1A       		.byte	26
  87 003a 01       		.byte	1
  88 003b 40       		.byte	64
  89 003c 1B       		.byte	27
  90 003d 1B       		.byte	27
  91 003e 01       		.byte	1
  92 003f 40       		.byte	64
  93 0040 09       		.byte	9
  94 0041 40       		.byte	64
  95 0042 01       		.byte	1
  96 0043 40       		.byte	64
  97 0044 0B       		.byte	11
  98 0045 41       		.byte	65
  99 0046 01       		.byte	1
 100 0047 40       		.byte	64
 101 0048 04       		.byte	4
 102 0049 42       		.byte	66
 103 004a 01       		.byte	1
 104 004b 40       		.byte	64
 105 004c 02       		.byte	2
 106 004d 43       		.byte	67
 107 004e 01       		.byte	1
 108 004f 40       		.byte	64
 109 0050 02       		.byte	2
 110 0051 48       		.byte	72
 111 0052 01       		.byte	1
 112 0053 40       		.byte	64
 113 0054 05       		.byte	5
 114 0055 49       		.byte	73
ARM GAS  C:\Users\cring\AppData\Local\Temp\cck2SAgP.s 			page 3


 115 0056 01       		.byte	1
 116 0057 40       		.byte	64
 117 0058 06       		.byte	6
 118 0059 50       		.byte	80
 119 005a 01       		.byte	1
 120 005b 40       		.byte	64
 121 005c 02       		.byte	2
 122 005d 51       		.byte	81
 123 005e 01       		.byte	1
 124 005f 40       		.byte	64
 125 0060 00       		.byte	0
 126 0061 40       		.byte	64
 127 0062 81       		.byte	-127
 128 0063 0D       		.byte	13
 129 0064 83       		.byte	-125
 130 0065 0D       		.byte	13
 131 0066 87       		.byte	-121
 132 0067 0D       		.byte	13
 133 0068 85       		.byte	-123
 134 0069 0D       		.byte	13
 135 006a 87       		.byte	-121
 136 006b 17       		.byte	23
 137 006c 8B       		.byte	-117
 138 006d 0D       		.byte	13
 139 006e 13       		.byte	19
 140 006f 01       		.byte	1
 141 0070 1F       		.byte	31
 142 0071 01       		.byte	1
 143 0072 31       		.byte	49
 144 0073 01       		.byte	1
 145 0074 40       		.byte	64
 146 0075 51       		.byte	81
 147 0076 49       		.byte	73
 148 0077 FF       		.byte	-1
 149 0078 4A       		.byte	74
 150 0079 FF       		.byte	-1
 151 007a 4B       		.byte	75
 152 007b FF       		.byte	-1
 153 007c 4F       		.byte	79
 154 007d 01       		.byte	1
 155 007e 50       		.byte	80
 156 007f 18       		.byte	24
 157 0080 52       		.byte	82
 158 0081 80       		.byte	-128
 159 0082 59       		.byte	89
 160 0083 04       		.byte	4
 161 0084 5A       		.byte	90
 162 0085 04       		.byte	4
 163 0086 5B       		.byte	91
 164 0087 04       		.byte	4
 165 0088 5C       		.byte	92
 166 0089 50       		.byte	80
 167 008a 5D       		.byte	93
 168 008b 55       		.byte	85
 169 008c 5F       		.byte	95
 170 008d 01       		.byte	1
 171 008e 60       		.byte	96
ARM GAS  C:\Users\cring\AppData\Local\Temp\cck2SAgP.s 			page 4


 172 008f 40       		.byte	64
 173 0090 62       		.byte	98
 174 0091 40       		.byte	64
 175 0092 64       		.byte	100
 176 0093 40       		.byte	64
 177 0094 65       		.byte	101
 178 0095 40       		.byte	64
 179 0096 66       		.byte	102
 180 0097 80       		.byte	-128
 181 0098 68       		.byte	104
 182 0099 80       		.byte	-128
 183 009a 6A       		.byte	106
 184 009b 80       		.byte	-128
 185 009c 6C       		.byte	108
 186 009d 80       		.byte	-128
 187 009e 6E       		.byte	110
 188 009f 80       		.byte	-128
 189 00a0 92       		.byte	-110
 190 00a1 01       		.byte	1
 191 00a2 9E       		.byte	-98
 192 00a3 01       		.byte	1
 193 00a4 B0       		.byte	-80
 194 00a5 01       		.byte	1
 195 00a6 BE       		.byte	-66
 196 00a7 01       		.byte	1
 197 00a8 C0       		.byte	-64
 198 00a9 51       		.byte	81
 199 00aa C5       		.byte	-59
 200 00ab EC       		.byte	-20
 201 00ac C6       		.byte	-58
 202 00ad 02       		.byte	2
 203 00ae C8       		.byte	-56
 204 00af 07       		.byte	7
 205 00b0 C9       		.byte	-55
 206 00b1 FF       		.byte	-1
 207 00b2 CA       		.byte	-54
 208 00b3 FF       		.byte	-1
 209 00b4 CB       		.byte	-53
 210 00b5 FF       		.byte	-1
 211 00b6 CD       		.byte	-51
 212 00b7 83       		.byte	-125
 213 00b8 CE       		.byte	-50
 214 00b9 03       		.byte	3
 215 00ba CF       		.byte	-49
 216 00bb 01       		.byte	1
 217 00bc D0       		.byte	-48
 218 00bd 18       		.byte	24
 219 00be D4       		.byte	-44
 220 00bf 01       		.byte	1
 221 00c0 D8       		.byte	-40
 222 00c1 04       		.byte	4
 223 00c2 DA       		.byte	-38
 224 00c3 04       		.byte	4
 225 00c4 DB       		.byte	-37
 226 00c5 04       		.byte	4
 227 00c6 DD       		.byte	-35
 228 00c7 55       		.byte	85
ARM GAS  C:\Users\cring\AppData\Local\Temp\cck2SAgP.s 			page 5


 229 00c8 DF       		.byte	-33
 230 00c9 01       		.byte	1
 231 00ca E0       		.byte	-32
 232 00cb 40       		.byte	64
 233 00cc E2       		.byte	-30
 234 00cd 40       		.byte	64
 235 00ce E4       		.byte	-28
 236 00cf 40       		.byte	64
 237 00d0 E5       		.byte	-27
 238 00d1 40       		.byte	64
 239 00d2 E6       		.byte	-26
 240 00d3 80       		.byte	-128
 241 00d4 E8       		.byte	-24
 242 00d5 80       		.byte	-128
 243 00d6 EA       		.byte	-22
 244 00d7 80       		.byte	-128
 245 00d8 EC       		.byte	-20
 246 00d9 80       		.byte	-128
 247 00da EE       		.byte	-18
 248 00db 80       		.byte	-128
 249 00dc 0C       		.byte	12
 250 00dd 02       		.byte	2
 251 00de 0D       		.byte	13
 252 00df 80       		.byte	-128
 253 00e0 1E       		.byte	30
 254 00e1 80       		.byte	-128
 255 00e2 21       		.byte	33
 256 00e3 02       		.byte	2
 257 00e4 30       		.byte	48
 258 00e5 02       		.byte	2
 259 00e6 31       		.byte	49
 260 00e7 80       		.byte	-128
 261 00e8 41       		.byte	65
 262 00e9 80       		.byte	-128
 263 00ea 45       		.byte	69
 264 00eb 80       		.byte	-128
 265 00ec 48       		.byte	72
 266 00ed 02       		.byte	2
 267 00ee 4C       		.byte	76
 268 00ef 02       		.byte	2
 269 00f0 4D       		.byte	77
 270 00f1 04       		.byte	4
 271 00f2 4F       		.byte	79
 272 00f3 01       		.byte	1
 273 00f4 55       		.byte	85
 274 00f5 80       		.byte	-128
 275 00f6 5D       		.byte	93
 276 00f7 04       		.byte	4
 277 00f8 5E       		.byte	94
 278 00f9 80       		.byte	-128
 279 00fa 5F       		.byte	95
 280 00fb 01       		.byte	1
 281 00fc 70       		.byte	112
 282 00fd 02       		.byte	2
 283 00fe 87       		.byte	-121
 284 00ff 01       		.byte	1
 285 0100 C2       		.byte	-62
ARM GAS  C:\Users\cring\AppData\Local\Temp\cck2SAgP.s 			page 6


 286 0101 90       		.byte	-112
 287 0102 CC       		.byte	-52
 288 0103 09       		.byte	9
 289 0104 D0       		.byte	-48
 290 0105 18       		.byte	24
 291 0106 D2       		.byte	-46
 292 0107 18       		.byte	24
 293 0108 D6       		.byte	-42
 294 0109 D0       		.byte	-48
 295 010a 02       		.byte	2
 296 010b 01       		.byte	1
 297 010c 1A       		.byte	26
 298 010d 01       		.byte	1
 299 010e 30       		.byte	48
 300 010f 01       		.byte	1
 301 0110 40       		.byte	64
 302 0111 12       		.byte	18
 303 0112 49       		.byte	73
 304 0113 FF       		.byte	-1
 305 0114 4A       		.byte	74
 306 0115 FF       		.byte	-1
 307 0116 4B       		.byte	75
 308 0117 FF       		.byte	-1
 309 0118 4F       		.byte	79
 310 0119 01       		.byte	1
 311 011a 50       		.byte	80
 312 011b 18       		.byte	24
 313 011c 52       		.byte	82
 314 011d 80       		.byte	-128
 315 011e 58       		.byte	88
 316 011f 04       		.byte	4
 317 0120 5A       		.byte	90
 318 0121 04       		.byte	4
 319 0122 5B       		.byte	91
 320 0123 04       		.byte	4
 321 0124 5C       		.byte	92
 322 0125 03       		.byte	3
 323 0126 5D       		.byte	93
 324 0127 33       		.byte	51
 325 0128 5F       		.byte	95
 326 0129 01       		.byte	1
 327 012a 60       		.byte	96
 328 012b 40       		.byte	64
 329 012c 62       		.byte	98
 330 012d 40       		.byte	64
 331 012e 64       		.byte	100
 332 012f 40       		.byte	64
 333 0130 65       		.byte	101
 334 0131 40       		.byte	64
 335 0132 66       		.byte	102
 336 0133 80       		.byte	-128
 337 0134 68       		.byte	104
 338 0135 80       		.byte	-128
 339 0136 6A       		.byte	106
 340 0137 80       		.byte	-128
 341 0138 6C       		.byte	108
 342 0139 80       		.byte	-128
ARM GAS  C:\Users\cring\AppData\Local\Temp\cck2SAgP.s 			page 7


 343 013a 6E       		.byte	110
 344 013b 80       		.byte	-128
 345 013c 80       		.byte	-128
 346 013d 32       		.byte	50
 347 013e 82       		.byte	-126
 348 013f 44       		.byte	68
 349 0140 84       		.byte	-124
 350 0141 0D       		.byte	13
 351 0142 85       		.byte	-123
 352 0143 01       		.byte	1
 353 0144 88       		.byte	-120
 354 0145 02       		.byte	2
 355 0146 8A       		.byte	-118
 356 0147 0D       		.byte	13
 357 0148 8E       		.byte	-114
 358 0149 80       		.byte	-128
 359 014a 8F       		.byte	-113
 360 014b 01       		.byte	1
 361 014c 90       		.byte	-112
 362 014d 80       		.byte	-128
 363 014e 94       		.byte	-108
 364 014f 12       		.byte	18
 365 0150 96       		.byte	-106
 366 0151 68       		.byte	104
 367 0152 98       		.byte	-104
 368 0153 D0       		.byte	-48
 369 0154 9A       		.byte	-102
 370 0155 20       		.byte	32
 371 0156 9B       		.byte	-101
 372 0157 02       		.byte	2
 373 0158 9C       		.byte	-100
 374 0159 0D       		.byte	13
 375 015a 9F       		.byte	-97
 376 015b 02       		.byte	2
 377 015c A0       		.byte	-96
 378 015d 0D       		.byte	13
 379 015e A4       		.byte	-92
 380 015f 31       		.byte	49
 381 0160 A6       		.byte	-90
 382 0161 42       		.byte	66
 383 0162 A8       		.byte	-88
 384 0163 0D       		.byte	13
 385 0164 AC       		.byte	-84
 386 0165 0D       		.byte	13
 387 0166 AF       		.byte	-81
 388 0167 01       		.byte	1
 389 0168 B1       		.byte	-79
 390 0169 02       		.byte	2
 391 016a B2       		.byte	-78
 392 016b 0F       		.byte	15
 393 016c B3       		.byte	-77
 394 016d 01       		.byte	1
 395 016e B4       		.byte	-76
 396 016f 70       		.byte	112
 397 0170 B6       		.byte	-74
 398 0171 80       		.byte	-128
 399 0172 BA       		.byte	-70
ARM GAS  C:\Users\cring\AppData\Local\Temp\cck2SAgP.s 			page 8


 400 0173 28       		.byte	40
 401 0174 BE       		.byte	-66
 402 0175 40       		.byte	64
 403 0176 BF       		.byte	-65
 404 0177 05       		.byte	5
 405 0178 C0       		.byte	-64
 406 0179 12       		.byte	18
 407 017a C5       		.byte	-59
 408 017b EC       		.byte	-20
 409 017c C6       		.byte	-58
 410 017d 20       		.byte	32
 411 017e C8       		.byte	-56
 412 017f 0B       		.byte	11
 413 0180 C9       		.byte	-55
 414 0181 FF       		.byte	-1
 415 0182 CA       		.byte	-54
 416 0183 FF       		.byte	-1
 417 0184 CB       		.byte	-53
 418 0185 FF       		.byte	-1
 419 0186 CD       		.byte	-51
 420 0187 83       		.byte	-125
 421 0188 CE       		.byte	-50
 422 0189 03       		.byte	3
 423 018a CF       		.byte	-49
 424 018b 01       		.byte	1
 425 018c D0       		.byte	-48
 426 018d 18       		.byte	24
 427 018e D4       		.byte	-44
 428 018f 01       		.byte	1
 429 0190 D8       		.byte	-40
 430 0191 04       		.byte	4
 431 0192 D9       		.byte	-39
 432 0193 04       		.byte	4
 433 0194 DA       		.byte	-38
 434 0195 04       		.byte	4
 435 0196 DB       		.byte	-37
 436 0197 04       		.byte	4
 437 0198 DD       		.byte	-35
 438 0199 33       		.byte	51
 439 019a DF       		.byte	-33
 440 019b 01       		.byte	1
 441 019c E0       		.byte	-32
 442 019d 40       		.byte	64
 443 019e E2       		.byte	-30
 444 019f 40       		.byte	64
 445 01a0 E4       		.byte	-28
 446 01a1 40       		.byte	64
 447 01a2 E5       		.byte	-27
 448 01a3 40       		.byte	64
 449 01a4 E6       		.byte	-26
 450 01a5 80       		.byte	-128
 451 01a6 E8       		.byte	-24
 452 01a7 80       		.byte	-128
 453 01a8 EA       		.byte	-22
 454 01a9 80       		.byte	-128
 455 01aa EC       		.byte	-20
 456 01ab 80       		.byte	-128
ARM GAS  C:\Users\cring\AppData\Local\Temp\cck2SAgP.s 			page 9


 457 01ac EE       		.byte	-18
 458 01ad 80       		.byte	-128
 459 01ae 00       		.byte	0
 460 01af 40       		.byte	64
 461 01b0 01       		.byte	1
 462 01b1 04       		.byte	4
 463 01b2 02       		.byte	2
 464 01b3 40       		.byte	64
 465 01b4 03       		.byte	3
 466 01b5 08       		.byte	8
 467 01b6 07       		.byte	7
 468 01b7 40       		.byte	64
 469 01b8 08       		.byte	8
 470 01b9 01       		.byte	1
 471 01ba 09       		.byte	9
 472 01bb 08       		.byte	8
 473 01bc 0A       		.byte	10
 474 01bd 45       		.byte	69
 475 01be 0D       		.byte	13
 476 01bf 20       		.byte	32
 477 01c0 11       		.byte	17
 478 01c1 51       		.byte	81
 479 01c2 12       		.byte	18
 480 01c3 10       		.byte	16
 481 01c4 18       		.byte	24
 482 01c5 04       		.byte	4
 483 01c6 1A       		.byte	26
 484 01c7 04       		.byte	4
 485 01c8 1B       		.byte	27
 486 01c9 88       		.byte	-120
 487 01ca 1F       		.byte	31
 488 01cb 01       		.byte	1
 489 01cc 23       		.byte	35
 490 01cd 90       		.byte	-112
 491 01ce 28       		.byte	40
 492 01cf 01       		.byte	1
 493 01d0 31       		.byte	49
 494 01d1 20       		.byte	32
 495 01d2 33       		.byte	51
 496 01d3 40       		.byte	64
 497 01d4 38       		.byte	56
 498 01d5 44       		.byte	68
 499 01d6 41       		.byte	65
 500 01d7 20       		.byte	32
 501 01d8 43       		.byte	67
 502 01d9 40       		.byte	64
 503 01da 45       		.byte	69
 504 01db 20       		.byte	32
 505 01dc 47       		.byte	71
 506 01dd 40       		.byte	64
 507 01de 49       		.byte	73
 508 01df 06       		.byte	6
 509 01e0 51       		.byte	81
 510 01e1 20       		.byte	32
 511 01e2 59       		.byte	89
 512 01e3 06       		.byte	6
 513 01e4 5B       		.byte	91
ARM GAS  C:\Users\cring\AppData\Local\Temp\cck2SAgP.s 			page 10


 514 01e5 80       		.byte	-128
 515 01e6 6A       		.byte	106
 516 01e7 40       		.byte	64
 517 01e8 77       		.byte	119
 518 01e9 40       		.byte	64
 519 01ea 87       		.byte	-121
 520 01eb 80       		.byte	-128
 521 01ec 8F       		.byte	-113
 522 01ed 01       		.byte	1
 523 01ee A7       		.byte	-89
 524 01ef 01       		.byte	1
 525 01f0 AD       		.byte	-83
 526 01f1 02       		.byte	2
 527 01f2 C0       		.byte	-64
 528 01f3 1F       		.byte	31
 529 01f4 C2       		.byte	-62
 530 01f5 4F       		.byte	79
 531 01f6 C4       		.byte	-60
 532 01f7 0F       		.byte	15
 533 01f8 CA       		.byte	-54
 534 01f9 08       		.byte	8
 535 01fa CC       		.byte	-52
 536 01fb 0C       		.byte	12
 537 01fc CE       		.byte	-50
 538 01fd 0A       		.byte	10
 539 01fe D0       		.byte	-48
 540 01ff 3C       		.byte	60
 541 0200 D6       		.byte	-42
 542 0201 0B       		.byte	11
 543 0202 E2       		.byte	-30
 544 0203 40       		.byte	64
 545 0204 94       		.byte	-108
 546 0205 40       		.byte	64
 547 0206 95       		.byte	-107
 548 0207 55       		.byte	85
 549 0208 96       		.byte	-106
 550 0209 01       		.byte	1
 551 020a 9E       		.byte	-98
 552 020b 50       		.byte	80
 553 020c A5       		.byte	-91
 554 020d 08       		.byte	8
 555 020e A7       		.byte	-89
 556 020f 01       		.byte	1
 557 0210 AF       		.byte	-81
 558 0211 10       		.byte	16
 559 0212 14       		.byte	20
 560 0213 02       		.byte	2
 561 0214 16       		.byte	22
 562 0215 01       		.byte	1
 563 0216 24       		.byte	36
 564 0217 02       		.byte	2
 565 0218 26       		.byte	38
 566 0219 01       		.byte	1
 567 021a 28       		.byte	40
 568 021b 03       		.byte	3
 569 021c 30       		.byte	48
 570 021d 01       		.byte	1
ARM GAS  C:\Users\cring\AppData\Local\Temp\cck2SAgP.s 			page 11


 571 021e 36       		.byte	54
 572 021f 02       		.byte	2
 573 0220 3E       		.byte	62
 574 0221 41       		.byte	65
 575 0222 40       		.byte	64
 576 0223 45       		.byte	69
 577 0224 49       		.byte	73
 578 0225 FF       		.byte	-1
 579 0226 4A       		.byte	74
 580 0227 FF       		.byte	-1
 581 0228 4B       		.byte	75
 582 0229 FF       		.byte	-1
 583 022a 4F       		.byte	79
 584 022b 01       		.byte	1
 585 022c 50       		.byte	80
 586 022d 18       		.byte	24
 587 022e 54       		.byte	84
 588 022f 09       		.byte	9
 589 0230 58       		.byte	88
 590 0231 04       		.byte	4
 591 0232 5A       		.byte	90
 592 0233 04       		.byte	4
 593 0234 5B       		.byte	91
 594 0235 04       		.byte	4
 595 0236 5D       		.byte	93
 596 0237 01       		.byte	1
 597 0238 5F       		.byte	95
 598 0239 01       		.byte	1
 599 023a 60       		.byte	96
 600 023b 40       		.byte	64
 601 023c 62       		.byte	98
 602 023d 40       		.byte	64
 603 023e 64       		.byte	100
 604 023f 40       		.byte	64
 605 0240 65       		.byte	101
 606 0241 40       		.byte	64
 607 0242 66       		.byte	102
 608 0243 80       		.byte	-128
 609 0244 68       		.byte	104
 610 0245 80       		.byte	-128
 611 0246 6A       		.byte	106
 612 0247 80       		.byte	-128
 613 0248 6C       		.byte	108
 614 0249 80       		.byte	-128
 615 024a 6E       		.byte	110
 616 024b 80       		.byte	-128
 617 024c 00       		.byte	0
 618 024d 80       		.byte	-128
 619 024e 01       		.byte	1
 620 024f 14       		.byte	20
 621 0250 09       		.byte	9
 622 0251 20       		.byte	32
 623 0252 0A       		.byte	10
 624 0253 51       		.byte	81
 625 0254 0D       		.byte	13
 626 0255 08       		.byte	8
 627 0256 11       		.byte	17
ARM GAS  C:\Users\cring\AppData\Local\Temp\cck2SAgP.s 			page 12


 628 0257 41       		.byte	65
 629 0258 12       		.byte	18
 630 0259 08       		.byte	8
 631 025a 13       		.byte	19
 632 025b 08       		.byte	8
 633 025c 15       		.byte	21
 634 025d 28       		.byte	40
 635 025e 16       		.byte	22
 636 025f 10       		.byte	16
 637 0260 1A       		.byte	26
 638 0261 40       		.byte	64
 639 0262 1D       		.byte	29
 640 0263 40       		.byte	64
 641 0264 1E       		.byte	30
 642 0265 80       		.byte	-128
 643 0266 21       		.byte	33
 644 0267 21       		.byte	33
 645 0268 22       		.byte	34
 646 0269 24       		.byte	36
 647 026a 23       		.byte	35
 648 026b 50       		.byte	80
 649 026c 28       		.byte	40
 650 026d 10       		.byte	16
 651 026e 2A       		.byte	42
 652 026f 52       		.byte	82
 653 0270 31       		.byte	49
 654 0271 10       		.byte	16
 655 0272 32       		.byte	50
 656 0273 84       		.byte	-124
 657 0274 34       		.byte	52
 658 0275 10       		.byte	16
 659 0276 36       		.byte	54
 660 0277 20       		.byte	32
 661 0278 39       		.byte	57
 662 0279 55       		.byte	85
 663 027a 42       		.byte	66
 664 027b 80       		.byte	-128
 665 027c 46       		.byte	70
 666 027d 80       		.byte	-128
 667 027e 49       		.byte	73
 668 027f 06       		.byte	6
 669 0280 4A       		.byte	74
 670 0281 02       		.byte	2
 671 0282 4E       		.byte	78
 672 0283 02       		.byte	2
 673 0284 52       		.byte	82
 674 0285 02       		.byte	2
 675 0286 59       		.byte	89
 676 0287 06       		.byte	6
 677 0288 5B       		.byte	91
 678 0289 80       		.byte	-128
 679 028a 5C       		.byte	92
 680 028b 20       		.byte	32
 681 028c 5E       		.byte	94
 682 028d 80       		.byte	-128
 683 028e 5F       		.byte	95
 684 028f 05       		.byte	5
ARM GAS  C:\Users\cring\AppData\Local\Temp\cck2SAgP.s 			page 13


 685 0290 65       		.byte	101
 686 0291 40       		.byte	64
 687 0292 78       		.byte	120
 688 0293 40       		.byte	64
 689 0294 7A       		.byte	122
 690 0295 02       		.byte	2
 691 0296 94       		.byte	-108
 692 0297 40       		.byte	64
 693 0298 95       		.byte	-107
 694 0299 55       		.byte	85
 695 029a 96       		.byte	-106
 696 029b 01       		.byte	1
 697 029c 9E       		.byte	-98
 698 029d 50       		.byte	80
 699 029e A5       		.byte	-91
 700 029f 08       		.byte	8
 701 02a0 A7       		.byte	-89
 702 02a1 01       		.byte	1
 703 02a2 C0       		.byte	-64
 704 02a3 07       		.byte	7
 705 02a4 C2       		.byte	-62
 706 02a5 2F       		.byte	47
 707 02a6 C4       		.byte	-60
 708 02a7 6F       		.byte	111
 709 02a8 CA       		.byte	-54
 710 02a9 0F       		.byte	15
 711 02aa CC       		.byte	-52
 712 02ab 0E       		.byte	14
 713 02ac CE       		.byte	-50
 714 02ad 0F       		.byte	15
 715 02ae D0       		.byte	-48
 716 02af 81       		.byte	-127
 717 02b0 D2       		.byte	-46
 718 02b1 18       		.byte	24
 719 02b2 D6       		.byte	-42
 720 02b3 FB       		.byte	-5
 721 02b4 D8       		.byte	-40
 722 02b5 10       		.byte	16
 723 02b6 9E       		.byte	-98
 724 02b7 01       		.byte	1
 725 02b8 AE       		.byte	-82
 726 02b9 01       		.byte	1
 727 02ba B0       		.byte	-80
 728 02bb 01       		.byte	1
 729 02bc B6       		.byte	-74
 730 02bd 01       		.byte	1
 731 02be BE       		.byte	-66
 732 02bf 01       		.byte	1
 733 02c0 C0       		.byte	-64
 734 02c1 54       		.byte	84
 735 02c2 C5       		.byte	-59
 736 02c3 EC       		.byte	-20
 737 02c4 C7       		.byte	-57
 738 02c5 20       		.byte	32
 739 02c6 C8       		.byte	-56
 740 02c7 23       		.byte	35
 741 02c8 C9       		.byte	-55
ARM GAS  C:\Users\cring\AppData\Local\Temp\cck2SAgP.s 			page 14


 742 02c9 FF       		.byte	-1
 743 02ca CA       		.byte	-54
 744 02cb FF       		.byte	-1
 745 02cc CB       		.byte	-53
 746 02cd FF       		.byte	-1
 747 02ce CD       		.byte	-51
 748 02cf 83       		.byte	-125
 749 02d0 CE       		.byte	-50
 750 02d1 03       		.byte	3
 751 02d2 CF       		.byte	-49
 752 02d3 01       		.byte	1
 753 02d4 D0       		.byte	-48
 754 02d5 18       		.byte	24
 755 02d6 D2       		.byte	-46
 756 02d7 80       		.byte	-128
 757 02d8 D4       		.byte	-44
 758 02d9 01       		.byte	1
 759 02da D8       		.byte	-40
 760 02db 04       		.byte	4
 761 02dc DA       		.byte	-38
 762 02dd 04       		.byte	4
 763 02de DB       		.byte	-37
 764 02df 04       		.byte	4
 765 02e0 DC       		.byte	-36
 766 02e1 02       		.byte	2
 767 02e2 DD       		.byte	-35
 768 02e3 22       		.byte	34
 769 02e4 DF       		.byte	-33
 770 02e5 01       		.byte	1
 771 02e6 E0       		.byte	-32
 772 02e7 40       		.byte	64
 773 02e8 E2       		.byte	-30
 774 02e9 40       		.byte	64
 775 02ea E4       		.byte	-28
 776 02eb 40       		.byte	64
 777 02ec E5       		.byte	-27
 778 02ed 40       		.byte	64
 779 02ee E6       		.byte	-26
 780 02ef 80       		.byte	-128
 781 02f0 E8       		.byte	-24
 782 02f1 80       		.byte	-128
 783 02f2 EA       		.byte	-22
 784 02f3 80       		.byte	-128
 785 02f4 EC       		.byte	-20
 786 02f5 80       		.byte	-128
 787 02f6 EE       		.byte	-18
 788 02f7 80       		.byte	-128
 789 02f8 00       		.byte	0
 790 02f9 40       		.byte	64
 791 02fa 01       		.byte	1
 792 02fb 14       		.byte	20
 793 02fc 03       		.byte	3
 794 02fd 80       		.byte	-128
 795 02fe 09       		.byte	9
 796 02ff 08       		.byte	8
 797 0300 0A       		.byte	10
 798 0301 45       		.byte	69
ARM GAS  C:\Users\cring\AppData\Local\Temp\cck2SAgP.s 			page 15


 799 0302 0F       		.byte	15
 800 0303 02       		.byte	2
 801 0304 11       		.byte	17
 802 0305 01       		.byte	1
 803 0306 12       		.byte	18
 804 0307 09       		.byte	9
 805 0308 13       		.byte	19
 806 0309 08       		.byte	8
 807 030a 17       		.byte	23
 808 030b 80       		.byte	-128
 809 030c 18       		.byte	24
 810 030d 40       		.byte	64
 811 030e 1B       		.byte	27
 812 030f 90       		.byte	-112
 813 0310 1E       		.byte	30
 814 0311 80       		.byte	-128
 815 0312 1F       		.byte	31
 816 0313 40       		.byte	64
 817 0314 21       		.byte	33
 818 0315 4C       		.byte	76
 819 0316 22       		.byte	34
 820 0317 85       		.byte	-123
 821 0318 2A       		.byte	42
 822 0319 26       		.byte	38
 823 031a 32       		.byte	50
 824 031b 99       		.byte	-103
 825 031c 39       		.byte	57
 826 031d 55       		.byte	85
 827 031e 41       		.byte	65
 828 031f 04       		.byte	4
 829 0320 42       		.byte	66
 830 0321 20       		.byte	32
 831 0322 43       		.byte	67
 832 0323 02       		.byte	2
 833 0324 44       		.byte	68
 834 0325 02       		.byte	2
 835 0326 45       		.byte	69
 836 0327 01       		.byte	1
 837 0328 46       		.byte	70
 838 0329 01       		.byte	1
 839 032a 48       		.byte	72
 840 032b 01       		.byte	1
 841 032c 4A       		.byte	74
 842 032d 02       		.byte	2
 843 032e 4D       		.byte	77
 844 032f 08       		.byte	8
 845 0330 4E       		.byte	78
 846 0331 02       		.byte	2
 847 0332 4F       		.byte	79
 848 0333 01       		.byte	1
 849 0334 55       		.byte	85
 850 0335 01       		.byte	1
 851 0336 57       		.byte	87
 852 0337 03       		.byte	3
 853 0338 5D       		.byte	93
 854 0339 08       		.byte	8
 855 033a 5E       		.byte	94
ARM GAS  C:\Users\cring\AppData\Local\Temp\cck2SAgP.s 			page 16


 856 033b 80       		.byte	-128
 857 033c 5F       		.byte	95
 858 033d 01       		.byte	1
 859 033e 60       		.byte	96
 860 033f 02       		.byte	2
 861 0340 62       		.byte	98
 862 0341 20       		.byte	32
 863 0342 63       		.byte	99
 864 0343 20       		.byte	32
 865 0344 74       		.byte	116
 866 0345 01       		.byte	1
 867 0346 77       		.byte	119
 868 0347 80       		.byte	-128
 869 0348 87       		.byte	-121
 870 0349 40       		.byte	64
 871 034a 91       		.byte	-111
 872 034b 55       		.byte	85
 873 034c 92       		.byte	-110
 874 034d 65       		.byte	101
 875 034e 94       		.byte	-108
 876 034f 40       		.byte	64
 877 0350 95       		.byte	-107
 878 0351 88       		.byte	-120
 879 0352 96       		.byte	-106
 880 0353 08       		.byte	8
 881 0354 9A       		.byte	-102
 882 0355 07       		.byte	7
 883 0356 9B       		.byte	-101
 884 0357 08       		.byte	8
 885 0358 A2       		.byte	-94
 886 0359 28       		.byte	40
 887 035a A6       		.byte	-90
 888 035b 80       		.byte	-128
 889 035c AC       		.byte	-84
 890 035d 40       		.byte	64
 891 035e AE       		.byte	-82
 892 035f 04       		.byte	4
 893 0360 C0       		.byte	-64
 894 0361 0F       		.byte	15
 895 0362 C2       		.byte	-62
 896 0363 8F       		.byte	-113
 897 0364 C4       		.byte	-60
 898 0365 8F       		.byte	-113
 899 0366 CA       		.byte	-54
 900 0367 07       		.byte	7
 901 0368 CC       		.byte	-52
 902 0369 0F       		.byte	15
 903 036a CE       		.byte	-50
 904 036b 0F       		.byte	15
 905 036c D0       		.byte	-48
 906 036d 81       		.byte	-127
 907 036e D2       		.byte	-46
 908 036f 18       		.byte	24
 909 0370 D6       		.byte	-42
 910 0371 D0       		.byte	-48
 911 0372 D8       		.byte	-40
 912 0373 0E       		.byte	14
ARM GAS  C:\Users\cring\AppData\Local\Temp\cck2SAgP.s 			page 17


 913 0374 E2       		.byte	-30
 914 0375 01       		.byte	1
 915 0376 40       		.byte	64
 916 0377 23       		.byte	35
 917 0378 41       		.byte	65
 918 0379 06       		.byte	6
 919 037a 42       		.byte	66
 920 037b 50       		.byte	80
 921 037c 49       		.byte	73
 922 037d FF       		.byte	-1
 923 037e 4A       		.byte	74
 924 037f FF       		.byte	-1
 925 0380 4B       		.byte	75
 926 0381 FF       		.byte	-1
 927 0382 4C       		.byte	76
 928 0383 02       		.byte	2
 929 0384 4E       		.byte	78
 930 0385 70       		.byte	112
 931 0386 4F       		.byte	79
 932 0387 0C       		.byte	12
 933 0388 50       		.byte	80
 934 0389 04       		.byte	4
 935 038a 52       		.byte	82
 936 038b 80       		.byte	-128
 937 038c 5A       		.byte	90
 938 038d 04       		.byte	4
 939 038e 5B       		.byte	91
 940 038f 04       		.byte	4
 941 0390 5D       		.byte	93
 942 0391 10       		.byte	16
 943 0392 5F       		.byte	95
 944 0393 01       		.byte	1
 945 0394 62       		.byte	98
 946 0395 C0       		.byte	-64
 947 0396 64       		.byte	100
 948 0397 40       		.byte	64
 949 0398 65       		.byte	101
 950 0399 01       		.byte	1
 951 039a 66       		.byte	102
 952 039b 10       		.byte	16
 953 039c 67       		.byte	103
 954 039d 11       		.byte	17
 955 039e 68       		.byte	104
 956 039f C0       		.byte	-64
 957 03a0 69       		.byte	105
 958 03a1 01       		.byte	1
 959 03a2 6B       		.byte	107
 960 03a3 11       		.byte	17
 961 03a4 6C       		.byte	108
 962 03a5 40       		.byte	64
 963 03a6 6D       		.byte	109
 964 03a7 01       		.byte	1
 965 03a8 6E       		.byte	110
 966 03a9 40       		.byte	64
 967 03aa 6F       		.byte	111
 968 03ab 01       		.byte	1
 969 03ac 81       		.byte	-127
ARM GAS  C:\Users\cring\AppData\Local\Temp\cck2SAgP.s 			page 18


 970 03ad A8       		.byte	-88
 971 03ae 82       		.byte	-126
 972 03af 01       		.byte	1
 973 03b0 85       		.byte	-123
 974 03b1 88       		.byte	-120
 975 03b2 87       		.byte	-121
 976 03b3 20       		.byte	32
 977 03b4 89       		.byte	-119
 978 03b5 A8       		.byte	-88
 979 03b6 8F       		.byte	-113
 980 03b7 08       		.byte	8
 981 03b8 91       		.byte	-111
 982 03b9 20       		.byte	32
 983 03ba 93       		.byte	-109
 984 03bb 88       		.byte	-120
 985 03bc 95       		.byte	-107
 986 03bd 0D       		.byte	13
 987 03be 97       		.byte	-105
 988 03bf 12       		.byte	18
 989 03c0 99       		.byte	-103
 990 03c1 0F       		.byte	15
 991 03c2 9B       		.byte	-101
 992 03c3 30       		.byte	48
 993 03c4 9E       		.byte	-98
 994 03c5 01       		.byte	1
 995 03c6 9F       		.byte	-97
 996 03c7 40       		.byte	64
 997 03c8 A1       		.byte	-95
 998 03c9 A8       		.byte	-88
 999 03ca A5       		.byte	-91
 1000 03cb 20       		.byte	32
 1001 03cc A7       		.byte	-89
 1002 03cd 01       		.byte	1
 1003 03ce A9       		.byte	-87
 1004 03cf 05       		.byte	5
 1005 03d0 AB       		.byte	-85
 1006 03d1 22       		.byte	34
 1007 03d2 AF       		.byte	-81
 1008 03d3 40       		.byte	64
 1009 03d4 B0       		.byte	-80
 1010 03d5 01       		.byte	1
 1011 03d6 B1       		.byte	-79
 1012 03d7 40       		.byte	64
 1013 03d8 B3       		.byte	-77
 1014 03d9 03       		.byte	3
 1015 03da B5       		.byte	-75
 1016 03db 3C       		.byte	60
 1017 03dc B7       		.byte	-73
 1018 03dd 80       		.byte	-128
 1019 03de B9       		.byte	-71
 1020 03df 20       		.byte	32
 1021 03e0 BB       		.byte	-69
 1022 03e1 0C       		.byte	12
 1023 03e2 BF       		.byte	-65
 1024 03e3 41       		.byte	65
 1025 03e4 C0       		.byte	-64
 1026 03e5 26       		.byte	38
ARM GAS  C:\Users\cring\AppData\Local\Temp\cck2SAgP.s 			page 19


 1027 03e6 C1       		.byte	-63
 1028 03e7 03       		.byte	3
 1029 03e8 C2       		.byte	-62
 1030 03e9 40       		.byte	64
 1031 03ea C5       		.byte	-59
 1032 03eb BE       		.byte	-66
 1033 03ec C6       		.byte	-58
 1034 03ed F0       		.byte	-16
 1035 03ee C7       		.byte	-57
 1036 03ef DC       		.byte	-36
 1037 03f0 C8       		.byte	-56
 1038 03f1 3B       		.byte	59
 1039 03f2 C9       		.byte	-55
 1040 03f3 0F       		.byte	15
 1041 03f4 CA       		.byte	-54
 1042 03f5 FF       		.byte	-1
 1043 03f6 CB       		.byte	-53
 1044 03f7 FF       		.byte	-1
 1045 03f8 CC       		.byte	-52
 1046 03f9 23       		.byte	35
 1047 03fa CE       		.byte	-50
 1048 03fb B0       		.byte	-80
 1049 03fc CF       		.byte	-49
 1050 03fd 0C       		.byte	12
 1051 03fe D0       		.byte	-48
 1052 03ff 04       		.byte	4
 1053 0400 D6       		.byte	-42
 1054 0401 02       		.byte	2
 1055 0402 D7       		.byte	-41
 1056 0403 28       		.byte	40
 1057 0404 D8       		.byte	-40
 1058 0405 04       		.byte	4
 1059 0406 D9       		.byte	-39
 1060 0407 04       		.byte	4
 1061 0408 DA       		.byte	-38
 1062 0409 04       		.byte	4
 1063 040a DB       		.byte	-37
 1064 040b 04       		.byte	4
 1065 040c DC       		.byte	-36
 1066 040d 01       		.byte	1
 1067 040e DF       		.byte	-33
 1068 040f 01       		.byte	1
 1069 0410 E2       		.byte	-30
 1070 0411 C0       		.byte	-64
 1071 0412 E4       		.byte	-28
 1072 0413 40       		.byte	64
 1073 0414 E5       		.byte	-27
 1074 0415 01       		.byte	1
 1075 0416 E6       		.byte	-26
 1076 0417 10       		.byte	16
 1077 0418 E7       		.byte	-25
 1078 0419 11       		.byte	17
 1079 041a E8       		.byte	-24
 1080 041b C0       		.byte	-64
 1081 041c E9       		.byte	-23
 1082 041d 01       		.byte	1
 1083 041e EB       		.byte	-21
ARM GAS  C:\Users\cring\AppData\Local\Temp\cck2SAgP.s 			page 20


 1084 041f 11       		.byte	17
 1085 0420 EC       		.byte	-20
 1086 0421 40       		.byte	64
 1087 0422 ED       		.byte	-19
 1088 0423 01       		.byte	1
 1089 0424 EE       		.byte	-18
 1090 0425 40       		.byte	64
 1091 0426 EF       		.byte	-17
 1092 0427 01       		.byte	1
 1093 0428 01       		.byte	1
 1094 0429 02       		.byte	2
 1095 042a 08       		.byte	8
 1096 042b 40       		.byte	64
 1097 042c 1B       		.byte	27
 1098 042d 01       		.byte	1
 1099 042e 21       		.byte	33
 1100 042f 38       		.byte	56
 1101 0430 22       		.byte	34
 1102 0431 18       		.byte	24
 1103 0432 23       		.byte	35
 1104 0433 89       		.byte	-119
 1105 0434 28       		.byte	40
 1106 0435 28       		.byte	40
 1107 0436 2A       		.byte	42
 1108 0437 86       		.byte	-122
 1109 0438 30       		.byte	48
 1110 0439 40       		.byte	64
 1111 043a 31       		.byte	49
 1112 043b 10       		.byte	16
 1113 043c 32       		.byte	50
 1114 043d 04       		.byte	4
 1115 043e 33       		.byte	51
 1116 043f 01       		.byte	1
 1117 0440 39       		.byte	57
 1118 0441 95       		.byte	-107
 1119 0442 40       		.byte	64
 1120 0443 08       		.byte	8
 1121 0444 41       		.byte	65
 1122 0445 15       		.byte	21
 1123 0446 42       		.byte	66
 1124 0447 10       		.byte	16
 1125 0448 45       		.byte	69
 1126 0449 28       		.byte	40
 1127 044a 48       		.byte	72
 1128 044b 40       		.byte	64
 1129 044c 49       		.byte	73
 1130 044d 10       		.byte	16
 1131 044e 4A       		.byte	74
 1132 044f 08       		.byte	8
 1133 0450 4B       		.byte	75
 1134 0451 04       		.byte	4
 1135 0452 4E       		.byte	78
 1136 0453 04       		.byte	4
 1137 0454 4F       		.byte	79
 1138 0455 40       		.byte	64
 1139 0456 52       		.byte	82
 1140 0457 25       		.byte	37
ARM GAS  C:\Users\cring\AppData\Local\Temp\cck2SAgP.s 			page 21


 1141 0458 63       		.byte	99
 1142 0459 10       		.byte	16
 1143 045a 69       		.byte	105
 1144 045b 55       		.byte	85
 1145 045c 6A       		.byte	106
 1146 045d 40       		.byte	64
 1147 045e 6B       		.byte	107
 1148 045f 01       		.byte	1
 1149 0460 72       		.byte	114
 1150 0461 03       		.byte	3
 1151 0462 75       		.byte	117
 1152 0463 02       		.byte	2
 1153 0464 76       		.byte	118
 1154 0465 80       		.byte	-128
 1155 0466 85       		.byte	-123
 1156 0467 20       		.byte	32
 1157 0468 86       		.byte	-122
 1158 0469 40       		.byte	64
 1159 046a 91       		.byte	-111
 1160 046b 02       		.byte	2
 1161 046c 93       		.byte	-109
 1162 046d 50       		.byte	80
 1163 046e 94       		.byte	-108
 1164 046f 40       		.byte	64
 1165 0470 95       		.byte	-107
 1166 0471 7D       		.byte	125
 1167 0472 96       		.byte	-106
 1168 0473 11       		.byte	17
 1169 0474 97       		.byte	-105
 1170 0475 05       		.byte	5
 1171 0476 98       		.byte	-104
 1172 0477 40       		.byte	64
 1173 0478 9C       		.byte	-100
 1174 0479 20       		.byte	32
 1175 047a 9D       		.byte	-99
 1176 047b 10       		.byte	16
 1177 047c 9E       		.byte	-98
 1178 047d C2       		.byte	-62
 1179 047e 9F       		.byte	-97
 1180 047f 88       		.byte	-120
 1181 0480 A4       		.byte	-92
 1182 0481 40       		.byte	64
 1183 0482 A5       		.byte	-91
 1184 0483 08       		.byte	8
 1185 0484 A6       		.byte	-90
 1186 0485 88       		.byte	-120
 1187 0486 A7       		.byte	-89
 1188 0487 01       		.byte	1
 1189 0488 C0       		.byte	-64
 1190 0489 08       		.byte	8
 1191 048a C2       		.byte	-62
 1192 048b 01       		.byte	1
 1193 048c CA       		.byte	-54
 1194 048d 0F       		.byte	15
 1195 048e CC       		.byte	-52
 1196 048f 0F       		.byte	15
 1197 0490 CE       		.byte	-50
ARM GAS  C:\Users\cring\AppData\Local\Temp\cck2SAgP.s 			page 22


 1198 0491 0F       		.byte	15
 1199 0492 D0       		.byte	-48
 1200 0493 67       		.byte	103
 1201 0494 D2       		.byte	-46
 1202 0495 34       		.byte	52
 1203 0496 D8       		.byte	-40
 1204 0497 02       		.byte	2
 1205 0498 40       		.byte	64
 1206 0499 51       		.byte	81
 1207 049a 49       		.byte	73
 1208 049b FF       		.byte	-1
 1209 049c 4A       		.byte	74
 1210 049d FF       		.byte	-1
 1211 049e 4B       		.byte	75
 1212 049f FF       		.byte	-1
 1213 04a0 4F       		.byte	79
 1214 04a1 01       		.byte	1
 1215 04a2 50       		.byte	80
 1216 04a3 18       		.byte	24
 1217 04a4 5A       		.byte	90
 1218 04a5 04       		.byte	4
 1219 04a6 5D       		.byte	93
 1220 04a7 04       		.byte	4
 1221 04a8 5F       		.byte	95
 1222 04a9 01       		.byte	1
 1223 04aa 60       		.byte	96
 1224 04ab 40       		.byte	64
 1225 04ac 62       		.byte	98
 1226 04ad 40       		.byte	64
 1227 04ae 64       		.byte	100
 1228 04af 40       		.byte	64
 1229 04b0 65       		.byte	101
 1230 04b1 40       		.byte	64
 1231 04b2 66       		.byte	102
 1232 04b3 80       		.byte	-128
 1233 04b4 68       		.byte	104
 1234 04b5 80       		.byte	-128
 1235 04b6 6A       		.byte	106
 1236 04b7 80       		.byte	-128
 1237 04b8 6C       		.byte	108
 1238 04b9 80       		.byte	-128
 1239 04ba 6E       		.byte	110
 1240 04bb 80       		.byte	-128
 1241 04bc 83       		.byte	-125
 1242 04bd 01       		.byte	1
 1243 04be 9E       		.byte	-98
 1244 04bf 01       		.byte	1
 1245 04c0 A2       		.byte	-94
 1246 04c1 01       		.byte	1
 1247 04c2 A3       		.byte	-93
 1248 04c3 01       		.byte	1
 1249 04c4 B0       		.byte	-80
 1250 04c5 01       		.byte	1
 1251 04c6 B7       		.byte	-73
 1252 04c7 01       		.byte	1
 1253 04c8 BE       		.byte	-66
 1254 04c9 01       		.byte	1
ARM GAS  C:\Users\cring\AppData\Local\Temp\cck2SAgP.s 			page 23


 1255 04ca C0       		.byte	-64
 1256 04cb 41       		.byte	65
 1257 04cc C5       		.byte	-59
 1258 04cd EC       		.byte	-20
 1259 04ce C6       		.byte	-58
 1260 04cf 02       		.byte	2
 1261 04d0 C8       		.byte	-56
 1262 04d1 07       		.byte	7
 1263 04d2 C9       		.byte	-55
 1264 04d3 FF       		.byte	-1
 1265 04d4 CA       		.byte	-54
 1266 04d5 FF       		.byte	-1
 1267 04d6 CB       		.byte	-53
 1268 04d7 FF       		.byte	-1
 1269 04d8 CD       		.byte	-51
 1270 04d9 83       		.byte	-125
 1271 04da CE       		.byte	-50
 1272 04db 03       		.byte	3
 1273 04dc CF       		.byte	-49
 1274 04dd 01       		.byte	1
 1275 04de D0       		.byte	-48
 1276 04df 18       		.byte	24
 1277 04e0 D2       		.byte	-46
 1278 04e1 80       		.byte	-128
 1279 04e2 D4       		.byte	-44
 1280 04e3 01       		.byte	1
 1281 04e4 D8       		.byte	-40
 1282 04e5 04       		.byte	4
 1283 04e6 D9       		.byte	-39
 1284 04e7 04       		.byte	4
 1285 04e8 DA       		.byte	-38
 1286 04e9 04       		.byte	4
 1287 04ea DB       		.byte	-37
 1288 04eb 04       		.byte	4
 1289 04ec DC       		.byte	-36
 1290 04ed 40       		.byte	64
 1291 04ee DD       		.byte	-35
 1292 04ef 44       		.byte	68
 1293 04f0 DF       		.byte	-33
 1294 04f1 01       		.byte	1
 1295 04f2 E0       		.byte	-32
 1296 04f3 40       		.byte	64
 1297 04f4 E2       		.byte	-30
 1298 04f5 40       		.byte	64
 1299 04f6 E4       		.byte	-28
 1300 04f7 40       		.byte	64
 1301 04f8 E5       		.byte	-27
 1302 04f9 40       		.byte	64
 1303 04fa E6       		.byte	-26
 1304 04fb 80       		.byte	-128
 1305 04fc E8       		.byte	-24
 1306 04fd 80       		.byte	-128
 1307 04fe EA       		.byte	-22
 1308 04ff 80       		.byte	-128
 1309 0500 EC       		.byte	-20
 1310 0501 80       		.byte	-128
 1311 0502 EE       		.byte	-18
ARM GAS  C:\Users\cring\AppData\Local\Temp\cck2SAgP.s 			page 24


 1312 0503 80       		.byte	-128
 1313 0504 0D       		.byte	13
 1314 0505 80       		.byte	-128
 1315 0506 16       		.byte	22
 1316 0507 40       		.byte	64
 1317 0508 1E       		.byte	30
 1318 0509 80       		.byte	-128
 1319 050a 24       		.byte	36
 1320 050b 01       		.byte	1
 1321 050c 2F       		.byte	47
 1322 050d 80       		.byte	-128
 1323 050e 3C       		.byte	60
 1324 050f 02       		.byte	2
 1325 0510 41       		.byte	65
 1326 0511 80       		.byte	-128
 1327 0512 45       		.byte	69
 1328 0513 80       		.byte	-128
 1329 0514 46       		.byte	70
 1330 0515 40       		.byte	64
 1331 0516 48       		.byte	72
 1332 0517 01       		.byte	1
 1333 0518 4D       		.byte	77
 1334 0519 04       		.byte	4
 1335 051a 4F       		.byte	79
 1336 051b 01       		.byte	1
 1337 051c 55       		.byte	85
 1338 051d 80       		.byte	-128
 1339 051e 57       		.byte	87
 1340 051f 80       		.byte	-128
 1341 0520 5D       		.byte	93
 1342 0521 04       		.byte	4
 1343 0522 5E       		.byte	94
 1344 0523 80       		.byte	-128
 1345 0524 5F       		.byte	95
 1346 0525 01       		.byte	1
 1347 0526 74       		.byte	116
 1348 0527 01       		.byte	1
 1349 0528 76       		.byte	118
 1350 0529 40       		.byte	64
 1351 052a 80       		.byte	-128
 1352 052b 01       		.byte	1
 1353 052c C2       		.byte	-62
 1354 052d 80       		.byte	-128
 1355 052e C4       		.byte	-60
 1356 052f 10       		.byte	16
 1357 0530 CA       		.byte	-54
 1358 0531 80       		.byte	-128
 1359 0532 CE       		.byte	-50
 1360 0533 80       		.byte	-128
 1361 0534 D0       		.byte	-48
 1362 0535 98       		.byte	-104
 1363 0536 D2       		.byte	-46
 1364 0537 08       		.byte	8
 1365 0538 D6       		.byte	-42
 1366 0539 D0       		.byte	-48
 1367 053a 32       		.byte	50
 1368 053b 10       		.byte	16
ARM GAS  C:\Users\cring\AppData\Local\Temp\cck2SAgP.s 			page 25


 1369 053c 33       		.byte	51
 1370 053d 04       		.byte	4
 1371 053e 35       		.byte	53
 1372 053f 08       		.byte	8
 1373 0540 37       		.byte	55
 1374 0541 80       		.byte	-128
 1375 0542 3B       		.byte	59
 1376 0543 10       		.byte	16
 1377 0544 85       		.byte	-123
 1378 0545 08       		.byte	8
 1379 0546 CC       		.byte	-52
 1380 0547 F0       		.byte	-16
 1381 0548 CE       		.byte	-50
 1382 0549 10       		.byte	16
 1383 054a E6       		.byte	-26
 1384 054b 10       		.byte	16
 1385 054c 5E       		.byte	94
 1386 054d 01       		.byte	1
 1387 054e 63       		.byte	99
 1388 054f 02       		.byte	2
 1389 0550 87       		.byte	-121
 1390 0551 01       		.byte	1
 1391 0552 8E       		.byte	-114
 1392 0553 10       		.byte	16
 1393 0554 96       		.byte	-106
 1394 0555 20       		.byte	32
 1395 0556 97       		.byte	-105
 1396 0557 10       		.byte	16
 1397 0558 9F       		.byte	-97
 1398 0559 04       		.byte	4
 1399 055a AF       		.byte	-81
 1400 055b 80       		.byte	-128
 1401 055c D6       		.byte	-42
 1402 055d C0       		.byte	-64
 1403 055e E6       		.byte	-26
 1404 055f 10       		.byte	16
 1405 0560 EA       		.byte	-22
 1406 0561 40       		.byte	64
 1407 0562 97       		.byte	-105
 1408 0563 10       		.byte	16
 1409 0564 9F       		.byte	-97
 1410 0565 04       		.byte	4
 1411 0566 AE       		.byte	-82
 1412 0567 01       		.byte	1
 1413 0568 EA       		.byte	-22
 1414 0569 10       		.byte	16
 1415 056a 97       		.byte	-105
 1416 056b 10       		.byte	16
 1417 056c 9F       		.byte	-97
 1418 056d 04       		.byte	4
 1419 056e 97       		.byte	-105
 1420 056f 10       		.byte	16
 1421 0570 9F       		.byte	-97
 1422 0571 04       		.byte	4
 1423 0572 83       		.byte	-125
 1424 0573 04       		.byte	4
 1425 0574 87       		.byte	-121
ARM GAS  C:\Users\cring\AppData\Local\Temp\cck2SAgP.s 			page 26


 1426 0575 10       		.byte	16
 1427 0576 97       		.byte	-105
 1428 0577 10       		.byte	16
 1429 0578 9F       		.byte	-97
 1430 0579 04       		.byte	4
 1431 057a E2       		.byte	-30
 1432 057b 90       		.byte	-112
 1433 057c 00       		.byte	0
 1434 057d 2B       		.byte	43
 1435 057e 08       		.byte	8
 1436 057f 29       		.byte	41
 1437 0580 0A       		.byte	10
 1438 0581 03       		.byte	3
 1439 0582 10       		.byte	16
 1440 0583 17       		.byte	23
 1441 0584 1A       		.byte	26
 1442 0585 07       		.byte	7
 1443 0586 1C       		.byte	28
 1444 0587 10       		.byte	16
 1445 0588 00       		.byte	0
 1446 0589 FF       		.byte	-1
 1447 058a 01       		.byte	1
 1448 058b 03       		.byte	3
 1449 058c 00       		.byte	0
 1450 058d 44       		.byte	68
 1451 058e 00       		.byte	0
 1452 058f 00       		.byte	0
 1453 0590 05       		.byte	5
 1454 0591 44       		.byte	68
 1455 0592 00       		.byte	0
 1456 0593 00       		.byte	0
 1457 0594 05       		.byte	5
 1458 0595 44       		.byte	68
 1459 0596 00       		.byte	0
 1460 0597 00       		.byte	0
 1461 0598 80       		.byte	-128
 1462 0599 00       		.byte	0
 1463 059a 20       		.byte	32
 1464 059b 44       		.byte	68
 1465 059c D4       		.byte	-44
 1466 059d 00       		.byte	0
 1467 059e 20       		.byte	32
 1468 059f 00       		.byte	0
 1469 05a0 07       		.byte	7
 1470 05a1 02       		.byte	2
 1471 05a2 08       		.byte	8
 1472 05a3 0D       		.byte	13
 1473 05a4 00       		.byte	0
 1474 05a5 15       		.byte	21
 1475 05a6 05       		.byte	5
 1476 05a7 2A       		.byte	42
 1477 05a8 05       		.byte	5
 1478 05a9 00       		.byte	0
 1479 05aa 00       		.byte	0
 1480 05ab 04       		.byte	4
 1481 05ac 05       		.byte	5
 1482 05ad 44       		.byte	68
ARM GAS  C:\Users\cring\AppData\Local\Temp\cck2SAgP.s 			page 27


 1483 05ae 00       		.byte	0
 1484 05af 00       		.byte	0
 1485 05b0 18       		.byte	24
 1486 05b1 10       		.byte	16
 1487 05b2 21       		.byte	33
 1488 05b3 20       		.byte	32
 1489 05b4 28       		.byte	40
 1490 05b5 07       		.byte	7
 1491 05b6 42       		.byte	66
 1492 05b7 38       		.byte	56
 1493 05b8 00       		.byte	0
 1494 05b9 13       		.byte	19
 1495 05ba 05       		.byte	5
 1496 05bb 20       		.byte	32
 1497 05bc FF       		.byte	-1
 1498 05bd 40       		.byte	64
 1499 05be 00       		.byte	0
 1500 05bf 0F       		.byte	15
 1501 05c0 00       		.byte	0
 1502 05c1 30       		.byte	48
 1503 05c2 00       		.byte	0
 1504 05c3 00       		.byte	0
 1505 05c4 00       		.byte	0
 1506 05c5 00       		.byte	0
 1507 05c6 03       		.byte	3
 1508 05c7 28       		.byte	40
 1509 05c8 00       		.byte	0
 1510 05c9 00       		.byte	0
 1511 05ca 00       		.byte	0
 1512 05cb 00       		.byte	0
 1513 05cc 45       		.byte	69
 1514 05cd 00       		.byte	0
 1515 05ce 00       		.byte	0
 1516 05cf 00       		.byte	0
 1517 05d0 00       		.byte	0
 1518 05d1 EC       		.byte	-20
 1519 05d2 00       		.byte	0
 1520 05d3 20       		.byte	32
 1521 05d4 23       		.byte	35
 1522 05d5 FF       		.byte	-1
 1523 05d6 FF       		.byte	-1
 1524 05d7 FF       		.byte	-1
 1525 05d8 00       		.byte	0
 1526 05d9 83       		.byte	-125
 1527 05da 03       		.byte	3
 1528 05db 01       		.byte	1
 1529 05dc 18       		.byte	24
 1530 05dd 00       		.byte	0
 1531 05de 00       		.byte	0
 1532 05df 00       		.byte	0
 1533 05e0 01       		.byte	1
 1534 05e1 00       		.byte	0
 1535 05e2 00       		.byte	0
 1536 05e3 00       		.byte	0
 1537 05e4 04       		.byte	4
 1538 05e5 04       		.byte	4
 1539 05e6 04       		.byte	4
ARM GAS  C:\Users\cring\AppData\Local\Temp\cck2SAgP.s 			page 28


 1540 05e7 04       		.byte	4
 1541 05e8 00       		.byte	0
 1542 05e9 11       		.byte	17
 1543 05ea 00       		.byte	0
 1544 05eb 01       		.byte	1
 1545 05ec 40       		.byte	64
 1546 05ed 00       		.byte	0
 1547 05ee 40       		.byte	64
 1548 05ef 00       		.byte	0
 1549 05f0 40       		.byte	64
 1550 05f1 40       		.byte	64
 1551 05f2 80       		.byte	-128
 1552 05f3 00       		.byte	0
 1553 05f4 80       		.byte	-128
 1554 05f5 00       		.byte	0
 1555 05f6 80       		.byte	-128
 1556 05f7 00       		.byte	0
 1557 05f8 80       		.byte	-128
 1558 05f9 00       		.byte	0
 1559 05fa 80       		.byte	-128
 1560 05fb 00       		.byte	0
 1561 05fc 00       		.byte	0
 1562 05fd 00       		.byte	0
 1563 05fe 00       		.byte	0
 1564 05ff 00       		.byte	0
 1565 0600 00       		.byte	0
 1566 0601 00       		.byte	0
 1567 0602 00       		.byte	0
 1568 0603 00       		.byte	0
 1569 0604 00       		.byte	0
 1570 0605 00       		.byte	0
 1571 0606 00       		.byte	0
 1572 0607 00       		.byte	0
 1573 0608 00       		.byte	0
 1574 0609 00       		.byte	0
 1575 060a 00       		.byte	0
 1576 060b 00       		.byte	0
 1577 060c 00       		.byte	0
 1578 060d 0E       		.byte	14
 1579 060e 08       		.byte	8
 1580 060f 00       		.byte	0
 1581 0610 01       		.byte	1
 1582 0611 02       		.byte	2
 1583 0612 00       		.byte	0
 1584 0613 0C       		.byte	12
 1585 0614 01       		.byte	1
 1586 0615 0E       		.byte	14
 1587 0616 00       		.byte	0
 1588 0617 00       		.byte	0
 1589 0618 00       		.byte	0
 1590 0619 0C       		.byte	12
 1591 061a D0       		.byte	-48
 1592 061b 02       		.byte	2
 1593 061c 00       		.byte	0
 1594 061d 40       		.byte	64
 1595 061e 01       		.byte	1
 1596 061f 00       		.byte	0
ARM GAS  C:\Users\cring\AppData\Local\Temp\cck2SAgP.s 			page 29


 1597 0620 1C       		.byte	28
 1598 0621 82       		.byte	-126
 1599 0622 60       		.byte	96
 1600 0623 7D       		.byte	125
 1601 0624 00       		.byte	0
 1602 0625 11       		.byte	17
 1603 0626 26       		.byte	38
 1604 0627 AA       		.byte	-86
 1605 0628 01       		.byte	1
 1606 0629 08       		.byte	8
 1607 062a 00       		.byte	0
 1608 062b 12       		.byte	18
 1609 062c 01       		.byte	1
 1610 062d 0E       		.byte	14
 1611 062e 00       		.byte	0
 1612 062f 00       		.byte	0
 1613 0630 84       		.byte	-124
 1614 0631 04       		.byte	4
 1615 0632 28       		.byte	40
 1616 0633 08       		.byte	8
 1617 0634 B0       		.byte	-80
 1618 0635 6F       		.byte	111
 1619 0636 4C       		.byte	76
 1620 0637 90       		.byte	-112
 1621 0638 00       		.byte	0
 1622 0639 00       		.byte	0
 1623 063a 01       		.byte	1
 1624 063b 00       		.byte	0
 1625 063c FC       		.byte	-4
 1626 063d E0       		.byte	-32
 1627 063e 00       		.byte	0
 1628 063f 07       		.byte	7
 1629 0640 01       		.byte	1
 1630 0641 00       		.byte	0
 1631 0642 02       		.byte	2
 1632 0643 18       		.byte	24
 1633 0644 00       		.byte	0
 1634 0645 02       		.byte	2
 1635 0646 00       		.byte	0
 1636 0647 80       		.byte	-128
 1637 0648 00       		.byte	0
 1638 0649 00       		.byte	0
 1639 064a 10       		.byte	16
 1640 064b 00       		.byte	0
 1641 064c 54       		.byte	84
 1642 064d 00       		.byte	0
 1643 064e 00       		.byte	0
 1644 064f 00       		.byte	0
 1645 0650 00       		.byte	0
 1646 0651 00       		.byte	0
 1647 0652 00       		.byte	0
 1648 0653 00       		.byte	0
 1649 0654 00       		.byte	0
 1650 0655 FF       		.byte	-1
 1651 0656 FF       		.byte	-1
 1652 0657 FF       		.byte	-1
 1653 0658 00       		.byte	0
ARM GAS  C:\Users\cring\AppData\Local\Temp\cck2SAgP.s 			page 30


 1654 0659 00       		.byte	0
 1655 065a 00       		.byte	0
 1656 065b 01       		.byte	1
 1657 065c 18       		.byte	24
 1658 065d 00       		.byte	0
 1659 065e 00       		.byte	0
 1660 065f 00       		.byte	0
 1661 0660 40       		.byte	64
 1662 0661 00       		.byte	0
 1663 0662 00       		.byte	0
 1664 0663 00       		.byte	0
 1665 0664 04       		.byte	4
 1666 0665 04       		.byte	4
 1667 0666 04       		.byte	4
 1668 0667 04       		.byte	4
 1669 0668 00       		.byte	0
 1670 0669 02       		.byte	2
 1671 066a 00       		.byte	0
 1672 066b 01       		.byte	1
 1673 066c 40       		.byte	64
 1674 066d 00       		.byte	0
 1675 066e 40       		.byte	64
 1676 066f 00       		.byte	0
 1677 0670 40       		.byte	64
 1678 0671 40       		.byte	64
 1679 0672 80       		.byte	-128
 1680 0673 00       		.byte	0
 1681 0674 80       		.byte	-128
 1682 0675 00       		.byte	0
 1683 0676 80       		.byte	-128
 1684 0677 00       		.byte	0
 1685 0678 80       		.byte	-128
 1686 0679 00       		.byte	0
 1687 067a 80       		.byte	-128
 1688 067b 00       		.byte	0
 1689 067c 00       		.byte	0
 1690 067d 00       		.byte	0
 1691 067e 00       		.byte	0
 1692 067f 00       		.byte	0
 1693 0680 00       		.byte	0
 1694 0681 00       		.byte	0
 1695 0682 00       		.byte	0
 1696 0683 00       		.byte	0
 1697 0684 00       		.byte	0
 1698 0685 00       		.byte	0
 1699 0686 00       		.byte	0
 1700 0687 00       		.byte	0
 1701 0688 00       		.byte	0
 1702 0689 00       		.byte	0
 1703 068a 00       		.byte	0
 1704 068b 00       		.byte	0
 1705 068c 00       		.byte	0
 1706 068d C0       		.byte	-64
 1707 068e C0       		.byte	-64
 1708 068f 00       		.byte	0
 1709 0690 C0       		.byte	-64
 1710 0691 00       		.byte	0
ARM GAS  C:\Users\cring\AppData\Local\Temp\cck2SAgP.s 			page 31


 1711 0692 00       		.byte	0
 1712 0693 00       		.byte	0
 1713 0694 00       		.byte	0
 1714 0695 0B       		.byte	11
 1715 0696 0B       		.byte	11
 1716 0697 00       		.byte	0
 1717 0698 00       		.byte	0
 1718 0699 00       		.byte	0
 1719 069a 00       		.byte	0
 1720 069b 00       		.byte	0
 1721              		.section	.cywolatch,"a",%progbits
 1722              		.align	2
 1723              		.type	cy_meta_wonvl, %object
 1724              		.size	cy_meta_wonvl, 4
 1725              	cy_meta_wonvl:
 1726 0000 BC       		.byte	-68
 1727 0001 90       		.byte	-112
 1728 0002 AC       		.byte	-84
 1729 0003 AF       		.byte	-81
 1730              		.section	.cycustnvl,"a",%progbits
 1731              		.align	2
 1732              		.type	cy_meta_custnvl, %object
 1733              		.size	cy_meta_custnvl, 4
 1734              	cy_meta_custnvl:
 1735 0000 00       		.byte	0
 1736 0001 00       		.byte	0
 1737 0002 40       		.byte	64
 1738 0003 05       		.byte	5
 1739              		.section	.cymeta,"a",%progbits
 1740              		.align	2
 1741              		.type	cy_metadata, %object
 1742              		.size	cy_metadata, 12
 1743              	cy_metadata:
 1744 0000 00       		.byte	0
 1745 0001 01       		.byte	1
 1746 0002 2E       		.byte	46
 1747 0003 16       		.byte	22
 1748 0004 10       		.byte	16
 1749 0005 69       		.byte	105
 1750 0006 00       		.byte	0
 1751 0007 01       		.byte	1
 1752 0008 00       		.byte	0
 1753 0009 00       		.byte	0
 1754 000a 00       		.byte	0
 1755 000b 00       		.byte	0
 1756              		.section	.cyflashprotect,"a",%progbits
 1757              		.align	2
 1758              		.type	cy_meta_flashprotect, %object
 1759              		.size	cy_meta_flashprotect, 256
 1760              	cy_meta_flashprotect:
 1761 0000 00000000 		.space	256
 1761      00000000 
 1761      00000000 
 1761      00000000 
 1761      00000000 
 1762              		.text
 1763              	.Letext0:
ARM GAS  C:\Users\cring\AppData\Local\Temp\cck2SAgP.s 			page 32


 1764              		.file 1 "c:\\program files (x86)\\cypress\\psoc creator\\4.2\\psoc creator\\import\\gnu\\arm\\5.4.
 1765              		.file 2 "c:\\program files (x86)\\cypress\\psoc creator\\4.2\\psoc creator\\import\\gnu\\arm\\5.4.
 1766              		.file 3 "Generated_Source\\PSoC5\\cymetadata.c"
 1767              		.section	.debug_info,"",%progbits
 1768              	.Ldebug_info0:
 1769 0000 35010000 		.4byte	0x135
 1770 0004 0400     		.2byte	0x4
 1771 0006 00000000 		.4byte	.Ldebug_abbrev0
 1772 000a 04       		.byte	0x4
 1773 000b 01       		.uleb128 0x1
 1774 000c 71000000 		.4byte	.LASF17
 1775 0010 0C       		.byte	0xc
 1776 0011 CB010000 		.4byte	.LASF18
 1777 0015 00000000 		.4byte	.LASF19
 1778 0019 00000000 		.4byte	.Ldebug_line0
 1779 001d 02       		.uleb128 0x2
 1780 001e 01       		.byte	0x1
 1781 001f 06       		.byte	0x6
 1782 0020 BF010000 		.4byte	.LASF0
 1783 0024 03       		.uleb128 0x3
 1784 0025 4D000000 		.4byte	.LASF9
 1785 0029 01       		.byte	0x1
 1786 002a 1D       		.byte	0x1d
 1787 002b 2F000000 		.4byte	0x2f
 1788 002f 02       		.uleb128 0x2
 1789 0030 01       		.byte	0x1
 1790 0031 08       		.byte	0x8
 1791 0032 63000000 		.4byte	.LASF1
 1792 0036 02       		.uleb128 0x2
 1793 0037 02       		.byte	0x2
 1794 0038 05       		.byte	0x5
 1795 0039 AC010000 		.4byte	.LASF2
 1796 003d 02       		.uleb128 0x2
 1797 003e 02       		.byte	0x2
 1798 003f 07       		.byte	0x7
 1799 0040 11010000 		.4byte	.LASF3
 1800 0044 02       		.uleb128 0x2
 1801 0045 04       		.byte	0x4
 1802 0046 05       		.byte	0x5
 1803 0047 B6010000 		.4byte	.LASF4
 1804 004b 02       		.uleb128 0x2
 1805 004c 04       		.byte	0x4
 1806 004d 07       		.byte	0x7
 1807 004e FF000000 		.4byte	.LASF5
 1808 0052 02       		.uleb128 0x2
 1809 0053 08       		.byte	0x8
 1810 0054 05       		.byte	0x5
 1811 0055 9E010000 		.4byte	.LASF6
 1812 0059 02       		.uleb128 0x2
 1813 005a 08       		.byte	0x8
 1814 005b 07       		.byte	0x7
 1815 005c 53010000 		.4byte	.LASF7
 1816 0060 04       		.uleb128 0x4
 1817 0061 04       		.byte	0x4
 1818 0062 05       		.byte	0x5
 1819 0063 696E7400 		.ascii	"int\000"
 1820 0067 02       		.uleb128 0x2
ARM GAS  C:\Users\cring\AppData\Local\Temp\cck2SAgP.s 			page 33


 1821 0068 04       		.byte	0x4
 1822 0069 07       		.byte	0x7
 1823 006a 46010000 		.4byte	.LASF8
 1824 006e 03       		.uleb128 0x3
 1825 006f 6A010000 		.4byte	.LASF10
 1826 0073 02       		.byte	0x2
 1827 0074 18       		.byte	0x18
 1828 0075 24000000 		.4byte	0x24
 1829 0079 05       		.uleb128 0x5
 1830 007a 91000000 		.4byte	0x91
 1831 007e 8A000000 		.4byte	0x8a
 1832 0082 06       		.uleb128 0x6
 1833 0083 8A000000 		.4byte	0x8a
 1834 0087 9B06     		.2byte	0x69b
 1835 0089 00       		.byte	0
 1836 008a 02       		.uleb128 0x2
 1837 008b 04       		.byte	0x4
 1838 008c 07       		.byte	0x7
 1839 008d 95010000 		.4byte	.LASF11
 1840 0091 07       		.uleb128 0x7
 1841 0092 6E000000 		.4byte	0x6e
 1842 0096 08       		.uleb128 0x8
 1843 0097 34010000 		.4byte	.LASF12
 1844 009b 03       		.byte	0x3
 1845 009c 1F       		.byte	0x1f
 1846 009d A7000000 		.4byte	0xa7
 1847 00a1 05       		.uleb128 0x5
 1848 00a2 03       		.byte	0x3
 1849 00a3 00000000 		.4byte	cy_meta_configecc
 1850 00a7 07       		.uleb128 0x7
 1851 00a8 79000000 		.4byte	0x79
 1852 00ac 05       		.uleb128 0x5
 1853 00ad 91000000 		.4byte	0x91
 1854 00b1 BC000000 		.4byte	0xbc
 1855 00b5 09       		.uleb128 0x9
 1856 00b6 8A000000 		.4byte	0x8a
 1857 00ba 03       		.byte	0x3
 1858 00bb 00       		.byte	0
 1859 00bc 0A       		.uleb128 0xa
 1860 00bd 24010000 		.4byte	.LASF13
 1861 00c1 03       		.byte	0x3
 1862 00c2 0001     		.2byte	0x100
 1863 00c4 CE000000 		.4byte	0xce
 1864 00c8 05       		.uleb128 0x5
 1865 00c9 03       		.byte	0x3
 1866 00ca 00000000 		.4byte	cy_meta_custnvl
 1867 00ce 07       		.uleb128 0x7
 1868 00cf AC000000 		.4byte	0xac
 1869 00d3 0A       		.uleb128 0xa
 1870 00d4 87010000 		.4byte	.LASF14
 1871 00d8 03       		.byte	0x3
 1872 00d9 0E01     		.2byte	0x10e
 1873 00db E5000000 		.4byte	0xe5
 1874 00df 05       		.uleb128 0x5
 1875 00e0 03       		.byte	0x3
 1876 00e1 00000000 		.4byte	cy_meta_wonvl
 1877 00e5 07       		.uleb128 0x7
ARM GAS  C:\Users\cring\AppData\Local\Temp\cck2SAgP.s 			page 34


 1878 00e6 AC000000 		.4byte	0xac
 1879 00ea 05       		.uleb128 0x5
 1880 00eb 91000000 		.4byte	0x91
 1881 00ef FA000000 		.4byte	0xfa
 1882 00f3 09       		.uleb128 0x9
 1883 00f4 8A000000 		.4byte	0x8a
 1884 00f8 FF       		.byte	0xff
 1885 00f9 00       		.byte	0
 1886 00fa 0A       		.uleb128 0xa
 1887 00fb 72010000 		.4byte	.LASF15
 1888 00ff 03       		.byte	0x3
 1889 0100 1C01     		.2byte	0x11c
 1890 0102 0C010000 		.4byte	0x10c
 1891 0106 05       		.uleb128 0x5
 1892 0107 03       		.byte	0x3
 1893 0108 00000000 		.4byte	cy_meta_flashprotect
 1894 010c 07       		.uleb128 0x7
 1895 010d EA000000 		.4byte	0xea
 1896 0111 05       		.uleb128 0x5
 1897 0112 91000000 		.4byte	0x91
 1898 0116 21010000 		.4byte	0x121
 1899 011a 09       		.uleb128 0x9
 1900 011b 8A000000 		.4byte	0x8a
 1901 011f 0B       		.byte	0xb
 1902 0120 00       		.byte	0
 1903 0121 0A       		.uleb128 0xa
 1904 0122 57000000 		.4byte	.LASF16
 1905 0126 03       		.byte	0x3
 1906 0127 4901     		.2byte	0x149
 1907 0129 33010000 		.4byte	0x133
 1908 012d 05       		.uleb128 0x5
 1909 012e 03       		.byte	0x3
 1910 012f 00000000 		.4byte	cy_metadata
 1911 0133 07       		.uleb128 0x7
 1912 0134 11010000 		.4byte	0x111
 1913 0138 00       		.byte	0
 1914              		.section	.debug_abbrev,"",%progbits
 1915              	.Ldebug_abbrev0:
 1916 0000 01       		.uleb128 0x1
 1917 0001 11       		.uleb128 0x11
 1918 0002 01       		.byte	0x1
 1919 0003 25       		.uleb128 0x25
 1920 0004 0E       		.uleb128 0xe
 1921 0005 13       		.uleb128 0x13
 1922 0006 0B       		.uleb128 0xb
 1923 0007 03       		.uleb128 0x3
 1924 0008 0E       		.uleb128 0xe
 1925 0009 1B       		.uleb128 0x1b
 1926 000a 0E       		.uleb128 0xe
 1927 000b 10       		.uleb128 0x10
 1928 000c 17       		.uleb128 0x17
 1929 000d 00       		.byte	0
 1930 000e 00       		.byte	0
 1931 000f 02       		.uleb128 0x2
 1932 0010 24       		.uleb128 0x24
 1933 0011 00       		.byte	0
 1934 0012 0B       		.uleb128 0xb
ARM GAS  C:\Users\cring\AppData\Local\Temp\cck2SAgP.s 			page 35


 1935 0013 0B       		.uleb128 0xb
 1936 0014 3E       		.uleb128 0x3e
 1937 0015 0B       		.uleb128 0xb
 1938 0016 03       		.uleb128 0x3
 1939 0017 0E       		.uleb128 0xe
 1940 0018 00       		.byte	0
 1941 0019 00       		.byte	0
 1942 001a 03       		.uleb128 0x3
 1943 001b 16       		.uleb128 0x16
 1944 001c 00       		.byte	0
 1945 001d 03       		.uleb128 0x3
 1946 001e 0E       		.uleb128 0xe
 1947 001f 3A       		.uleb128 0x3a
 1948 0020 0B       		.uleb128 0xb
 1949 0021 3B       		.uleb128 0x3b
 1950 0022 0B       		.uleb128 0xb
 1951 0023 49       		.uleb128 0x49
 1952 0024 13       		.uleb128 0x13
 1953 0025 00       		.byte	0
 1954 0026 00       		.byte	0
 1955 0027 04       		.uleb128 0x4
 1956 0028 24       		.uleb128 0x24
 1957 0029 00       		.byte	0
 1958 002a 0B       		.uleb128 0xb
 1959 002b 0B       		.uleb128 0xb
 1960 002c 3E       		.uleb128 0x3e
 1961 002d 0B       		.uleb128 0xb
 1962 002e 03       		.uleb128 0x3
 1963 002f 08       		.uleb128 0x8
 1964 0030 00       		.byte	0
 1965 0031 00       		.byte	0
 1966 0032 05       		.uleb128 0x5
 1967 0033 01       		.uleb128 0x1
 1968 0034 01       		.byte	0x1
 1969 0035 49       		.uleb128 0x49
 1970 0036 13       		.uleb128 0x13
 1971 0037 01       		.uleb128 0x1
 1972 0038 13       		.uleb128 0x13
 1973 0039 00       		.byte	0
 1974 003a 00       		.byte	0
 1975 003b 06       		.uleb128 0x6
 1976 003c 21       		.uleb128 0x21
 1977 003d 00       		.byte	0
 1978 003e 49       		.uleb128 0x49
 1979 003f 13       		.uleb128 0x13
 1980 0040 2F       		.uleb128 0x2f
 1981 0041 05       		.uleb128 0x5
 1982 0042 00       		.byte	0
 1983 0043 00       		.byte	0
 1984 0044 07       		.uleb128 0x7
 1985 0045 26       		.uleb128 0x26
 1986 0046 00       		.byte	0
 1987 0047 49       		.uleb128 0x49
 1988 0048 13       		.uleb128 0x13
 1989 0049 00       		.byte	0
 1990 004a 00       		.byte	0
 1991 004b 08       		.uleb128 0x8
ARM GAS  C:\Users\cring\AppData\Local\Temp\cck2SAgP.s 			page 36


 1992 004c 34       		.uleb128 0x34
 1993 004d 00       		.byte	0
 1994 004e 03       		.uleb128 0x3
 1995 004f 0E       		.uleb128 0xe
 1996 0050 3A       		.uleb128 0x3a
 1997 0051 0B       		.uleb128 0xb
 1998 0052 3B       		.uleb128 0x3b
 1999 0053 0B       		.uleb128 0xb
 2000 0054 49       		.uleb128 0x49
 2001 0055 13       		.uleb128 0x13
 2002 0056 3F       		.uleb128 0x3f
 2003 0057 19       		.uleb128 0x19
 2004 0058 02       		.uleb128 0x2
 2005 0059 18       		.uleb128 0x18
 2006 005a 00       		.byte	0
 2007 005b 00       		.byte	0
 2008 005c 09       		.uleb128 0x9
 2009 005d 21       		.uleb128 0x21
 2010 005e 00       		.byte	0
 2011 005f 49       		.uleb128 0x49
 2012 0060 13       		.uleb128 0x13
 2013 0061 2F       		.uleb128 0x2f
 2014 0062 0B       		.uleb128 0xb
 2015 0063 00       		.byte	0
 2016 0064 00       		.byte	0
 2017 0065 0A       		.uleb128 0xa
 2018 0066 34       		.uleb128 0x34
 2019 0067 00       		.byte	0
 2020 0068 03       		.uleb128 0x3
 2021 0069 0E       		.uleb128 0xe
 2022 006a 3A       		.uleb128 0x3a
 2023 006b 0B       		.uleb128 0xb
 2024 006c 3B       		.uleb128 0x3b
 2025 006d 05       		.uleb128 0x5
 2026 006e 49       		.uleb128 0x49
 2027 006f 13       		.uleb128 0x13
 2028 0070 3F       		.uleb128 0x3f
 2029 0071 19       		.uleb128 0x19
 2030 0072 02       		.uleb128 0x2
 2031 0073 18       		.uleb128 0x18
 2032 0074 00       		.byte	0
 2033 0075 00       		.byte	0
 2034 0076 00       		.byte	0
 2035              		.section	.debug_aranges,"",%progbits
 2036 0000 14000000 		.4byte	0x14
 2037 0004 0200     		.2byte	0x2
 2038 0006 00000000 		.4byte	.Ldebug_info0
 2039 000a 04       		.byte	0x4
 2040 000b 00       		.byte	0
 2041 000c 0000     		.2byte	0
 2042 000e 0000     		.2byte	0
 2043 0010 00000000 		.4byte	0
 2044 0014 00000000 		.4byte	0
 2045              		.section	.debug_line,"",%progbits
 2046              	.Ldebug_line0:
 2047 0000 3D010000 		.section	.debug_str,"MS",%progbits,1
 2047      02003701 
ARM GAS  C:\Users\cring\AppData\Local\Temp\cck2SAgP.s 			page 37


 2047      00000201 
 2047      FB0E0D00 
 2047      01010101 
 2048              	.LASF19:
 2049 0000 433A5C55 		.ascii	"C:\\Users\\cring\\Documents\\GitHub\\E5PRJ3\\LED ko"
 2049      73657273 
 2049      5C637269 
 2049      6E675C44 
 2049      6F63756D 
 2050 002d 64655C4C 		.ascii	"de\\LEDcontrol\\LED_control.cydsn\000"
 2050      4544636F 
 2050      6E74726F 
 2050      6C5C4C45 
 2050      445F636F 
 2051              	.LASF9:
 2052 004d 5F5F7569 		.ascii	"__uint8_t\000"
 2052      6E74385F 
 2052      7400
 2053              	.LASF16:
 2054 0057 63795F6D 		.ascii	"cy_metadata\000"
 2054      65746164 
 2054      61746100 
 2055              	.LASF1:
 2056 0063 756E7369 		.ascii	"unsigned char\000"
 2056      676E6564 
 2056      20636861 
 2056      7200
 2057              	.LASF17:
 2058 0071 474E5520 		.ascii	"GNU C11 5.4.1 20160609 (release) [ARM/embedded-5-br"
 2058      43313120 
 2058      352E342E 
 2058      31203230 
 2058      31363036 
 2059 00a4 616E6368 		.ascii	"anch revision 237715] -mcpu=cortex-m3 -mthumb -g -O"
 2059      20726576 
 2059      6973696F 
 2059      6E203233 
 2059      37373135 
 2060 00d7 67202D66 		.ascii	"g -ffunction-sections -ffat-lto-objects\000"
 2060      66756E63 
 2060      74696F6E 
 2060      2D736563 
 2060      74696F6E 
 2061              	.LASF5:
 2062 00ff 6C6F6E67 		.ascii	"long unsigned int\000"
 2062      20756E73 
 2062      69676E65 
 2062      6420696E 
 2062      7400
 2063              	.LASF3:
 2064 0111 73686F72 		.ascii	"short unsigned int\000"
 2064      7420756E 
 2064      7369676E 
 2064      65642069 
 2064      6E7400
 2065              	.LASF13:
 2066 0124 63795F6D 		.ascii	"cy_meta_custnvl\000"
ARM GAS  C:\Users\cring\AppData\Local\Temp\cck2SAgP.s 			page 38


 2066      6574615F 
 2066      63757374 
 2066      6E766C00 
 2067              	.LASF12:
 2068 0134 63795F6D 		.ascii	"cy_meta_configecc\000"
 2068      6574615F 
 2068      636F6E66 
 2068      69676563 
 2068      6300
 2069              	.LASF8:
 2070 0146 756E7369 		.ascii	"unsigned int\000"
 2070      676E6564 
 2070      20696E74 
 2070      00
 2071              	.LASF7:
 2072 0153 6C6F6E67 		.ascii	"long long unsigned int\000"
 2072      206C6F6E 
 2072      6720756E 
 2072      7369676E 
 2072      65642069 
 2073              	.LASF10:
 2074 016a 75696E74 		.ascii	"uint8_t\000"
 2074      385F7400 
 2075              	.LASF15:
 2076 0172 63795F6D 		.ascii	"cy_meta_flashprotect\000"
 2076      6574615F 
 2076      666C6173 
 2076      6870726F 
 2076      74656374 
 2077              	.LASF14:
 2078 0187 63795F6D 		.ascii	"cy_meta_wonvl\000"
 2078      6574615F 
 2078      776F6E76 
 2078      6C00
 2079              	.LASF11:
 2080 0195 73697A65 		.ascii	"sizetype\000"
 2080      74797065 
 2080      00
 2081              	.LASF6:
 2082 019e 6C6F6E67 		.ascii	"long long int\000"
 2082      206C6F6E 
 2082      6720696E 
 2082      7400
 2083              	.LASF2:
 2084 01ac 73686F72 		.ascii	"short int\000"
 2084      7420696E 
 2084      7400
 2085              	.LASF4:
 2086 01b6 6C6F6E67 		.ascii	"long int\000"
 2086      20696E74 
 2086      00
 2087              	.LASF0:
 2088 01bf 7369676E 		.ascii	"signed char\000"
 2088      65642063 
 2088      68617200 
 2089              	.LASF18:
 2090 01cb 47656E65 		.ascii	"Generated_Source\\PSoC5\\cymetadata.c\000"
ARM GAS  C:\Users\cring\AppData\Local\Temp\cck2SAgP.s 			page 39


 2090      72617465 
 2090      645F536F 
 2090      75726365 
 2090      5C50536F 
 2091              		.ident	"GCC: (GNU Tools for ARM Embedded Processors) 5.4.1 20160609 (release) [ARM/embedded-5-bran
