ARM GAS  C:\Users\cring\AppData\Local\Temp\ccH08guQ.s 			page 1


   1              		.syntax unified
   2              		.cpu cortex-m3
   3              		.fpu softvfp
   4              		.eabi_attribute 20, 1
   5              		.eabi_attribute 21, 1
   6              		.eabi_attribute 23, 3
   7              		.eabi_attribute 24, 1
   8              		.eabi_attribute 25, 1
   9              		.eabi_attribute 26, 1
  10              		.eabi_attribute 30, 1
  11              		.eabi_attribute 34, 1
  12              		.eabi_attribute 18, 4
  13              		.thumb
  14              		.syntax unified
  15              		.file	"main.c"
  16              		.text
  17              	.Ltext0:
  18              		.cfi_sections	.debug_frame
  19              		.section	.text.main,"ax",%progbits
  20              		.align	2
  21              		.global	main
  22              		.thumb
  23              		.thumb_func
  24              		.type	main, %function
  25              	main:
  26              	.LFB64:
  27              		.file 1 "main.c"
   1:main.c        **** /* ========================================
   2:main.c        ****  *
   3:main.c        ****  * Copyright YOUR COMPANY, THE YEAR
   4:main.c        ****  * All Rights Reserved
   5:main.c        ****  * UNPUBLISHED, LICENSED SOFTWARE.
   6:main.c        ****  *
   7:main.c        ****  * CONFIDENTIAL AND PROPRIETARY INFORMATION
   8:main.c        ****  * WHICH IS THE PROPERTY OF your company.
   9:main.c        ****  *
  10:main.c        ****  * ========================================
  11:main.c        **** */
  12:main.c        **** #include "project.h"
  13:main.c        **** #include "LEDcontrol.h"
  14:main.c        **** 
  15:main.c        **** #define LEDlength 20
  16:main.c        **** 
  17:main.c        **** 
  18:main.c        **** int main(void)
  19:main.c        **** {
  28              		.loc 1 19 0
  29              		.cfi_startproc
  30              		@ args = 0, pretend = 0, frame = 3520
  31              		@ frame_needed = 0, uses_anonymous_args = 0
  32 0000 00B5     		push	{lr}
  33              		.cfi_def_cfa_offset 4
  34              		.cfi_offset 14, -4
  35 0002 ADF6C45D 		subw	sp, sp, #3524
  36              		.cfi_def_cfa_offset 3528
  20:main.c        ****     CyGlobalIntEnable; /* Enable global interrupts. */
  37              		.loc 1 20 0
ARM GAS  C:\Users\cring\AppData\Local\Temp\ccH08guQ.s 			page 2


  38              		.syntax unified
  39              	@ 20 "main.c" 1
  40 0006 62B6     		CPSIE   i
  41              	@ 0 "" 2
  21:main.c        ****     
  22:main.c        ****     LEDctrl rgbstrip1[LEDlength], rgbstrip2[LEDlength];
  23:main.c        ****     addLEDstrip(LEDlength, rgbstrip1, 1);
  42              		.loc 1 23 0
  43              		.thumb
  44              		.syntax unified
  45 0008 0122     		movs	r2, #1
  46 000a 0DF5DC61 		add	r1, sp, #1760
  47 000e 1420     		movs	r0, #20
  48 0010 FFF7FEFF 		bl	addLEDstrip
  49              	.LVL0:
  24:main.c        ****     addLEDstrip(LEDlength, rgbstrip2, 2);
  50              		.loc 1 24 0
  51 0014 0222     		movs	r2, #2
  52 0016 6946     		mov	r1, sp
  53 0018 1420     		movs	r0, #20
  54 001a FFF7FEFF 		bl	addLEDstrip
  55              	.LVL1:
  25:main.c        ****     initLED(120);
  56              		.loc 1 25 0
  57 001e 7820     		movs	r0, #120
  58 0020 FFF7FEFF 		bl	initLED
  59              	.LVL2:
  26:main.c        **** 
  27:main.c        ****     setspeed(100, 20, 300);
  60              		.loc 1 27 0
  61 0024 4FF49672 		mov	r2, #300
  62 0028 1421     		movs	r1, #20
  63 002a 6420     		movs	r0, #100
  64 002c FFF7FEFF 		bl	setspeed
  65              	.LVL3:
  28:main.c        ****     //weightapprovedSeq(rgbstrip1);
  29:main.c        ****     checkSeq(rgbstrip1);
  66              		.loc 1 29 0
  67 0030 0DF5DC60 		add	r0, sp, #1760
  68 0034 FFF7FEFF 		bl	checkSeq
  69              	.LVL4:
  30:main.c        ****     checkSeq(rgbstrip2);
  70              		.loc 1 30 0
  71 0038 6846     		mov	r0, sp
  72 003a FFF7FEFF 		bl	checkSeq
  73              	.LVL5:
  74              	.L2:
  75 003e FEE7     		b	.L2
  76              		.cfi_endproc
  77              	.LFE64:
  78              		.size	main, .-main
  79              		.text
  80              	.Letext0:
  81              		.file 2 "c:\\program files (x86)\\cypress\\psoc creator\\4.3\\psoc creator\\import\\gnu\\arm\\5.4.
  82              		.file 3 "c:\\program files (x86)\\cypress\\psoc creator\\4.3\\psoc creator\\import\\gnu\\arm\\5.4.
  83              		.file 4 "LEDcontrol.h"
  84              		.file 5 "Generated_Source\\PSoC5/core_cm3.h"
ARM GAS  C:\Users\cring\AppData\Local\Temp\ccH08guQ.s 			page 3


  85              		.section	.debug_info,"",%progbits
  86              	.Ldebug_info0:
  87 0000 9A020000 		.4byte	0x29a
  88 0004 0400     		.2byte	0x4
  89 0006 00000000 		.4byte	.Ldebug_abbrev0
  90 000a 04       		.byte	0x4
  91 000b 01       		.uleb128 0x1
  92 000c A2000000 		.4byte	.LASF35
  93 0010 0C       		.byte	0xc
  94 0011 D5010000 		.4byte	.LASF36
  95 0015 06000000 		.4byte	.LASF37
  96 0019 00000000 		.4byte	.Ldebug_ranges0+0
  97 001d 00000000 		.4byte	0
  98 0021 00000000 		.4byte	.Ldebug_line0
  99 0025 02       		.uleb128 0x2
 100 0026 01       		.byte	0x1
 101 0027 06       		.byte	0x6
 102 0028 A5010000 		.4byte	.LASF0
 103 002c 02       		.uleb128 0x2
 104 002d 01       		.byte	0x1
 105 002e 08       		.byte	0x8
 106 002f 94000000 		.4byte	.LASF1
 107 0033 02       		.uleb128 0x2
 108 0034 02       		.byte	0x2
 109 0035 05       		.byte	0x5
 110 0036 01020000 		.4byte	.LASF2
 111 003a 02       		.uleb128 0x2
 112 003b 02       		.byte	0x2
 113 003c 07       		.byte	0x7
 114 003d 6D000000 		.4byte	.LASF3
 115 0041 03       		.uleb128 0x3
 116 0042 63000000 		.4byte	.LASF9
 117 0046 02       		.byte	0x2
 118 0047 3F       		.byte	0x3f
 119 0048 4C000000 		.4byte	0x4c
 120 004c 02       		.uleb128 0x2
 121 004d 04       		.byte	0x4
 122 004e 05       		.byte	0x5
 123 004f 1E020000 		.4byte	.LASF4
 124 0053 02       		.uleb128 0x2
 125 0054 04       		.byte	0x4
 126 0055 07       		.byte	0x7
 127 0056 30010000 		.4byte	.LASF5
 128 005a 02       		.uleb128 0x2
 129 005b 08       		.byte	0x8
 130 005c 05       		.byte	0x5
 131 005d C7010000 		.4byte	.LASF6
 132 0061 02       		.uleb128 0x2
 133 0062 08       		.byte	0x8
 134 0063 07       		.byte	0x7
 135 0064 86010000 		.4byte	.LASF7
 136 0068 04       		.uleb128 0x4
 137 0069 04       		.byte	0x4
 138 006a 05       		.byte	0x5
 139 006b 696E7400 		.ascii	"int\000"
 140 006f 02       		.uleb128 0x2
 141 0070 04       		.byte	0x4
ARM GAS  C:\Users\cring\AppData\Local\Temp\ccH08guQ.s 			page 4


 142 0071 07       		.byte	0x7
 143 0072 6D010000 		.4byte	.LASF8
 144 0076 03       		.uleb128 0x3
 145 0077 B1010000 		.4byte	.LASF10
 146 007b 03       		.byte	0x3
 147 007c 2C       		.byte	0x2c
 148 007d 41000000 		.4byte	0x41
 149 0081 02       		.uleb128 0x2
 150 0082 04       		.byte	0x4
 151 0083 04       		.byte	0x4
 152 0084 5D000000 		.4byte	.LASF11
 153 0088 02       		.uleb128 0x2
 154 0089 08       		.byte	0x8
 155 008a 04       		.byte	0x4
 156 008b 61010000 		.4byte	.LASF12
 157 008f 02       		.uleb128 0x2
 158 0090 01       		.byte	0x1
 159 0091 08       		.byte	0x8
 160 0092 DC010000 		.4byte	.LASF13
 161 0096 02       		.uleb128 0x2
 162 0097 08       		.byte	0x8
 163 0098 04       		.byte	0x4
 164 0099 27020000 		.4byte	.LASF14
 165 009d 02       		.uleb128 0x2
 166 009e 04       		.byte	0x4
 167 009f 07       		.byte	0x7
 168 00a0 B9010000 		.4byte	.LASF15
 169 00a4 05       		.uleb128 0x5
 170 00a5 15020000 		.4byte	.LASF38
 171 00a9 58       		.byte	0x58
 172 00aa 04       		.byte	0x4
 173 00ab 13       		.byte	0x13
 174 00ac 77010000 		.4byte	0x177
 175 00b0 06       		.uleb128 0x6
 176 00b1 72656400 		.ascii	"red\000"
 177 00b5 04       		.byte	0x4
 178 00b6 15       		.byte	0x15
 179 00b7 68000000 		.4byte	0x68
 180 00bb 00       		.byte	0
 181 00bc 07       		.uleb128 0x7
 182 00bd 47010000 		.4byte	.LASF16
 183 00c1 04       		.byte	0x4
 184 00c2 16       		.byte	0x16
 185 00c3 68000000 		.4byte	0x68
 186 00c7 04       		.byte	0x4
 187 00c8 07       		.uleb128 0x7
 188 00c9 86000000 		.4byte	.LASF17
 189 00cd 04       		.byte	0x4
 190 00ce 17       		.byte	0x17
 191 00cf 68000000 		.4byte	0x68
 192 00d3 08       		.byte	0x8
 193 00d4 06       		.uleb128 0x6
 194 00d5 6800     		.ascii	"h\000"
 195 00d7 04       		.byte	0x4
 196 00d8 19       		.byte	0x19
 197 00d9 88000000 		.4byte	0x88
 198 00dd 10       		.byte	0x10
ARM GAS  C:\Users\cring\AppData\Local\Temp\ccH08guQ.s 			page 5


 199 00de 06       		.uleb128 0x6
 200 00df 7300     		.ascii	"s\000"
 201 00e1 04       		.byte	0x4
 202 00e2 1A       		.byte	0x1a
 203 00e3 88000000 		.4byte	0x88
 204 00e7 18       		.byte	0x18
 205 00e8 06       		.uleb128 0x6
 206 00e9 7600     		.ascii	"v\000"
 207 00eb 04       		.byte	0x4
 208 00ec 1B       		.byte	0x1b
 209 00ed 88000000 		.4byte	0x88
 210 00f1 20       		.byte	0x20
 211 00f2 07       		.uleb128 0x7
 212 00f3 3F020000 		.4byte	.LASF18
 213 00f7 04       		.byte	0x4
 214 00f8 1D       		.byte	0x1d
 215 00f9 68000000 		.4byte	0x68
 216 00fd 28       		.byte	0x28
 217 00fe 07       		.uleb128 0x7
 218 00ff 5A010000 		.4byte	.LASF19
 219 0103 04       		.byte	0x4
 220 0104 1E       		.byte	0x1e
 221 0105 68000000 		.4byte	0x68
 222 0109 2C       		.byte	0x2c
 223 010a 07       		.uleb128 0x7
 224 010b 42010000 		.4byte	.LASF20
 225 010f 04       		.byte	0x4
 226 0110 1F       		.byte	0x1f
 227 0111 68000000 		.4byte	0x68
 228 0115 30       		.byte	0x30
 229 0116 07       		.uleb128 0x7
 230 0117 C2010000 		.4byte	.LASF21
 231 011b 04       		.byte	0x4
 232 011c 20       		.byte	0x20
 233 011d 68000000 		.4byte	0x68
 234 0121 34       		.byte	0x34
 235 0122 07       		.uleb128 0x7
 236 0123 33020000 		.4byte	.LASF22
 237 0127 04       		.byte	0x4
 238 0128 21       		.byte	0x21
 239 0129 68000000 		.4byte	0x68
 240 012d 38       		.byte	0x38
 241 012e 07       		.uleb128 0x7
 242 012f 39020000 		.4byte	.LASF23
 243 0133 04       		.byte	0x4
 244 0134 22       		.byte	0x22
 245 0135 68000000 		.4byte	0x68
 246 0139 3C       		.byte	0x3c
 247 013a 07       		.uleb128 0x7
 248 013b 53000000 		.4byte	.LASF24
 249 013f 04       		.byte	0x4
 250 0140 24       		.byte	0x24
 251 0141 68000000 		.4byte	0x68
 252 0145 40       		.byte	0x40
 253 0146 06       		.uleb128 0x6
 254 0147 70696E00 		.ascii	"pin\000"
 255 014b 04       		.byte	0x4
ARM GAS  C:\Users\cring\AppData\Local\Temp\ccH08guQ.s 			page 6


 256 014c 25       		.byte	0x25
 257 014d 68000000 		.4byte	0x68
 258 0151 44       		.byte	0x44
 259 0152 07       		.uleb128 0x7
 260 0153 EB010000 		.4byte	.LASF25
 261 0157 04       		.byte	0x4
 262 0158 27       		.byte	0x27
 263 0159 68000000 		.4byte	0x68
 264 015d 48       		.byte	0x48
 265 015e 07       		.uleb128 0x7
 266 015f 80000000 		.4byte	.LASF26
 267 0163 04       		.byte	0x4
 268 0164 28       		.byte	0x28
 269 0165 68000000 		.4byte	0x68
 270 0169 4C       		.byte	0x4c
 271 016a 07       		.uleb128 0x7
 272 016b 00000000 		.4byte	.LASF27
 273 016f 04       		.byte	0x4
 274 0170 29       		.byte	0x29
 275 0171 68000000 		.4byte	0x68
 276 0175 50       		.byte	0x50
 277 0176 00       		.byte	0
 278 0177 03       		.uleb128 0x3
 279 0178 9D010000 		.4byte	.LASF28
 280 017c 04       		.byte	0x4
 281 017d 2A       		.byte	0x2a
 282 017e A4000000 		.4byte	0xa4
 283 0182 08       		.uleb128 0x8
 284 0183 68010000 		.4byte	.LASF39
 285 0187 01       		.byte	0x1
 286 0188 12       		.byte	0x12
 287 0189 68000000 		.4byte	0x68
 288 018d 00000000 		.4byte	.LFB64
 289 0191 40000000 		.4byte	.LFE64-.LFB64
 290 0195 01       		.uleb128 0x1
 291 0196 9C       		.byte	0x9c
 292 0197 50020000 		.4byte	0x250
 293 019b 09       		.uleb128 0x9
 294 019c E1010000 		.4byte	.LASF29
 295 01a0 01       		.byte	0x1
 296 01a1 16       		.byte	0x16
 297 01a2 50020000 		.4byte	0x250
 298 01a6 03       		.uleb128 0x3
 299 01a7 91       		.byte	0x91
 300 01a8 9872     		.sleb128 -1768
 301 01aa 09       		.uleb128 0x9
 302 01ab 0B020000 		.4byte	.LASF30
 303 01af 01       		.byte	0x1
 304 01b0 16       		.byte	0x16
 305 01b1 50020000 		.4byte	0x250
 306 01b5 03       		.uleb128 0x3
 307 01b6 91       		.byte	0x91
 308 01b7 B864     		.sleb128 -3528
 309 01b9 0A       		.uleb128 0xa
 310 01ba 14000000 		.4byte	.LVL0
 311 01be 71020000 		.4byte	0x271
 312 01c2 D8010000 		.4byte	0x1d8
ARM GAS  C:\Users\cring\AppData\Local\Temp\ccH08guQ.s 			page 7


 313 01c6 0B       		.uleb128 0xb
 314 01c7 01       		.uleb128 0x1
 315 01c8 50       		.byte	0x50
 316 01c9 01       		.uleb128 0x1
 317 01ca 44       		.byte	0x44
 318 01cb 0B       		.uleb128 0xb
 319 01cc 01       		.uleb128 0x1
 320 01cd 51       		.byte	0x51
 321 01ce 03       		.uleb128 0x3
 322 01cf 91       		.byte	0x91
 323 01d0 9872     		.sleb128 -1768
 324 01d2 0B       		.uleb128 0xb
 325 01d3 01       		.uleb128 0x1
 326 01d4 52       		.byte	0x52
 327 01d5 01       		.uleb128 0x1
 328 01d6 31       		.byte	0x31
 329 01d7 00       		.byte	0
 330 01d8 0A       		.uleb128 0xa
 331 01d9 1E000000 		.4byte	.LVL1
 332 01dd 71020000 		.4byte	0x271
 333 01e1 F6010000 		.4byte	0x1f6
 334 01e5 0B       		.uleb128 0xb
 335 01e6 01       		.uleb128 0x1
 336 01e7 50       		.byte	0x50
 337 01e8 01       		.uleb128 0x1
 338 01e9 44       		.byte	0x44
 339 01ea 0B       		.uleb128 0xb
 340 01eb 01       		.uleb128 0x1
 341 01ec 51       		.byte	0x51
 342 01ed 02       		.uleb128 0x2
 343 01ee 7D       		.byte	0x7d
 344 01ef 00       		.sleb128 0
 345 01f0 0B       		.uleb128 0xb
 346 01f1 01       		.uleb128 0x1
 347 01f2 52       		.byte	0x52
 348 01f3 01       		.uleb128 0x1
 349 01f4 32       		.byte	0x32
 350 01f5 00       		.byte	0
 351 01f6 0A       		.uleb128 0xa
 352 01f7 24000000 		.4byte	.LVL2
 353 01fb 7C020000 		.4byte	0x27c
 354 01ff 0A020000 		.4byte	0x20a
 355 0203 0B       		.uleb128 0xb
 356 0204 01       		.uleb128 0x1
 357 0205 50       		.byte	0x50
 358 0206 02       		.uleb128 0x2
 359 0207 08       		.byte	0x8
 360 0208 78       		.byte	0x78
 361 0209 00       		.byte	0
 362 020a 0A       		.uleb128 0xa
 363 020b 30000000 		.4byte	.LVL3
 364 020f 87020000 		.4byte	0x287
 365 0213 2A020000 		.4byte	0x22a
 366 0217 0B       		.uleb128 0xb
 367 0218 01       		.uleb128 0x1
 368 0219 50       		.byte	0x50
 369 021a 02       		.uleb128 0x2
ARM GAS  C:\Users\cring\AppData\Local\Temp\ccH08guQ.s 			page 8


 370 021b 08       		.byte	0x8
 371 021c 64       		.byte	0x64
 372 021d 0B       		.uleb128 0xb
 373 021e 01       		.uleb128 0x1
 374 021f 51       		.byte	0x51
 375 0220 01       		.uleb128 0x1
 376 0221 44       		.byte	0x44
 377 0222 0B       		.uleb128 0xb
 378 0223 01       		.uleb128 0x1
 379 0224 52       		.byte	0x52
 380 0225 03       		.uleb128 0x3
 381 0226 0A       		.byte	0xa
 382 0227 2C01     		.2byte	0x12c
 383 0229 00       		.byte	0
 384 022a 0A       		.uleb128 0xa
 385 022b 38000000 		.4byte	.LVL4
 386 022f 92020000 		.4byte	0x292
 387 0233 3F020000 		.4byte	0x23f
 388 0237 0B       		.uleb128 0xb
 389 0238 01       		.uleb128 0x1
 390 0239 50       		.byte	0x50
 391 023a 03       		.uleb128 0x3
 392 023b 91       		.byte	0x91
 393 023c 9872     		.sleb128 -1768
 394 023e 00       		.byte	0
 395 023f 0C       		.uleb128 0xc
 396 0240 3E000000 		.4byte	.LVL5
 397 0244 92020000 		.4byte	0x292
 398 0248 0B       		.uleb128 0xb
 399 0249 01       		.uleb128 0x1
 400 024a 50       		.byte	0x50
 401 024b 02       		.uleb128 0x2
 402 024c 7D       		.byte	0x7d
 403 024d 00       		.sleb128 0
 404 024e 00       		.byte	0
 405 024f 00       		.byte	0
 406 0250 0D       		.uleb128 0xd
 407 0251 77010000 		.4byte	0x177
 408 0255 60020000 		.4byte	0x260
 409 0259 0E       		.uleb128 0xe
 410 025a 9D000000 		.4byte	0x9d
 411 025e 13       		.byte	0x13
 412 025f 00       		.byte	0
 413 0260 0F       		.uleb128 0xf
 414 0261 4D010000 		.4byte	.LASF40
 415 0265 05       		.byte	0x5
 416 0266 1207     		.2byte	0x712
 417 0268 6C020000 		.4byte	0x26c
 418 026c 10       		.uleb128 0x10
 419 026d 76000000 		.4byte	0x76
 420 0271 11       		.uleb128 0x11
 421 0272 7A010000 		.4byte	.LASF31
 422 0276 7A010000 		.4byte	.LASF31
 423 027a 04       		.byte	0x4
 424 027b 37       		.byte	0x37
 425 027c 11       		.uleb128 0x11
 426 027d F9010000 		.4byte	.LASF32
ARM GAS  C:\Users\cring\AppData\Local\Temp\ccH08guQ.s 			page 9


 427 0281 F9010000 		.4byte	.LASF32
 428 0285 04       		.byte	0x4
 429 0286 35       		.byte	0x35
 430 0287 11       		.uleb128 0x11
 431 0288 8B000000 		.4byte	.LASF33
 432 028c 8B000000 		.4byte	.LASF33
 433 0290 04       		.byte	0x4
 434 0291 31       		.byte	0x31
 435 0292 11       		.uleb128 0x11
 436 0293 F0010000 		.4byte	.LASF34
 437 0297 F0010000 		.4byte	.LASF34
 438 029b 04       		.byte	0x4
 439 029c 40       		.byte	0x40
 440 029d 00       		.byte	0
 441              		.section	.debug_abbrev,"",%progbits
 442              	.Ldebug_abbrev0:
 443 0000 01       		.uleb128 0x1
 444 0001 11       		.uleb128 0x11
 445 0002 01       		.byte	0x1
 446 0003 25       		.uleb128 0x25
 447 0004 0E       		.uleb128 0xe
 448 0005 13       		.uleb128 0x13
 449 0006 0B       		.uleb128 0xb
 450 0007 03       		.uleb128 0x3
 451 0008 0E       		.uleb128 0xe
 452 0009 1B       		.uleb128 0x1b
 453 000a 0E       		.uleb128 0xe
 454 000b 55       		.uleb128 0x55
 455 000c 17       		.uleb128 0x17
 456 000d 11       		.uleb128 0x11
 457 000e 01       		.uleb128 0x1
 458 000f 10       		.uleb128 0x10
 459 0010 17       		.uleb128 0x17
 460 0011 00       		.byte	0
 461 0012 00       		.byte	0
 462 0013 02       		.uleb128 0x2
 463 0014 24       		.uleb128 0x24
 464 0015 00       		.byte	0
 465 0016 0B       		.uleb128 0xb
 466 0017 0B       		.uleb128 0xb
 467 0018 3E       		.uleb128 0x3e
 468 0019 0B       		.uleb128 0xb
 469 001a 03       		.uleb128 0x3
 470 001b 0E       		.uleb128 0xe
 471 001c 00       		.byte	0
 472 001d 00       		.byte	0
 473 001e 03       		.uleb128 0x3
 474 001f 16       		.uleb128 0x16
 475 0020 00       		.byte	0
 476 0021 03       		.uleb128 0x3
 477 0022 0E       		.uleb128 0xe
 478 0023 3A       		.uleb128 0x3a
 479 0024 0B       		.uleb128 0xb
 480 0025 3B       		.uleb128 0x3b
 481 0026 0B       		.uleb128 0xb
 482 0027 49       		.uleb128 0x49
 483 0028 13       		.uleb128 0x13
ARM GAS  C:\Users\cring\AppData\Local\Temp\ccH08guQ.s 			page 10


 484 0029 00       		.byte	0
 485 002a 00       		.byte	0
 486 002b 04       		.uleb128 0x4
 487 002c 24       		.uleb128 0x24
 488 002d 00       		.byte	0
 489 002e 0B       		.uleb128 0xb
 490 002f 0B       		.uleb128 0xb
 491 0030 3E       		.uleb128 0x3e
 492 0031 0B       		.uleb128 0xb
 493 0032 03       		.uleb128 0x3
 494 0033 08       		.uleb128 0x8
 495 0034 00       		.byte	0
 496 0035 00       		.byte	0
 497 0036 05       		.uleb128 0x5
 498 0037 13       		.uleb128 0x13
 499 0038 01       		.byte	0x1
 500 0039 03       		.uleb128 0x3
 501 003a 0E       		.uleb128 0xe
 502 003b 0B       		.uleb128 0xb
 503 003c 0B       		.uleb128 0xb
 504 003d 3A       		.uleb128 0x3a
 505 003e 0B       		.uleb128 0xb
 506 003f 3B       		.uleb128 0x3b
 507 0040 0B       		.uleb128 0xb
 508 0041 01       		.uleb128 0x1
 509 0042 13       		.uleb128 0x13
 510 0043 00       		.byte	0
 511 0044 00       		.byte	0
 512 0045 06       		.uleb128 0x6
 513 0046 0D       		.uleb128 0xd
 514 0047 00       		.byte	0
 515 0048 03       		.uleb128 0x3
 516 0049 08       		.uleb128 0x8
 517 004a 3A       		.uleb128 0x3a
 518 004b 0B       		.uleb128 0xb
 519 004c 3B       		.uleb128 0x3b
 520 004d 0B       		.uleb128 0xb
 521 004e 49       		.uleb128 0x49
 522 004f 13       		.uleb128 0x13
 523 0050 38       		.uleb128 0x38
 524 0051 0B       		.uleb128 0xb
 525 0052 00       		.byte	0
 526 0053 00       		.byte	0
 527 0054 07       		.uleb128 0x7
 528 0055 0D       		.uleb128 0xd
 529 0056 00       		.byte	0
 530 0057 03       		.uleb128 0x3
 531 0058 0E       		.uleb128 0xe
 532 0059 3A       		.uleb128 0x3a
 533 005a 0B       		.uleb128 0xb
 534 005b 3B       		.uleb128 0x3b
 535 005c 0B       		.uleb128 0xb
 536 005d 49       		.uleb128 0x49
 537 005e 13       		.uleb128 0x13
 538 005f 38       		.uleb128 0x38
 539 0060 0B       		.uleb128 0xb
 540 0061 00       		.byte	0
ARM GAS  C:\Users\cring\AppData\Local\Temp\ccH08guQ.s 			page 11


 541 0062 00       		.byte	0
 542 0063 08       		.uleb128 0x8
 543 0064 2E       		.uleb128 0x2e
 544 0065 01       		.byte	0x1
 545 0066 3F       		.uleb128 0x3f
 546 0067 19       		.uleb128 0x19
 547 0068 03       		.uleb128 0x3
 548 0069 0E       		.uleb128 0xe
 549 006a 3A       		.uleb128 0x3a
 550 006b 0B       		.uleb128 0xb
 551 006c 3B       		.uleb128 0x3b
 552 006d 0B       		.uleb128 0xb
 553 006e 27       		.uleb128 0x27
 554 006f 19       		.uleb128 0x19
 555 0070 49       		.uleb128 0x49
 556 0071 13       		.uleb128 0x13
 557 0072 8701     		.uleb128 0x87
 558 0074 19       		.uleb128 0x19
 559 0075 11       		.uleb128 0x11
 560 0076 01       		.uleb128 0x1
 561 0077 12       		.uleb128 0x12
 562 0078 06       		.uleb128 0x6
 563 0079 40       		.uleb128 0x40
 564 007a 18       		.uleb128 0x18
 565 007b 9742     		.uleb128 0x2117
 566 007d 19       		.uleb128 0x19
 567 007e 01       		.uleb128 0x1
 568 007f 13       		.uleb128 0x13
 569 0080 00       		.byte	0
 570 0081 00       		.byte	0
 571 0082 09       		.uleb128 0x9
 572 0083 34       		.uleb128 0x34
 573 0084 00       		.byte	0
 574 0085 03       		.uleb128 0x3
 575 0086 0E       		.uleb128 0xe
 576 0087 3A       		.uleb128 0x3a
 577 0088 0B       		.uleb128 0xb
 578 0089 3B       		.uleb128 0x3b
 579 008a 0B       		.uleb128 0xb
 580 008b 49       		.uleb128 0x49
 581 008c 13       		.uleb128 0x13
 582 008d 02       		.uleb128 0x2
 583 008e 18       		.uleb128 0x18
 584 008f 00       		.byte	0
 585 0090 00       		.byte	0
 586 0091 0A       		.uleb128 0xa
 587 0092 898201   		.uleb128 0x4109
 588 0095 01       		.byte	0x1
 589 0096 11       		.uleb128 0x11
 590 0097 01       		.uleb128 0x1
 591 0098 31       		.uleb128 0x31
 592 0099 13       		.uleb128 0x13
 593 009a 01       		.uleb128 0x1
 594 009b 13       		.uleb128 0x13
 595 009c 00       		.byte	0
 596 009d 00       		.byte	0
 597 009e 0B       		.uleb128 0xb
ARM GAS  C:\Users\cring\AppData\Local\Temp\ccH08guQ.s 			page 12


 598 009f 8A8201   		.uleb128 0x410a
 599 00a2 00       		.byte	0
 600 00a3 02       		.uleb128 0x2
 601 00a4 18       		.uleb128 0x18
 602 00a5 9142     		.uleb128 0x2111
 603 00a7 18       		.uleb128 0x18
 604 00a8 00       		.byte	0
 605 00a9 00       		.byte	0
 606 00aa 0C       		.uleb128 0xc
 607 00ab 898201   		.uleb128 0x4109
 608 00ae 01       		.byte	0x1
 609 00af 11       		.uleb128 0x11
 610 00b0 01       		.uleb128 0x1
 611 00b1 31       		.uleb128 0x31
 612 00b2 13       		.uleb128 0x13
 613 00b3 00       		.byte	0
 614 00b4 00       		.byte	0
 615 00b5 0D       		.uleb128 0xd
 616 00b6 01       		.uleb128 0x1
 617 00b7 01       		.byte	0x1
 618 00b8 49       		.uleb128 0x49
 619 00b9 13       		.uleb128 0x13
 620 00ba 01       		.uleb128 0x1
 621 00bb 13       		.uleb128 0x13
 622 00bc 00       		.byte	0
 623 00bd 00       		.byte	0
 624 00be 0E       		.uleb128 0xe
 625 00bf 21       		.uleb128 0x21
 626 00c0 00       		.byte	0
 627 00c1 49       		.uleb128 0x49
 628 00c2 13       		.uleb128 0x13
 629 00c3 2F       		.uleb128 0x2f
 630 00c4 0B       		.uleb128 0xb
 631 00c5 00       		.byte	0
 632 00c6 00       		.byte	0
 633 00c7 0F       		.uleb128 0xf
 634 00c8 34       		.uleb128 0x34
 635 00c9 00       		.byte	0
 636 00ca 03       		.uleb128 0x3
 637 00cb 0E       		.uleb128 0xe
 638 00cc 3A       		.uleb128 0x3a
 639 00cd 0B       		.uleb128 0xb
 640 00ce 3B       		.uleb128 0x3b
 641 00cf 05       		.uleb128 0x5
 642 00d0 49       		.uleb128 0x49
 643 00d1 13       		.uleb128 0x13
 644 00d2 3F       		.uleb128 0x3f
 645 00d3 19       		.uleb128 0x19
 646 00d4 3C       		.uleb128 0x3c
 647 00d5 19       		.uleb128 0x19
 648 00d6 00       		.byte	0
 649 00d7 00       		.byte	0
 650 00d8 10       		.uleb128 0x10
 651 00d9 35       		.uleb128 0x35
 652 00da 00       		.byte	0
 653 00db 49       		.uleb128 0x49
 654 00dc 13       		.uleb128 0x13
ARM GAS  C:\Users\cring\AppData\Local\Temp\ccH08guQ.s 			page 13


 655 00dd 00       		.byte	0
 656 00de 00       		.byte	0
 657 00df 11       		.uleb128 0x11
 658 00e0 2E       		.uleb128 0x2e
 659 00e1 00       		.byte	0
 660 00e2 3F       		.uleb128 0x3f
 661 00e3 19       		.uleb128 0x19
 662 00e4 3C       		.uleb128 0x3c
 663 00e5 19       		.uleb128 0x19
 664 00e6 6E       		.uleb128 0x6e
 665 00e7 0E       		.uleb128 0xe
 666 00e8 03       		.uleb128 0x3
 667 00e9 0E       		.uleb128 0xe
 668 00ea 3A       		.uleb128 0x3a
 669 00eb 0B       		.uleb128 0xb
 670 00ec 3B       		.uleb128 0x3b
 671 00ed 0B       		.uleb128 0xb
 672 00ee 00       		.byte	0
 673 00ef 00       		.byte	0
 674 00f0 00       		.byte	0
 675              		.section	.debug_aranges,"",%progbits
 676 0000 1C000000 		.4byte	0x1c
 677 0004 0200     		.2byte	0x2
 678 0006 00000000 		.4byte	.Ldebug_info0
 679 000a 04       		.byte	0x4
 680 000b 00       		.byte	0
 681 000c 0000     		.2byte	0
 682 000e 0000     		.2byte	0
 683 0010 00000000 		.4byte	.LFB64
 684 0014 40000000 		.4byte	.LFE64-.LFB64
 685 0018 00000000 		.4byte	0
 686 001c 00000000 		.4byte	0
 687              		.section	.debug_ranges,"",%progbits
 688              	.Ldebug_ranges0:
 689 0000 00000000 		.4byte	.LFB64
 690 0004 40000000 		.4byte	.LFE64
 691 0008 00000000 		.4byte	0
 692 000c 00000000 		.4byte	0
 693              		.section	.debug_line,"",%progbits
 694              	.Ldebug_line0:
 695 0000 6B010000 		.section	.debug_str,"MS",%progbits,1
 695      02004F01 
 695      00000201 
 695      FB0E0D00 
 695      01010101 
 696              	.LASF27:
 697 0000 626C696E 		.ascii	"blink\000"
 697      6B00
 698              	.LASF37:
 699 0006 433A5C55 		.ascii	"C:\\Users\\cring\\Documents\\GitHub\\E5PRJ3\\LED ko"
 699      73657273 
 699      5C637269 
 699      6E675C44 
 699      6F63756D 
 700 0033 64655C4C 		.ascii	"de\\LEDcontrol\\LED_control.cydsn\000"
 700      4544636F 
 700      6E74726F 
ARM GAS  C:\Users\cring\AppData\Local\Temp\ccH08guQ.s 			page 14


 700      6C5C4C45 
 700      445F636F 
 701              	.LASF24:
 702 0053 4C45446C 		.ascii	"LEDlength\000"
 702      656E6774 
 702      6800
 703              	.LASF11:
 704 005d 666C6F61 		.ascii	"float\000"
 704      7400
 705              	.LASF9:
 706 0063 5F5F696E 		.ascii	"__int32_t\000"
 706      7433325F 
 706      7400
 707              	.LASF3:
 708 006d 73686F72 		.ascii	"short unsigned int\000"
 708      7420756E 
 708      7369676E 
 708      65642069 
 708      6E7400
 709              	.LASF26:
 710 0080 70756C73 		.ascii	"pulse\000"
 710      6500
 711              	.LASF17:
 712 0086 626C7565 		.ascii	"blue\000"
 712      00
 713              	.LASF33:
 714 008b 73657473 		.ascii	"setspeed\000"
 714      70656564 
 714      00
 715              	.LASF1:
 716 0094 756E7369 		.ascii	"unsigned char\000"
 716      676E6564 
 716      20636861 
 716      7200
 717              	.LASF35:
 718 00a2 474E5520 		.ascii	"GNU C11 5.4.1 20160609 (release) [ARM/embedded-5-br"
 718      43313120 
 718      352E342E 
 718      31203230 
 718      31363036 
 719 00d5 616E6368 		.ascii	"anch revision 237715] -mcpu=cortex-m3 -mthumb -g -O"
 719      20726576 
 719      6973696F 
 719      6E203233 
 719      37373135 
 720 0108 67202D66 		.ascii	"g -ffunction-sections -ffat-lto-objects\000"
 720      66756E63 
 720      74696F6E 
 720      2D736563 
 720      74696F6E 
 721              	.LASF5:
 722 0130 6C6F6E67 		.ascii	"long unsigned int\000"
 722      20756E73 
 722      69676E65 
 722      6420696E 
 722      7400
 723              	.LASF20:
ARM GAS  C:\Users\cring\AppData\Local\Temp\ccH08guQ.s 			page 15


 724 0142 72656431 		.ascii	"red1\000"
 724      00
 725              	.LASF16:
 726 0147 67726565 		.ascii	"green\000"
 726      6E00
 727              	.LASF40:
 728 014d 49544D5F 		.ascii	"ITM_RxBuffer\000"
 728      52784275 
 728      66666572 
 728      00
 729              	.LASF19:
 730 015a 67726565 		.ascii	"green2\000"
 730      6E3200
 731              	.LASF12:
 732 0161 646F7562 		.ascii	"double\000"
 732      6C6500
 733              	.LASF39:
 734 0168 6D61696E 		.ascii	"main\000"
 734      00
 735              	.LASF8:
 736 016d 756E7369 		.ascii	"unsigned int\000"
 736      676E6564 
 736      20696E74 
 736      00
 737              	.LASF31:
 738 017a 6164644C 		.ascii	"addLEDstrip\000"
 738      45447374 
 738      72697000 
 739              	.LASF7:
 740 0186 6C6F6E67 		.ascii	"long long unsigned int\000"
 740      206C6F6E 
 740      6720756E 
 740      7369676E 
 740      65642069 
 741              	.LASF28:
 742 019d 4C454463 		.ascii	"LEDctrl\000"
 742      74726C00 
 743              	.LASF0:
 744 01a5 7369676E 		.ascii	"signed char\000"
 744      65642063 
 744      68617200 
 745              	.LASF10:
 746 01b1 696E7433 		.ascii	"int32_t\000"
 746      325F7400 
 747              	.LASF15:
 748 01b9 73697A65 		.ascii	"sizetype\000"
 748      74797065 
 748      00
 749              	.LASF21:
 750 01c2 72656432 		.ascii	"red2\000"
 750      00
 751              	.LASF6:
 752 01c7 6C6F6E67 		.ascii	"long long int\000"
 752      206C6F6E 
 752      6720696E 
 752      7400
 753              	.LASF36:
ARM GAS  C:\Users\cring\AppData\Local\Temp\ccH08guQ.s 			page 16


 754 01d5 6D61696E 		.ascii	"main.c\000"
 754      2E6300
 755              	.LASF13:
 756 01dc 63686172 		.ascii	"char\000"
 756      00
 757              	.LASF29:
 758 01e1 72676273 		.ascii	"rgbstrip1\000"
 758      74726970 
 758      3100
 759              	.LASF25:
 760 01eb 72696E67 		.ascii	"ring\000"
 760      00
 761              	.LASF34:
 762 01f0 63686563 		.ascii	"checkSeq\000"
 762      6B536571 
 762      00
 763              	.LASF32:
 764 01f9 696E6974 		.ascii	"initLED\000"
 764      4C454400 
 765              	.LASF2:
 766 0201 73686F72 		.ascii	"short int\000"
 766      7420696E 
 766      7400
 767              	.LASF30:
 768 020b 72676273 		.ascii	"rgbstrip2\000"
 768      74726970 
 768      3200
 769              	.LASF38:
 770 0215 4C454463 		.ascii	"LEDctrl_\000"
 770      74726C5F 
 770      00
 771              	.LASF4:
 772 021e 6C6F6E67 		.ascii	"long int\000"
 772      20696E74 
 772      00
 773              	.LASF14:
 774 0227 6C6F6E67 		.ascii	"long double\000"
 774      20646F75 
 774      626C6500 
 775              	.LASF22:
 776 0233 626C7565 		.ascii	"blue1\000"
 776      3100
 777              	.LASF23:
 778 0239 626C7565 		.ascii	"blue2\000"
 778      3200
 779              	.LASF18:
 780 023f 67726565 		.ascii	"green1\000"
 780      6E3100
 781              		.ident	"GCC: (GNU Tools for ARM Embedded Processors) 5.4.1 20160609 (release) [ARM/embedded-5-bran
